{"E:\\Git\\liqueed\\public\\scripts\\client.js":{"path":"E:\\Git\\liqueed\\public\\scripts\\client.js","s":{"1":1,"2":1,"3":1,"4":1,"5":1,"6":1,"7":1,"8":5,"9":5,"10":40,"11":5,"12":1,"13":3,"14":3,"15":0,"16":0,"17":3,"18":10,"19":10,"20":2,"21":1,"22":1,"23":2,"24":1,"25":1,"26":1,"27":1,"28":4,"29":15,"30":2,"31":1,"32":1,"33":4,"34":5,"35":2,"36":2,"37":1,"38":1,"39":1,"40":1,"41":4,"42":4,"43":2,"44":7,"45":6,"46":1,"47":0,"48":0,"49":1,"50":2,"51":1,"52":1,"53":1,"54":1,"55":1,"56":1,"57":1,"58":1,"59":1,"60":9,"61":21,"62":9,"63":9,"64":0,"65":1,"66":7,"67":7,"68":7,"69":1,"70":6,"71":1,"72":6,"73":1,"74":8,"75":1,"76":1,"77":7,"78":0,"79":0,"80":7,"81":1,"82":1,"83":6,"84":3,"85":3,"86":3,"87":3,"88":0,"89":0,"90":3,"91":8,"92":8,"93":1,"94":1,"95":7,"96":1,"97":1,"98":1,"99":1,"100":1,"101":1,"102":1,"103":1,"104":1,"105":1,"106":1,"107":1,"108":1},"b":{"1":[1,0],"2":[0,3],"3":[2,8],"4":[1,1],"5":[2,13],"6":[2,3],"7":[2,2],"8":[6,1],"9":[0,1],"10":[1,1],"11":[9,12],"12":[1,6],"13":[1,7],"14":[0,7],"15":[1,6],"16":[3,3],"17":[6,4,3],"18":[0,3],"19":[1,7],"20":[1,6],"21":[1,0]},"f":{"1":1,"2":5,"3":40,"4":3,"5":3,"6":1,"7":4,"8":15,"9":4,"10":1,"11":7,"12":0,"13":1,"14":1,"15":9,"16":7,"17":7,"18":6,"19":8,"20":3,"21":1},"fnMap":{"1":{"name":"(anonymous_1)","line":53,"loc":{"start":{"line":53,"column":19},"end":{"line":53,"column":30}}},"2":{"name":"getPersons","line":54,"loc":{"start":{"line":54,"column":4},"end":{"line":54,"column":28}}},"3":{"name":"(anonymous_3)","line":57,"loc":{"start":{"line":57,"column":41},"end":{"line":57,"column":57}}},"4":{"name":"loginPerson","line":64,"loc":{"start":{"line":64,"column":4},"end":{"line":64,"column":49}}},"5":{"name":"(anonymous_5)","line":65,"loc":{"start":{"line":65,"column":19},"end":{"line":65,"column":43}}},"6":{"name":"getProjectsByUser","line":88,"loc":{"start":{"line":88,"column":4},"end":{"line":88,"column":43}}},"7":{"name":"(anonymous_7)","line":90,"loc":{"start":{"line":90,"column":23},"end":{"line":90,"column":39}}},"8":{"name":"(anonymous_8)","line":91,"loc":{"start":{"line":91,"column":34},"end":{"line":91,"column":52}}},"9":{"name":"isBelongTo","line":100,"loc":{"start":{"line":100,"column":4},"end":{"line":100,"column":41}}},"10":{"name":"getPendingShareProjects","line":109,"loc":{"start":{"line":109,"column":1},"end":{"line":109,"column":46}}},"11":{"name":"(anonymous_11)","line":115,"loc":{"start":{"line":115,"column":46},"end":{"line":115,"column":63}}},"12":{"name":"(anonymous_12)","line":120,"loc":{"start":{"line":120,"column":38},"end":{"line":120,"column":58}}},"13":{"name":"getMyProjects","line":135,"loc":{"start":{"line":135,"column":1},"end":{"line":135,"column":28}}},"14":{"name":"addProject","line":139,"loc":{"start":{"line":139,"column":1},"end":{"line":139,"column":34}}},"15":{"name":"getProject","line":146,"loc":{"start":{"line":146,"column":1},"end":{"line":146,"column":33}}},"16":{"name":"getViaCallback","line":156,"loc":{"start":{"line":156,"column":4},"end":{"line":156,"column":43}}},"17":{"name":"(anonymous_17)","line":157,"loc":{"start":{"line":157,"column":15},"end":{"line":157,"column":39}}},"18":{"name":"getPeriods","line":166,"loc":{"start":{"line":166,"column":5},"end":{"line":166,"column":37}}},"19":{"name":"addPeriod","line":170,"loc":{"start":{"line":170,"column":1},"end":{"line":170,"column":40}}},"20":{"name":"(anonymous_20)","line":189,"loc":{"start":{"line":189,"column":21},"end":{"line":189,"column":43}}},"21":{"name":"getShareholders","line":219,"loc":{"start":{"line":219,"column":4},"end":{"line":219,"column":41}}}},"statementMap":{"1":{"start":{"line":3,"column":0},"end":{"line":3,"column":7}},"2":{"start":{"line":5,"column":0},"end":{"line":6,"column":32}},"3":{"start":{"line":6,"column":4},"end":{"line":6,"column":32}},"4":{"start":{"line":8,"column":0},"end":{"line":49,"column":2}},"5":{"start":{"line":51,"column":0},"end":{"line":51,"column":18}},"6":{"start":{"line":53,"column":0},"end":{"line":235,"column":5}},"7":{"start":{"line":54,"column":4},"end":{"line":62,"column":5}},"8":{"start":{"line":55,"column":8},"end":{"line":55,"column":24}},"9":{"start":{"line":57,"column":8},"end":{"line":59,"column":11}},"10":{"start":{"line":58,"column":12},"end":{"line":58,"column":30}},"11":{"start":{"line":61,"column":8},"end":{"line":61,"column":42}},"12":{"start":{"line":64,"column":4},"end":{"line":86,"column":5}},"13":{"start":{"line":65,"column":8},"end":{"line":85,"column":11}},"14":{"start":{"line":66,"column":12},"end":{"line":69,"column":13}},"15":{"start":{"line":67,"column":16},"end":{"line":67,"column":30}},"16":{"start":{"line":68,"column":16},"end":{"line":68,"column":23}},"17":{"start":{"line":71,"column":12},"end":{"line":82,"column":13}},"18":{"start":{"line":72,"column":16},"end":{"line":72,"column":40}},"19":{"start":{"line":74,"column":16},"end":{"line":81,"column":17}},"20":{"start":{"line":75,"column":20},"end":{"line":78,"column":64}},"21":{"start":{"line":76,"column":24},"end":{"line":76,"column":41}},"22":{"start":{"line":78,"column":24},"end":{"line":78,"column":64}},"23":{"start":{"line":80,"column":20},"end":{"line":80,"column":27}},"24":{"start":{"line":84,"column":12},"end":{"line":84,"column":52}},"25":{"start":{"line":88,"column":4},"end":{"line":98,"column":5}},"26":{"start":{"line":89,"column":6},"end":{"line":89,"column":22}},"27":{"start":{"line":90,"column":6},"end":{"line":96,"column":9}},"28":{"start":{"line":91,"column":8},"end":{"line":94,"column":11}},"29":{"start":{"line":92,"column":10},"end":{"line":93,"column":30}},"30":{"start":{"line":93,"column":12},"end":{"line":93,"column":30}},"31":{"start":{"line":97,"column":6},"end":{"line":97,"column":40}},"32":{"start":{"line":100,"column":4},"end":{"line":107,"column":5}},"33":{"start":{"line":101,"column":2},"end":{"line":105,"column":3}},"34":{"start":{"line":102,"column":3},"end":{"line":104,"column":4}},"35":{"start":{"line":103,"column":4},"end":{"line":103,"column":16}},"36":{"start":{"line":106,"column":2},"end":{"line":106,"column":15}},"37":{"start":{"line":109,"column":1},"end":{"line":133,"column":2}},"38":{"start":{"line":110,"column":2},"end":{"line":110,"column":18}},"39":{"start":{"line":111,"column":2},"end":{"line":111,"column":16}},"40":{"start":{"line":112,"column":2},"end":{"line":131,"column":3}},"41":{"start":{"line":113,"column":3},"end":{"line":113,"column":27}},"42":{"start":{"line":114,"column":3},"end":{"line":130,"column":4}},"43":{"start":{"line":115,"column":4},"end":{"line":126,"column":7}},"44":{"start":{"line":116,"column":5},"end":{"line":118,"column":6}},"45":{"start":{"line":117,"column":6},"end":{"line":117,"column":19}},"46":{"start":{"line":119,"column":5},"end":{"line":125,"column":6}},"47":{"start":{"line":120,"column":6},"end":{"line":122,"column":9}},"48":{"start":{"line":121,"column":7},"end":{"line":121,"column":44}},"49":{"start":{"line":124,"column":6},"end":{"line":124,"column":18}},"50":{"start":{"line":127,"column":4},"end":{"line":129,"column":5}},"51":{"start":{"line":128,"column":5},"end":{"line":128,"column":28}},"52":{"start":{"line":132,"column":2},"end":{"line":132,"column":36}},"53":{"start":{"line":135,"column":1},"end":{"line":137,"column":2}},"54":{"start":{"line":136,"column":2},"end":{"line":136,"column":38}},"55":{"start":{"line":139,"column":1},"end":{"line":144,"column":2}},"56":{"start":{"line":140,"column":2},"end":{"line":140,"column":27}},"57":{"start":{"line":141,"column":2},"end":{"line":141,"column":25}},"58":{"start":{"line":143,"column":2},"end":{"line":143,"column":23}},"59":{"start":{"line":146,"column":1},"end":{"line":154,"column":5}},"60":{"start":{"line":147,"column":2},"end":{"line":151,"column":13}},"61":{"start":{"line":148,"column":3},"end":{"line":151,"column":13}},"62":{"start":{"line":149,"column":16},"end":{"line":149,"column":38}},"63":{"start":{"line":150,"column":16},"end":{"line":150,"column":23}},"64":{"start":{"line":153,"column":8},"end":{"line":153,"column":23}},"65":{"start":{"line":156,"column":4},"end":{"line":164,"column":5}},"66":{"start":{"line":157,"column":8},"end":{"line":164,"column":4}},"67":{"start":{"line":158,"column":12},"end":{"line":158,"column":45}},"68":{"start":{"line":159,"column":12},"end":{"line":162,"column":33}},"69":{"start":{"line":160,"column":16},"end":{"line":160,"column":29}},"70":{"start":{"line":162,"column":16},"end":{"line":162,"column":33}},"71":{"start":{"line":166,"column":5},"end":{"line":168,"column":2}},"72":{"start":{"line":167,"column":2},"end":{"line":167,"column":52}},"73":{"start":{"line":170,"column":1},"end":{"line":217,"column":2}},"74":{"start":{"line":172,"column":2},"end":{"line":175,"column":3}},"75":{"start":{"line":173,"column":3},"end":{"line":174,"column":3}},"76":{"start":{"line":174,"column":3},"end":{"line":174,"column":10}},"77":{"start":{"line":176,"column":2},"end":{"line":179,"column":3}},"78":{"start":{"line":177,"column":3},"end":{"line":178,"column":3}},"79":{"start":{"line":178,"column":3},"end":{"line":178,"column":10}},"80":{"start":{"line":180,"column":2},"end":{"line":183,"column":3}},"81":{"start":{"line":181,"column":3},"end":{"line":181,"column":49}},"82":{"start":{"line":182,"column":3},"end":{"line":182,"column":10}},"83":{"start":{"line":184,"column":2},"end":{"line":187,"column":3}},"84":{"start":{"line":185,"column":3},"end":{"line":185,"column":56}},"85":{"start":{"line":186,"column":3},"end":{"line":186,"column":10}},"86":{"start":{"line":189,"column":2},"end":{"line":216,"column":5}},"87":{"start":{"line":190,"column":3},"end":{"line":193,"column":4}},"88":{"start":{"line":191,"column":4},"end":{"line":191,"column":18}},"89":{"start":{"line":192,"column":4},"end":{"line":192,"column":11}},"90":{"start":{"line":195,"column":3},"end":{"line":205,"column":4}},"91":{"start":{"line":196,"column":4},"end":{"line":196,"column":28}},"92":{"start":{"line":197,"column":4},"end":{"line":200,"column":5}},"93":{"start":{"line":198,"column":5},"end":{"line":199,"column":5}},"94":{"start":{"line":199,"column":5},"end":{"line":199,"column":12}},"95":{"start":{"line":201,"column":4},"end":{"line":204,"column":5}},"96":{"start":{"line":202,"column":5},"end":{"line":202,"column":68}},"97":{"start":{"line":203,"column":5},"end":{"line":203,"column":12}},"98":{"start":{"line":208,"column":3},"end":{"line":208,"column":29}},"99":{"start":{"line":209,"column":3},"end":{"line":209,"column":26}},"100":{"start":{"line":210,"column":3},"end":{"line":210,"column":128}},"101":{"start":{"line":211,"column":3},"end":{"line":211,"column":25}},"102":{"start":{"line":213,"column":3},"end":{"line":213,"column":23}},"103":{"start":{"line":215,"column":3},"end":{"line":215,"column":23}},"104":{"start":{"line":219,"column":4},"end":{"line":221,"column":5}},"105":{"start":{"line":220,"column":8},"end":{"line":220,"column":63}},"106":{"start":{"line":223,"column":4},"end":{"line":234,"column":6}},"107":{"start":{"line":237,"column":0},"end":{"line":238,"column":33}},"108":{"start":{"line":238,"column":4},"end":{"line":238,"column":33}}},"branchMap":{"1":{"line":5,"type":"if","locations":[{"start":{"line":5,"column":0},"end":{"line":5,"column":0}},{"start":{"line":5,"column":0},"end":{"line":5,"column":0}}]},"2":{"line":66,"type":"if","locations":[{"start":{"line":66,"column":12},"end":{"line":66,"column":12}},{"start":{"line":66,"column":12},"end":{"line":66,"column":12}}]},"3":{"line":74,"type":"if","locations":[{"start":{"line":74,"column":16},"end":{"line":74,"column":16}},{"start":{"line":74,"column":16},"end":{"line":74,"column":16}}]},"4":{"line":75,"type":"if","locations":[{"start":{"line":75,"column":20},"end":{"line":75,"column":20}},{"start":{"line":75,"column":20},"end":{"line":75,"column":20}}]},"5":{"line":92,"type":"if","locations":[{"start":{"line":92,"column":10},"end":{"line":92,"column":10}},{"start":{"line":92,"column":10},"end":{"line":92,"column":10}}]},"6":{"line":102,"type":"if","locations":[{"start":{"line":102,"column":3},"end":{"line":102,"column":3}},{"start":{"line":102,"column":3},"end":{"line":102,"column":3}}]},"7":{"line":114,"type":"if","locations":[{"start":{"line":114,"column":3},"end":{"line":114,"column":3}},{"start":{"line":114,"column":3},"end":{"line":114,"column":3}}]},"8":{"line":116,"type":"if","locations":[{"start":{"line":116,"column":5},"end":{"line":116,"column":5}},{"start":{"line":116,"column":5},"end":{"line":116,"column":5}}]},"9":{"line":119,"type":"if","locations":[{"start":{"line":119,"column":5},"end":{"line":119,"column":5}},{"start":{"line":119,"column":5},"end":{"line":119,"column":5}}]},"10":{"line":127,"type":"if","locations":[{"start":{"line":127,"column":4},"end":{"line":127,"column":4}},{"start":{"line":127,"column":4},"end":{"line":127,"column":4}}]},"11":{"line":148,"type":"if","locations":[{"start":{"line":148,"column":3},"end":{"line":148,"column":3}},{"start":{"line":148,"column":3},"end":{"line":148,"column":3}}]},"12":{"line":159,"type":"if","locations":[{"start":{"line":159,"column":12},"end":{"line":159,"column":12}},{"start":{"line":159,"column":12},"end":{"line":159,"column":12}}]},"13":{"line":172,"type":"if","locations":[{"start":{"line":172,"column":2},"end":{"line":172,"column":2}},{"start":{"line":172,"column":2},"end":{"line":172,"column":2}}]},"14":{"line":176,"type":"if","locations":[{"start":{"line":176,"column":2},"end":{"line":176,"column":2}},{"start":{"line":176,"column":2},"end":{"line":176,"column":2}}]},"15":{"line":180,"type":"if","locations":[{"start":{"line":180,"column":2},"end":{"line":180,"column":2}},{"start":{"line":180,"column":2},"end":{"line":180,"column":2}}]},"16":{"line":184,"type":"if","locations":[{"start":{"line":184,"column":2},"end":{"line":184,"column":2}},{"start":{"line":184,"column":2},"end":{"line":184,"column":2}}]},"17":{"line":184,"type":"binary-expr","locations":[{"start":{"line":184,"column":6},"end":{"line":184,"column":20}},{"start":{"line":184,"column":24},"end":{"line":184,"column":44}},{"start":{"line":184,"column":48},"end":{"line":184,"column":66}}]},"18":{"line":190,"type":"if","locations":[{"start":{"line":190,"column":3},"end":{"line":190,"column":3}},{"start":{"line":190,"column":3},"end":{"line":190,"column":3}}]},"19":{"line":197,"type":"if","locations":[{"start":{"line":197,"column":4},"end":{"line":197,"column":4}},{"start":{"line":197,"column":4},"end":{"line":197,"column":4}}]},"20":{"line":201,"type":"if","locations":[{"start":{"line":201,"column":4},"end":{"line":201,"column":4}},{"start":{"line":201,"column":4},"end":{"line":201,"column":4}}]},"21":{"line":237,"type":"if","locations":[{"start":{"line":237,"column":0},"end":{"line":237,"column":0}},{"start":{"line":237,"column":0},"end":{"line":237,"column":0}}]}}},"E:\\Git\\liqueed\\services\\person.js":{"path":"E:\\Git\\liqueed\\services\\person.js","s":{"1":1,"2":1,"3":1,"4":1,"5":1,"6":0,"7":1,"8":1,"9":0,"10":1,"11":1,"12":0,"13":1,"14":46,"15":1,"16":31,"17":1,"18":71,"19":71,"20":71,"21":1,"22":2,"23":2,"24":1,"25":655,"26":655,"27":1,"28":15,"29":15,"30":15,"31":5,"32":5,"33":10,"34":10,"35":5,"36":5,"37":5,"38":0,"39":1,"40":26,"41":26,"42":26,"43":0,"44":0,"45":26,"46":24,"47":2,"48":1,"49":17,"50":17,"51":17,"52":0,"53":0,"54":17,"55":12,"56":12,"57":5,"58":5,"59":0,"60":0,"61":5,"62":19,"63":19,"64":0,"65":0,"66":0,"67":19,"68":19,"69":5,"70":1,"71":23,"72":23,"73":1,"74":28,"75":28,"76":28,"77":28,"78":0,"79":0,"80":28,"81":28,"82":28,"83":28,"84":28,"85":1,"86":99,"87":28,"88":28,"89":71,"90":71,"91":71,"92":0,"93":0,"94":71,"95":71,"96":71,"97":0,"98":71,"99":71,"100":71,"101":1,"102":71,"103":27,"104":71,"105":29,"106":42,"107":2,"108":1,"109":2,"110":2,"111":2,"112":9,"113":9,"114":0,"115":0,"116":0,"117":0,"118":0,"119":0,"120":0,"121":0,"122":2,"123":0,"124":1,"125":16,"126":16,"127":16,"128":16,"129":16,"130":16,"131":16,"132":16,"133":16,"134":0,"135":16,"136":16,"137":177,"138":478,"139":20,"140":16,"141":0,"142":16,"143":16,"144":16,"145":12,"146":14,"147":14,"148":23,"149":7,"150":7,"151":14,"152":7,"153":12,"154":4,"155":16,"156":0,"157":1},"b":{"1":[5,10],"2":[5,5],"3":[10,10],"4":[0,26],"5":[24,2],"6":[0,17],"7":[12,5],"8":[0,5],"9":[0,19],"10":[19,19],"11":[19,0],"12":[0,28],"13":[28,71],"14":[0,71],"15":[0,71],"16":[71,0],"17":[27,44],"18":[29,42],"19":[2,40],"20":[9,0],"21":[9,9],"22":[0,0],"23":[0,0],"24":[0,0],"25":[16,0],"26":[16,0],"27":[20,458],"28":[12,4],"29":[7,16],"30":[7,7]},"f":{"1":0,"2":0,"3":0,"4":46,"5":31,"6":71,"7":2,"8":655,"9":15,"10":15,"11":15,"12":10,"13":0,"14":26,"15":26,"16":17,"17":17,"18":5,"19":23,"20":28,"21":28,"22":99,"23":71,"24":71,"25":2,"26":2,"27":9,"28":0,"29":2,"30":0,"31":16,"32":16,"33":16,"34":16,"35":16,"36":16,"37":16,"38":0},"fnMap":{"1":{"name":"(anonymous_1)","line":9,"loc":{"start":{"line":9,"column":20},"end":{"line":9,"column":41}}},"2":{"name":"(anonymous_2)","line":15,"loc":{"start":{"line":15,"column":18},"end":{"line":15,"column":39}}},"3":{"name":"(anonymous_3)","line":21,"loc":{"start":{"line":21,"column":21},"end":{"line":21,"column":42}}},"4":{"name":"makeUsername","line":25,"loc":{"start":{"line":25,"column":0},"end":{"line":25,"column":28}}},"5":{"name":"makePassword","line":29,"loc":{"start":{"line":29,"column":0},"end":{"line":29,"column":32}}},"6":{"name":"addPerson","line":33,"loc":{"start":{"line":33,"column":0},"end":{"line":33,"column":29}}},"7":{"name":"updatePerson","line":41,"loc":{"start":{"line":41,"column":0},"end":{"line":41,"column":36}}},"8":{"name":"getPersonById","line":47,"loc":{"start":{"line":47,"column":0},"end":{"line":47,"column":31}}},"9":{"name":"loginPerson","line":52,"loc":{"start":{"line":52,"column":0},"end":{"line":52,"column":45}}},"10":{"name":"(anonymous_10)","line":54,"loc":{"start":{"line":54,"column":10},"end":{"line":54,"column":32}}},"11":{"name":"(anonymous_11)","line":57,"loc":{"start":{"line":57,"column":10},"end":{"line":57,"column":32}}},"12":{"name":"(anonymous_12)","line":63,"loc":{"start":{"line":63,"column":48},"end":{"line":63,"column":68}}},"13":{"name":"(anonymous_13)","line":72,"loc":{"start":{"line":72,"column":10},"end":{"line":72,"column":25}}},"14":{"name":"getPersonByName","line":78,"loc":{"start":{"line":78,"column":0},"end":{"line":78,"column":35}}},"15":{"name":"(anonymous_15)","line":80,"loc":{"start":{"line":80,"column":31},"end":{"line":80,"column":53}}},"16":{"name":"getPersonByUserName","line":93,"loc":{"start":{"line":93,"column":0},"end":{"line":93,"column":43}}},"17":{"name":"(anonymous_17)","line":95,"loc":{"start":{"line":95,"column":39},"end":{"line":95,"column":61}}},"18":{"name":"(anonymous_18)","line":106,"loc":{"start":{"line":106,"column":19},"end":{"line":106,"column":43}}},"19":{"name":"getPersons","line":130,"loc":{"start":{"line":130,"column":0},"end":{"line":130,"column":24}}},"20":{"name":"getProjects","line":135,"loc":{"start":{"line":135,"column":0},"end":{"line":135,"column":29}}},"21":{"name":"(anonymous_21)","line":139,"loc":{"start":{"line":139,"column":32},"end":{"line":139,"column":55}}},"22":{"name":"doTeamStep","line":153,"loc":{"start":{"line":153,"column":8},"end":{"line":153,"column":30}}},"23":{"name":"(anonymous_23)","line":168,"loc":{"start":{"line":168,"column":27},"end":{"line":168,"column":51}}},"24":{"name":"completePerson","line":181,"loc":{"start":{"line":181,"column":0},"end":{"line":181,"column":32}}},"25":{"name":"normalizePersons","line":191,"loc":{"start":{"line":191,"column":0},"end":{"line":191,"column":30}}},"26":{"name":"(anonymous_26)","line":195,"loc":{"start":{"line":195,"column":10},"end":{"line":195,"column":32}}},"27":{"name":"(anonymous_27)","line":198,"loc":{"start":{"line":198,"column":9},"end":{"line":198,"column":33}}},"28":{"name":"(anonymous_28)","line":206,"loc":{"start":{"line":206,"column":94},"end":{"line":206,"column":115}}},"29":{"name":"(anonymous_29)","line":214,"loc":{"start":{"line":214,"column":10},"end":{"line":214,"column":32}}},"30":{"name":"(anonymous_30)","line":217,"loc":{"start":{"line":217,"column":10},"end":{"line":217,"column":25}}},"31":{"name":"getPendingShareProjects","line":223,"loc":{"start":{"line":223,"column":0},"end":{"line":223,"column":45}}},"32":{"name":"(anonymous_32)","line":228,"loc":{"start":{"line":228,"column":10},"end":{"line":228,"column":31}}},"33":{"name":"(anonymous_33)","line":231,"loc":{"start":{"line":231,"column":7},"end":{"line":231,"column":33}}},"34":{"name":"(anonymous_34)","line":240,"loc":{"start":{"line":240,"column":7},"end":{"line":240,"column":31}}},"35":{"name":"(anonymous_35)","line":254,"loc":{"start":{"line":254,"column":10},"end":{"line":254,"column":36}}},"36":{"name":"(anonymous_36)","line":258,"loc":{"start":{"line":258,"column":7},"end":{"line":258,"column":35}}},"37":{"name":"(anonymous_37)","line":277,"loc":{"start":{"line":277,"column":10},"end":{"line":277,"column":32}}},"38":{"name":"(anonymous_38)","line":280,"loc":{"start":{"line":280,"column":10},"end":{"line":280,"column":25}}}},"statementMap":{"1":{"start":{"line":3,"column":0},"end":{"line":3,"column":32}},"2":{"start":{"line":4,"column":0},"end":{"line":4,"column":35}},"3":{"start":{"line":5,"column":0},"end":{"line":5,"column":38}},"4":{"start":{"line":7,"column":0},"end":{"line":7,"column":10}},"5":{"start":{"line":9,"column":0},"end":{"line":11,"column":3}},"6":{"start":{"line":10,"column":4},"end":{"line":10,"column":17}},"7":{"start":{"line":13,"column":0},"end":{"line":13,"column":11}},"8":{"start":{"line":15,"column":0},"end":{"line":17,"column":3}},"9":{"start":{"line":16,"column":4},"end":{"line":16,"column":18}},"10":{"start":{"line":19,"column":0},"end":{"line":19,"column":11}},"11":{"start":{"line":21,"column":0},"end":{"line":23,"column":3}},"12":{"start":{"line":22,"column":4},"end":{"line":22,"column":18}},"13":{"start":{"line":25,"column":0},"end":{"line":27,"column":1}},"14":{"start":{"line":26,"column":4},"end":{"line":26,"column":51}},"15":{"start":{"line":29,"column":0},"end":{"line":31,"column":1}},"16":{"start":{"line":30,"column":4},"end":{"line":30,"column":37}},"17":{"start":{"line":33,"column":0},"end":{"line":39,"column":1}},"18":{"start":{"line":34,"column":4},"end":{"line":34,"column":36}},"19":{"start":{"line":36,"column":4},"end":{"line":36,"column":25}},"20":{"start":{"line":38,"column":4},"end":{"line":38,"column":24}},"21":{"start":{"line":41,"column":0},"end":{"line":45,"column":1}},"22":{"start":{"line":42,"column":4},"end":{"line":42,"column":36}},"23":{"start":{"line":44,"column":4},"end":{"line":44,"column":31}},"24":{"start":{"line":47,"column":0},"end":{"line":50,"column":1}},"25":{"start":{"line":48,"column":4},"end":{"line":48,"column":36}},"26":{"start":{"line":49,"column":4},"end":{"line":49,"column":22}},"27":{"start":{"line":52,"column":0},"end":{"line":76,"column":1}},"28":{"start":{"line":53,"column":4},"end":{"line":75,"column":11}},"29":{"start":{"line":55,"column":8},"end":{"line":55,"column":44}},"30":{"start":{"line":58,"column":8},"end":{"line":61,"column":9}},"31":{"start":{"line":59,"column":12},"end":{"line":59,"column":41}},"32":{"start":{"line":60,"column":12},"end":{"line":60,"column":19}},"33":{"start":{"line":63,"column":8},"end":{"line":70,"column":11}},"34":{"start":{"line":64,"column":12},"end":{"line":67,"column":13}},"35":{"start":{"line":65,"column":16},"end":{"line":65,"column":45}},"36":{"start":{"line":66,"column":16},"end":{"line":66,"column":23}},"37":{"start":{"line":69,"column":12},"end":{"line":69,"column":27}},"38":{"start":{"line":73,"column":8},"end":{"line":73,"column":22}},"39":{"start":{"line":78,"column":0},"end":{"line":91,"column":1}},"40":{"start":{"line":79,"column":4},"end":{"line":79,"column":36}},"41":{"start":{"line":80,"column":4},"end":{"line":90,"column":7}},"42":{"start":{"line":81,"column":8},"end":{"line":84,"column":9}},"43":{"start":{"line":82,"column":12},"end":{"line":82,"column":26}},"44":{"start":{"line":83,"column":12},"end":{"line":83,"column":19}},"45":{"start":{"line":86,"column":8},"end":{"line":89,"column":27}},"46":{"start":{"line":87,"column":12},"end":{"line":87,"column":31}},"47":{"start":{"line":89,"column":12},"end":{"line":89,"column":27}},"48":{"start":{"line":93,"column":0},"end":{"line":128,"column":1}},"49":{"start":{"line":94,"column":4},"end":{"line":94,"column":36}},"50":{"start":{"line":95,"column":4},"end":{"line":127,"column":7}},"51":{"start":{"line":96,"column":8},"end":{"line":99,"column":9}},"52":{"start":{"line":97,"column":12},"end":{"line":97,"column":26}},"53":{"start":{"line":98,"column":12},"end":{"line":98,"column":19}},"54":{"start":{"line":101,"column":8},"end":{"line":104,"column":9}},"55":{"start":{"line":102,"column":12},"end":{"line":102,"column":31}},"56":{"start":{"line":103,"column":12},"end":{"line":103,"column":19}},"57":{"start":{"line":106,"column":8},"end":{"line":126,"column":11}},"58":{"start":{"line":107,"column":12},"end":{"line":110,"column":13}},"59":{"start":{"line":108,"column":16},"end":{"line":108,"column":30}},"60":{"start":{"line":109,"column":16},"end":{"line":109,"column":23}},"61":{"start":{"line":112,"column":12},"end":{"line":123,"column":13}},"62":{"start":{"line":113,"column":16},"end":{"line":113,"column":40}},"63":{"start":{"line":115,"column":16},"end":{"line":119,"column":17}},"64":{"start":{"line":116,"column":20},"end":{"line":116,"column":64}},"65":{"start":{"line":117,"column":20},"end":{"line":117,"column":37}},"66":{"start":{"line":118,"column":20},"end":{"line":118,"column":27}},"67":{"start":{"line":121,"column":16},"end":{"line":122,"column":43}},"68":{"start":{"line":122,"column":20},"end":{"line":122,"column":43}},"69":{"start":{"line":125,"column":12},"end":{"line":125,"column":27}},"70":{"start":{"line":130,"column":0},"end":{"line":133,"column":1}},"71":{"start":{"line":131,"column":4},"end":{"line":131,"column":36}},"72":{"start":{"line":132,"column":4},"end":{"line":132,"column":19}},"73":{"start":{"line":135,"column":0},"end":{"line":179,"column":1}},"74":{"start":{"line":136,"column":4},"end":{"line":136,"column":35}},"75":{"start":{"line":137,"column":4},"end":{"line":137,"column":38}},"76":{"start":{"line":139,"column":4},"end":{"line":178,"column":7}},"77":{"start":{"line":140,"column":8},"end":{"line":143,"column":9}},"78":{"start":{"line":141,"column":12},"end":{"line":141,"column":26}},"79":{"start":{"line":142,"column":12},"end":{"line":142,"column":19}},"80":{"start":{"line":145,"column":8},"end":{"line":145,"column":26}},"81":{"start":{"line":146,"column":8},"end":{"line":146,"column":22}},"82":{"start":{"line":148,"column":8},"end":{"line":148,"column":30}},"83":{"start":{"line":149,"column":8},"end":{"line":149,"column":18}},"84":{"start":{"line":151,"column":8},"end":{"line":151,"column":21}},"85":{"start":{"line":153,"column":8},"end":{"line":177,"column":9}},"86":{"start":{"line":154,"column":12},"end":{"line":157,"column":13}},"87":{"start":{"line":155,"column":16},"end":{"line":155,"column":35}},"88":{"start":{"line":156,"column":16},"end":{"line":156,"column":23}},"89":{"start":{"line":159,"column":12},"end":{"line":159,"column":35}},"90":{"start":{"line":160,"column":12},"end":{"line":160,"column":34}},"91":{"start":{"line":162,"column":12},"end":{"line":165,"column":13}},"92":{"start":{"line":163,"column":16},"end":{"line":163,"column":41}},"93":{"start":{"line":164,"column":16},"end":{"line":164,"column":23}},"94":{"start":{"line":167,"column":12},"end":{"line":167,"column":27}},"95":{"start":{"line":168,"column":12},"end":{"line":176,"column":15}},"96":{"start":{"line":169,"column":16},"end":{"line":175,"column":17}},"97":{"start":{"line":170,"column":20},"end":{"line":170,"column":34}},"98":{"start":{"line":172,"column":20},"end":{"line":173,"column":47}},"99":{"start":{"line":173,"column":24},"end":{"line":173,"column":47}},"100":{"start":{"line":174,"column":20},"end":{"line":174,"column":45}},"101":{"start":{"line":181,"column":0},"end":{"line":189,"column":1}},"102":{"start":{"line":182,"column":4},"end":{"line":183,"column":52}},"103":{"start":{"line":183,"column":8},"end":{"line":183,"column":52}},"104":{"start":{"line":185,"column":4},"end":{"line":188,"column":56}},"105":{"start":{"line":186,"column":8},"end":{"line":186,"column":56}},"106":{"start":{"line":187,"column":9},"end":{"line":188,"column":56}},"107":{"start":{"line":188,"column":8},"end":{"line":188,"column":56}},"108":{"start":{"line":191,"column":0},"end":{"line":221,"column":1}},"109":{"start":{"line":192,"column":4},"end":{"line":192,"column":36}},"110":{"start":{"line":194,"column":4},"end":{"line":220,"column":11}},"111":{"start":{"line":196,"column":8},"end":{"line":196,"column":25}},"112":{"start":{"line":199,"column":8},"end":{"line":212,"column":9}},"113":{"start":{"line":200,"column":12},"end":{"line":200,"column":31}},"114":{"start":{"line":202,"column":12},"end":{"line":203,"column":60}},"115":{"start":{"line":203,"column":16},"end":{"line":203,"column":60}},"116":{"start":{"line":204,"column":12},"end":{"line":205,"column":64}},"117":{"start":{"line":205,"column":16},"end":{"line":205,"column":64}},"118":{"start":{"line":206,"column":12},"end":{"line":211,"column":15}},"119":{"start":{"line":207,"column":16},"end":{"line":210,"column":39}},"120":{"start":{"line":208,"column":20},"end":{"line":208,"column":36}},"121":{"start":{"line":210,"column":20},"end":{"line":210,"column":39}},"122":{"start":{"line":215,"column":8},"end":{"line":215,"column":23}},"123":{"start":{"line":218,"column":8},"end":{"line":218,"column":22}},"124":{"start":{"line":223,"column":0},"end":{"line":284,"column":1}},"125":{"start":{"line":224,"column":1},"end":{"line":224,"column":17}},"126":{"start":{"line":225,"column":1},"end":{"line":225,"column":19}},"127":{"start":{"line":226,"column":1},"end":{"line":226,"column":23}},"128":{"start":{"line":227,"column":4},"end":{"line":283,"column":11}},"129":{"start":{"line":229,"column":2},"end":{"line":229,"column":28}},"130":{"start":{"line":232,"column":2},"end":{"line":232,"column":40}},"131":{"start":{"line":233,"column":2},"end":{"line":238,"column":3}},"132":{"start":{"line":234,"column":3},"end":{"line":234,"column":24}},"133":{"start":{"line":235,"column":3},"end":{"line":235,"column":45}},"134":{"start":{"line":237,"column":3},"end":{"line":237,"column":20}},"135":{"start":{"line":241,"column":2},"end":{"line":252,"column":3}},"136":{"start":{"line":242,"column":3},"end":{"line":248,"column":4}},"137":{"start":{"line":243,"column":4},"end":{"line":247,"column":5}},"138":{"start":{"line":244,"column":5},"end":{"line":246,"column":6}},"139":{"start":{"line":245,"column":6},"end":{"line":245,"column":37}},"140":{"start":{"line":249,"column":3},"end":{"line":249,"column":28}},"141":{"start":{"line":251,"column":3},"end":{"line":251,"column":20}},"142":{"start":{"line":255,"column":2},"end":{"line":255,"column":48}},"143":{"start":{"line":256,"column":2},"end":{"line":256,"column":46}},"144":{"start":{"line":259,"column":2},"end":{"line":275,"column":3}},"145":{"start":{"line":260,"column":3},"end":{"line":271,"column":4}},"146":{"start":{"line":261,"column":4},"end":{"line":261,"column":30}},"147":{"start":{"line":262,"column":4},"end":{"line":267,"column":6}},"148":{"start":{"line":263,"column":6},"end":{"line":266,"column":7}},"149":{"start":{"line":264,"column":7},"end":{"line":264,"column":28}},"150":{"start":{"line":265,"column":7},"end":{"line":265,"column":13}},"151":{"start":{"line":268,"column":4},"end":{"line":270,"column":5}},"152":{"start":{"line":269,"column":5},"end":{"line":269,"column":34}},"153":{"start":{"line":272,"column":3},"end":{"line":272,"column":22}},"154":{"start":{"line":274,"column":3},"end":{"line":274,"column":28}},"155":{"start":{"line":278,"column":8},"end":{"line":278,"column":23}},"156":{"start":{"line":281,"column":8},"end":{"line":281,"column":22}},"157":{"start":{"line":286,"column":0},"end":{"line":297,"column":2}}},"branchMap":{"1":{"line":58,"type":"if","locations":[{"start":{"line":58,"column":8},"end":{"line":58,"column":8}},{"start":{"line":58,"column":8},"end":{"line":58,"column":8}}]},"2":{"line":64,"type":"if","locations":[{"start":{"line":64,"column":12},"end":{"line":64,"column":12}},{"start":{"line":64,"column":12},"end":{"line":64,"column":12}}]},"3":{"line":64,"type":"binary-expr","locations":[{"start":{"line":64,"column":16},"end":{"line":64,"column":19}},{"start":{"line":64,"column":23},"end":{"line":64,"column":27}}]},"4":{"line":81,"type":"if","locations":[{"start":{"line":81,"column":8},"end":{"line":81,"column":8}},{"start":{"line":81,"column":8},"end":{"line":81,"column":8}}]},"5":{"line":86,"type":"if","locations":[{"start":{"line":86,"column":8},"end":{"line":86,"column":8}},{"start":{"line":86,"column":8},"end":{"line":86,"column":8}}]},"6":{"line":96,"type":"if","locations":[{"start":{"line":96,"column":8},"end":{"line":96,"column":8}},{"start":{"line":96,"column":8},"end":{"line":96,"column":8}}]},"7":{"line":101,"type":"if","locations":[{"start":{"line":101,"column":8},"end":{"line":101,"column":8}},{"start":{"line":101,"column":8},"end":{"line":101,"column":8}}]},"8":{"line":107,"type":"if","locations":[{"start":{"line":107,"column":12},"end":{"line":107,"column":12}},{"start":{"line":107,"column":12},"end":{"line":107,"column":12}}]},"9":{"line":115,"type":"if","locations":[{"start":{"line":115,"column":16},"end":{"line":115,"column":16}},{"start":{"line":115,"column":16},"end":{"line":115,"column":16}}]},"10":{"line":115,"type":"binary-expr","locations":[{"start":{"line":115,"column":20},"end":{"line":115,"column":31}},{"start":{"line":115,"column":35},"end":{"line":115,"column":72}}]},"11":{"line":121,"type":"if","locations":[{"start":{"line":121,"column":16},"end":{"line":121,"column":16}},{"start":{"line":121,"column":16},"end":{"line":121,"column":16}}]},"12":{"line":140,"type":"if","locations":[{"start":{"line":140,"column":8},"end":{"line":140,"column":8}},{"start":{"line":140,"column":8},"end":{"line":140,"column":8}}]},"13":{"line":154,"type":"if","locations":[{"start":{"line":154,"column":12},"end":{"line":154,"column":12}},{"start":{"line":154,"column":12},"end":{"line":154,"column":12}}]},"14":{"line":162,"type":"if","locations":[{"start":{"line":162,"column":12},"end":{"line":162,"column":12}},{"start":{"line":162,"column":12},"end":{"line":162,"column":12}}]},"15":{"line":169,"type":"if","locations":[{"start":{"line":169,"column":16},"end":{"line":169,"column":16}},{"start":{"line":169,"column":16},"end":{"line":169,"column":16}}]},"16":{"line":172,"type":"if","locations":[{"start":{"line":172,"column":20},"end":{"line":172,"column":20}},{"start":{"line":172,"column":20},"end":{"line":172,"column":20}}]},"17":{"line":182,"type":"if","locations":[{"start":{"line":182,"column":4},"end":{"line":182,"column":4}},{"start":{"line":182,"column":4},"end":{"line":182,"column":4}}]},"18":{"line":185,"type":"if","locations":[{"start":{"line":185,"column":4},"end":{"line":185,"column":4}},{"start":{"line":185,"column":4},"end":{"line":185,"column":4}}]},"19":{"line":187,"type":"if","locations":[{"start":{"line":187,"column":9},"end":{"line":187,"column":9}},{"start":{"line":187,"column":9},"end":{"line":187,"column":9}}]},"20":{"line":199,"type":"if","locations":[{"start":{"line":199,"column":8},"end":{"line":199,"column":8}},{"start":{"line":199,"column":8},"end":{"line":199,"column":8}}]},"21":{"line":199,"type":"binary-expr","locations":[{"start":{"line":199,"column":12},"end":{"line":199,"column":27}},{"start":{"line":199,"column":31},"end":{"line":199,"column":46}}]},"22":{"line":202,"type":"if","locations":[{"start":{"line":202,"column":12},"end":{"line":202,"column":12}},{"start":{"line":202,"column":12},"end":{"line":202,"column":12}}]},"23":{"line":204,"type":"if","locations":[{"start":{"line":204,"column":12},"end":{"line":204,"column":12}},{"start":{"line":204,"column":12},"end":{"line":204,"column":12}}]},"24":{"line":207,"type":"if","locations":[{"start":{"line":207,"column":16},"end":{"line":207,"column":16}},{"start":{"line":207,"column":16},"end":{"line":207,"column":16}}]},"25":{"line":233,"type":"if","locations":[{"start":{"line":233,"column":2},"end":{"line":233,"column":2}},{"start":{"line":233,"column":2},"end":{"line":233,"column":2}}]},"26":{"line":241,"type":"if","locations":[{"start":{"line":241,"column":2},"end":{"line":241,"column":2}},{"start":{"line":241,"column":2},"end":{"line":241,"column":2}}]},"27":{"line":244,"type":"if","locations":[{"start":{"line":244,"column":5},"end":{"line":244,"column":5}},{"start":{"line":244,"column":5},"end":{"line":244,"column":5}}]},"28":{"line":259,"type":"if","locations":[{"start":{"line":259,"column":2},"end":{"line":259,"column":2}},{"start":{"line":259,"column":2},"end":{"line":259,"column":2}}]},"29":{"line":263,"type":"if","locations":[{"start":{"line":263,"column":6},"end":{"line":263,"column":6}},{"start":{"line":263,"column":6},"end":{"line":263,"column":6}}]},"30":{"line":268,"type":"if","locations":[{"start":{"line":268,"column":4},"end":{"line":268,"column":4}},{"start":{"line":268,"column":4},"end":{"line":268,"column":4}}]}}},"E:\\Git\\liqueed\\utils\\db.js":{"path":"E:\\Git\\liqueed\\utils\\db.js","s":{"1":1,"2":1,"3":1,"4":1,"5":1,"6":1,"7":1,"8":36,"9":384,"10":384,"11":384,"12":384,"13":384,"14":384,"15":0,"16":36,"17":443,"18":443,"19":15,"20":428,"21":428,"22":0,"23":0,"24":36,"25":201,"26":201,"27":201,"28":201,"29":0,"30":0,"31":36,"32":3,"33":3,"34":0,"35":36,"36":10,"37":10,"38":0,"39":36,"40":59,"41":59,"42":0,"43":36,"44":20,"45":20,"46":0,"47":1,"48":443,"49":443,"50":268,"51":785,"52":0,"53":785,"54":785,"55":443,"56":1,"57":6,"58":594,"59":594,"60":6,"61":761,"62":761,"63":740,"64":740,"65":21,"66":21,"67":21,"68":761,"69":761,"70":6,"71":363,"72":363,"73":6,"74":3,"75":3,"76":6,"77":12,"78":12,"79":6,"80":96,"81":96,"82":6,"83":101,"84":101,"85":1,"86":1506,"87":1500,"88":6,"89":6,"90":6,"91":1,"92":933,"93":897,"94":36,"95":36,"96":36,"97":1,"98":2439,"99":933,"100":1506,"101":1,"102":0,"103":0,"104":0,"105":1,"106":0,"107":0,"108":0,"109":1,"110":0,"111":0,"112":0,"113":1,"114":26,"115":26,"116":26,"117":26,"118":1,"119":147,"120":26,"121":26,"122":121,"123":121,"124":121,"125":0,"126":121,"127":1,"128":26,"129":4,"130":22,"131":1,"132":6,"133":6,"134":6,"135":6,"136":6,"137":6,"138":6,"139":6,"140":6,"141":1,"142":6,"143":1,"144":0,"145":0,"146":1},"b":{"1":[384,0],"2":[384,384],"3":[15,428],"4":[443,15],"5":[428,0],"6":[201,0],"7":[201,201,201],"8":[268,175],"9":[443,443],"10":[0,785],"11":[761,0],"12":[740,21],"13":[1500,6],"14":[897,36],"15":[933,1506],"16":[0,0],"17":[26,121],"18":[0,121],"19":[4,22],"20":[6,6],"21":[6,6],"22":[6,6]},"f":{"1":36,"2":384,"3":384,"4":443,"5":201,"6":201,"7":3,"8":10,"9":59,"10":20,"11":443,"12":443,"13":785,"14":6,"15":594,"16":594,"17":761,"18":761,"19":363,"20":363,"21":3,"22":3,"23":12,"24":12,"25":96,"26":96,"27":101,"28":101,"29":1506,"30":933,"31":2439,"32":0,"33":0,"34":0,"35":26,"36":147,"37":121,"38":26,"39":6,"40":6,"41":0},"fnMap":{"1":{"name":"DbStore","line":13,"loc":{"start":{"line":13,"column":0},"end":{"line":13,"column":23}}},"2":{"name":"(anonymous_2)","line":14,"loc":{"start":{"line":14,"column":15},"end":{"line":14,"column":33}}},"3":{"name":"(anonymous_3)","line":16,"loc":{"start":{"line":16,"column":30},"end":{"line":16,"column":51}}},"4":{"name":"(anonymous_4)","line":29,"loc":{"start":{"line":29,"column":16},"end":{"line":29,"column":49}}},"5":{"name":"(anonymous_5)","line":43,"loc":{"start":{"line":43,"column":15},"end":{"line":43,"column":35}}},"6":{"name":"(anonymous_6)","line":45,"loc":{"start":{"line":45,"column":30},"end":{"line":45,"column":51}}},"7":{"name":"(anonymous_7)","line":57,"loc":{"start":{"line":57,"column":15},"end":{"line":57,"column":39}}},"8":{"name":"(anonymous_8)","line":66,"loc":{"start":{"line":66,"column":18},"end":{"line":66,"column":36}}},"9":{"name":"(anonymous_9)","line":75,"loc":{"start":{"line":75,"column":18},"end":{"line":75,"column":42}}},"10":{"name":"(anonymous_10)","line":84,"loc":{"start":{"line":84,"column":17},"end":{"line":84,"column":31}}},"11":{"name":"makeTransform","line":94,"loc":{"start":{"line":94,"column":0},"end":{"line":94,"column":27}}},"12":{"name":"(anonymous_12)","line":95,"loc":{"start":{"line":95,"column":11},"end":{"line":95,"column":33}}},"13":{"name":"(anonymous_13)","line":97,"loc":{"start":{"line":97,"column":26},"end":{"line":97,"column":42}}},"14":{"name":"MemoryStore","line":109,"loc":{"start":{"line":109,"column":0},"end":{"line":109,"column":27}}},"15":{"name":"(anonymous_15)","line":110,"loc":{"start":{"line":110,"column":15},"end":{"line":110,"column":33}}},"16":{"name":"(anonymous_16)","line":111,"loc":{"start":{"line":111,"column":21},"end":{"line":111,"column":33}}},"17":{"name":"(anonymous_17)","line":116,"loc":{"start":{"line":116,"column":16},"end":{"line":116,"column":49}}},"18":{"name":"(anonymous_18)","line":129,"loc":{"start":{"line":129,"column":21},"end":{"line":129,"column":32}}},"19":{"name":"(anonymous_19)","line":134,"loc":{"start":{"line":134,"column":15},"end":{"line":134,"column":35}}},"20":{"name":"(anonymous_20)","line":135,"loc":{"start":{"line":135,"column":21},"end":{"line":135,"column":33}}},"21":{"name":"(anonymous_21)","line":140,"loc":{"start":{"line":140,"column":15},"end":{"line":140,"column":39}}},"22":{"name":"(anonymous_22)","line":141,"loc":{"start":{"line":141,"column":21},"end":{"line":141,"column":33}}},"23":{"name":"(anonymous_23)","line":146,"loc":{"start":{"line":146,"column":18},"end":{"line":146,"column":36}}},"24":{"name":"(anonymous_24)","line":147,"loc":{"start":{"line":147,"column":21},"end":{"line":147,"column":33}}},"25":{"name":"(anonymous_25)","line":152,"loc":{"start":{"line":152,"column":18},"end":{"line":152,"column":42}}},"26":{"name":"(anonymous_26)","line":153,"loc":{"start":{"line":153,"column":21},"end":{"line":153,"column":33}}},"27":{"name":"(anonymous_27)","line":158,"loc":{"start":{"line":158,"column":17},"end":{"line":158,"column":31}}},"28":{"name":"(anonymous_28)","line":159,"loc":{"start":{"line":159,"column":21},"end":{"line":159,"column":33}}},"29":{"name":"getCreateMemoryStore","line":165,"loc":{"start":{"line":165,"column":0},"end":{"line":165,"column":36}}},"30":{"name":"getCreateDbStore","line":175,"loc":{"start":{"line":175,"column":0},"end":{"line":175,"column":32}}},"31":{"name":"getCreateStore","line":185,"loc":{"start":{"line":185,"column":0},"end":{"line":185,"column":30}}},"32":{"name":"createMemoryStore","line":192,"loc":{"start":{"line":192,"column":0},"end":{"line":192,"column":33}}},"33":{"name":"createDbStore","line":198,"loc":{"start":{"line":198,"column":0},"end":{"line":198,"column":29}}},"34":{"name":"createStore","line":204,"loc":{"start":{"line":204,"column":0},"end":{"line":204,"column":27}}},"35":{"name":"clearStores","line":211,"loc":{"start":{"line":211,"column":0},"end":{"line":211,"column":33}}},"36":{"name":"doStep","line":219,"loc":{"start":{"line":219,"column":4},"end":{"line":219,"column":22}}},"37":{"name":"(anonymous_37)","line":227,"loc":{"start":{"line":227,"column":20},"end":{"line":227,"column":41}}},"38":{"name":"clear","line":236,"loc":{"start":{"line":236,"column":0},"end":{"line":236,"column":19}}},"39":{"name":"useDb","line":243,"loc":{"start":{"line":243,"column":0},"end":{"line":243,"column":33}}},"40":{"name":"closeDb","line":255,"loc":{"start":{"line":255,"column":0},"end":{"line":255,"column":21}}},"41":{"name":"useMemory","line":259,"loc":{"start":{"line":259,"column":0},"end":{"line":259,"column":21}}}},"statementMap":{"1":{"start":{"line":3,"column":0},"end":{"line":3,"column":31}},"2":{"start":{"line":4,"column":0},"end":{"line":4,"column":35}},"3":{"start":{"line":6,"column":0},"end":{"line":6,"column":18}},"4":{"start":{"line":7,"column":0},"end":{"line":7,"column":19}},"5":{"start":{"line":9,"column":0},"end":{"line":9,"column":7}},"6":{"start":{"line":11,"column":0},"end":{"line":11,"column":18}},"7":{"start":{"line":13,"column":0},"end":{"line":92,"column":1}},"8":{"start":{"line":14,"column":4},"end":{"line":27,"column":6}},"9":{"start":{"line":15,"column":8},"end":{"line":26,"column":9}},"10":{"start":{"line":16,"column":12},"end":{"line":22,"column":15}},"11":{"start":{"line":17,"column":16},"end":{"line":20,"column":17}},"12":{"start":{"line":18,"column":20},"end":{"line":18,"column":50}},"13":{"start":{"line":19,"column":20},"end":{"line":19,"column":36}},"14":{"start":{"line":21,"column":16},"end":{"line":21,"column":30}},"15":{"start":{"line":25,"column":12},"end":{"line":25,"column":26}},"16":{"start":{"line":29,"column":4},"end":{"line":41,"column":6}},"17":{"start":{"line":30,"column":8},"end":{"line":40,"column":9}},"18":{"start":{"line":31,"column":12},"end":{"line":36,"column":64}},"19":{"start":{"line":32,"column":16},"end":{"line":32,"column":51}},"20":{"start":{"line":33,"column":17},"end":{"line":36,"column":64}},"21":{"start":{"line":34,"column":16},"end":{"line":34,"column":60}},"22":{"start":{"line":36,"column":16},"end":{"line":36,"column":64}},"23":{"start":{"line":39,"column":12},"end":{"line":39,"column":26}},"24":{"start":{"line":43,"column":4},"end":{"line":55,"column":6}},"25":{"start":{"line":44,"column":8},"end":{"line":54,"column":9}},"26":{"start":{"line":45,"column":12},"end":{"line":50,"column":15}},"27":{"start":{"line":46,"column":16},"end":{"line":49,"column":34}},"28":{"start":{"line":47,"column":20},"end":{"line":47,"column":52}},"29":{"start":{"line":49,"column":20},"end":{"line":49,"column":34}},"30":{"start":{"line":53,"column":12},"end":{"line":53,"column":26}},"31":{"start":{"line":57,"column":4},"end":{"line":64,"column":6}},"32":{"start":{"line":58,"column":8},"end":{"line":63,"column":9}},"33":{"start":{"line":59,"column":12},"end":{"line":59,"column":38}},"34":{"start":{"line":62,"column":12},"end":{"line":62,"column":26}},"35":{"start":{"line":66,"column":4},"end":{"line":73,"column":6}},"36":{"start":{"line":67,"column":8},"end":{"line":72,"column":9}},"37":{"start":{"line":68,"column":12},"end":{"line":68,"column":32}},"38":{"start":{"line":71,"column":12},"end":{"line":71,"column":26}},"39":{"start":{"line":75,"column":4},"end":{"line":82,"column":6}},"40":{"start":{"line":76,"column":8},"end":{"line":81,"column":9}},"41":{"start":{"line":77,"column":12},"end":{"line":77,"column":38}},"42":{"start":{"line":80,"column":12},"end":{"line":80,"column":26}},"43":{"start":{"line":84,"column":4},"end":{"line":91,"column":6}},"44":{"start":{"line":85,"column":8},"end":{"line":90,"column":9}},"45":{"start":{"line":86,"column":12},"end":{"line":86,"column":27}},"46":{"start":{"line":89,"column":12},"end":{"line":89,"column":26}},"47":{"start":{"line":94,"column":0},"end":{"line":107,"column":1}},"48":{"start":{"line":95,"column":4},"end":{"line":107,"column":0}},"49":{"start":{"line":96,"column":8},"end":{"line":103,"column":15}},"50":{"start":{"line":97,"column":12},"end":{"line":103,"column":15}},"51":{"start":{"line":98,"column":16},"end":{"line":99,"column":27}},"52":{"start":{"line":99,"column":20},"end":{"line":99,"column":27}},"53":{"start":{"line":101,"column":16},"end":{"line":101,"column":46}},"54":{"start":{"line":102,"column":16},"end":{"line":102,"column":32}},"55":{"start":{"line":105,"column":8},"end":{"line":105,"column":23}},"56":{"start":{"line":109,"column":0},"end":{"line":163,"column":1}},"57":{"start":{"line":110,"column":4},"end":{"line":114,"column":6}},"58":{"start":{"line":111,"column":8},"end":{"line":113,"column":11}},"59":{"start":{"line":112,"column":12},"end":{"line":112,"column":35}},"60":{"start":{"line":116,"column":4},"end":{"line":132,"column":6}},"61":{"start":{"line":117,"column":8},"end":{"line":127,"column":9}},"62":{"start":{"line":118,"column":12},"end":{"line":126,"column":13}},"63":{"start":{"line":119,"column":16},"end":{"line":119,"column":32}},"64":{"start":{"line":120,"column":16},"end":{"line":120,"column":34}},"65":{"start":{"line":123,"column":16},"end":{"line":123,"column":27}},"66":{"start":{"line":124,"column":16},"end":{"line":124,"column":29}},"67":{"start":{"line":125,"column":16},"end":{"line":125,"column":34}},"68":{"start":{"line":129,"column":8},"end":{"line":131,"column":11}},"69":{"start":{"line":130,"column":12},"end":{"line":130,"column":51}},"70":{"start":{"line":134,"column":4},"end":{"line":138,"column":6}},"71":{"start":{"line":135,"column":8},"end":{"line":137,"column":11}},"72":{"start":{"line":136,"column":12},"end":{"line":136,"column":37}},"73":{"start":{"line":140,"column":4},"end":{"line":144,"column":6}},"74":{"start":{"line":141,"column":8},"end":{"line":143,"column":11}},"75":{"start":{"line":142,"column":12},"end":{"line":142,"column":41}},"76":{"start":{"line":146,"column":4},"end":{"line":150,"column":6}},"77":{"start":{"line":147,"column":8},"end":{"line":149,"column":11}},"78":{"start":{"line":148,"column":12},"end":{"line":148,"column":38}},"79":{"start":{"line":152,"column":4},"end":{"line":156,"column":6}},"80":{"start":{"line":153,"column":8},"end":{"line":155,"column":11}},"81":{"start":{"line":154,"column":12},"end":{"line":154,"column":44}},"82":{"start":{"line":158,"column":4},"end":{"line":162,"column":6}},"83":{"start":{"line":159,"column":8},"end":{"line":161,"column":11}},"84":{"start":{"line":160,"column":12},"end":{"line":160,"column":35}},"85":{"start":{"line":165,"column":0},"end":{"line":173,"column":1}},"86":{"start":{"line":166,"column":4},"end":{"line":167,"column":29}},"87":{"start":{"line":167,"column":8},"end":{"line":167,"column":29}},"88":{"start":{"line":169,"column":4},"end":{"line":169,"column":54}},"89":{"start":{"line":170,"column":4},"end":{"line":170,"column":26}},"90":{"start":{"line":172,"column":4},"end":{"line":172,"column":25}},"91":{"start":{"line":175,"column":0},"end":{"line":183,"column":1}},"92":{"start":{"line":176,"column":4},"end":{"line":177,"column":30}},"93":{"start":{"line":177,"column":8},"end":{"line":177,"column":30}},"94":{"start":{"line":179,"column":4},"end":{"line":179,"column":64}},"95":{"start":{"line":180,"column":4},"end":{"line":180,"column":27}},"96":{"start":{"line":182,"column":4},"end":{"line":182,"column":26}},"97":{"start":{"line":185,"column":0},"end":{"line":190,"column":1}},"98":{"start":{"line":186,"column":4},"end":{"line":187,"column":38}},"99":{"start":{"line":187,"column":8},"end":{"line":187,"column":38}},"100":{"start":{"line":189,"column":4},"end":{"line":189,"column":38}},"101":{"start":{"line":192,"column":0},"end":{"line":196,"column":1}},"102":{"start":{"line":193,"column":4},"end":{"line":193,"column":54}},"103":{"start":{"line":194,"column":4},"end":{"line":194,"column":26}},"104":{"start":{"line":195,"column":4},"end":{"line":195,"column":17}},"105":{"start":{"line":198,"column":0},"end":{"line":202,"column":1}},"106":{"start":{"line":199,"column":4},"end":{"line":199,"column":50}},"107":{"start":{"line":200,"column":4},"end":{"line":200,"column":27}},"108":{"start":{"line":201,"column":4},"end":{"line":201,"column":17}},"109":{"start":{"line":204,"column":0},"end":{"line":209,"column":1}},"110":{"start":{"line":205,"column":4},"end":{"line":206,"column":35}},"111":{"start":{"line":206,"column":8},"end":{"line":206,"column":35}},"112":{"start":{"line":208,"column":4},"end":{"line":208,"column":35}},"113":{"start":{"line":211,"column":0},"end":{"line":234,"column":1}},"114":{"start":{"line":212,"column":4},"end":{"line":212,"column":36}},"115":{"start":{"line":214,"column":4},"end":{"line":214,"column":25}},"116":{"start":{"line":215,"column":4},"end":{"line":215,"column":14}},"117":{"start":{"line":217,"column":4},"end":{"line":217,"column":13}},"118":{"start":{"line":219,"column":4},"end":{"line":233,"column":5}},"119":{"start":{"line":220,"column":8},"end":{"line":223,"column":9}},"120":{"start":{"line":221,"column":12},"end":{"line":221,"column":27}},"121":{"start":{"line":222,"column":12},"end":{"line":222,"column":19}},"122":{"start":{"line":225,"column":8},"end":{"line":225,"column":39}},"123":{"start":{"line":227,"column":8},"end":{"line":232,"column":11}},"124":{"start":{"line":228,"column":12},"end":{"line":231,"column":37}},"125":{"start":{"line":229,"column":16},"end":{"line":229,"column":30}},"126":{"start":{"line":231,"column":16},"end":{"line":231,"column":37}},"127":{"start":{"line":236,"column":0},"end":{"line":241,"column":1}},"128":{"start":{"line":237,"column":4},"end":{"line":240,"column":33}},"129":{"start":{"line":238,"column":8},"end":{"line":238,"column":34}},"130":{"start":{"line":240,"column":8},"end":{"line":240,"column":33}},"131":{"start":{"line":243,"column":0},"end":{"line":253,"column":1}},"132":{"start":{"line":244,"column":4},"end":{"line":244,"column":27}},"133":{"start":{"line":245,"column":4},"end":{"line":245,"column":17}},"134":{"start":{"line":246,"column":4},"end":{"line":246,"column":19}},"135":{"start":{"line":247,"column":4},"end":{"line":247,"column":124}},"136":{"start":{"line":248,"column":4},"end":{"line":248,"column":30}},"137":{"start":{"line":249,"column":4},"end":{"line":249,"column":31}},"138":{"start":{"line":250,"column":4},"end":{"line":250,"column":28}},"139":{"start":{"line":251,"column":4},"end":{"line":251,"column":34}},"140":{"start":{"line":252,"column":4},"end":{"line":252,"column":28}},"141":{"start":{"line":255,"column":0},"end":{"line":257,"column":1}},"142":{"start":{"line":256,"column":4},"end":{"line":256,"column":17}},"143":{"start":{"line":259,"column":0},"end":{"line":262,"column":1}},"144":{"start":{"line":260,"column":4},"end":{"line":260,"column":18}},"145":{"start":{"line":261,"column":4},"end":{"line":261,"column":15}},"146":{"start":{"line":264,"column":0},"end":{"line":272,"column":2}}},"branchMap":{"1":{"line":17,"type":"if","locations":[{"start":{"line":17,"column":16},"end":{"line":17,"column":16}},{"start":{"line":17,"column":16},"end":{"line":17,"column":16}}]},"2":{"line":17,"type":"binary-expr","locations":[{"start":{"line":17,"column":20},"end":{"line":17,"column":24}},{"start":{"line":17,"column":28},"end":{"line":17,"column":36}}]},"3":{"line":31,"type":"if","locations":[{"start":{"line":31,"column":12},"end":{"line":31,"column":12}},{"start":{"line":31,"column":12},"end":{"line":31,"column":12}}]},"4":{"line":31,"type":"binary-expr","locations":[{"start":{"line":31,"column":16},"end":{"line":31,"column":27}},{"start":{"line":31,"column":31},"end":{"line":31,"column":34}}]},"5":{"line":33,"type":"if","locations":[{"start":{"line":33,"column":17},"end":{"line":33,"column":17}},{"start":{"line":33,"column":17},"end":{"line":33,"column":17}}]},"6":{"line":46,"type":"if","locations":[{"start":{"line":46,"column":16},"end":{"line":46,"column":16}},{"start":{"line":46,"column":16},"end":{"line":46,"column":16}}]},"7":{"line":46,"type":"binary-expr","locations":[{"start":{"line":46,"column":20},"end":{"line":46,"column":24}},{"start":{"line":46,"column":28},"end":{"line":46,"column":35}},{"start":{"line":46,"column":39},"end":{"line":46,"column":50}}]},"8":{"line":96,"type":"if","locations":[{"start":{"line":96,"column":8},"end":{"line":96,"column":8}},{"start":{"line":96,"column":8},"end":{"line":96,"column":8}}]},"9":{"line":96,"type":"binary-expr","locations":[{"start":{"line":96,"column":12},"end":{"line":96,"column":17}},{"start":{"line":96,"column":21},"end":{"line":96,"column":33}}]},"10":{"line":98,"type":"if","locations":[{"start":{"line":98,"column":16},"end":{"line":98,"column":16}},{"start":{"line":98,"column":16},"end":{"line":98,"column":16}}]},"11":{"line":117,"type":"if","locations":[{"start":{"line":117,"column":8},"end":{"line":117,"column":8}},{"start":{"line":117,"column":8},"end":{"line":117,"column":8}}]},"12":{"line":118,"type":"if","locations":[{"start":{"line":118,"column":12},"end":{"line":118,"column":12}},{"start":{"line":118,"column":12},"end":{"line":118,"column":12}}]},"13":{"line":166,"type":"if","locations":[{"start":{"line":166,"column":4},"end":{"line":166,"column":4}},{"start":{"line":166,"column":4},"end":{"line":166,"column":4}}]},"14":{"line":176,"type":"if","locations":[{"start":{"line":176,"column":4},"end":{"line":176,"column":4}},{"start":{"line":176,"column":4},"end":{"line":176,"column":4}}]},"15":{"line":186,"type":"if","locations":[{"start":{"line":186,"column":4},"end":{"line":186,"column":4}},{"start":{"line":186,"column":4},"end":{"line":186,"column":4}}]},"16":{"line":205,"type":"if","locations":[{"start":{"line":205,"column":4},"end":{"line":205,"column":4}},{"start":{"line":205,"column":4},"end":{"line":205,"column":4}}]},"17":{"line":220,"type":"if","locations":[{"start":{"line":220,"column":8},"end":{"line":220,"column":8}},{"start":{"line":220,"column":8},"end":{"line":220,"column":8}}]},"18":{"line":228,"type":"if","locations":[{"start":{"line":228,"column":12},"end":{"line":228,"column":12}},{"start":{"line":228,"column":12},"end":{"line":228,"column":12}}]},"19":{"line":237,"type":"if","locations":[{"start":{"line":237,"column":4},"end":{"line":237,"column":4}},{"start":{"line":237,"column":4},"end":{"line":237,"column":4}}]},"20":{"line":244,"type":"binary-expr","locations":[{"start":{"line":244,"column":13},"end":{"line":244,"column":19}},{"start":{"line":244,"column":23},"end":{"line":244,"column":26}}]},"21":{"line":247,"type":"binary-expr","locations":[{"start":{"line":247,"column":36},"end":{"line":247,"column":47}},{"start":{"line":247,"column":51},"end":{"line":247,"column":62}}]},"22":{"line":247,"type":"binary-expr","locations":[{"start":{"line":247,"column":64},"end":{"line":247,"column":75}},{"start":{"line":247,"column":79},"end":{"line":247,"column":84}}]}}},"E:\\Git\\liqueed\\utils\\mongodb.js":{"path":"E:\\Git\\liqueed\\utils\\mongodb.js","s":{"1":1,"2":1,"3":1,"4":1120,"5":1120,"6":0,"7":1120,"8":36,"9":15,"10":15,"11":0,"12":15,"13":36,"14":428,"15":428,"16":428,"17":428,"18":428,"19":0,"20":428,"21":36,"22":201,"23":201,"24":0,"25":201,"26":36,"27":62,"28":62,"29":0,"30":0,"31":62,"32":62,"33":0,"34":0,"35":36,"36":10,"37":10,"38":0,"39":0,"40":10,"41":10,"42":0,"43":0,"44":36,"45":384,"46":384,"47":0,"48":0,"49":384,"50":384,"51":0,"52":0,"53":36,"54":20,"55":20,"56":0,"57":20,"58":1,"59":36,"60":6,"61":0,"62":6,"63":6,"64":6,"65":6,"66":0,"67":0,"68":6,"69":0,"70":0,"71":0,"72":0,"73":6,"74":6},"b":{"1":[0,1120],"2":[0,15],"3":[428,0],"4":[0,428],"5":[0,201],"6":[0,62],"7":[0,10],"8":[0,384],"9":[0,20],"10":[0,6],"11":[0,6],"12":[0,6],"13":[0,0]},"f":{"1":36,"2":1120,"3":1120,"4":15,"5":15,"6":428,"7":428,"8":201,"9":201,"10":62,"11":62,"12":10,"13":10,"14":384,"15":384,"16":20,"17":20,"18":36,"19":6,"20":0,"21":6,"22":0},"fnMap":{"1":{"name":"Repository","line":5,"loc":{"start":{"line":5,"column":0},"end":{"line":5,"column":30}}},"2":{"name":"getCollection","line":6,"loc":{"start":{"line":6,"column":4},"end":{"line":6,"column":37}}},"3":{"name":"(anonymous_3)","line":7,"loc":{"start":{"line":7,"column":28},"end":{"line":7,"column":55}}},"4":{"name":"(anonymous_4)","line":15,"loc":{"start":{"line":15,"column":19},"end":{"line":15,"column":39}}},"5":{"name":"(anonymous_5)","line":16,"loc":{"start":{"line":16,"column":22},"end":{"line":16,"column":49}}},"6":{"name":"(anonymous_6)","line":24,"loc":{"start":{"line":24,"column":16},"end":{"line":24,"column":55}}},"7":{"name":"(anonymous_7)","line":30,"loc":{"start":{"line":30,"column":22},"end":{"line":30,"column":49}}},"8":{"name":"(anonymous_8)","line":38,"loc":{"start":{"line":38,"column":18},"end":{"line":38,"column":44}}},"9":{"name":"(anonymous_9)","line":39,"loc":{"start":{"line":39,"column":22},"end":{"line":39,"column":49}}},"10":{"name":"(anonymous_10)","line":47,"loc":{"start":{"line":47,"column":18},"end":{"line":47,"column":48}}},"11":{"name":"(anonymous_11)","line":48,"loc":{"start":{"line":48,"column":22},"end":{"line":48,"column":49}}},"12":{"name":"(anonymous_12)","line":64,"loc":{"start":{"line":64,"column":18},"end":{"line":64,"column":42}}},"13":{"name":"(anonymous_13)","line":65,"loc":{"start":{"line":65,"column":22},"end":{"line":65,"column":49}}},"14":{"name":"(anonymous_14)","line":81,"loc":{"start":{"line":81,"column":20},"end":{"line":81,"column":44}}},"15":{"name":"(anonymous_15)","line":82,"loc":{"start":{"line":82,"column":22},"end":{"line":82,"column":49}}},"16":{"name":"(anonymous_16)","line":98,"loc":{"start":{"line":98,"column":17},"end":{"line":98,"column":37}}},"17":{"name":"(anonymous_17)","line":99,"loc":{"start":{"line":99,"column":22},"end":{"line":99,"column":49}}},"18":{"name":"(anonymous_18)","line":109,"loc":{"start":{"line":109,"column":22},"end":{"line":109,"column":42}}},"19":{"name":"(anonymous_19)","line":110,"loc":{"start":{"line":110,"column":18},"end":{"line":110,"column":72}}},"20":{"name":"(anonymous_20)","line":112,"loc":{"start":{"line":112,"column":17},"end":{"line":112,"column":29}}},"21":{"name":"(anonymous_21)","line":117,"loc":{"start":{"line":117,"column":16},"end":{"line":117,"column":35}}},"22":{"name":"(anonymous_22)","line":124,"loc":{"start":{"line":124,"column":71},"end":{"line":124,"column":91}}}},"statementMap":{"1":{"start":{"line":3,"column":0},"end":{"line":3,"column":33}},"2":{"start":{"line":5,"column":0},"end":{"line":106,"column":1}},"3":{"start":{"line":6,"column":4},"end":{"line":13,"column":5}},"4":{"start":{"line":7,"column":8},"end":{"line":12,"column":11}},"5":{"start":{"line":8,"column":12},"end":{"line":11,"column":43}},"6":{"start":{"line":9,"column":16},"end":{"line":9,"column":30}},"7":{"start":{"line":11,"column":16},"end":{"line":11,"column":43}},"8":{"start":{"line":15,"column":4},"end":{"line":22,"column":6}},"9":{"start":{"line":16,"column":8},"end":{"line":21,"column":11}},"10":{"start":{"line":17,"column":12},"end":{"line":20,"column":52}},"11":{"start":{"line":18,"column":16},"end":{"line":18,"column":30}},"12":{"start":{"line":20,"column":16},"end":{"line":20,"column":52}},"13":{"start":{"line":24,"column":4},"end":{"line":36,"column":6}},"14":{"start":{"line":25,"column":8},"end":{"line":28,"column":9}},"15":{"start":{"line":26,"column":12},"end":{"line":26,"column":34}},"16":{"start":{"line":27,"column":12},"end":{"line":27,"column":30}},"17":{"start":{"line":30,"column":8},"end":{"line":35,"column":11}},"18":{"start":{"line":31,"column":12},"end":{"line":34,"column":57}},"19":{"start":{"line":32,"column":16},"end":{"line":32,"column":30}},"20":{"start":{"line":34,"column":16},"end":{"line":34,"column":57}},"21":{"start":{"line":38,"column":4},"end":{"line":45,"column":6}},"22":{"start":{"line":39,"column":8},"end":{"line":44,"column":11}},"23":{"start":{"line":40,"column":12},"end":{"line":43,"column":50}},"24":{"start":{"line":41,"column":16},"end":{"line":41,"column":30}},"25":{"start":{"line":43,"column":16},"end":{"line":43,"column":50}},"26":{"start":{"line":47,"column":4},"end":{"line":62,"column":6}},"27":{"start":{"line":48,"column":8},"end":{"line":61,"column":11}},"28":{"start":{"line":49,"column":12},"end":{"line":52,"column":13}},"29":{"start":{"line":50,"column":16},"end":{"line":50,"column":36}},"30":{"start":{"line":51,"column":16},"end":{"line":51,"column":23}},"31":{"start":{"line":54,"column":12},"end":{"line":60,"column":13}},"32":{"start":{"line":55,"column":16},"end":{"line":55,"column":133}},"33":{"start":{"line":58,"column":16},"end":{"line":58,"column":36}},"34":{"start":{"line":59,"column":16},"end":{"line":59,"column":23}},"35":{"start":{"line":64,"column":4},"end":{"line":79,"column":6}},"36":{"start":{"line":65,"column":8},"end":{"line":78,"column":11}},"37":{"start":{"line":66,"column":12},"end":{"line":69,"column":13}},"38":{"start":{"line":67,"column":16},"end":{"line":67,"column":36}},"39":{"start":{"line":68,"column":16},"end":{"line":68,"column":23}},"40":{"start":{"line":71,"column":12},"end":{"line":77,"column":13}},"41":{"start":{"line":72,"column":16},"end":{"line":72,"column":117}},"42":{"start":{"line":75,"column":16},"end":{"line":75,"column":36}},"43":{"start":{"line":76,"column":16},"end":{"line":76,"column":23}},"44":{"start":{"line":81,"column":4},"end":{"line":96,"column":6}},"45":{"start":{"line":82,"column":8},"end":{"line":95,"column":11}},"46":{"start":{"line":83,"column":12},"end":{"line":86,"column":13}},"47":{"start":{"line":84,"column":16},"end":{"line":84,"column":36}},"48":{"start":{"line":85,"column":16},"end":{"line":85,"column":23}},"49":{"start":{"line":88,"column":12},"end":{"line":94,"column":13}},"50":{"start":{"line":89,"column":16},"end":{"line":89,"column":118}},"51":{"start":{"line":92,"column":16},"end":{"line":92,"column":36}},"52":{"start":{"line":93,"column":16},"end":{"line":93,"column":23}},"53":{"start":{"line":98,"column":4},"end":{"line":105,"column":6}},"54":{"start":{"line":99,"column":8},"end":{"line":104,"column":11}},"55":{"start":{"line":100,"column":12},"end":{"line":103,"column":44}},"56":{"start":{"line":101,"column":16},"end":{"line":101,"column":30}},"57":{"start":{"line":103,"column":16},"end":{"line":103,"column":44}},"58":{"start":{"line":108,"column":0},"end":{"line":136,"column":2}},"59":{"start":{"line":109,"column":44},"end":{"line":109,"column":76}},"60":{"start":{"line":111,"column":8},"end":{"line":112,"column":33}},"61":{"start":{"line":112,"column":12},"end":{"line":112,"column":33}},"62":{"start":{"line":114,"column":8},"end":{"line":114,"column":80}},"63":{"start":{"line":115,"column":8},"end":{"line":115,"column":65}},"64":{"start":{"line":117,"column":8},"end":{"line":133,"column":11}},"65":{"start":{"line":118,"column":12},"end":{"line":121,"column":13}},"66":{"start":{"line":119,"column":16},"end":{"line":119,"column":30}},"67":{"start":{"line":120,"column":16},"end":{"line":120,"column":23}},"68":{"start":{"line":123,"column":12},"end":{"line":132,"column":29}},"69":{"start":{"line":124,"column":16},"end":{"line":129,"column":19}},"70":{"start":{"line":125,"column":20},"end":{"line":128,"column":37}},"71":{"start":{"line":126,"column":24},"end":{"line":126,"column":38}},"72":{"start":{"line":128,"column":24},"end":{"line":128,"column":37}},"73":{"start":{"line":132,"column":16},"end":{"line":132,"column":29}},"74":{"start":{"line":134,"column":8},"end":{"line":134,"column":18}}},"branchMap":{"1":{"line":8,"type":"if","locations":[{"start":{"line":8,"column":12},"end":{"line":8,"column":12}},{"start":{"line":8,"column":12},"end":{"line":8,"column":12}}]},"2":{"line":17,"type":"if","locations":[{"start":{"line":17,"column":12},"end":{"line":17,"column":12}},{"start":{"line":17,"column":12},"end":{"line":17,"column":12}}]},"3":{"line":25,"type":"if","locations":[{"start":{"line":25,"column":8},"end":{"line":25,"column":8}},{"start":{"line":25,"column":8},"end":{"line":25,"column":8}}]},"4":{"line":31,"type":"if","locations":[{"start":{"line":31,"column":12},"end":{"line":31,"column":12}},{"start":{"line":31,"column":12},"end":{"line":31,"column":12}}]},"5":{"line":40,"type":"if","locations":[{"start":{"line":40,"column":12},"end":{"line":40,"column":12}},{"start":{"line":40,"column":12},"end":{"line":40,"column":12}}]},"6":{"line":49,"type":"if","locations":[{"start":{"line":49,"column":12},"end":{"line":49,"column":12}},{"start":{"line":49,"column":12},"end":{"line":49,"column":12}}]},"7":{"line":66,"type":"if","locations":[{"start":{"line":66,"column":12},"end":{"line":66,"column":12}},{"start":{"line":66,"column":12},"end":{"line":66,"column":12}}]},"8":{"line":83,"type":"if","locations":[{"start":{"line":83,"column":12},"end":{"line":83,"column":12}},{"start":{"line":83,"column":12},"end":{"line":83,"column":12}}]},"9":{"line":100,"type":"if","locations":[{"start":{"line":100,"column":12},"end":{"line":100,"column":12}},{"start":{"line":100,"column":12},"end":{"line":100,"column":12}}]},"10":{"line":111,"type":"if","locations":[{"start":{"line":111,"column":8},"end":{"line":111,"column":8}},{"start":{"line":111,"column":8},"end":{"line":111,"column":8}}]},"11":{"line":118,"type":"if","locations":[{"start":{"line":118,"column":12},"end":{"line":118,"column":12}},{"start":{"line":118,"column":12},"end":{"line":118,"column":12}}]},"12":{"line":123,"type":"if","locations":[{"start":{"line":123,"column":12},"end":{"line":123,"column":12}},{"start":{"line":123,"column":12},"end":{"line":123,"column":12}}]},"13":{"line":125,"type":"if","locations":[{"start":{"line":125,"column":20},"end":{"line":125,"column":20}},{"start":{"line":125,"column":20},"end":{"line":125,"column":20}}]}}},"E:\\Git\\liqueed\\services\\project.js":{"path":"E:\\Git\\liqueed\\services\\project.js","s":{"1":1,"2":1,"3":1,"4":1,"5":67,"6":67,"7":1,"8":27,"9":27,"10":1,"11":38,"12":38,"13":38,"14":0,"15":0,"16":38,"17":38,"18":0,"19":1,"20":168,"21":168,"22":168,"23":0,"24":0,"25":168,"26":2,"27":166,"28":1,"29":4,"30":4,"31":4,"32":0,"33":0,"34":4,"35":4,"36":0,"37":1,"38":171,"39":171,"40":171,"41":0,"42":0,"43":171,"44":171,"45":171,"46":171,"47":171,"48":1,"49":630,"50":171,"51":171,"52":459,"53":459,"54":459,"55":0,"56":0,"57":459,"58":459,"59":1,"60":9,"61":9,"62":9,"63":9,"64":9,"65":9,"66":9,"67":9,"68":9,"69":9,"70":9,"71":9,"72":9,"73":9,"74":15,"75":9,"76":0,"77":1,"78":3,"79":1,"80":5,"81":1,"82":8,"83":8,"84":8,"85":8,"86":8,"87":8,"88":8,"89":8,"90":8,"91":0,"92":8,"93":8,"94":12,"95":4,"96":4,"97":8,"98":0,"99":0,"100":0,"101":8,"102":8,"103":0,"104":0,"105":8,"106":8,"107":8,"108":8,"109":12,"110":0,"111":0,"112":0,"113":0,"114":0,"115":12,"116":12,"117":0,"118":0,"119":12,"120":12,"121":12,"122":12,"123":12,"124":12,"125":12,"126":8,"127":8,"128":4,"129":0,"130":0,"131":0,"132":4,"133":4,"134":0,"135":0,"136":4,"137":4,"138":4,"139":4,"140":8,"141":0,"142":1,"143":13,"144":4,"145":4,"146":13,"147":1,"148":2,"149":2,"150":2,"151":2,"152":1,"153":15,"154":15,"155":15,"156":15,"157":15,"158":15,"159":15,"160":15,"161":15,"162":0,"163":15,"164":15,"165":15,"166":15,"167":5,"168":12,"169":12,"170":0,"171":12,"172":15,"173":15,"174":15,"175":23,"176":23,"177":0,"178":23,"179":23,"180":15,"181":0,"182":1,"183":13,"184":13,"185":1,"186":117,"187":3,"188":3,"189":114,"190":0,"191":0,"192":114,"193":3,"194":3,"195":111,"196":9,"197":9,"198":102,"199":102,"200":0,"201":0,"202":102,"203":63,"204":63,"205":2,"206":2,"207":61,"208":2,"209":2,"210":98,"211":98,"212":98,"213":2,"214":98,"215":98,"216":98,"217":1,"218":163,"219":163,"220":1,"221":9,"222":9,"223":9,"224":0,"225":9,"226":9,"227":0,"228":1,"229":128,"230":128,"231":1,"232":23,"233":23,"234":23,"235":23,"236":0,"237":0,"238":23,"239":23,"240":23,"241":23,"242":1,"243":114,"244":23,"245":23,"246":91,"247":91,"248":91,"249":91,"250":0,"251":0,"252":91,"253":91,"254":91,"255":0,"256":0,"257":91,"258":91,"259":91,"260":1,"261":15,"262":15,"263":15,"264":18,"265":15,"266":0,"267":1,"268":145,"269":145,"270":145,"271":145,"272":145,"273":145,"274":145,"275":145,"276":6,"277":6,"278":139,"279":139,"280":139,"281":139,"282":139,"283":139,"284":139,"285":139,"286":139,"287":139,"288":139,"289":4,"290":4,"291":135,"292":6,"293":6,"294":6,"295":6,"296":0,"297":6,"298":129,"299":129,"300":0,"301":129,"302":135,"303":135,"304":135,"305":135,"306":135,"307":135,"308":135,"309":49,"310":49,"311":86,"312":135,"313":0,"314":1,"315":13,"316":13,"317":0,"318":0,"319":13,"320":13,"321":13,"322":1,"323":27,"324":9,"325":9,"326":18,"327":18,"328":18,"329":4,"330":4,"331":14,"332":0,"333":14,"334":1,"335":151,"336":151,"337":151,"338":0,"339":0,"340":151,"341":151,"342":96,"343":151,"344":1,"345":10,"346":4,"347":4,"348":10,"349":10,"350":10,"351":10,"352":10,"353":0,"354":0,"355":10,"356":10,"357":0,"358":0,"359":10,"360":10,"361":2,"362":0,"363":0,"364":0,"365":0,"366":0,"367":2,"368":10,"369":1,"370":104,"371":104,"372":1,"373":7,"374":1,"375":97,"376":1},"b":{"1":[0,38],"2":[38,0],"3":[0,168],"4":[2,166],"5":[0,4],"6":[4,0],"7":[0,171],"8":[171,459],"9":[0,459],"10":[8,0],"11":[8,8],"12":[4,8],"13":[0,8],"14":[0,8],"15":[0,12],"16":[0,0],"17":[0,0],"18":[0,12],"19":[12,0],"20":[12,12],"21":[8,4],"22":[0,4],"23":[0,4],"24":[4,9],"25":[13,4],"26":[2,0],"27":[2,2],"28":[15,6],"29":[15,0],"30":[15,15],"31":[5,10],"32":[0,12],"33":[0,23],"34":[3,114],"35":[0,114],"36":[3,111],"37":[9,102],"38":[111,105,102],"39":[0,102],"40":[2,61],"41":[2,59],"42":[2,96],"43":[0,9],"44":[9,0],"45":[0,23],"46":[23,91],"47":[0,91],"48":[0,91],"49":[6,139],"50":[8,131],"51":[139,139],"52":[8,131],"53":[4,135],"54":[6,129],"55":[0,6],"56":[0,129],"57":[49,86],"58":[0,13],"59":[9,18],"60":[4,14],"61":[0,14],"62":[0,151],"63":[4,6],"64":[10,4],"65":[10,4],"66":[0,10],"67":[0,10],"68":[0,2],"69":[0,0],"70":[0,0],"71":[0,0]},"f":{"1":67,"2":27,"3":38,"4":38,"5":168,"6":168,"7":4,"8":4,"9":171,"10":171,"11":630,"12":459,"13":9,"14":9,"15":9,"16":9,"17":15,"18":9,"19":0,"20":3,"21":5,"22":8,"23":8,"24":8,"25":12,"26":8,"27":12,"28":12,"29":12,"30":4,"31":8,"32":0,"33":13,"34":2,"35":15,"36":15,"37":15,"38":15,"39":12,"40":23,"41":23,"42":15,"43":0,"44":13,"45":117,"46":102,"47":163,"48":9,"49":9,"50":128,"51":23,"52":23,"53":114,"54":91,"55":91,"56":15,"57":15,"58":18,"59":15,"60":0,"61":145,"62":145,"63":139,"64":139,"65":139,"66":139,"67":6,"68":129,"69":135,"70":135,"71":135,"72":135,"73":0,"74":13,"75":13,"76":27,"77":18,"78":151,"79":151,"80":96,"81":10,"82":10,"83":10,"84":2,"85":104,"86":7,"87":97},"fnMap":{"1":{"name":"addProject","line":7,"loc":{"start":{"line":7,"column":0},"end":{"line":7,"column":30}}},"2":{"name":"getProjectById","line":12,"loc":{"start":{"line":12,"column":0},"end":{"line":12,"column":32}}},"3":{"name":"getProjectByName","line":17,"loc":{"start":{"line":17,"column":0},"end":{"line":17,"column":36}}},"4":{"name":"(anonymous_4)","line":19,"loc":{"start":{"line":19,"column":31},"end":{"line":19,"column":53}}},"5":{"name":"addPersonToTeam","line":32,"loc":{"start":{"line":32,"column":0},"end":{"line":32,"column":47}}},"6":{"name":"(anonymous_6)","line":34,"loc":{"start":{"line":34,"column":58},"end":{"line":34,"column":79}}},"7":{"name":"removePersonFromTeam","line":47,"loc":{"start":{"line":47,"column":0},"end":{"line":47,"column":52}}},"8":{"name":"(anonymous_8)","line":49,"loc":{"start":{"line":49,"column":58},"end":{"line":49,"column":79}}},"9":{"name":"getTeam","line":62,"loc":{"start":{"line":62,"column":0},"end":{"line":62,"column":25}}},"10":{"name":"(anonymous_10)","line":65,"loc":{"start":{"line":65,"column":36},"end":{"line":65,"column":61}}},"11":{"name":"doTeamStep","line":79,"loc":{"start":{"line":79,"column":8},"end":{"line":79,"column":30}}},"12":{"name":"(anonymous_12)","line":87,"loc":{"start":{"line":87,"column":47},"end":{"line":87,"column":70}}},"13":{"name":"getShareholders","line":101,"loc":{"start":{"line":101,"column":0},"end":{"line":101,"column":33}}},"14":{"name":"(anonymous_14)","line":109,"loc":{"start":{"line":109,"column":10},"end":{"line":109,"column":32}}},"15":{"name":"(anonymous_15)","line":112,"loc":{"start":{"line":112,"column":10},"end":{"line":112,"column":32}}},"16":{"name":"(anonymous_16)","line":116,"loc":{"start":{"line":116,"column":10},"end":{"line":116,"column":32}}},"17":{"name":"(anonymous_17)","line":125,"loc":{"start":{"line":125,"column":9},"end":{"line":125,"column":31}}},"18":{"name":"(anonymous_18)","line":128,"loc":{"start":{"line":128,"column":10},"end":{"line":128,"column":34}}},"19":{"name":"(anonymous_19)","line":131,"loc":{"start":{"line":131,"column":10},"end":{"line":131,"column":25}}},"20":{"name":"getReceivedAssignmentsByProjectPerson","line":135,"loc":{"start":{"line":135,"column":0},"end":{"line":135,"column":72}}},"21":{"name":"getGivenAssignmentsByProjectPerson","line":139,"loc":{"start":{"line":139,"column":0},"end":{"line":139,"column":69}}},"22":{"name":"getAssignmentList","line":143,"loc":{"start":{"line":143,"column":0},"end":{"line":143,"column":39}}},"23":{"name":"(anonymous_23)","line":154,"loc":{"start":{"line":154,"column":10},"end":{"line":154,"column":32}}},"24":{"name":"(anonymous_24)","line":160,"loc":{"start":{"line":160,"column":10},"end":{"line":160,"column":32}}},"25":{"name":"(anonymous_25)","line":164,"loc":{"start":{"line":164,"column":9},"end":{"line":164,"column":31}}},"26":{"name":"(anonymous_26)","line":176,"loc":{"start":{"line":176,"column":33},"end":{"line":176,"column":56}}},"27":{"name":"(anonymous_27)","line":193,"loc":{"start":{"line":193,"column":9},"end":{"line":193,"column":31}}},"28":{"name":"(anonymous_28)","line":204,"loc":{"start":{"line":204,"column":37},"end":{"line":204,"column":60}}},"29":{"name":"(anonymous_29)","line":226,"loc":{"start":{"line":226,"column":9},"end":{"line":226,"column":31}}},"30":{"name":"(anonymous_30)","line":238,"loc":{"start":{"line":238,"column":35},"end":{"line":238,"column":58}}},"31":{"name":"(anonymous_31)","line":255,"loc":{"start":{"line":255,"column":10},"end":{"line":255,"column":32}}},"32":{"name":"(anonymous_32)","line":258,"loc":{"start":{"line":258,"column":10},"end":{"line":258,"column":25}}},"33":{"name":"getSharesByProject","line":264,"loc":{"start":{"line":264,"column":0},"end":{"line":264,"column":52}}},"34":{"name":"getSharesByPeriod","line":273,"loc":{"start":{"line":273,"column":0},"end":{"line":273,"column":61}}},"35":{"name":"getShares","line":282,"loc":{"start":{"line":282,"column":0},"end":{"line":282,"column":40}}},"36":{"name":"(anonymous_36)","line":294,"loc":{"start":{"line":294,"column":10},"end":{"line":294,"column":32}}},"37":{"name":"(anonymous_37)","line":300,"loc":{"start":{"line":300,"column":10},"end":{"line":300,"column":32}}},"38":{"name":"(anonymous_38)","line":304,"loc":{"start":{"line":304,"column":10},"end":{"line":304,"column":32}}},"39":{"name":"(anonymous_39)","line":308,"loc":{"start":{"line":308,"column":44},"end":{"line":308,"column":60}}},"40":{"name":"(anonymous_40)","line":319,"loc":{"start":{"line":319,"column":9},"end":{"line":319,"column":31}}},"41":{"name":"(anonymous_41)","line":320,"loc":{"start":{"line":320,"column":33},"end":{"line":320,"column":56}}},"42":{"name":"(anonymous_42)","line":329,"loc":{"start":{"line":329,"column":10},"end":{"line":329,"column":34}}},"43":{"name":"(anonymous_43)","line":332,"loc":{"start":{"line":332,"column":10},"end":{"line":332,"column":25}}},"44":{"name":"getProjects","line":338,"loc":{"start":{"line":338,"column":0},"end":{"line":338,"column":25}}},"45":{"name":"addPeriod","line":343,"loc":{"start":{"line":343,"column":0},"end":{"line":343,"column":39}}},"46":{"name":"(anonymous_46)","line":363,"loc":{"start":{"line":363,"column":20},"end":{"line":363,"column":42}}},"47":{"name":"getPeriodById","line":395,"loc":{"start":{"line":395,"column":0},"end":{"line":395,"column":37}}},"48":{"name":"getPeriodByName","line":400,"loc":{"start":{"line":400,"column":0},"end":{"line":400,"column":52}}},"49":{"name":"(anonymous_49)","line":402,"loc":{"start":{"line":402,"column":63},"end":{"line":402,"column":85}}},"50":{"name":"getPeriods","line":412,"loc":{"start":{"line":412,"column":0},"end":{"line":412,"column":32}}},"51":{"name":"getAssignments","line":417,"loc":{"start":{"line":417,"column":0},"end":{"line":417,"column":38}}},"52":{"name":"(anonymous_52)","line":420,"loc":{"start":{"line":420,"column":47},"end":{"line":420,"column":68}}},"53":{"name":"doDataStep","line":433,"loc":{"start":{"line":433,"column":8},"end":{"line":433,"column":30}}},"54":{"name":"(anonymous_54)","line":442,"loc":{"start":{"line":442,"column":45},"end":{"line":442,"column":70}}},"55":{"name":"(anonymous_55)","line":454,"loc":{"start":{"line":454,"column":47},"end":{"line":454,"column":72}}},"56":{"name":"removeAssignments","line":475,"loc":{"start":{"line":475,"column":0},"end":{"line":475,"column":60}}},"57":{"name":"(anonymous_57)","line":479,"loc":{"start":{"line":479,"column":10},"end":{"line":479,"column":32}}},"58":{"name":"(anonymous_58)","line":482,"loc":{"start":{"line":482,"column":9},"end":{"line":482,"column":31}}},"59":{"name":"(anonymous_59)","line":485,"loc":{"start":{"line":485,"column":10},"end":{"line":485,"column":32}}},"60":{"
[...]
ine":8,"column":0},"end":{"line":8,"column":11}},"6":{"start":{"line":9,"column":0},"end":{"line":9,"column":13}},"7":{"start":{"line":10,"column":0},"end":{"line":10,"column":12}},"8":{"start":{"line":11,"column":0},"end":{"line":11,"column":12}},"9":{"start":{"line":12,"column":0},"end":{"line":12,"column":11}},"10":{"start":{"line":14,"column":0},"end":{"line":24,"column":0}},"11":{"start":{"line":15,"column":4},"end":{"line":15,"column":17}},"12":{"start":{"line":17,"column":4},"end":{"line":17,"column":48}},"13":{"start":{"line":18,"column":4},"end":{"line":21,"column":7}},"14":{"start":{"line":19,"column":8},"end":{"line":19,"column":22}},"15":{"start":{"line":20,"column":8},"end":{"line":20,"column":20}},"16":{"start":{"line":24,"column":0},"end":{"line":28,"column":0}},"17":{"start":{"line":25,"column":4},"end":{"line":25,"column":30}},"18":{"start":{"line":28,"column":0},"end":{"line":47,"column":0}},"19":{"start":{"line":29,"column":4},"end":{"line":29,"column":17}},"20":{"start":{"line":31,"column":4},"end":{"line":44,"column":7}},"21":{"start":{"line":32,"column":8},"end":{"line":32,"column":22}},"22":{"start":{"line":33,"column":8},"end":{"line":33,"column":22}},"23":{"start":{"line":34,"column":8},"end":{"line":34,"column":38}},"24":{"start":{"line":35,"column":8},"end":{"line":35,"column":24}},"25":{"start":{"line":36,"column":8},"end":{"line":36,"column":39}},"26":{"start":{"line":37,"column":8},"end":{"line":37,"column":31}},"27":{"start":{"line":38,"column":8},"end":{"line":38,"column":26}},"28":{"start":{"line":40,"column":8},"end":{"line":40,"column":58}},"29":{"start":{"line":41,"column":8},"end":{"line":41,"column":25}},"30":{"start":{"line":43,"column":8},"end":{"line":43,"column":20}},"31":{"start":{"line":47,"column":0},"end":{"line":63,"column":0}},"32":{"start":{"line":48,"column":4},"end":{"line":48,"column":17}},"33":{"start":{"line":50,"column":4},"end":{"line":60,"column":7}},"34":{"start":{"line":51,"column":8},"end":{"line":51,"column":22}},"35":{"start":{"line":52,"column":8},"end":{"line":52,"column":22}},"36":{"start":{"line":53,"column":8},"end":{"line":53,"column":38}},"37":{"start":{"line":54,"column":8},"end":{"line":54,"column":24}},"38":{"start":{"line":56,"column":8},"end":{"line":56,"column":42}},"39":{"start":{"line":57,"column":8},"end":{"line":57,"column":46}},"40":{"start":{"line":59,"column":8},"end":{"line":59,"column":20}},"41":{"start":{"line":63,"column":0},"end":{"line":78,"column":0}},"42":{"start":{"line":64,"column":4},"end":{"line":64,"column":17}},"43":{"start":{"line":66,"column":4},"end":{"line":75,"column":7}},"44":{"start":{"line":67,"column":8},"end":{"line":67,"column":22}},"45":{"start":{"line":68,"column":8},"end":{"line":68,"column":22}},"46":{"start":{"line":69,"column":8},"end":{"line":69,"column":38}},"47":{"start":{"line":70,"column":8},"end":{"line":70,"column":24}},"48":{"start":{"line":71,"column":8},"end":{"line":71,"column":39}},"49":{"start":{"line":72,"column":8},"end":{"line":72,"column":31}},"50":{"start":{"line":74,"column":8},"end":{"line":74,"column":20}},"51":{"start":{"line":78,"column":0},"end":{"line":96,"column":0}},"52":{"start":{"line":79,"column":4},"end":{"line":79,"column":17}},"53":{"start":{"line":81,"column":4},"end":{"line":93,"column":7}},"54":{"start":{"line":82,"column":8},"end":{"line":82,"column":22}},"55":{"start":{"line":83,"column":8},"end":{"line":83,"column":22}},"56":{"start":{"line":84,"column":8},"end":{"line":84,"column":38}},"57":{"start":{"line":85,"column":8},"end":{"line":85,"column":24}},"58":{"start":{"line":86,"column":8},"end":{"line":86,"column":39}},"59":{"start":{"line":87,"column":8},"end":{"line":87,"column":31}},"60":{"start":{"line":89,"column":8},"end":{"line":89,"column":25}},"61":{"start":{"line":90,"column":8},"end":{"line":90,"column":28}},"62":{"start":{"line":92,"column":8},"end":{"line":92,"column":20}},"63":{"start":{"line":96,"column":0},"end":{"line":115,"column":0}},"64":{"start":{"line":97,"column":4},"end":{"line":97,"column":17}},"65":{"start":{"line":99,"column":4},"end":{"line":112,"column":7}},"66":{"start":{"line":100,"column":8},"end":{"line":100,"column":22}},"67":{"start":{"line":101,"column":8},"end":{"line":101,"column":22}},"68":{"start":{"line":103,"column":8},"end":{"line":111,"column":11}},"69":{"start":{"line":104,"column":12},"end":{"line":104,"column":42}},"70":{"start":{"line":105,"column":12},"end":{"line":105,"column":28}},"71":{"start":{"line":106,"column":12},"end":{"line":106,"column":33}},"72":{"start":{"line":107,"column":12},"end":{"line":107,"column":33}},"73":{"start":{"line":108,"column":12},"end":{"line":108,"column":44}},"74":{"start":{"line":110,"column":12},"end":{"line":110,"column":24}},"75":{"start":{"line":115,"column":0},"end":{"line":134,"column":0}},"76":{"start":{"line":116,"column":4},"end":{"line":116,"column":17}},"77":{"start":{"line":118,"column":4},"end":{"line":131,"column":7}},"78":{"start":{"line":119,"column":8},"end":{"line":119,"column":22}},"79":{"start":{"line":120,"column":8},"end":{"line":120,"column":22}},"80":{"start":{"line":122,"column":8},"end":{"line":130,"column":11}},"81":{"start":{"line":123,"column":12},"end":{"line":123,"column":42}},"82":{"start":{"line":124,"column":12},"end":{"line":124,"column":28}},"83":{"start":{"line":125,"column":12},"end":{"line":125,"column":33}},"84":{"start":{"line":126,"column":12},"end":{"line":126,"column":33}},"85":{"start":{"line":127,"column":12},"end":{"line":127,"column":45}},"86":{"start":{"line":129,"column":12},"end":{"line":129,"column":24}},"87":{"start":{"line":134,"column":0},"end":{"line":153,"column":0}},"88":{"start":{"line":135,"column":4},"end":{"line":135,"column":17}},"89":{"start":{"line":137,"column":4},"end":{"line":150,"column":7}},"90":{"start":{"line":138,"column":8},"end":{"line":138,"column":22}},"91":{"start":{"line":139,"column":8},"end":{"line":139,"column":22}},"92":{"start":{"line":140,"column":8},"end":{"line":140,"column":38}},"93":{"start":{"line":141,"column":8},"end":{"line":141,"column":24}},"94":{"start":{"line":142,"column":8},"end":{"line":142,"column":39}},"95":{"start":{"line":143,"column":8},"end":{"line":143,"column":31}},"96":{"start":{"line":145,"column":8},"end":{"line":145,"column":53}},"97":{"start":{"line":146,"column":8},"end":{"line":146,"column":51}},"98":{"start":{"line":147,"column":8},"end":{"line":147,"column":55}},"99":{"start":{"line":149,"column":8},"end":{"line":149,"column":20}},"100":{"start":{"line":153,"column":0},"end":{"line":190,"column":0}},"101":{"start":{"line":154,"column":4},"end":{"line":154,"column":17}},"102":{"start":{"line":156,"column":4},"end":{"line":156,"column":49}},"103":{"start":{"line":157,"column":4},"end":{"line":157,"column":15}},"104":{"start":{"line":159,"column":4},"end":{"line":187,"column":11}},"105":{"start":{"line":161,"column":8},"end":{"line":161,"column":49}},"106":{"start":{"line":164,"column":8},"end":{"line":164,"column":22}},"107":{"start":{"line":165,"column":8},"end":{"line":165,"column":109}},"108":{"start":{"line":168,"column":8},"end":{"line":168,"column":96}},"109":{"start":{"line":171,"column":8},"end":{"line":171,"column":22}},"110":{"start":{"line":172,"column":8},"end":{"line":172,"column":38}},"111":{"start":{"line":173,"column":8},"end":{"line":173,"column":24}},"112":{"start":{"line":174,"column":8},"end":{"line":174,"column":39}},"113":{"start":{"line":175,"column":8},"end":{"line":175,"column":31}},"114":{"start":{"line":177,"column":8},"end":{"line":177,"column":53}},"115":{"start":{"line":178,"column":8},"end":{"line":178,"column":51}},"116":{"start":{"line":179,"column":8},"end":{"line":179,"column":55}},"117":{"start":{"line":180,"column":8},"end":{"line":180,"column":54}},"118":{"start":{"line":182,"column":8},"end":{"line":182,"column":20}},"119":{"start":{"line":185,"column":8},"end":{"line":185,"column":18}},"120":{"start":{"line":190,"column":0},"end":{"line":194,"column":0}},"121":{"start":{"line":191,"column":4},"end":{"line":191,"column":19}}},"branchMap":{}},"E:\\Git\\liqueed\\testdb\\personapidb.js":{"path":"E:\\Git\\liqueed\\testdb\\personapidb.js","s":{"1":1,"2":1,"3":1,"4":1,"5":1,"6":1,"7":1,"8":1,"9":1,"10":1,"11":1,"12":1,"13":1,"14":9,"15":1,"16":1,"17":1,"18":1,"19":1,"20":1},"b":{},"f":{"1":1,"2":1,"3":1,"4":1},"fnMap":{"1":{"name":"(anonymous_1)","line":11,"loc":{"start":{"line":11,"column":20},"end":{"line":11,"column":36}}},"2":{"name":"(anonymous_2)","line":14,"loc":{"start":{"line":14,"column":35},"end":{"line":14,"column":56}}},"3":{"name":"(anonymous_3)","line":26,"loc":{"start":{"line":26,"column":22},"end":{"line":26,"column":38}}},"4":{"name":"(anonymous_4)","line":29,"loc":{"start":{"line":29,"column":15},"end":{"line":29,"column":36}}}},"statementMap":{"1":{"start":{"line":3,"column":0},"end":{"line":3,"column":53}},"2":{"start":{"line":5,"column":0},"end":{"line":5,"column":44}},"3":{"start":{"line":6,"column":0},"end":{"line":6,"column":32}},"4":{"start":{"line":7,"column":0},"end":{"line":7,"column":35}},"5":{"start":{"line":9,"column":0},"end":{"line":9,"column":12}},"6":{"start":{"line":11,"column":0},"end":{"line":21,"column":0}},"7":{"start":{"line":12,"column":4},"end":{"line":12,"column":17}},"8":{"start":{"line":14,"column":4},"end":{"line":18,"column":7}},"9":{"start":{"line":15,"column":8},"end":{"line":15,"column":22}},"10":{"start":{"line":16,"column":8},"end":{"line":16,"column":22}},"11":{"start":{"line":17,"column":8},"end":{"line":17,"column":20}},"12":{"start":{"line":21,"column":0},"end":{"line":21,"column":45}},"13":{"start":{"line":23,"column":0},"end":{"line":24,"column":30}},"14":{"start":{"line":24,"column":4},"end":{"line":24,"column":30}},"15":{"start":{"line":26,"column":0},"end":{"line":36,"column":0}},"16":{"start":{"line":27,"column":4},"end":{"line":27,"column":17}},"17":{"start":{"line":29,"column":4},"end":{"line":33,"column":7}},"18":{"start":{"line":30,"column":8},"end":{"line":30,"column":22}},"19":{"start":{"line":31,"column":8},"end":{"line":31,"column":23}},"20":{"start":{"line":32,"column":8},"end":{"line":32,"column":20}}},"branchMap":{}},"E:\\Git\\liqueed\\testdb\\personcontrollerdb.js":{"path":"E:\\Git\\liqueed\\testdb\\personcontrollerdb.js","s":{"1":1,"2":1,"3":1,"4":1,"5":1,"6":1,"7":1,"8":1,"9":1,"10":1,"11":1,"12":1,"13":1,"14":7,"15":1,"16":1,"17":1,"18":1,"19":1,"20":1},"b":{},"f":{"1":1,"2":1,"3":1,"4":1},"fnMap":{"1":{"name":"(anonymous_1)","line":11,"loc":{"start":{"line":11,"column":20},"end":{"line":11,"column":36}}},"2":{"name":"(anonymous_2)","line":14,"loc":{"start":{"line":14,"column":35},"end":{"line":14,"column":56}}},"3":{"name":"(anonymous_3)","line":26,"loc":{"start":{"line":26,"column":22},"end":{"line":26,"column":38}}},"4":{"name":"(anonymous_4)","line":29,"loc":{"start":{"line":29,"column":15},"end":{"line":29,"column":36}}}},"statementMap":{"1":{"start":{"line":3,"column":0},"end":{"line":3,"column":50}},"2":{"start":{"line":5,"column":0},"end":{"line":5,"column":44}},"3":{"start":{"line":6,"column":0},"end":{"line":6,"column":32}},"4":{"start":{"line":7,"column":0},"end":{"line":7,"column":35}},"5":{"start":{"line":9,"column":0},"end":{"line":9,"column":12}},"6":{"start":{"line":11,"column":0},"end":{"line":21,"column":0}},"7":{"start":{"line":12,"column":4},"end":{"line":12,"column":17}},"8":{"start":{"line":14,"column":4},"end":{"line":18,"column":7}},"9":{"start":{"line":15,"column":8},"end":{"line":15,"column":22}},"10":{"start":{"line":16,"column":8},"end":{"line":16,"column":22}},"11":{"start":{"line":17,"column":8},"end":{"line":17,"column":20}},"12":{"start":{"line":21,"column":0},"end":{"line":21,"column":59}},"13":{"start":{"line":23,"column":0},"end":{"line":24,"column":37}},"14":{"start":{"line":24,"column":4},"end":{"line":24,"column":37}},"15":{"start":{"line":26,"column":0},"end":{"line":36,"column":0}},"16":{"start":{"line":27,"column":4},"end":{"line":27,"column":17}},"17":{"start":{"line":29,"column":4},"end":{"line":33,"column":7}},"18":{"start":{"line":30,"column":8},"end":{"line":30,"column":22}},"19":{"start":{"line":31,"column":8},"end":{"line":31,"column":23}},"20":{"start":{"line":32,"column":8},"end":{"line":32,"column":20}}},"branchMap":{}},"E:\\Git\\liqueed\\testdb\\persondb.js":{"path":"E:\\Git\\liqueed\\testdb\\persondb.js","s":{"1":1,"2":1,"3":1,"4":1,"5":1,"6":1,"7":1,"8":1,"9":1,"10":19,"11":1,"12":1,"13":1,"14":1,"15":1,"16":1},"b":{},"f":{"1":1,"2":1,"3":1,"4":1},"fnMap":{"1":{"name":"(anonymous_1)","line":5,"loc":{"start":{"line":5,"column":20},"end":{"line":5,"column":36}}},"2":{"name":"(anonymous_2)","line":8,"loc":{"start":{"line":8,"column":35},"end":{"line":8,"column":56}}},"3":{"name":"(anonymous_3)","line":20,"loc":{"start":{"line":20,"column":22},"end":{"line":20,"column":38}}},"4":{"name":"(anonymous_4)","line":23,"loc":{"start":{"line":23,"column":15},"end":{"line":23,"column":36}}}},"statementMap":{"1":{"start":{"line":3,"column":0},"end":{"line":3,"column":32}},"2":{"start":{"line":5,"column":0},"end":{"line":15,"column":0}},"3":{"start":{"line":6,"column":4},"end":{"line":6,"column":17}},"4":{"start":{"line":8,"column":4},"end":{"line":12,"column":7}},"5":{"start":{"line":9,"column":8},"end":{"line":9,"column":22}},"6":{"start":{"line":10,"column":8},"end":{"line":10,"column":22}},"7":{"start":{"line":11,"column":8},"end":{"line":11,"column":20}},"8":{"start":{"line":15,"column":0},"end":{"line":15,"column":39}},"9":{"start":{"line":17,"column":0},"end":{"line":18,"column":27}},"10":{"start":{"line":18,"column":4},"end":{"line":18,"column":27}},"11":{"start":{"line":20,"column":0},"end":{"line":30,"column":0}},"12":{"start":{"line":21,"column":4},"end":{"line":21,"column":17}},"13":{"start":{"line":23,"column":4},"end":{"line":27,"column":7}},"14":{"start":{"line":24,"column":8},"end":{"line":24,"column":22}},"15":{"start":{"line":25,"column":8},"end":{"line":25,"column":23}},"16":{"start":{"line":26,"column":8},"end":{"line":26,"column":20}}},"branchMap":{}},"E:\\Git\\liqueed\\testdb\\projectapidb.js":{"path":"E:\\Git\\liqueed\\testdb\\projectapidb.js","s":{"1":1,"2":1,"3":1,"4":1,"5":1,"6":1,"7":1,"8":1,"9":1,"10":1,"11":1,"12":1,"13":1,"14":18,"15":1,"16":1,"17":1,"18":1,"19":1,"20":1},"b":{},"f":{"1":1,"2":1,"3":1,"4":1},"fnMap":{"1":{"name":"(anonymous_1)","line":11,"loc":{"start":{"line":11,"column":20},"end":{"line":11,"column":36}}},"2":{"name":"(anonymous_2)","line":14,"loc":{"start":{"line":14,"column":35},"end":{"line":14,"column":56}}},"3":{"name":"(anonymous_3)","line":26,"loc":{"start":{"line":26,"column":22},"end":{"line":26,"column":38}}},"4":{"name":"(anonymous_4)","line":29,"loc":{"start":{"line":29,"column":15},"end":{"line":29,"column":36}}}},"statementMap":{"1":{"start":{"line":3,"column":0},"end":{"line":3,"column":54}},"2":{"start":{"line":5,"column":0},"end":{"line":5,"column":44}},"3":{"start":{"line":6,"column":0},"end":{"line":6,"column":32}},"4":{"start":{"line":7,"column":0},"end":{"line":7,"column":35}},"5":{"start":{"line":9,"column":0},"end":{"line":9,"column":12}},"6":{"start":{"line":11,"column":0},"end":{"line":21,"column":0}},"7":{"start":{"line":12,"column":4},"end":{"line":12,"column":17}},"8":{"start":{"line":14,"column":4},"end":{"line":18,"column":7}},"9":{"start":{"line":15,"column":8},"end":{"line":15,"column":22}},"10":{"start":{"line":16,"column":8},"end":{"line":16,"column":22}},"11":{"start":{"line":17,"column":8},"end":{"line":17,"column":20}},"12":{"start":{"line":21,"column":0},"end":{"line":21,"column":47}},"13":{"start":{"line":23,"column":0},"end":{"line":24,"column":31}},"14":{"start":{"line":24,"column":4},"end":{"line":24,"column":31}},"15":{"start":{"line":26,"column":0},"end":{"line":36,"column":0}},"16":{"start":{"line":27,"column":4},"end":{"line":27,"column":17}},"17":{"start":{"line":29,"column":4},"end":{"line":33,"column":7}},"18":{"start":{"line":30,"column":8},"end":{"line":30,"column":22}},"19":{"start":{"line":31,"column":8},"end":{"line":31,"column":23}},"20":{"start":{"line":32,"column":8},"end":{"line":32,"column":20}}},"branchMap":{}},"E:\\Git\\liqueed\\testdb\\projectcontrollerdb.js":{"path":"E:\\Git\\liqueed\\testdb\\projectcontrollerdb.js","s":{"1":1,"2":1,"3":1,"4":1,"5":1,"6":1,"7":1,"8":1,"9":1,"10":1,"11":1,"12":1,"13":1,"14":13,"15":1,"16":1,"17":1,"18":1,"19":1,"20":1},"b":{},"f":{"1":1,"2":1,"3":1,"4":1},"fnMap":{"1":{"name":"(anonymous_1)","line":10,"loc":{"start":{"line":10,"column":20},"end":{"line":10,"column":36}}},"2":{"name":"(anonymous_2)","line":13,"loc":{"start":{"line":13,"column":35},"end":{"line":13,"column":56}}},"3":{"name":"(anonymous_3)","line":25,"loc":{"start":{"line":25,"column":22},"end":{"line":25,"column":38}}},"4":{"name":"(anonymous_4)","line":28,"loc":{"start":{"line":28,"column":15},"end":{"line":28,"column":36}}}},"statementMap":{"1":{"start":{"line":3,"column":0},"end":{"line":3,"column":51}},"2":{"start":{"line":4,"column":0},"end":{"line":4,"column":44}},"3":{"start":{"line":5,"column":0},"end":{"line":5,"column":32}},"4":{"start":{"line":6,"column":0},"end":{"line":6,"column":35}},"5":{"start":{"line":8,"column":0},"end":{"line":8,"column":13}},"6":{"start":{"line":10,"column":0},"end":{"line":20,"column":0}},"7":{"start":{"line":11,"column":4},"end":{"line":11,"column":17}},"8":{"start":{"line":13,"column":4},"end":{"line":17,"column":7}},"9":{"start":{"line":14,"column":8},"end":{"line":14,"column":22}},"10":{"start":{"line":15,"column":8},"end":{"line":15,"column":22}},"11":{"start":{"line":16,"column":8},"end":{"line":16,"column":20}},"12":{"start":{"line":20,"column":0},"end":{"line":20,"column":61}},"13":{"start":{"line":22,"column":0},"end":{"line":23,"column":38}},"14":{"start":{"line":23,"column":4},"end":{"line":23,"column":38}},"15":{"start":{"line":25,"column":0},"end":{"line":35,"column":0}},"16":{"start":{"line":26,"column":4},"end":{"line":26,"column":17}},"17":{"start":{"line":28,"column":4},"end":{"line":32,"column":7}},"18":{"start":{"line":29,"column":8},"end":{"line":29,"column":22}},"19":{"start":{"line":30,"column":8},"end":{"line":30,"column":23}},"20":{"start":{"line":31,"column":8},"end":{"line":31,"column":20}}},"branchMap":{}},"E:\\Git\\liqueed\\testdb\\projectdb.js":{"path":"E:\\Git\\liqueed\\testdb\\projectdb.js","s":{"1":1,"2":1,"3":1,"4":1,"5":1,"6":1,"7":1,"8":1,"9":1,"10":34,"11":1,"12":1,"13":1,"14":1,"15":1,"16":1},"b":{},"f":{"1":1,"2":1,"3":1,"4":1},"fnMap":{"1":{"name":"(anonymous_1)","line":5,"loc":{"start":{"line":5,"column":20},"end":{"line":5,"column":36}}},"2":{"name":"(anonymous_2)","line":8,"loc":{"start":{"line":8,"column":35},"end":{"line":8,"column":56}}},"3":{"name":"(anonymous_3)","line":20,"loc":{"start":{"line":20,"column":22},"end":{"line":20,"column":38}}},"4":{"name":"(anonymous_4)","line":23,"loc":{"start":{"line":23,"column":15},"end":{"line":23,"column":36}}}},"statementMap":{"1":{"start":{"line":3,"column":0},"end":{"line":3,"column":32}},"2":{"start":{"line":5,"column":0},"end":{"line":15,"column":0}},"3":{"start":{"line":6,"column":4},"end":{"line":6,"column":17}},"4":{"start":{"line":8,"column":4},"end":{"line":12,"column":7}},"5":{"start":{"line":9,"column":8},"end":{"line":9,"column":22}},"6":{"start":{"line":10,"column":8},"end":{"line":10,"column":22}},"7":{"start":{"line":11,"column":8},"end":{"line":11,"column":20}},"8":{"start":{"line":15,"column":0},"end":{"line":15,"column":41}},"9":{"start":{"line":17,"column":0},"end":{"line":18,"column":28}},"10":{"start":{"line":18,"column":4},"end":{"line":18,"column":28}},"11":{"start":{"line":20,"column":0},"end":{"line":30,"column":0}},"12":{"start":{"line":21,"column":4},"end":{"line":21,"column":17}},"13":{"start":{"line":23,"column":4},"end":{"line":27,"column":7}},"14":{"start":{"line":24,"column":8},"end":{"line":24,"column":22}},"15":{"start":{"line":25,"column":8},"end":{"line":25,"column":23}},"16":{"start":{"line":26,"column":8},"end":{"line":26,"column":20}}},"branchMap":{}}}