{"C:\\Git\\liqueed\\public\\scripts\\client.js":{"path":"C:\\Git\\liqueed\\public\\scripts\\client.js","s":{"1":1,"2":1,"3":1,"4":1,"5":1,"6":1,"7":1,"8":2,"9":2,"10":10,"11":2,"12":1,"13":1,"14":1,"15":1,"16":1,"17":1,"18":1,"19":5,"20":8,"21":5,"22":5,"23":0,"24":1,"25":3,"26":3,"27":3,"28":1,"29":2,"30":1,"31":2,"32":1,"33":1,"34":1,"35":1,"36":1},"b":{"1":[1,0],"2":[5,3],"3":[1,2],"4":[1,0]},"f":{"1":1,"2":2,"3":10,"4":1,"5":1,"6":5,"7":3,"8":3,"9":2,"10":1},"fnMap":{"1":{"name":"(anonymous_1)","line":28,"loc":{"start":{"line":28,"column":19},"end":{"line":28,"column":30}}},"2":{"name":"getPersons","line":29,"loc":{"start":{"line":29,"column":4},"end":{"line":29,"column":28}}},"3":{"name":"(anonymous_3)","line":32,"loc":{"start":{"line":32,"column":41},"end":{"line":32,"column":57}}},"4":{"name":"getMyProjects","line":39,"loc":{"start":{"line":39,"column":4},"end":{"line":39,"column":31}}},"5":{"name":"addProject","line":43,"loc":{"start":{"line":43,"column":4},"end":{"line":43,"column":37}}},"6":{"name":"getProject","line":50,"loc":{"start":{"line":50,"column":4},"end":{"line":50,"column":36}}},"7":{"name":"getViaCallback","line":60,"loc":{"start":{"line":60,"column":4},"end":{"line":60,"column":43}}},"8":{"name":"(anonymous_8)","line":61,"loc":{"start":{"line":61,"column":15},"end":{"line":61,"column":39}}},"9":{"name":"getPeriods","line":70,"loc":{"start":{"line":70,"column":4},"end":{"line":70,"column":36}}},"10":{"name":"getShareholders","line":74,"loc":{"start":{"line":74,"column":4},"end":{"line":74,"column":41}}}},"statementMap":{"1":{"start":{"line":2,"column":0},"end":{"line":2,"column":7}},"2":{"start":{"line":4,"column":0},"end":{"line":5,"column":32}},"3":{"start":{"line":5,"column":4},"end":{"line":5,"column":32}},"4":{"start":{"line":7,"column":0},"end":{"line":24,"column":2}},"5":{"start":{"line":26,"column":0},"end":{"line":26,"column":18}},"6":{"start":{"line":28,"column":0},"end":{"line":86,"column":5}},"7":{"start":{"line":29,"column":4},"end":{"line":37,"column":5}},"8":{"start":{"line":30,"column":8},"end":{"line":30,"column":24}},"9":{"start":{"line":32,"column":8},"end":{"line":34,"column":11}},"10":{"start":{"line":33,"column":12},"end":{"line":33,"column":30}},"11":{"start":{"line":36,"column":8},"end":{"line":36,"column":42}},"12":{"start":{"line":39,"column":4},"end":{"line":41,"column":5}},"13":{"start":{"line":40,"column":8},"end":{"line":40,"column":44}},"14":{"start":{"line":43,"column":4},"end":{"line":48,"column":5}},"15":{"start":{"line":44,"column":8},"end":{"line":44,"column":33}},"16":{"start":{"line":45,"column":8},"end":{"line":45,"column":31}},"17":{"start":{"line":47,"column":8},"end":{"line":47,"column":29}},"18":{"start":{"line":50,"column":4},"end":{"line":58,"column":5}},"19":{"start":{"line":51,"column":8},"end":{"line":55,"column":13}},"20":{"start":{"line":52,"column":12},"end":{"line":55,"column":13}},"21":{"start":{"line":53,"column":16},"end":{"line":53,"column":38}},"22":{"start":{"line":54,"column":16},"end":{"line":54,"column":23}},"23":{"start":{"line":57,"column":8},"end":{"line":57,"column":23}},"24":{"start":{"line":60,"column":4},"end":{"line":68,"column":5}},"25":{"start":{"line":61,"column":8},"end":{"line":68,"column":4}},"26":{"start":{"line":62,"column":12},"end":{"line":62,"column":45}},"27":{"start":{"line":63,"column":12},"end":{"line":66,"column":33}},"28":{"start":{"line":64,"column":16},"end":{"line":64,"column":29}},"29":{"start":{"line":66,"column":16},"end":{"line":66,"column":33}},"30":{"start":{"line":70,"column":4},"end":{"line":72,"column":5}},"31":{"start":{"line":71,"column":8},"end":{"line":71,"column":58}},"32":{"start":{"line":74,"column":4},"end":{"line":76,"column":5}},"33":{"start":{"line":75,"column":8},"end":{"line":75,"column":63}},"34":{"start":{"line":78,"column":4},"end":{"line":85,"column":6}},"35":{"start":{"line":88,"column":0},"end":{"line":89,"column":33}},"36":{"start":{"line":89,"column":4},"end":{"line":89,"column":33}}},"branchMap":{"1":{"line":4,"type":"if","locations":[{"start":{"line":4,"column":0},"end":{"line":4,"column":0}},{"start":{"line":4,"column":0},"end":{"line":4,"column":0}}]},"2":{"line":52,"type":"if","locations":[{"start":{"line":52,"column":12},"end":{"line":52,"column":12}},{"start":{"line":52,"column":12},"end":{"line":52,"column":12}}]},"3":{"line":63,"type":"if","locations":[{"start":{"line":63,"column":12},"end":{"line":63,"column":12}},{"start":{"line":63,"column":12},"end":{"line":63,"column":12}}]},"4":{"line":88,"type":"if","locations":[{"start":{"line":88,"column":0},"end":{"line":88,"column":0}},{"start":{"line":88,"column":0},"end":{"line":88,"column":0}}]}}},"C:\\Git\\liqueed\\utils\\loaddata.js":{"path":"C:\\Git\\liqueed\\utils\\loaddata.js","s":{"1":1,"2":1,"3":1,"4":1,"5":8,"6":8,"7":8,"8":8,"9":8,"10":8,"11":8,"12":8,"13":1,"14":40,"15":8,"16":8,"17":32,"18":32,"19":32,"20":0,"21":0,"22":32,"23":32,"24":1,"25":8,"26":8,"27":8,"28":1,"29":24,"30":8,"31":8,"32":16,"33":16,"34":16,"35":16,"36":16,"37":16,"38":0,"39":0,"40":16,"41":16,"42":16,"43":1,"44":64,"45":16,"46":16,"47":48,"48":48,"49":48,"50":48,"51":48,"52":0,"53":48,"54":1,"55":16,"56":16,"57":16,"58":1,"59":48,"60":16,"61":16,"62":32,"63":32,"64":32,"65":32,"66":0,"67":0,"68":32,"69":24,"70":24,"71":8,"72":8,"73":8,"74":1,"75":56,"76":8,"77":8,"78":48,"79":48,"80":48,"81":48,"82":48,"83":0,"84":48,"85":1,"86":8,"87":8,"88":8,"89":1,"90":32,"91":8,"92":8,"93":24,"94":24,"95":24,"96":0,"97":24,"98":1},"b":{"1":[8,0],"2":[8,32],"3":[0,32],"4":[8,16],"5":[0,16],"6":[16,48],"7":[48,0],"8":[0,48],"9":[16,32],"10":[0,32],"11":[24,8],"12":[8,48],"13":[0,48],"14":[8,24],"15":[0,24]},"f":{"1":8,"2":40,"3":32,"4":8,"5":24,"6":16,"7":64,"8":48,"9":16,"10":48,"11":32,"12":56,"13":48,"14":8,"15":32,"16":24},"fnMap":{"1":{"name":"load","line":7,"loc":{"start":{"line":7,"column":0},"end":{"line":7,"column":28}}},"2":{"name":"doPersonStep","line":21,"loc":{"start":{"line":21,"column":4},"end":{"line":21,"column":28}}},"3":{"name":"(anonymous_3)","line":28,"loc":{"start":{"line":28,"column":40},"end":{"line":28,"column":59}}},"4":{"name":"doProjects","line":40,"loc":{"start":{"line":40,"column":4},"end":{"line":40,"column":26}}},"5":{"name":"doProjectStep","line":46,"loc":{"start":{"line":46,"column":8},"end":{"line":46,"column":33}}},"6":{"name":"(anonymous_6)","line":57,"loc":{"start":{"line":57,"column":47},"end":{"line":57,"column":70}}},"7":{"name":"doTeamStep","line":68,"loc":{"start":{"line":68,"column":16},"end":{"line":68,"column":38}}},"8":{"name":"(anonymous_8)","line":78,"loc":{"start":{"line":78,"column":73},"end":{"line":78,"column":92}}},"9":{"name":"doPeriods","line":86,"loc":{"start":{"line":86,"column":16},"end":{"line":86,"column":37}}},"10":{"name":"doPeriodStep","line":92,"loc":{"start":{"line":92,"column":20},"end":{"line":92,"column":44}}},"11":{"name":"(anonymous_11)","line":100,"loc":{"start":{"line":100,"column":65},"end":{"line":100,"column":90}}},"12":{"name":"doAssignmentStep","line":116,"loc":{"start":{"line":116,"column":28},"end":{"line":116,"column":56}}},"13":{"name":"(anonymous_13)","line":125,"loc":{"start":{"line":125,"column":133},"end":{"line":125,"column":152}}},"14":{"name":"doNotes","line":139,"loc":{"start":{"line":139,"column":4},"end":{"line":139,"column":23}}},"15":{"name":"doNoteStep","line":145,"loc":{"start":{"line":145,"column":8},"end":{"line":145,"column":30}}},"16":{"name":"(anonymous_16)","line":153,"loc":{"start":{"line":153,"column":38},"end":{"line":153,"column":57}}}},"statementMap":{"1":{"start":{"line":3,"column":0},"end":{"line":3,"column":50}},"2":{"start":{"line":4,"column":0},"end":{"line":4,"column":52}},"3":{"start":{"line":5,"column":0},"end":{"line":5,"column":46}},"4":{"start":{"line":7,"column":0},"end":{"line":161,"column":1}},"5":{"start":{"line":8,"column":4},"end":{"line":11,"column":5}},"6":{"start":{"line":9,"column":8},"end":{"line":9,"column":22}},"7":{"start":{"line":10,"column":8},"end":{"line":10,"column":38}},"8":{"start":{"line":13,"column":4},"end":{"line":13,"column":33}},"9":{"start":{"line":14,"column":4},"end":{"line":14,"column":22}},"10":{"start":{"line":16,"column":4},"end":{"line":16,"column":32}},"11":{"start":{"line":17,"column":4},"end":{"line":17,"column":14}},"12":{"start":{"line":19,"column":4},"end":{"line":19,"column":19}},"13":{"start":{"line":21,"column":4},"end":{"line":38,"column":5}},"14":{"start":{"line":22,"column":8},"end":{"line":25,"column":9}},"15":{"start":{"line":23,"column":12},"end":{"line":23,"column":25}},"16":{"start":{"line":24,"column":12},"end":{"line":24,"column":19}},"17":{"start":{"line":27,"column":8},"end":{"line":27,"column":39}},"18":{"start":{"line":28,"column":8},"end":{"line":37,"column":11}},"19":{"start":{"line":29,"column":12},"end":{"line":32,"column":13}},"20":{"start":{"line":30,"column":16},"end":{"line":30,"column":30}},"21":{"start":{"line":31,"column":16},"end":{"line":31,"column":23}},"22":{"start":{"line":34,"column":12},"end":{"line":34,"column":38}},"23":{"start":{"line":36,"column":12},"end":{"line":36,"column":39}},"24":{"start":{"line":40,"column":4},"end":{"line":137,"column":5}},"25":{"start":{"line":41,"column":8},"end":{"line":41,"column":37}},"26":{"start":{"line":42,"column":8},"end":{"line":42,"column":18}},"27":{"start":{"line":44,"column":8},"end":{"line":44,"column":24}},"28":{"start":{"line":46,"column":8},"end":{"line":136,"column":9}},"29":{"start":{"line":47,"column":12},"end":{"line":50,"column":13}},"30":{"start":{"line":48,"column":16},"end":{"line":48,"column":26}},"31":{"start":{"line":49,"column":16},"end":{"line":49,"column":23}},"32":{"start":{"line":52,"column":12},"end":{"line":52,"column":49}},"33":{"start":{"line":53,"column":12},"end":{"line":53,"column":40}},"34":{"start":{"line":54,"column":12},"end":{"line":54,"column":46}},"35":{"start":{"line":55,"column":12},"end":{"line":55,"column":53}},"36":{"start":{"line":57,"column":12},"end":{"line":135,"column":15}},"37":{"start":{"line":58,"column":16},"end":{"line":61,"column":17}},"38":{"start":{"line":59,"column":20},"end":{"line":59,"column":34}},"39":{"start":{"line":60,"column":20},"end":{"line":60,"column":27}},"40":{"start":{"line":63,"column":16},"end":{"line":63,"column":37}},"41":{"start":{"line":64,"column":16},"end":{"line":64,"column":27}},"42":{"start":{"line":66,"column":16},"end":{"line":66,"column":29}},"43":{"start":{"line":68,"column":16},"end":{"line":84,"column":17}},"44":{"start":{"line":69,"column":20},"end":{"line":72,"column":21}},"45":{"start":{"line":70,"column":24},"end":{"line":70,"column":36}},"46":{"start":{"line":71,"column":24},"end":{"line":71,"column":31}},"47":{"start":{"line":74,"column":20},"end":{"line":74,"column":42}},"48":{"start":{"line":75,"column":20},"end":{"line":75,"column":49}},"49":{"start":{"line":77,"column":20},"end":{"line":83,"column":27}},"50":{"start":{"line":78,"column":24},"end":{"line":83,"column":27}},"51":{"start":{"line":79,"column":28},"end":{"line":82,"column":57}},"52":{"start":{"line":80,"column":32},"end":{"line":80,"column":46}},"53":{"start":{"line":82,"column":32},"end":{"line":82,"column":57}},"54":{"start":{"line":86,"column":16},"end":{"line":134,"column":17}},"55":{"start":{"line":87,"column":20},"end":{"line":87,"column":44}},"56":{"start":{"line":88,"column":20},"end":{"line":88,"column":31}},"57":{"start":{"line":90,"column":20},"end":{"line":90,"column":35}},"58":{"start":{"line":92,"column":20},"end":{"line":133,"column":21}},"59":{"start":{"line":93,"column":24},"end":{"line":96,"column":25}},"60":{"start":{"line":94,"column":28},"end":{"line":94,"column":44}},"61":{"start":{"line":95,"column":28},"end":{"line":95,"column":35}},"62":{"start":{"line":98,"column":24},"end":{"line":98,"column":55}},"63":{"start":{"line":99,"column":24},"end":{"line":99,"column":113}},"64":{"start":{"line":100,"column":24},"end":{"line":132,"column":27}},"65":{"start":{"line":101,"column":28},"end":{"line":104,"column":29}},"66":{"start":{"line":102,"column":32},"end":{"line":102,"column":46}},"67":{"start":{"line":103,"column":32},"end":{"line":103,"column":39}},"68":{"start":{"line":106,"column":28},"end":{"line":109,"column":29}},"69":{"start":{"line":107,"column":32},"end":{"line":107,"column":59}},"70":{"start":{"line":108,"column":32},"end":{"line":108,"column":39}},"71":{"start":{"line":111,"column":28},"end":{"line":111,"column":67}},"72":{"start":{"line":112,"column":28},"end":{"line":112,"column":39}},"73":{"start":{"line":114,"column":28},"end":{"line":114,"column":47}},"74":{"start":{"line":116,"column":28},"end":{"line":131,"column":29}},"75":{"start":{"line":117,"column":32},"end":{"line":120,"column":33}},"76":{"start":{"line":118,"column":36},"end":{"line":118,"column":63}},"77":{"start":{"line":119,"column":36},"end":{"line":119,"column":43}},"78":{"start":{"line":122,"column":32},"end":{"line":122,"column":78}},"79":{"start":{"line":123,"column":32},"end":{"line":123,"column":70}},"80":{"start":{"line":124,"column":32},"end":{"line":124,"column":66}},"81":{"start":{"line":125,"column":32},"end":{"line":130,"column":35}},"82":{"start":{"line":126,"column":36},"end":{"line":129,"column":71}},"83":{"start":{"line":127,"column":40},"end":{"line":127,"column":54}},"84":{"start":{"line":129,"column":40},"end":{"line":129,"column":71}},"85":{"start":{"line":139,"column":4},"end":{"line":160,"column":5}},"86":{"start":{"line":140,"column":8},"end":{"line":140,"column":34}},"87":{"start":{"line":141,"column":8},"end":{"line":141,"column":18}},"88":{"start":{"line":143,"column":8},"end":{"line":143,"column":21}},"89":{"start":{"line":145,"column":8},"end":{"line":159,"column":9}},"90":{"start":{"line":146,"column":12},"end":{"line":149,"column":13}},"91":{"start":{"line":147,"column":16},"end":{"line":147,"column":31}},"92":{"start":{"line":148,"column":16},"end":{"line":148,"column":23}},"93":{"start":{"line":151,"column":12},"end":{"line":151,"column":39}},"94":{"start":{"line":153,"column":12},"end":{"line":158,"column":15}},"95":{"start":{"line":154,"column":16},"end":{"line":157,"column":45}},"96":{"start":{"line":155,"column":20},"end":{"line":155,"column":34}},"97":{"start":{"line":157,"column":20},"end":{"line":157,"column":45}},"98":{"start":{"line":163,"column":0},"end":{"line":163,"column":22}}},"branchMap":{"1":{"line":8,"type":"if","locations":[{"start":{"line":8,"column":4},"end":{"line":8,"column":4}},{"start":{"line":8,"column":4},"end":{"line":8,"column":4}}]},"2":{"line":22,"type":"if","locations":[{"start":{"line":22,"column":8},"end":{"line":22,"column":8}},{"start":{"line":22,"column":8},"end":{"line":22,"column":8}}]},"3":{"line":29,"type":"if","locations":[{"start":{"line":29,"column":12},"end":{"line":29,"column":12}},{"start":{"line":29,"column":12},"end":{"line":29,"column":12}}]},"4":{"line":47,"type":"if","locations":[{"start":{"line":47,"column":12},"end":{"line":47,"column":12}},{"start":{"line":47,"column":12},"end":{"line":47,"column":12}}]},"5":{"line":58,"type":"if","locations":[{"start":{"line":58,"column":16},"end":{"line":58,"column":16}},{"start":{"line":58,"column":16},"end":{"line":58,"column":16}}]},"6":{"line":69,"type":"if","locations":[{"start":{"line":69,"column":20},"end":{"line":69,"column":20}},{"start":{"line":69,"column":20},"end":{"line":69,"column":20}}]},"7":{"line":77,"type":"if","locations":[{"start":{"line":77,"column":20},"end":{"line":77,"column":20}},{"start":{"line":77,"column":20},"end":{"line":77,"column":20}}]},"8":{"line":79,"type":"if","locations":[{"start":{"line":79,"column":28},"end":{"line":79,"column":28}},{"start":{"line":79,"column":28},"end":{"line":79,"column":28}}]},"9":{"line":93,"type":"if","locations":[{"start":{"line":93,"column":24},"end":{"line":93,"column":24}},{"start":{"line":93,"column":24},"end":{"line":93,"column":24}}]},"10":{"line":101,"type":"if","locations":[{"start":{"line":101,"column":28},"end":{"line":101,"column":28}},{"start":{"line":101,"column":28},"end":{"line":101,"column":28}}]},"11":{"line":106,"type":"if","locations":[{"start":{"line":106,"column":28},"end":{"line":106,"column":28}},{"start":{"line":106,"column":28},"end":{"line":106,"column":28}}]},"12":{"line":117,"type":"if","locations":[{"start":{"line":117,"column":32},"end":{"line":117,"column":32}},{"start":{"line":117,"column":32},"end":{"line":117,"column":32}}]},"13":{"line":126,"type":"if","locations":[{"start":{"line":126,"column":36},"end":{"line":126,"column":36}},{"start":{"line":126,"column":36},"end":{"line":126,"column":36}}]},"14":{"line":146,"type":"if","locations":[{"start":{"line":146,"column":12},"end":{"line":146,"column":12}},{"start":{"line":146,"column":12},"end":{"line":146,"column":12}}]},"15":{"line":154,"type":"if","locations":[{"start":{"line":154,"column":16},"end":{"line":154,"column":16}},{"start":{"line":154,"column":16},"end":{"line":154,"column":16}}]}}},"C:\\Git\\liqueed\\services\\person.js":{"path":"C:\\Git\\liqueed\\services\\person.js","s":{"1":1,"2":1,"3":1,"4":0,"5":1,"6":1,"7":0,"8":1,"9":1,"10":0,"11":1,"12":37,"13":37,"14":1,"15":246,"16":246,"17":1,"18":3,"19":3,"20":3,"21":0,"22":0,"23":3,"24":2,"25":1,"26":1,"27":6,"28":6,"29":1,"30":4,"31":4,"32":4,"33":4,"34":0,"35":0,"36":4,"37":4,"38":4,"39":4,"40":4,"41":1,"42":9,"43":4,"44":4,"45":5,"46":5,"47":5,"48":0,"49":0,"50":5,"51":5,"52":5,"53":0,"54":5,"55":5,"56":5,"57":1},"b":{"1":[0,3],"2":[2,1],"3":[0,4],"4":[4,5],"5":[0,5],"6":[0,5],"7":[5,0]},"f":{"1":0,"2":0,"3":0,"4":37,"5":246,"6":3,"7":3,"8":6,"9":4,"10":4,"11":9,"12":5},"fnMap":{"1":{"name":"(anonymous_1)","line":7,"loc":{"start":{"line":7,"column":20},"end":{"line":7,"column":41}}},"2":{"name":"(anonymous_2)","line":13,"loc":{"start":{"line":13,"column":18},"end":{"line":13,"column":39}}},"3":{"name":"(anonymous_3)","line":19,"loc":{"start":{"line":19,"column":21},"end":{"line":19,"column":42}}},"4":{"name":"addPerson","line":23,"loc":{"start":{"line":23,"column":0},"end":{"line":23,"column":29}}},"5":{"name":"getPersonById","line":28,"loc":{"start":{"line":28,"column":0},"end":{"line":28,"column":31}}},"6":{"name":"getPersonByName","line":33,"loc":{"start":{"line":33,"column":0},"end":{"line":33,"column":35}}},"7":{"name":"(anonymous_7)","line":35,"loc":{"start":{"line":35,"column":31},"end":{"line":35,"column":53}}},"8":{"name":"getPersons","line":48,"loc":{"start":{"line":48,"column":0},"end":{"line":48,"column":24}}},"9":{"name":"getProjects","line":53,"loc":{"start":{"line":53,"column":0},"end":{"line":53,"column":29}}},"10":{"name":"(anonymous_10)","line":57,"loc":{"start":{"line":57,"column":32},"end":{"line":57,"column":55}}},"11":{"name":"doTeamStep","line":71,"loc":{"start":{"line":71,"column":8},"end":{"line":71,"column":30}}},"12":{"name":"(anonymous_12)","line":86,"loc":{"start":{"line":86,"column":27},"end":{"line":86,"column":51}}}},"statementMap":{"1":{"start":{"line":3,"column":0},"end":{"line":3,"column":32}},"2":{"start":{"line":5,"column":0},"end":{"line":5,"column":10}},"3":{"start":{"line":7,"column":0},"end":{"line":9,"column":3}},"4":{"start":{"line":8,"column":4},"end":{"line":8,"column":17}},"5":{"start":{"line":11,"column":0},"end":{"line":11,"column":11}},"6":{"start":{"line":13,"column":0},"end":{"line":15,"column":3}},"7":{"start":{"line":14,"column":4},"end":{"line":14,"column":18}},"8":{"start":{"line":17,"column":0},"end":{"line":17,"column":11}},"9":{"start":{"line":19,"column":0},"end":{"line":21,"column":3}},"10":{"start":{"line":20,"column":4},"end":{"line":20,"column":18}},"11":{"start":{"line":23,"column":0},"end":{"line":26,"column":1}},"12":{"start":{"line":24,"column":4},"end":{"line":24,"column":36}},"13":{"start":{"line":25,"column":4},"end":{"line":25,"column":24}},"14":{"start":{"line":28,"column":0},"end":{"line":31,"column":1}},"15":{"start":{"line":29,"column":4},"end":{"line":29,"column":36}},"16":{"start":{"line":30,"column":4},"end":{"line":30,"column":22}},"17":{"start":{"line":33,"column":0},"end":{"line":46,"column":1}},"18":{"start":{"line":34,"column":4},"end":{"line":34,"column":36}},"19":{"start":{"line":35,"column":4},"end":{"line":45,"column":7}},"20":{"start":{"line":36,"column":8},"end":{"line":39,"column":9}},"21":{"start":{"line":37,"column":12},"end":{"line":37,"column":26}},"22":{"start":{"line":38,"column":12},"end":{"line":38,"column":19}},"23":{"start":{"line":41,"column":8},"end":{"line":44,"column":27}},"24":{"start":{"line":42,"column":12},"end":{"line":42,"column":31}},"25":{"start":{"line":44,"column":12},"end":{"line":44,"column":27}},"26":{"start":{"line":48,"column":0},"end":{"line":51,"column":1}},"27":{"start":{"line":49,"column":4},"end":{"line":49,"column":36}},"28":{"start":{"line":50,"column":4},"end":{"line":50,"column":19}},"29":{"start":{"line":53,"column":0},"end":{"line":97,"column":1}},"30":{"start":{"line":54,"column":4},"end":{"line":54,"column":35}},"31":{"start":{"line":55,"column":4},"end":{"line":55,"column":38}},"32":{"start":{"line":57,"column":4},"end":{"line":96,"column":7}},"33":{"start":{"line":58,"column":8},"end":{"line":61,"column":9}},"34":{"start":{"line":59,"column":12},"end":{"line":59,"column":26}},"35":{"start":{"line":60,"column":12},"end":{"line":60,"column":19}},"36":{"start":{"line":63,"column":8},"end":{"line":63,"column":26}},"37":{"start":{"line":64,"column":8},"end":{"line":64,"column":22}},"38":{"start":{"line":66,"column":8},"end":{"line":66,"column":30}},"39":{"start":{"line":67,"column":8},"end":{"line":67,"column":18}},"40":{"start":{"line":69,"column":8},"end":{"line":69,"column":21}},"41":{"start":{"line":71,"column":8},"end":{"line":95,"column":9}},"42":{"start":{"line":72,"column":12},"end":{"line":75,"column":13}},"43":{"start":{"line":73,"column":16},"end":{"line":73,"column":35}},"44":{"start":{"line":74,"column":16},"end":{"line":74,"column":23}},"45":{"start":{"line":77,"column":12},"end":{"line":77,"column":35}},"46":{"start":{"line":78,"column":12},"end":{"line":78,"column":34}},"47":{"start":{"line":80,"column":12},"end":{"line":83,"column":13}},"48":{"start":{"line":81,"column":16},"end":{"line":81,"column":41}},"49":{"start":{"line":82,"column":16},"end":{"line":82,"column":23}},"50":{"start":{"line":85,"column":12},"end":{"line":85,"column":27}},"51":{"start":{"line":86,"column":12},"end":{"line":94,"column":15}},"52":{"start":{"line":87,"column":16},"end":{"line":93,"column":17}},"53":{"start":{"line":88,"column":20},"end":{"line":88,"column":34}},"54":{"start":{"line":90,"column":20},"end":{"line":91,"column":47}},"55":{"start":{"line":91,"column":24},"end":{"line":91,"column":47}},"56":{"start":{"line":92,"column":20},"end":{"line":92,"column":45}},"57":{"start":{"line":99,"column":0},"end":{"line":105,"column":2}}},"branchMap":{"1":{"line":36,"type":"if","locations":[{"start":{"line":36,"column":8},"end":{"line":36,"column":8}},{"start":{"line":36,"column":8},"end":{"line":36,"column":8}}]},"2":{"line":41,"type":"if","locations":[{"start":{"line":41,"column":8},"end":{"line":41,"column":8}},{"start":{"line":41,"column":8},"end":{"line":41,"column":8}}]},"3":{"line":58,"type":"if","locations":[{"start":{"line":58,"column":8},"end":{"line":58,"column":8}},{"start":{"line":58,"column":8},"end":{"line":58,"column":8}}]},"4":{"line":72,"type":"if","locations":[{"start":{"line":72,"column":12},"end":{"line":72,"column":12}},{"start":{"line":72,"column":12},"end":{"line":72,"column":12}}]},"5":{"line":80,"type":"if","locations":[{"start":{"line":80,"column":12},"end":{"line":80,"column":12}},{"start":{"line":80,"column":12},"end":{"line":80,"column":12}}]},"6":{"line":87,"type":"if","locations":[{"start":{"line":87,"column":16},"end":{"line":87,"column":16}},{"start":{"line":87,"column":16},"end":{"line":87,"column":16}}]},"7":{"line":90,"type":"if","locations":[{"start":{"line":90,"column":20},"end":{"line":90,"column":20}},{"start":{"line":90,"column":20},"end":{"line":90,"column":20}}]}}},"C:\\Git\\liqueed\\utils\\db.js":{"path":"C:\\Git\\liqueed\\utils\\db.js","s":{"1":1,"2":1,"3":1,"4":1,"5":1,"6":1,"7":1,"8":0,"9":0,"10":0,"11":0,"12":0,"13":0,"14":0,"15":0,"16":0,"17":0,"18":0,"19":0,"20":0,"21":0,"22":0,"23":0,"24":0,"25":0,"26":0,"27":0,"28":0,"29":0,"30":0,"31":0,"32":0,"33":1,"34":0,"35":0,"36":0,"37":0,"38":0,"39":0,"40":0,"41":0,"42":1,"43":6,"44":338,"45":338,"46":6,"47":357,"48":357,"49":338,"50":338,"51":19,"52":19,"53":19,"54":357,"55":357,"56":6,"57":222,"58":222,"59":6,"60":3,"61":3,"62":6,"63":8,"64":8,"65":6,"66":26,"67":26,"68":6,"69":51,"70":51,"71":1,"72":781,"73":775,"74":6,"75":6,"76":6,"77":1,"78":0,"79":0,"80":0,"81":0,"82":0,"83":1,"84":781,"85":0,"86":781,"87":1,"88":0,"89":0,"90":0,"91":1,"92":0,"93":0,"94":0,"95":1,"96":0,"97":0,"98":0,"99":1,"100":9,"101":9,"102":9,"103":9,"104":1,"105":60,"106":9,"107":9,"108":51,"109":51,"110":51,"111":0,"112":51,"113":1,"114":9,"115":0,"116":9,"117":1,"118":0,"119":0,"120":0,"121":0,"122":0,"123":0,"124":0,"125":0,"126":0,"127":1,"128":0,"129":1,"130":0,"131":0,"132":1},"b":{"1":[0,0],"2":[0,0],"3":[0,0],"4":[0,0],"5":[0,0],"6":[0,0],"7":[0,0,0],"8":[0,0],"9":[0,0],"10":[0,0],"11":[357,0],"12":[338,19],"13":[775,6],"14":[0,0],"15":[0,781],"16":[0,0],"17":[9,51],"18":[0,51],"19":[0,9],"20":[0,0],"21":[0,0],"22":[0,0]},"f":{"1":0,"2":0,"3":0,"4":0,"5":0,"6":0,"7":0,"8":0,"9":0,"10":0,"11":0,"12":0,"13":0,"14":6,"15":338,"16":338,"17":357,"18":357,"19":222,"20":222,"21":3,"22":3,"23":8,"24":8,"25":26,"26":26,"27":51,"28":51,"29":781,"30":0,"31":781,"32":0,"33":0,"34":0,"35":9,"36":60,"37":51,"38":9,"39":0,"40":0,"41":0},"fnMap":{"1":{"name":"DbStore","line":13,"loc":{"start":{"line":13,"column":0},"end":{"line":13,"column":23}}},"2":{"name":"(anonymous_2)","line":14,"loc":{"start":{"line":14,"column":15},"end":{"line":14,"column":33}}},"3":{"name":"(anonymous_3)","line":15,"loc":{"start":{"line":15,"column":26},"end":{"line":15,"column":47}}},"4":{"name":"(anonymous_4)","line":24,"loc":{"start":{"line":24,"column":16},"end":{"line":24,"column":49}}},"5":{"name":"(anonymous_5)","line":33,"loc":{"start":{"line":33,"column":15},"end":{"line":33,"column":35}}},"6":{"name":"(anonymous_6)","line":34,"loc":{"start":{"line":34,"column":26},"end":{"line":34,"column":47}}},"7":{"name":"(anonymous_7)","line":42,"loc":{"start":{"line":42,"column":15},"end":{"line":42,"column":39}}},"8":{"name":"(anonymous_8)","line":46,"loc":{"start":{"line":46,"column":18},"end":{"line":46,"column":36}}},"9":{"name":"(anonymous_9)","line":50,"loc":{"start":{"line":50,"column":18},"end":{"line":50,"column":42}}},"10":{"name":"(anonymous_10)","line":54,"loc":{"start":{"line":54,"column":17},"end":{"line":54,"column":31}}},"11":{"name":"makeTransform","line":59,"loc":{"start":{"line":59,"column":0},"end":{"line":59,"column":27}}},"12":{"name":"(anonymous_12)","line":60,"loc":{"start":{"line":60,"column":11},"end":{"line":60,"column":33}}},"13":{"name":"(anonymous_13)","line":62,"loc":{"start":{"line":62,"column":26},"end":{"line":62,"column":42}}},"14":{"name":"MemoryStore","line":74,"loc":{"start":{"line":74,"column":0},"end":{"line":74,"column":27}}},"15":{"name":"(anonymous_15)","line":75,"loc":{"start":{"line":75,"column":15},"end":{"line":75,"column":33}}},"16":{"name":"(anonymous_16)","line":76,"loc":{"start":{"line":76,"column":21},"end":{"line":76,"column":33}}},"17":{"name":"(anonymous_17)","line":81,"loc":{"start":{"line":81,"column":16},"end":{"line":81,"column":49}}},"18":{"name":"(anonymous_18)","line":94,"loc":{"start":{"line":94,"column":21},"end":{"line":94,"column":32}}},"19":{"name":"(anonymous_19)","line":99,"loc":{"start":{"line":99,"column":15},"end":{"line":99,"column":35}}},"20":{"name":"(anonymous_20)","line":100,"loc":{"start":{"line":100,"column":21},"end":{"line":100,"column":33}}},"21":{"name":"(anonymous_21)","line":105,"loc":{"start":{"line":105,"column":15},"end":{"line":105,"column":39}}},"22":{"name":"(anonymous_22)","line":106,"loc":{"start":{"line":106,"column":21},"end":{"line":106,"column":33}}},"23":{"name":"(anonymous_23)","line":111,"loc":{"start":{"line":111,"column":18},"end":{"line":111,"column":36}}},"24":{"name":"(anonymous_24)","line":112,"loc":{"start":{"line":112,"column":21},"end":{"line":112,"column":33}}},"25":{"name":"(anonymous_25)","line":117,"loc":{"start":{"line":117,"column":18},"end":{"line":117,"column":42}}},"26":{"name":"(anonymous_26)","line":118,"loc":{"start":{"line":118,"column":21},"end":{"line":118,"column":33}}},"27":{"name":"(anonymous_27)","line":123,"loc":{"start":{"line":123,"column":17},"end":{"line":123,"column":31}}},"28":{"name":"(anonymous_28)","line":124,"loc":{"start":{"line":124,"column":21},"end":{"line":124,"column":33}}},"29":{"name":"getCreateMemoryStore","line":130,"loc":{"start":{"line":130,"column":0},"end":{"line":130,"column":36}}},"30":{"name":"getCreateDbStore","line":140,"loc":{"start":{"line":140,"column":0},"end":{"line":140,"column":32}}},"31":{"name":"getCreateStore","line":150,"loc":{"start":{"line":150,"column":0},"end":{"line":150,"column":30}}},"32":{"name":"createMemoryStore","line":157,"loc":{"start":{"line":157,"column":0},"end":{"line":157,"column":33}}},"33":{"name":"createDbStore","line":163,"loc":{"start":{"line":163,"column":0},"end":{"line":163,"column":29}}},"34":{"name":"createStore","line":169,"loc":{"start":{"line":169,"column":0},"end":{"line":169,"column":27}}},"35":{"name":"clearStores","line":176,"loc":{"start":{"line":176,"column":0},"end":{"line":176,"column":33}}},"36":{"name":"doStep","line":184,"loc":{"start":{"line":184,"column":4},"end":{"line":184,"column":22}}},"37":{"name":"(anonymous_37)","line":192,"loc":{"start":{"line":192,"column":20},"end":{"line":192,"column":41}}},"38":{"name":"clear","line":201,"loc":{"start":{"line":201,"column":0},"end":{"line":201,"column":19}}},"39":{"name":"useDb","line":208,"loc":{"start":{"line":208,"column":0},"end":{"line":208,"column":33}}},"40":{"name":"closeDb","line":220,"loc":{"start":{"line":220,"column":0},"end":{"line":220,"column":21}}},"41":{"name":"useMemory","line":224,"loc":{"start":{"line":224,"column":0},"end":{"line":224,"column":21}}}},"statementMap":{"1":{"start":{"line":3,"column":0},"end":{"line":3,"column":31}},"2":{"start":{"line":4,"column":0},"end":{"line":4,"column":35}},"3":{"start":{"line":6,"column":0},"end":{"line":6,"column":18}},"4":{"start":{"line":7,"column":0},"end":{"line":7,"column":19}},"5":{"start":{"line":9,"column":0},"end":{"line":9,"column":7}},"6":{"start":{"line":11,"column":0},"end":{"line":11,"column":18}},"7":{"start":{"line":13,"column":0},"end":{"line":57,"column":1}},"8":{"start":{"line":14,"column":4},"end":{"line":22,"column":6}},"9":{"start":{"line":15,"column":8},"end":{"line":21,"column":11}},"10":{"start":{"line":16,"column":12},"end":{"line":19,"column":13}},"11":{"start":{"line":17,"column":16},"end":{"line":17,"column":46}},"12":{"start":{"line":18,"column":16},"end":{"line":18,"column":32}},"13":{"start":{"line":20,"column":12},"end":{"line":20,"column":26}},"14":{"start":{"line":24,"column":4},"end":{"line":31,"column":6}},"15":{"start":{"line":25,"column":8},"end":{"line":30,"column":60}},"16":{"start":{"line":26,"column":12},"end":{"line":26,"column":47}},"17":{"start":{"line":27,"column":13},"end":{"line":30,"column":60}},"18":{"start":{"line":28,"column":12},"end":{"line":28,"column":56}},"19":{"start":{"line":30,"column":12},"end":{"line":30,"column":60}},"20":{"start":{"line":33,"column":4},"end":{"line":40,"column":6}},"21":{"start":{"line":34,"column":8},"end":{"line":39,"column":11}},"22":{"start":{"line":35,"column":12},"end":{"line":38,"column":30}},"23":{"start":{"line":36,"column":16},"end":{"line":36,"column":48}},"24":{"start":{"line":38,"column":16},"end":{"line":38,"column":30}},"25":{"start":{"line":42,"column":4},"end":{"line":44,"column":6}},"26":{"start":{"line":43,"column":8},"end":{"line":43,"column":34}},"27":{"start":{"line":46,"column":4},"end":{"line":48,"column":6}},"28":{"start":{"line":47,"column":8},"end":{"line":47,"column":28}},"29":{"start":{"line":50,"column":4},"end":{"line":52,"column":6}},"30":{"start":{"line":51,"column":8},"end":{"line":51,"column":34}},"31":{"start":{"line":54,"column":4},"end":{"line":56,"column":6}},"32":{"start":{"line":55,"column":8},"end":{"line":55,"column":23}},"33":{"start":{"line":59,"column":0},"end":{"line":72,"column":1}},"34":{"start":{"line":60,"column":4},"end":{"line":72,"column":0}},"35":{"start":{"line":61,"column":8},"end":{"line":68,"column":15}},"36":{"start":{"line":62,"column":12},"end":{"line":68,"column":15}},"37":{"start":{"line":63,"column":16},"end":{"line":64,"column":27}},"38":{"start":{"line":64,"column":20},"end":{"line":64,"column":27}},"39":{"start":{"line":66,"column":16},"end":{"line":66,"column":46}},"40":{"start":{"line":67,"column":16},"end":{"line":67,"column":32}},"41":{"start":{"line":70,"column":8},"end":{"line":70,"column":23}},"42":{"start":{"line":74,"column":0},"end":{"line":128,"column":1}},"43":{"start":{"line":75,"column":4},"end":{"line":79,"column":6}},"44":{"start":{"line":76,"column":8},"end":{"line":78,"column":11}},"45":{"start":{"line":77,"column":12},"end":{"line":77,"column":35}},"46":{"start":{"line":81,"column":4},"end":{"line":97,"column":6}},"47":{"start":{"line":82,"column":8},"end":{"line":92,"column":9}},"48":{"start":{"line":83,"column":12},"end":{"line":91,"column":13}},"49":{"start":{"line":84,"column":16},"end":{"line":84,"column":32}},"50":{"start":{"line":85,"column":16},"end":{"line":85,"column":34}},"51":{"start":{"line":88,"column":16},"end":{"line":88,"column":27}},"52":{"start":{"line":89,"column":16},"end":{"line":89,"column":29}},"53":{"start":{"line":90,"column":16},"end":{"line":90,"column":34}},"54":{"start":{"line":94,"column":8},"end":{"line":96,"column":11}},"55":{"start":{"line":95,"column":12},"end":{"line":95,"column":51}},"56":{"start":{"line":99,"column":4},"end":{"line":103,"column":6}},"57":{"start":{"line":100,"column":8},"end":{"line":102,"column":11}},"58":{"start":{"line":101,"column":12},"end":{"line":101,"column":37}},"59":{"start":{"line":105,"column":4},"end":{"line":109,"column":6}},"60":{"start":{"line":106,"column":8},"end":{"line":108,"column":11}},"61":{"start":{"line":107,"column":12},"end":{"line":107,"column":41}},"62":{"start":{"line":111,"column":4},"end":{"line":115,"column":6}},"63":{"start":{"line":112,"column":8},"end":{"line":114,"column":11}},"64":{"start":{"line":113,"column":12},"end":{"line":113,"column":38}},"65":{"start":{"line":117,"column":4},"end":{"line":121,"column":6}},"66":{"start":{"line":118,"column":8},"end":{"line":120,"column":11}},"67":{"start":{"line":119,"column":12},"end":{"line":119,"column":44}},"68":{"start":{"line":123,"column":4},"end":{"line":127,"column":6}},"69":{"start":{"line":124,"column":8},"end":{"line":126,"column":11}},"70":{"start":{"line":125,"column":12},"end":{"line":125,"column":35}},"71":{"start":{"line":130,"column":0},"end":{"line":138,"column":1}},"72":{"start":{"line":131,"column":4},"end":{"line":132,"column":29}},"73":{"start":{"line":132,"column":8},"end":{"line":132,"column":29}},"74":{"start":{"line":134,"column":4},"end":{"line":134,"column":54}},"75":{"start":{"line":135,"column":4},"end":{"line":135,"column":26}},"76":{"start":{"line":137,"column":4},"end":{"line":137,"column":25}},"77":{"start":{"line":140,"column":0},"end":{"line":148,"column":1}},"78":{"start":{"line":141,"column":4},"end":{"line":142,"column":30}},"79":{"start":{"line":142,"column":8},"end":{"line":142,"column":30}},"80":{"start":{"line":144,"column":4},"end":{"line":144,"column":64}},"81":{"start":{"line":145,"column":4},"end":{"line":145,"column":27}},"82":{"start":{"line":147,"column":4},"end":{"line":147,"column":26}},"83":{"start":{"line":150,"column":0},"end":{"line":155,"column":1}},"84":{"start":{"line":151,"column":4},"end":{"line":152,"column":38}},"85":{"start":{"line":152,"column":8},"end":{"line":152,"column":38}},"86":{"start":{"line":154,"column":4},"end":{"line":154,"column":38}},"87":{"start":{"line":157,"column":0},"end":{"line":161,"column":1}},"88":{"start":{"line":158,"column":4},"end":{"line":158,"column":54}},"89":{"start":{"line":159,"column":4},"end":{"line":159,"column":26}},"90":{"start":{"line":160,"column":4},"end":{"line":160,"column":17}},"91":{"start":{"line":163,"column":0},"end":{"line":167,"column":1}},"92":{"start":{"line":164,"column":4},"end":{"line":164,"column":50}},"93":{"start":{"line":165,"column":4},"end":{"line":165,"column":27}},"94":{"start":{"line":166,"column":4},"end":{"line":166,"column":17}},"95":{"start":{"line":169,"column":0},"end":{"line":174,"column":1}},"96":{"start":{"line":170,"column":4},"end":{"line":171,"column":35}},"97":{"start":{"line":171,"column":8},"end":{"line":171,"column":35}},"98":{"start":{"line":173,"column":4},"end":{"line":173,"column":35}},"99":{"start":{"line":176,"column":0},"end":{"line":199,"column":1}},"100":{"start":{"line":177,"column":4},"end":{"line":177,"column":36}},"101":{"start":{"line":179,"column":4},"end":{"line":179,"column":25}},"102":{"start":{"line":180,"column":4},"end":{"line":180,"column":14}},"103":{"start":{"line":182,"column":4},"end":{"line":182,"column":13}},"104":{"start":{"line":184,"column":4},"end":{"line":198,"column":5}},"105":{"start":{"line":185,"column":8},"end":{"line":188,"column":9}},"106":{"start":{"line":186,"column":12},"end":{"line":186,"column":27}},"107":{"start":{"line":187,"column":12},"end":{"line":187,"column":19}},"108":{"start":{"line":190,"column":8},"end":{"line":190,"column":39}},"109":{"start":{"line":192,"column":8},"end":{"line":197,"column":11}},"110":{"start":{"line":193,"column":12},"end":{"line":196,"column":37}},"111":{"start":{"line":194,"column":16},"end":{"line":194,"column":30}},"112":{"start":{"line":196,"column":16},"end":{"line":196,"column":37}},"113":{"start":{"line":201,"column":0},"end":{"line":206,"column":1}},"114":{"start":{"line":202,"column":4},"end":{"line":205,"column":33}},"115":{"start":{"line":203,"column":8},"end":{"line":203,"column":34}},"116":{"start":{"line":205,"column":8},"end":{"line":205,"column":33}},"117":{"start":{"line":208,"column":0},"end":{"line":218,"column":1}},"118":{"start":{"line":209,"column":4},"end":{"line":209,"column":27}},"119":{"start":{"line":210,"column":4},"end":{"line":210,"column":17}},"120":{"start":{"line":211,"column":4},"end":{"line":211,"column":19}},"121":{"start":{"line":212,"column":4},"end":{"line":212,"column":90}},"122":{"start":{"line":213,"column":4},"end":{"line":213,"column":30}},"123":{"start":{"line":214,"column":4},"end":{"line":214,"column":31}},"124":{"start":{"line":215,"column":4},"end":{"line":215,"column":28}},"125":{"start":{"line":216,"column":4},"end":{"line":216,"column":34}},"126":{"start":{"line":217,"column":4},"end":{"line":217,"column":28}},"127":{"start":{"line":220,"column":0},"end":{"line":222,"column":1}},"128":{"start":{"line":221,"column":4},"end":{"line":221,"column":17}},"129":{"start":{"line":224,"column":0},"end":{"line":227,"column":1}},"130":{"start":{"line":225,"column":4},"end":{"line":225,"column":18}},"131":{"start":{"line":226,"column":4},"end":{"line":226,"column":15}},"132":{"start":{"line":229,"column":0},"end":{"line":237,"column":2}}},"branchMap":{"1":{"line":16,"type":"if","locations":[{"start":{"line":16,"column":12},"end":{"line":16,"column":12}},{"start":{"line":16,"column":12},"end":{"line":16,"column":12}}]},"2":{"line":16,"type":"binary-expr","locations":[{"start":{"line":16,"column":16},"end":{"line":16,"column":20}},{"start":{"line":16,"column":24},"end":{"line":16,"column":32}}]},"3":{"line":25,"type":"if","locations":[{"start":{"line":25,"column":8},"end":{"line":25,"column":8}},{"start":{"line":25,"column":8},"end":{"line":25,"column":8}}]},"4":{"line":25,"type":"binary-expr","locations":[{"start":{"line":25,"column":12},"end":{"line":25,"column":23}},{"start":{"line":25,"column":27},"end":{"line":25,"column":30}}]},"5":{"line":27,"type":"if","locations":[{"start":{"line":27,"column":13},"end":{"line":27,"column":13}},{"start":{"line":27,"column":13},"end":{"line":27,"column":13}}]},"6":{"line":35,"type":"if","locations":[{"start":{"line":35,"column":12},"end":{"line":35,"column":12}},{"start":{"line":35,"column":12},"end":{"line":35,"column":12}}]},"7":{"line":35,"type":"binary-expr","locations":[{"start":{"line":35,"column":16},"end":{"line":35,"column":20}},{"start":{"line":35,"column":24},"end":{"line":35,"column":31}},{"start":{"line":35,"column":35},"end":{"line":35,"column":46}}]},"8":{"line":61,"type":"if","locations":[{"start":{"line":61,"column":8},"end":{"line":61,"column":8}},{"start":{"line":61,"column":8},"end":{"line":61,"column":8}}]},"9":{"line":61,"type":"binary-expr","locations":[{"start":{"line":61,"column":12},"end":{"line":61,"column":17}},{"start":{"line":61,"column":21},"end":{"line":61,"column":33}}]},"10":{"line":63,"type":"if","locations":[{"start":{"line":63,"column":16},"end":{"line":63,"column":16}},{"start":{"line":63,"column":16},"end":{"line":63,"column":16}}]},"11":{"line":82,"type":"if","locations":[{"start":{"line":82,"column":8},"end":{"line":82,"column":8}},{"start":{"line":82,"column":8},"end":{"line":82,"column":8}}]},"12":{"line":83,"type":"if","locations":[{"start":{"line":83,"column":12},"end":{"line":83,"column":12}},{"start":{"line":83,"column":12},"end":{"line":83,"column":12}}]},"13":{"line":131,"type":"if","locations":[{"start":{"line":131,"column":4},"end":{"line":131,"column":4}},{"start":{"line":131,"column":4},"end":{"line":131,"column":4}}]},"14":{"line":141,"type":"if","locations":[{"start":{"line":141,"column":4},"end":{"line":141,"column":4}},{"start":{"line":141,"column":4},"end":{"line":141,"column":4}}]},"15":{"line":151,"type":"if","locations":[{"start":{"line":151,"column":4},"end":{"line":151,"column":4}},{"start":{"line":151,"column":4},"end":{"line":151,"column":4}}]},"16":{"line":170,"type":"if","locations":[{"start":{"line":170,"column":4},"end":{"line":170,"column":4}},{"start":{"line":170,"column":4},"end":{"line":170,"column":4}}]},"17":{"line":185,"type":"if","locations":[{"start":{"line":185,"column":8},"end":{"line":185,"column":8}},{"start":{"line":185,"column":8},"end":{"line":185,"column":8}}]},"18":{"line":193,"type":"if","locations":[{"start":{"line":193,"column":12},"end":{"line":193,"column":12}},{"start":{"line":193,"column":12},"end":{"line":193,"column":12}}]},"19":{"line":202,"type":"if","locations":[{"start":{"line":202,"column":4},"end":{"line":202,"column":4}},{"start":{"line":202,"column":4},"end":{"line":202,"column":4}}]},"20":{"line":209,"type":"binary-expr","locations":[{"start":{"line":209,"column":13},"end":{"line":209,"column":19}},{"start":{"line":209,"column":23},"end":{"line":209,"column":26}}]},"21":{"line":212,"type":"binary-expr","locations":[{"start":{"line":212,"column":36},"end":{"line":212,"column":47}},{"start":{"line":212,"column":51},"end":{"line":212,"column":62}}]},"22":{"line":212,"type":"binary-expr","locations":[{"start":{"line":212,"column":64},"end":{"line":212,"column":75}},{"start":{"line":212,"column":79},"end":{"line":212,"column":84}}]}}},"C:\\Git\\liqueed\\utils\\mongodb.js":{"path":"C:\\Git\\liqueed\\utils\\mongodb.js","s":{"1":1,"2":1,"3":1,"4":0,"5":0,"6":0,"7":0,"8":0,"9":0,"10":0,"11":0,"12":0,"13":0,"14":0,"15":0,"16":0,"17":0,"18":0,"19":0,"20":0,"21":0,"22":0,"23":0,"24":0,"25":0,"26":0,"27":0,"28":0,"29":0,"30":0,"31":0,"32":0,"33":0,"34":0,"35":0,"36":0,"37":0,"38":0,"39":0,"40":0,"41":0,"42":0,"43":0,"44":0,"45":0,"46":0,"47":0,"48":0,"49":0,"50":0,"51":0,"52":1,"53":0,"54":0,"55":0,"56":0,"57":0,"58":0},"b":{"1":[0,0],"2":[0,0],"3":[0,0],"4":[0,0],"5":[0,0],"6":[0,0],"7":[0,0],"8":[0,0],"9":[0,0],"10":[0,0],"11":[0,0],"12":[0,0]},"f":{"1":0,"2":0,"3":0,"4":0,"5":0,"6":0,"7":0,"8":0,"9":0,"10":0,"11":0,"12":0,"13":0,"14":0,"15":0,"16":0,"17":0,"18":0,"19":0,"20":0,"21":0,"22":0},"fnMap":{"1":{"name":"Repository","line":4,"loc":{"start":{"line":4,"column":0},"end":{"line":4,"column":30}}},"2":{"name":"getCollection","line":5,"loc":{"start":{"line":5,"column":4},"end":{"line":5,"column":37}}},"3":{"name":"(anonymous_3)","line":6,"loc":{"start":{"line":6,"column":28},"end":{"line":6,"column":55}}},"4":{"name":"(anonymous_4)","line":14,"loc":{"start":{"line":14,"column":19},"end":{"line":14,"column":39}}},"5":{"name":"(anonymous_5)","line":15,"loc":{"start":{"line":15,"column":22},"end":{"line":15,"column":49}}},"6":{"name":"(anonymous_6)","line":19,"loc":{"start":{"line":19,"column":42},"end":{"line":19,"column":69}}},"7":{"name":"(anonymous_7)","line":29,"loc":{"start":{"line":29,"column":16},"end":{"line":29,"column":55}}},"8":{"name":"(anonymous_8)","line":35,"loc":{"start":{"line":35,"column":22},"end":{"line":35,"column":49}}},"9":{"name":"(anonymous_9)","line":39,"loc":{"start":{"line":39,"column":47},"end":{"line":39,"column":74}}},"10":{"name":"(anonymous_10)","line":49,"loc":{"start":{"line":49,"column":18},"end":{"line":49,"column":44}}},"11":{"name":"(anonymous_11)","line":50,"loc":{"start":{"line":50,"column":22},"end":{"line":50,"column":49}}},"12":{"name":"(anonymous_12)","line":58,"loc":{"start":{"line":58,"column":18},"end":{"line":58,"column":48}}},"13":{"name":"(anonymous_13)","line":59,"loc":{"start":{"line":59,"column":22},"end":{"line":59,"column":49}}},"14":{"name":"(anonymous_14)","line":67,"loc":{"start":{"line":67,"column":18},"end":{"line":67,"column":42}}},"15":{"name":"(anonymous_15)","line":68,"loc":{"start":{"line":68,"column":22},"end":{"line":68,"column":49}}},"16":{"name":"(anonymous_16)","line":76,"loc":{"start":{"line":76,"column":20},"end":{"line":76,"column":44}}},"17":{"name":"(anonymous_17)","line":77,"loc":{"start":{"line":77,"column":22},"end":{"line":77,"column":49}}},"18":{"name":"(anonymous_18)","line":85,"loc":{"start":{"line":85,"column":17},"end":{"line":85,"column":37}}},"19":{"name":"(anonymous_19)","line":86,"loc":{"start":{"line":86,"column":22},"end":{"line":86,"column":49}}},"20":{"name":"(anonymous_20)","line":96,"loc":{"start":{"line":96,"column":22},"end":{"line":96,"column":42}}},"21":{"name":"(anonymous_21)","line":97,"loc":{"start":{"line":97,"column":18},"end":{"line":97,"column":52}}},"22":{"name":"(anonymous_22)","line":99,"loc":{"start":{"line":99,"column":17},"end":{"line":99,"column":29}}}},"statementMap":{"1":{"start":{"line":2,"column":0},"end":{"line":2,"column":33}},"2":{"start":{"line":4,"column":0},"end":{"line":93,"column":1}},"3":{"start":{"line":5,"column":4},"end":{"line":12,"column":5}},"4":{"start":{"line":6,"column":8},"end":{"line":11,"column":11}},"5":{"start":{"line":7,"column":12},"end":{"line":10,"column":43}},"6":{"start":{"line":8,"column":16},"end":{"line":8,"column":30}},"7":{"start":{"line":10,"column":16},"end":{"line":10,"column":43}},"8":{"start":{"line":14,"column":4},"end":{"line":27,"column":6}},"9":{"start":{"line":15,"column":8},"end":{"line":26,"column":11}},"10":{"start":{"line":16,"column":12},"end":{"line":25,"column":13}},"11":{"start":{"line":17,"column":16},"end":{"line":17,"column":30}},"12":{"start":{"line":19,"column":16},"end":{"line":24,"column":19}},"13":{"start":{"line":20,"column":20},"end":{"line":23,"column":51}},"14":{"start":{"line":21,"column":24},"end":{"line":21,"column":38}},"15":{"start":{"line":23,"column":24},"end":{"line":23,"column":51}},"16":{"start":{"line":29,"column":4},"end":{"line":47,"column":6}},"17":{"start":{"line":30,"column":8},"end":{"line":33,"column":9}},"18":{"start":{"line":31,"column":12},"end":{"line":31,"column":34}},"19":{"start":{"line":32,"column":12},"end":{"line":32,"column":30}},"20":{"start":{"line":35,"column":8},"end":{"line":46,"column":11}},"21":{"start":{"line":36,"column":12},"end":{"line":45,"column":13}},"22":{"start":{"line":37,"column":16},"end":{"line":37,"column":30}},"23":{"start":{"line":39,"column":16},"end":{"line":44,"column":19}},"24":{"start":{"line":40,"column":20},"end":{"line":43,"column":51}},"25":{"start":{"line":41,"column":24},"end":{"line":41,"column":38}},"26":{"start":{"line":43,"column":24},"end":{"line":43,"column":51}},"27":{"start":{"line":49,"column":4},"end":{"line":56,"column":6}},"28":{"start":{"line":50,"column":8},"end":{"line":55,"column":11}},"29":{"start":{"line":51,"column":12},"end":{"line":54,"column":50}},"30":{"start":{"line":52,"column":16},"end":{"line":52,"column":30}},"31":{"start":{"line":54,"column":16},"end":{"line":54,"column":50}},"32":{"start":{"line":58,"column":4},"end":{"line":65,"column":6}},"33":{"start":{"line":59,"column":8},"end":{"line":64,"column":11}},"34":{"start":{"line":60,"column":12},"end":{"line":63,"column":133}},"35":{"start":{"line":61,"column":16},"end":{"line":61,"column":30}},"36":{"start":{"line":63,"column":16},"end":{"line":63,"column":133}},"37":{"start":{"line":67,"column":4},"end":{"line":74,"column":6}},"38":{"start":{"line":68,"column":8},"end":{"line":73,"column":11}},"39":{"start":{"line":69,"column":12},"end":{"line":72,"column":117}},"40":{"start":{"line":70,"column":16},"end":{"line":70,"column":30}},"41":{"start":{"line":72,"column":16},"end":{"line":72,"column":117}},"42":{"start":{"line":76,"column":4},"end":{"line":83,"column":6}},"43":{"start":{"line":77,"column":8},"end":{"line":82,"column":11}},"44":{"start":{"line":78,"column":12},"end":{"line":81,"column":118}},"45":{"start":{"line":79,"column":16},"end":{"line":79,"column":30}},"46":{"start":{"line":81,"column":16},"end":{"line":81,"column":118}},"47":{"start":{"line":85,"column":4},"end":{"line":92,"column":6}},"48":{"start":{"line":86,"column":8},"end":{"line":91,"column":11}},"49":{"start":{"line":87,"column":12},"end":{"line":90,"column":44}},"50":{"start":{"line":88,"column":16},"end":{"line":88,"column":30}},"51":{"start":{"line":90,"column":16},"end":{"line":90,"column":44}},"52":{"start":{"line":95,"column":0},"end":{"line":104,"column":2}},"53":{"start":{"line":96,"column":44},"end":{"line":96,"column":76}},"54":{"start":{"line":98,"column":8},"end":{"line":99,"column":33}},"55":{"start":{"line":99,"column":12},"end":{"line":99,"column":33}},"56":{"start":{"line":100,"column":8},"end":{"line":100,"column":117}},"57":{"start":{"line":101,"column":8},"end":{"line":101,"column":20}},"58":{"start":{"line":102,"column":8},"end":{"line":102,"column":18}}},"branchMap":{"1":{"line":7,"type":"if","locations":[{"start":{"line":7,"column":12},"end":{"line":7,"column":12}},{"start":{"line":7,"column":12},"end":{"line":7,"column":12}}]},"2":{"line":16,"type":"if","locations":[{"start":{"line":16,"column":12},"end":{"line":16,"column":12}},{"start":{"line":16,"column":12},"end":{"line":16,"column":12}}]},"3":{"line":20,"type":"if","locations":[{"start":{"line":20,"column":20},"end":{"line":20,"column":20}},{"start":{"line":20,"column":20},"end":{"line":20,"column":20}}]},"4":{"line":30,"type":"if","locations":[{"start":{"line":30,"column":8},"end":{"line":30,"column":8}},{"start":{"line":30,"column":8},"end":{"line":30,"column":8}}]},"5":{"line":36,"type":"if","locations":[{"start":{"line":36,"column":12},"end":{"line":36,"column":12}},{"start":{"line":36,"column":12},"end":{"line":36,"column":12}}]},"6":{"line":40,"type":"if","locations":[{"start":{"line":40,"column":20},"end":{"line":40,"column":20}},{"start":{"line":40,"column":20},"end":{"line":40,"column":20}}]},"7":{"line":51,"type":"if","locations":[{"start":{"line":51,"column":12},"end":{"line":51,"column":12}},{"start":{"line":51,"column":12},"end":{"line":51,"column":12}}]},"8":{"line":60,"type":"if","locations":[{"start":{"line":60,"column":12},"end":{"line":60,"column":12}},{"start":{"line":60,"column":12},"end":{"line":60,"column":12}}]},"9":{"line":69,"type":"if","locations":[{"start":{"line":69,"column":12},"end":{"line":69,"column":12}},{"start":{"line":69,"column":12},"end":{"line":69,"column":12}}]},"10":{"line":78,"type":"if","locations":[{"start":{"line":78,"column":12},"end":{"line":78,"column":12}},{"start":{"line":78,"column":12},"end":{"line":78,"column":12}}]},"11":{"line":87,"type":"if","locations":[{"start":{"line":87,"column":12},"end":{"line":87,"column":12}},{"start":{"line":87,"column":12},"end":{"line":87,"column":12}}]},"12":{"line":98,"type":"if","locations":[{"start":{"line":98,"column":8},"end":{"line":98,"column":8}},{"start":{"line":98,"column":8},"end":{"line":98,"column":8}}]}}},"C:\\Git\\liqueed\\services\\project.js":{"path":"C:\\Git\\liqueed\\services\\project.js","s":{"1":1,"2":1,"3":1,"4":1,"5":20,"6":20,"7":1,"8":7,"9":7,"10":1,"11":52,"12":52,"13":52,"14":0,"15":0,"16":52,"17":1,"18":51,"19":1,"20":66,"21":66,"22":66,"23":0,"24":0,"25":66,"26":66,"27":66,"28":66,"29":66,"30":1,"31":243,"32":66,"33":66,"34":177,"35":177,"36":177,"37":0,"38":0,"39":177,"40":177,"41":1,"42":4,"43":4,"44":4,"45":4,"46":4,"47":4,"48":4,"49":4,"50":4,"51":4,"52":4,"53":4,"54":4,"55":4,"56":6,"57":4,"58":0,"59":1,"60":1,"61":1,"62":1,"63":1,"64":2,"65":2,"66":2,"67":2,"68":2,"69":2,"70":2,"71":2,"72":2,"73":4,"74":4,"75":0,"76":4,"77":4,"78":2,"79":0,"80":1,"81":7,"82":7,"83":1,"84":33,"85":33,"86":33,"87":1,"88":64,"89":64,"90":1,"91":10,"92":10,"93":1,"94":9,"95":9,"96":9,"97":9,"98":0,"99":0,"100":9,"101":9,"102":9,"103":9,"104":1,"105":42,"106":9,"107":9,"108":33,"109":33,"110":33,"111":33,"112":0,"113":0,"114":33,"115":33,"116":33,"117":0,"118":0,"119":33,"120":33,"121":33,"122":1,"123":3,"124":3,"125":3,"126":6,"127":3,"128":0,"129":1,"130":59,"131":59,"132":59,"133":59,"134":59,"135":59,"136":59,"137":59,"138":59,"139":59,"140":59,"141":59,"142":59,"143":59,"144":59,"145":59,"146":59,"147":2,"148":2,"149":57,"150":3,"151":3,"152":3,"153":3,"154":0,"155":3,"156":54,"157":54,"158":0,"159":54,"160":57,"161":57,"162":57,"163":57,"164":57,"165":57,"166":57,"167":24,"168":24,"169":33,"170":57,"171":0,"172":1,"173":2,"174":2,"175":0,"176":0,"177":2,"178":2,"179":2,"180":1,"181":6,"182":2,"183":2,"184":4,"185":4,"186":4,"187":0,"188":0,"189":4,"190":0,"191":4,"192":1,"193":65,"194":65,"195":65,"196":0,"197":0,"198":65,"199":65,"200":44,"201":65,"202":1},"b":{"1":[0,52],"2":[1,51],"3":[0,66],"4":[66,177],"5":[0,177],"6":[0,4],"7":[0,9],"8":[9,33],"9":[0,33],"10":[0,33],"11":[4,55],"12":[59,59],"13":[4,55],"14":[2,57],"15":[3,54],"16":[0,3],"17":[0,54],"18":[24,33],"19":[0,2],"20":[2,4],"21":[0,4],"22":[0,4],"23":[0,65]},"f":{"1":20,"2":7,"3":52,"4":52,"5":66,"6":66,"7":243,"8":177,"9":4,"10":4,"11":4,"12":4,"13":6,"14":4,"15":0,"16":1,"17":1,"18":2,"19":2,"20":2,"21":4,"22":4,"23":2,"24":0,"25":7,"26":33,"27":64,"28":10,"29":9,"30":9,"31":42,"32":33,"33":33,"34":3,"35":3,"36":6,"37":3,"38":0,"39":59,"40":59,"41":59,"42":59,"43":59,"44":3,"45":54,"46":57,"47":57,"48":57,"49":57,"50":0,"51":2,"52":2,"53":6,"54":4,"55":65,"56":65,"57":44},"fnMap":{"1":{"name":"addProject","line":7,"loc":{"start":{"line":7,"column":0},"end":{"line":7,"column":30}}},"2":{"name":"getProjectById","line":12,"loc":{"start":{"line":12,"column":0},"end":{"line":12,"column":32}}},"3":{"name":"addPersonToTeam","line":17,"loc":{"start":{"line":17,"column":0},"end":{"line":17,"column":47}}},"4":{"name":"(anonymous_4)","line":19,"loc":{"start":{"line":19,"column":58},"end":{"line":19,"column":79}}},"5":{"name":"getTeam","line":32,"loc":{"start":{"line":32,"column":0},"end":{"line":32,"column":25}}},"6":{"name":"(anonymous_6)","line":35,"loc":{"start":{"line":35,"column":36},"end":{"line":35,"column":61}}},"7":{"name":"doTeamStep","line":49,"loc":{"start":{"line":49,"column":8},"end":{"line":49,"column":30}}},"8":{"name":"(anonymous_8)","line":57,"loc":{"start":{"line":57,"column":47},"end":{"line":57,"column":70}}},"9":{"name":"getShareholders","line":71,"loc":{"start":{"line":71,"column":0},"end":{"line":71,"column":33}}},"10":{"name":"(anonymous_10)","line":79,"loc":{"start":{"line":79,"column":10},"end":{"line":79,"column":32}}},"11":{"name":"(anonymous_11)","line":82,"loc":{"start":{"line":82,"column":10},"end":{"line":82,"column":32}}},"12":{"name":"(anonymous_12)","line":86,"loc":{"start":{"line":86,"column":10},"end":{"line":86,"column":32}}},"13":{"name":"(anonymous_13)","line":95,"loc":{"start":{"line":95,"column":9},"end":{"line":95,"column":31}}},"14":{"name":"(anonymous_14)","line":98,"loc":{"start":{"line":98,"column":10},"end":{"line":98,"column":34}}},"15":{"name":"(anonymous_15)","line":101,"loc":{"start":{"line":101,"column":10},"end":{"line":101,"column":25}}},"16":{"name":"getSharesByProject","line":105,"loc":{"start":{"line":105,"column":0},"end":{"line":105,"column":43}}},"17":{"name":"getSharesByPeriod","line":109,"loc":{"start":{"line":109,"column":0},"end":{"line":109,"column":52}}},"18":{"name":"getShares","line":113,"loc":{"start":{"line":113,"column":0},"end":{"line":113,"column":31}}},"19":{"name":"(anonymous_19)","line":120,"loc":{"start":{"line":120,"column":10},"end":{"line":120,"column":32}}},"20":{"name":"(anonymous_20)","line":123,"loc":{"start":{"line":123,"column":10},"end":{"line":123,"column":32}}},"21":{"name":"(anonymous_21)","line":129,"loc":{"start":{"line":129,"column":9},"end":{"line":129,"column":31}}},"22":{"name":"(anonymous_22)","line":130,"loc":{"start":{"line":130,"column":33},"end":{"line":130,"column":56}}},"23":{"name":"(anonymous_23)","line":139,"loc":{"start":{"line":139,"column":10},"end":{"line":139,"column":34}}},"24":{"name":"(anonymous_24)","line":142,"loc":{"start":{"line":142,"column":10},"end":{"line":142,"column":25}}},"25":{"name":"getProjects","line":148,"loc":{"start":{"line":148,"column":0},"end":{"line":148,"column":25}}},"26":{"name":"addPeriod","line":153,"loc":{"start":{"line":153,"column":0},"end":{"line":153,"column":39}}},"27":{"name":"getPeriodById","line":159,"loc":{"start":{"line":159,"column":0},"end":{"line":159,"column":37}}},"28":{"name":"getPeriods","line":164,"loc":{"start":{"line":164,"column":0},"end":{"line":164,"column":32}}},"29":{"name":"getAssignments","line":169,"loc":{"start":{"line":169,"column":0},"end":{"line":169,"column":38}}},"30":{"name":"(anonymous_30)","line":172,"loc":{"start":{"line":172,"column":47},"end":{"line":172,"column":68}}},"31":{"name":"doDataStep","line":185,"loc":{"start":{"line":185,"column":8},"end":{"line":185,"column":30}}},"32":{"name":"(anonymous_32)","line":194,"loc":{"start":{"line":194,"column":45},"end":{"line":194,"column":70}}},"33":{"name":"(anonymous_33)","line":202,"loc":{"start":{"line":202,"column":47},"end":{"line":202,"column":72}}},"34":{"name":"removeAssignments","line":219,"loc":{"start":{"line":219,"column":0},"end":{"line":219,"column":60}}},"35":{"name":"(anonymous_35)","line":223,"loc":{"start":{"line":223,"column":10},"end":{"line":223,"column":32}}},"36":{"name":"(anonymous_36)","line":226,"loc":{"start":{"line":226,"column":9},"end":{"line":226,"column":31}}},"37":{"name":"(anonymous_37)","line":229,"loc":{"start":{"line":229,"column":10},"end":{"line":229,"column":32}}},"38":{"name":"(anonymous_38)","line":232,"loc":{"start":{"line":232,"column":10},"end":{"line":232,"column":25}}},"39":{"name":"putAssignment","line":238,"loc":{"start":{"line":238,"column":0},"end":{"line":238,"column":80}}},"40":{"name":"(anonymous_40)","line":248,"loc":{"start":{"line":248,"column":10},"end":{"line":248,"column":32}}},"41":{"name":"(anonymous_41)","line":249,"loc":{"start":{"line":249,"column":10},"end":{"line":249,"column":32}}},"42":{"name":"(anonymous_42)","line":250,"loc":{"start":{"line":250,"column":10},"end":{"line":250,"column":32}}},"43":{"name":"(anonymous_43)","line":251,"loc":{"start":{"line":251,"column":10},"end":{"line":251,"column":32}}},"44":{"name":"(anonymous_44)","line":266,"loc":{"start":{"line":266,"column":53},"end":{"line":266,"column":73}}},"45":{"name":"(anonymous_45)","line":274,"loc":{"start":{"line":274,"column":134},"end":{"line":274,"column":153}}},"46":{"name":"(anonymous_46)","line":281,"loc":{"start":{"line":281,"column":10},"end":{"line":281,"column":32}}},"47":{"name":"(anonymous_47)","line":286,"loc":{"start":{"line":286,"column":10},"end":{"line":286,"column":32}}},"48":{"name":"(anonymous_48)","line":290,"loc":{"start":{"line":290,"column":10},"end":{"line":290,"column":32}}},"49":{"name":"(anonymous_49)","line":301,"loc":{"start":{"line":301,"column":10},"end":{"line":301,"column":32}}},"50":{"name":"(anonymous_50)","line":302,"loc":{"start":{"line":302,"column":10},"end":{"line":302,"column":25}}},"51":{"name":"putAssignments","line":306,"loc":{"start":{"line":306,"column":0},"end":{"line":306,"column":70}}},"52":{"name":"(anonymous_52)","line":307,"loc":{"start":{"line":307,"column":51},"end":{"line":307,"column":72}}},"53":{"name":"doAssignmentStep","line":318,"loc":{"start":{"line":318,"column":8},"end":{"line":318,"column":36}}},"54":{"name":"(anonymous_54)","line":325,"loc":{"start":{"line":325,"column":110},"end":{"line":325,"column":133}}},"55":{"name":"getTotalAssignments","line":340,"loc":{"start":{"line":340,"column":0},"end":{"line":340,"column":62}}},"56":{"name":"(anonymous_56)","line":343,"loc":{"start":{"line":343,"column":81},"end":{"line":343,"column":103}}},"57":{"name":"(anonymous_57)","line":351,"loc":{"start":{"line":351,"column":22},"end":{"line":351,"column":38}}}},"statementMap":{"1":{"start":{"line":3,"column":0},"end":{"line":3,"column":32}},"2":{"start":{"line":4,"column":0},"end":{"line":4,"column":35}},"3":{"start":{"line":5,"column":0},"end":{"line":5,"column":32}},"4":{"start":{"line":7,"column":0},"end":{"line":10,"column":1}},"5":{"start":{"line":8,"column":4},"end":{"line":8,"column":37}},"6":{"start":{"line":9,"column":4},"end":{"line":9,"column":24}},"7":{"start":{"line":12,"column":0},"end":{"line":15,"column":1}},"8":{"start":{"line":13,"column":4},"end":{"line":13,"column":37}},"9":{"start":{"line":14,"column":4},"end":{"line":14,"column":22}},"10":{"start":{"line":17,"column":0},"end":{"line":30,"column":1}},"11":{"start":{"line":18,"column":4},"end":{"line":18,"column":38}},"12":{"start":{"line":19,"column":4},"end":{"line":29,"column":7}},"13":{"start":{"line":20,"column":8},"end":{"line":23,"column":9}},"14":{"start":{"line":21,"column":12},"end":{"line":21,"column":26}},"15":{"start":{"line":22,"column":12},"end":{"line":22,"column":19}},"16":{"start":{"line":25,"column":8},"end":{"line":28,"column":69}},"17":{"start":{"line":26,"column":12},"end":{"line":26,"column":33}},"18":{"start":{"line":28,"column":12},"end":{"line":28,"column":69}},"19":{"start":{"line":32,"column":0},"end":{"line":69,"column":1}},"20":{"start":{"line":33,"column":4},"end":{"line":33,"column":38}},"21":{"start":{"line":35,"column":4},"end":{"line":68,"column":7}},"22":{"start":{"line":36,"column":8},"end":{"line":39,"column":9}},"23":{"start":{"line":37,"column":12},"end":{"line":37,"column":26}},"24":{"start":{"line":38,"column":12},"end":{"line":38,"column":19}},"25":{"start":{"line":41,"column":8},"end":{"line":41,"column":22}},"26":{"start":{"line":42,"column":8},"end":{"line":42,"column":42}},"27":{"start":{"line":44,"column":8},"end":{"line":44,"column":32}},"28":{"start":{"line":45,"column":8},"end":{"line":45,"column":18}},"29":{"start":{"line":47,"column":8},"end":{"line":47,"column":21}},"30":{"start":{"line":49,"column":8},"end":{"line":67,"column":9}},"31":{"start":{"line":50,"column":12},"end":{"line":53,"column":13}},"32":{"start":{"line":51,"column":16},"end":{"line":51,"column":31}},"33":{"start":{"line":52,"column":16},"end":{"line":52,"column":23}},"34":{"start":{"line":55,"column":12},"end":{"line":55,"column":37}},"35":{"start":{"line":57,"column":12},"end":{"line":66,"column":15}},"36":{"start":{"line":58,"column":16},"end":{"line":61,"column":17}},"37":{"start":{"line":59,"column":20},"end":{"line":59,"column":34}},"38":{"start":{"line":60,"column":20},"end":{"line":60,"column":27}},"39":{"start":{"line":63,"column":16},"end":{"line":63,"column":34}},"40":{"start":{"line":65,"column":16},"end":{"line":65,"column":41}},"41":{"start":{"line":71,"column":0},"end":{"line":103,"column":1}},"42":{"start":{"line":72,"column":4},"end":{"line":72,"column":17}},"43":{"start":{"line":73,"column":4},"end":{"line":73,"column":18}},"44":{"start":{"line":74,"column":4},"end":{"line":74,"column":38}},"45":{"start":{"line":75,"column":4},"end":{"line":75,"column":42}},"46":{"start":{"line":76,"column":4},"end":{"line":76,"column":50}},"47":{"start":{"line":78,"column":4},"end":{"line":102,"column":11}},"48":{"start":{"line":80,"column":8},"end":{"line":80,"column":46}},"49":{"start":{"line":83,"column":8},"end":{"line":83,"column":24}},"50":{"start":{"line":84,"column":8},"end":{"line":84,"column":52}},"51":{"start":{"line":87,"column":8},"end":{"line":87,"column":25}},"52":{"start":{"line":89,"column":8},"end":{"line":89,"column":57}},"53":{"start":{"line":90,"column":8},"end":{"line":90,"column":71}},"54":{"start":{"line":91,"column":8},"end":{"line":91,"column":73}},"55":{"start":{"line":93,"column":8},"end":{"line":93,"column":24}},"56":{"start":{"line":96,"column":8},"end":{"line":96,"column":39}},"57":{"start":{"line":99,"column":8},"end":{"line":99,"column":31}},"58":{"start":{"line":101,"column":27},"end":{"line":101,"column":41}},"59":{"start":{"line":105,"column":0},"end":{"line":107,"column":1}},"60":{"start":{"line":106,"column":4},"end":{"line":106,"column":42}},"61":{"start":{"line":109,"column":0},"end":{"line":111,"column":1}},"62":{"start":{"line":110,"column":4},"end":{"line":110,"column":60}},"63":{"start":{"line":113,"column":0},"end":{"line":146,"column":1}},"64":{"start":{"line":114,"column":4},"end":{"line":114,"column":18}},"65":{"start":{"line":116,"column":4},"end":{"line":116,"column":50}},"66":{"start":{"line":117,"column":4},"end":{"line":117,"column":42}},"67":{"start":{"line":119,"column":4},"end":{"line":145,"column":11}},"68":{"start":{"line":121,"column":8},"end":{"line":121,"column":43}},"69":{"start":{"line":124,"column":8},"end":{"line":124,"column":25}},"70":{"start":{"line":125,"column":8},"end":{"line":125,"column":55}},"71":{"start":{"line":126,"column":8},"end":{"line":126,"column":66}},"72":{"start":{"line":127,"column":8},"end":{"line":127,"column":26}},"73":{"start":{"line":130,"column":8},"end":{"line":137,"column":11}},"74":{"start":{"line":131,"column":12},"end":{"line":136,"column":13}},"75":{"start":{"line":132,"column":16},"end":{"line":132,"column":32}},"76":{"start":{"line":134,"column":16},"end":{"line":134,"column":40}},"77":{"start":{"line":135,"column":16},"end":{"line":135,"column":33}},"78":{"start":{"line":140,"column":8},"end":{"line":140,"column":25}},"79":{"start":{"line":143,"column":8},"end":{"line":143,"column":22}},"80":{"start":{"line":148,"column":0},"end":{"line":151,"column":1}},"81":{"start":{"line":149,"column":4},"end":{"line":149,"column":37}},"82":{"start":{"line":150,"column":4},"end":{"line":150,"column":19}},"83":{"start":{"line":153,"column":0},"end":{"line":157,"column":1}},"84":{"start":{"line":154,"column":4},"end":{"line":154,"column":42}},"85":{"start":{"line":155,"column":4},"end":{"line":155,"column":28}},"86":{"start":{"line":156,"column":4},"end":{"line":156,"column":32}},"87":{"start":{"line":159,"column":0},"end":{"line":162,"column":1}},"88":{"start":{"line":160,"column":4},"end":{"line":160,"column":42}},"89":{"start":{"line":161,"column":4},"end":{"line":161,"column":34}},"90":{"start":{"line":164,"column":0},"end":{"line":167,"column":1}},"91":{"start":{"line":165,"column":4},"end":{"line":165,"column":42}},"92":{"start":{"line":166,"column":4},"end":{"line":166,"column":46}},"93":{"start":{"line":169,"column":0},"end":{"line":217,"column":1}},"94":{"start":{"line":170,"column":4},"end":{"line":170,"column":50}},"95":{"start":{"line":171,"column":4},"end":{"line":171,"column":38}},"96":{"start":{"line":172,"column":4},"end":{"line":216,"column":7}},"97":{"start":{"line":173,"column":8},"end":{"line":176,"column":9}},"98":{"start":{"line":174,"column":12},"end":{"line":174,"column":26}},"99":{"start":{"line":175,"column":12},"end":{"line":175,"column":19}},"100":{"start":{"line":178,"column":8},"end":{"line":178,"column":22}},"101":{"start":{"line":180,"column":8},"end":{"line":180,"column":28}},"102":{"start":{"line":181,"column":8},"end":{"line":181,"column":18}},"103":{"start":{"line":183,"column":8},"end":{"line":183,"column":21}},"104":{"start":{"line":185,"column":8},"end":{"line":215,"column":9}},"105":{"start":{"line":186,"column":12},"end":{"line":189,"column":13}},"106":{"start":{"line":187,"column":16},"end":{"line":187,"column":31}},"107":{"start":{"line":188,"column":16},"end":{"line":188,"column":23}},"108":{"start":{"line":191,"column":12},"end":{"line":191,"column":33}},"109":{"start":{"line":192,"column":12},"end":{"line":192,"column":90}},"110":{"start":{"line":194,"column":12},"end":{"line":215,"column":8}},"111":{"start":{"line":195,"column":16},"end":{"line":198,"column":17}},"112":{"start":{"line":196,"column":20},"end":{"line":196,"column":34}},"113":{"start":{"line":197,"column":20},"end":{"line":197,"column":27}},"114":{"start":{"line":200,"column":16},"end":{"line":200,"column":43}},"115":{"start":{"line":202,"column":16},"end":{"line":213,"column":19}},"116":{"start":{"line":203,"column":20},"end":{"line":206,"column":21}},"117":{"start":{"line":204,"column":24},"end":{"line":204,"column":38}},"118":{"start":{"line":205,"column":24},"end":{"line":205,"column":31}},"119":{"start":{"line":208,"column":20},"end":{"line":208,"column":45}},"120":{"start":{"line":210,"column":20},"end":{"line":210,"column":42}},"121":{"start":{"line":212,"column":20},"end":{"line":212,"column":45}},"122":{"start":{"line":219,"column":0},"end":{"line":236,"column":1}},"123":{"start":{"line":220,"column":4},"end":{"line":220,"column":50}},"124":{"start":{"line":222,"column":4},"end":{"line":235,"column":11}},"125":{"start":{"line":224,"column":8},"end":{"line":224,"column":91}},"126":{"start":{"line":227,"column":8},"end":{"line":227,"column":46}},"127":{"start":{"line":230,"column":8},"end":{"line":230,"column":23}},"128":{"start":{"line":233,"column":8},"end":{"line":233,"column":22}},"129":{"start":{"line":238,"column":0},"end":{"line":304,"column":1}},"130":{"start":{"line":239,"column":4},"end":{"line":239,"column":50}},"131":{"start":{"line":241,"column":4},"end":{"line":241,"column":15}},"132":{"start":{"line":242,"column":4},"end":{"line":242,"column":14}},"133":{"start":{"line":243,"column":4},"end":{"line":243,"column":14}},"134":{"start":{"line":244,"column":4},"end":{"line":244,"column":17}},"135":{"start":{"line":245,"column":4},"end":{"line":245,"column":22}},"136":{"start":{"line":247,"column":4},"end":{"line":303,"column":11}},"137":{"start":{"line":248,"column":34},"end":{"line":248,"column":64}},"138":{"start":{"line":249,"column":34},"end":{"line":249,"column":48}},"139":{"start":{"line":249,"column":49},"end":{"line":249,"column":104}},"140":{"start":{"line":250,"column":34},"end":{"line":250,"column":47}},"141":{"start":{"line":250,"column":48},"end":{"line":250,"column":141}},"142":{"start":{"line":252,"column":8},"end":{"line":252,"column":21}},"143":{"start":{"line":253,"column":8},"end":{"line":253,"column":64}},"144":{"start":{"line":254,"column":8},"end":{"line":254,"column":53}},"145":{"start":{"line":256,"column":8},"end":{"line":256,"column":50}},"146":{"start":{"line":258,"column":8},"end":{"line":261,"column":9}},"147":{"start":{"line":259,"column":12},"end":{"line":259,"column":64}},"148":{"start":{"line":260,"column":12},"end":{"line":260,"column":19}},"149":{"start":{"line":263,"column":8},"end":{"line":279,"column":15}},"150":{"start":{"line":264,"column":12},"end":{"line":264,"column":36}},"151":{"start":{"line":265,"column":12},"end":{"line":265,"column":40}},"152":{"start":{"line":266,"column":12},"end":{"line":271,"column":15}},"153":{"start":{"line":267,"column":16},"end":{"line":270,"column":43}},"154":{"start":{"line":268,"column":20},"end":{"line":268,"column":36}},"155":{"start":{"line":270,"column":20},"end":{"line":270,"column":43}},"156":{"start":{"line":274,"column":12},"end":{"line":279,"column":15}},"157":{"start":{"line":275,"column":16},"end":{"line":278,"column":35}},"158":{"start":{"line":276,"column":20},"end":{"line":276,"column":36}},"159":{"start":{"line":278,"column":20},"end":{"line":278,"column":35}},"160":{"start":{"line":282,"column":8},"end":{"line":282,"column":24}},"161":{"start":{"line":284,"column":8},"end":{"line":284,"column":77}},"162":{"start":{"line":287,"column":8},"end":{"line":287,"column":47}},"163":{"start":{"line":288,"column":8},"end":{"line":288,"column":33}},"164":{"start":{"line":291,"column":8},"end":{"line":291,"column":32}},"165":{"start":{"line":292,"column":8},"end":{"line":292,"column":60}},"166":{"start":{"line":294,"column":8},"end":{"line":299,"column":29}},"167":{"start":{"line":295,"column":12},"end":{"line":295,"column":50}},"168":{"start":{"line":296,"column":12},"end":{"line":296,"column":68}},"169":{"start":{"line":299,"column":12},"end":{"line":299,"column":29}},"170":{"start":{"line":301,"column":34},"end":{"line":301,"column":53}},"171":{"start":{"line":302,"column":27},"end":{"line":302,"column":41}},"172":{"start":{"line":306,"column":0},"end":{"line":338,"column":1}},"173":{"start":{"line":307,"column":4},"end":{"line":337,"column":7}},"174":{"start":{"line":308,"column":8},"end":{"line":311,"column":9}},"175":{"start":{"line":309,"column":12},"end":{"line":309,"column":26}},"176":{"start":{"line":310,"column":12},"end":{"line":310,"column":19}},"177":{"start":{"line":313,"column":8},"end":{"line":313,"column":35}},"178":{"start":{"line":314,"column":8},"end":{"line":314,"column":18}},"179":{"start":{"line":316,"column":8},"end":{"line":316,"column":27}},"180":{"start":{"line":318,"column":8},"end":{"line":336,"column":9}},"181":{"start":{"line":319,"column":12},"end":{"line":322,"column":13}},"182":{"start":{"line":320,"column":16},"end":{"line":320,"column":31}},"183":{"start":{"line":321,"column":16},"end":{"line":321,"column":23}},"184":{"start":{"line":324,"column":12},"end":{"line":324,"column":46}},"185":{"start":{"line":325,"column":12},"end":{"line":335,"column":15}},"186":{"start":{"line":326,"column":16},"end":{"line":329,"column":17}},"187":{"start":{"line":327,"column":20},"end":{"line":327,"column":34}},"188":{"start":{"line":328,"column":20},"end":{"line":328,"column":27}},"189":{"start":{"line":331,"column":16},"end":{"line":334,"column":51}},"190":{"start":{"line":332,"column":20},"end":{"line":332,"column":37}},"191":{"start":{"line":334,"column":20},"end":{"line":334,"column":51}},"192":{"start":{"line":340,"column":0},"end":{"line":357,"column":1}},"193":{"start":{"line":341,"column":4},"end":{"line":341,"column":50}},"194":{"start":{"line":343,"column":4},"end":{"line":356,"column":7}},"195":{"start":{"line":344,"column":8},"end":{"line":347,"column":9}},"196":{"start":{"line":345,"column":12},"end":{"line":345,"column":26}},"197":{"start":{"line":346,"column":12},"end":{"line":346,"column":19}},"198":{"start":{"line":349,"column":8},"end":{"line":349,"column":22}},"199":{"start":{"line":351,"column":8},"end":{"line":353,"column":11}},"200":{"start":{"line":352,"column":12},"end":{"line":352,"column":33}},"201":{"start":{"line":355,"column":8},"end":{"line":355,"column":24}},"202":{"start":{"line":359,"column":0},"end":{"line":383,"column":0}}},"branchMap":{"1":{"line":20,"type":"if","locations":[{"start":{"line":20,"column":8},"end":{"line":20,"column":8}},{"start":{"line":20,"column":8},"end":{"line":20,"column":8}}]},"2":{"line":25,"type":"if","locations":[{"start":{"line":25,"column":8},"end":{"line":25,"column":8}},{"start":{"line":25,"column":8},"end":{"line":25,"column":8}}]},"3":{"line":36,"type":"if","locations":[{"start":{"line":36,"column":8},"end":{"line":36,"column":8}},{"start":{"line":36,"column":8},"end":{"line":36,"column":8}}]},"4":{"line":50,"type":"if","locations":[{"start":{"line":50,"column":12},"end":{"line":50,"column":12}},{"start":{"line":50,"column":12},"end":{"line":50,"column":12}}]},"5":{"line":58,"type":"if","locations":[{"start":{"line":58,"column":16},"end":{"line":58,"column":16}},{"start":{"line":58,"column":16},"end":{"line":58,"column":16}}]},"6":{"line":131,"type":"if","locations":[{"start":{"line":131,"column":12},"end":{"line":131,"column":12}},{"start":{"line":131,"column":12},"end":{"line":131,"column":12}}]},"7":{"line":173,"type":"if","locations":[{"start":{"line":173,"column":8},"end":{"line":173,"column":8}},{"start":{"line":173,"column":8},"end":{"line":173,"column":8}}]},"8":{"line":186,"type":"if","locations":[{"start":{"line":186,"column":12},"end":{"line":186,"column":12}},{"start":{"line":186,"column":12},"end":{"line":186,"column":12}}]},"9":{"line":195,"type":"if","locations":[{"start":{"line":195,"column":16},"end":{"line":195,"column":16}},{"start":{"line":195,"column":16},"end":{"line":195,"column":16}}]},"10":{"line":203,"type":"if","locations":[{"start":{"line":203,"column":20},"end":{"line":203,"column":20}},{"start":{"line":203,"column":20},"end":{"line":203,"column":20}}]},"11":{"line":253,"type":"cond-expr","locations":[{"start":{"line":253,"column":48},"end":{"line":253,"column":56}},{"start":{"line":253,"column":59},"end":{"line":253,"column":63}}]},"12":{"line":253,"type":"binary-expr","locations":[{"start":{"line":253,"column":23},"end":{"line":253,"column":28}},{"start":{"line":253,"column":32},"end":{"line":253,"column":44}}]},"13":{"line":254,"type":"cond-expr","locations":[{"start":{"line":254,"column":34},"end":{"line":254,"column":48}},{"start":{"line":254,"column":51},"end":{"line":254,"column":52}}]},"14":{"line":258,"type":"if","locations":[{"start":{"line":258,"column":8},"end":{"line":258,"column":8}},{"start":{"line":258,"column":8},"end":{"line":258,"column":8}}]},"15":{"line":263,"type":"if","locations":[{"start":{"line":263,"column":8},"end":{"line":263,"column":8}},{"start":{"line":263,"column":8},"end":{"line":263,"column":8}}]},"16":{"line":267,"type":"if","locations":[{"start":{"line":267,"column":16},"end":{"line":267,"column":16}},{"start":{"line":267,"column":16},"end":{"line":267,"column":16}}]},"17":{"line":275,"type":"if","locations":[{"start":{"line":275,"column":16},"end":{"line":275,"column":16}},{"start":{"line":275,"column":16},"end":{"line":275,"column":16}}]},"18":{"line":294,"type":"if","locations":[{"start":{"line":294,"column":8},"end":{"line":294,"column":8}},{"start":{"line":294,"column":8},"end":{"line":294,"column":8}}]},"19":{"line":308,"type":"if","locations":[{"start":{"line":308,"column":8},"end":{"line":308,"column":8}},{"start":{"line":308,"column":8},"end":{"line":308,"column":8}}]},"20":{"line":319,"type":"if","locations":[{"start":{"line":319,"column":12},"end":{"line":319,"column":12}},{"start":{"line":319,"column":12},"end":{"line":319,"column":12}}]},"21":{"line":326,"type":"if","locations":[{"start":{"line":326,"column":16},"end":{"line":326,"column":16}},{"start":{"line":326,"column":16},"end":{"line":326,"column":16}}]},"22":{"line":331,"type":"if","locations":[{"start":{"line":331,"column":16},"end":{"line":331,"column":16}},{"start":{"line":331,"column":16},"end":{"line":331,"column":16}}]},"23":{"line":344,"type":"if","locations":[{"start":{"line":344,"column":8},"end":{"line":344,"column":8}},{"start":{"line":344,"column":8},"end":{"line":344,"column":8}}]}}},"C:\\Git\\liqueed\\services\\note.js":{"path":"C:\\Git\\liqueed\\services\\note.js","s":{"1":1,"2":1,"3":27,"4":27,"5":1,"6":6,"7":6,"8":1,"9":6,"10":6,"11":1,"12":2,"13":2,"14":1,"15":2,"16":2,"17":1},"b":{},"f":{"1":27,"2":6,"3":6,"4":2,"5":2},"fnMap":{"1":{"name":"addNote","line":5,"loc":{"start":{"line":5,"column":0},"end":{"line":5,"column":27}}},"2":{"name":"getNoteById","line":10,"loc":{"start":{"line":10,"column":0},"end":{"line":10,"column":29}}},"3":{"name":"getAllNotes","line":15,"loc":{"start":{"line":15,"column":0},"end":{"line":15,"column":25}}},"4":{"name":"updat
[...]
end":{"line":42,"column":41}},"31":{"start":{"line":43,"column":0},"end":{"line":43,"column":44}},"32":{"start":{"line":44,"column":0},"end":{"line":44,"column":47}},"33":{"start":{"line":45,"column":0},"end":{"line":45,"column":49}},"34":{"start":{"line":47,"column":0},"end":{"line":47,"column":40}},"35":{"start":{"line":48,"column":0},"end":{"line":48,"column":42}},"36":{"start":{"line":49,"column":0},"end":{"line":49,"column":37}},"37":{"start":{"line":52,"column":0},"end":{"line":56,"column":3}},"38":{"start":{"line":53,"column":4},"end":{"line":53,"column":37}},"39":{"start":{"line":54,"column":4},"end":{"line":54,"column":21}},"40":{"start":{"line":55,"column":4},"end":{"line":55,"column":14}},"41":{"start":{"line":62,"column":0},"end":{"line":71,"column":1}},"42":{"start":{"line":63,"column":4},"end":{"line":70,"column":7}},"43":{"start":{"line":64,"column":8},"end":{"line":64,"column":38}},"44":{"start":{"line":65,"column":8},"end":{"line":69,"column":11}},"45":{"start":{"line":75,"column":0},"end":{"line":81,"column":3}},"46":{"start":{"line":76,"column":4},"end":{"line":76,"column":34}},"47":{"start":{"line":77,"column":4},"end":{"line":80,"column":7}},"48":{"start":{"line":84,"column":0},"end":{"line":84,"column":21}}},"branchMap":{"1":{"line":62,"type":"if","locations":[{"start":{"line":62,"column":0},"end":{"line":62,"column":0}},{"start":{"line":62,"column":0},"end":{"line":62,"column":0}}]},"2":{"line":64,"type":"binary-expr","locations":[{"start":{"line":64,"column":19},"end":{"line":64,"column":29}},{"start":{"line":64,"column":33},"end":{"line":64,"column":36}}]},"3":{"line":76,"type":"binary-expr","locations":[{"start":{"line":76,"column":15},"end":{"line":76,"column":25}},{"start":{"line":76,"column":29},"end":{"line":76,"column":32}}]}}},"C:\\Git\\liqueed\\routes\\index.js":{"path":"C:\\Git\\liqueed\\routes\\index.js","s":{"1":1,"2":1,"3":1,"4":1,"5":1},"b":{},"f":{},"fnMap":{},"statementMap":{"1":{"start":{"line":1,"column":0},"end":{"line":1,"column":33}},"2":{"start":{"line":2,"column":0},"end":{"line":2,"column":30}},"3":{"start":{"line":3,"column":0},"end":{"line":3,"column":49}},"4":{"start":{"line":6,"column":0},"end":{"line":6,"column":34}},"5":{"start":{"line":8,"column":0},"end":{"line":8,"column":24}}},"branchMap":{}},"C:\\Git\\liqueed\\controllers\\index.js":{"path":"C:\\Git\\liqueed\\controllers\\index.js","s":{"1":1,"2":0},"b":{},"f":{"1":0},"fnMap":{"1":{"name":"(anonymous_1)","line":6,"loc":{"start":{"line":6,"column":16},"end":{"line":6,"column":34}}}},"statementMap":{"1":{"start":{"line":6,"column":0},"end":{"line":8,"column":2}},"2":{"start":{"line":7,"column":2},"end":{"line":7,"column":69}}},"branchMap":{}},"C:\\Git\\liqueed\\routes\\note.js":{"path":"C:\\Git\\liqueed\\routes\\note.js","s":{"1":1,"2":1,"3":1,"4":1,"5":1,"6":1,"7":1,"8":1,"9":1,"10":1},"b":{},"f":{},"fnMap":{},"statementMap":{"1":{"start":{"line":1,"column":0},"end":{"line":1,"column":33}},"2":{"start":{"line":2,"column":0},"end":{"line":2,"column":30}},"3":{"start":{"line":3,"column":0},"end":{"line":3,"column":48}},"4":{"start":{"line":6,"column":0},"end":{"line":6,"column":34}},"5":{"start":{"line":9,"column":0},"end":{"line":9,"column":35}},"6":{"start":{"line":12,"column":0},"end":{"line":12,"column":36}},"7":{"start":{"line":15,"column":0},"end":{"line":15,"column":46}},"8":{"start":{"line":18,"column":0},"end":{"line":18,"column":41}},"9":{"start":{"line":21,"column":0},"end":{"line":21,"column":36}},"10":{"start":{"line":23,"column":0},"end":{"line":23,"column":24}}},"branchMap":{}},"C:\\Git\\liqueed\\routes\\person.js":{"path":"C:\\Git\\liqueed\\routes\\person.js","s":{"1":1,"2":1,"3":1,"4":1,"5":1,"6":1},"b":{},"f":{},"fnMap":{},"statementMap":{"1":{"start":{"line":1,"column":0},"end":{"line":1,"column":33}},"2":{"start":{"line":2,"column":0},"end":{"line":2,"column":30}},"3":{"start":{"line":3,"column":0},"end":{"line":3,"column":50}},"4":{"start":{"line":5,"column":0},"end":{"line":5,"column":34}},"5":{"start":{"line":6,"column":0},"end":{"line":6,"column":36}},"6":{"start":{"line":8,"column":0},"end":{"line":8,"column":24}}},"branchMap":{}},"C:\\Git\\liqueed\\routes\\project.js":{"path":"C:\\Git\\liqueed\\routes\\project.js","s":{"1":1,"2":1,"3":1,"4":1,"5":1,"6":1,"7":1,"8":1,"9":1},"b":{},"f":{},"fnMap":{},"statementMap":{"1":{"start":{"line":1,"column":0},"end":{"line":1,"column":33}},"2":{"start":{"line":2,"column":0},"end":{"line":2,"column":30}},"3":{"start":{"line":3,"column":0},"end":{"line":3,"column":51}},"4":{"start":{"line":5,"column":0},"end":{"line":5,"column":34}},"5":{"start":{"line":6,"column":0},"end":{"line":6,"column":42}},"6":{"start":{"line":7,"column":0},"end":{"line":7,"column":43}},"7":{"start":{"line":8,"column":0},"end":{"line":8,"column":36}},"8":{"start":{"line":9,"column":0},"end":{"line":9,"column":54}},"9":{"start":{"line":11,"column":0},"end":{"line":11,"column":24}}},"branchMap":{}},"C:\\Git\\liqueed\\routes\\personapi.js":{"path":"C:\\Git\\liqueed\\routes\\personapi.js","s":{"1":1,"2":1,"3":1,"4":1,"5":1,"6":1,"7":1},"b":{},"f":{},"fnMap":{},"statementMap":{"1":{"start":{"line":1,"column":0},"end":{"line":1,"column":33}},"2":{"start":{"line":2,"column":0},"end":{"line":2,"column":30}},"3":{"start":{"line":3,"column":0},"end":{"line":3,"column":53}},"4":{"start":{"line":5,"column":0},"end":{"line":5,"column":33}},"5":{"start":{"line":6,"column":0},"end":{"line":6,"column":35}},"6":{"start":{"line":7,"column":0},"end":{"line":7,"column":51}},"7":{"start":{"line":9,"column":0},"end":{"line":9,"column":24}}},"branchMap":{}},"C:\\Git\\liqueed\\routes\\projectapi.js":{"path":"C:\\Git\\liqueed\\routes\\projectapi.js","s":{"1":1,"2":1,"3":1,"4":1,"5":1,"6":1,"7":1,"8":1,"9":1,"10":1,"11":1,"12":1,"13":1,"14":1,"15":1},"b":{},"f":{},"fnMap":{},"statementMap":{"1":{"start":{"line":1,"column":0},"end":{"line":1,"column":33}},"2":{"start":{"line":2,"column":0},"end":{"line":2,"column":30}},"3":{"start":{"line":3,"column":0},"end":{"line":3,"column":54}},"4":{"start":{"line":5,"column":0},"end":{"line":5,"column":33}},"5":{"start":{"line":6,"column":0},"end":{"line":6,"column":40}},"6":{"start":{"line":7,"column":0},"end":{"line":7,"column":35}},"7":{"start":{"line":8,"column":0},"end":{"line":8,"column":44}},"8":{"start":{"line":9,"column":0},"end":{"line":9,"column":59}},"9":{"start":{"line":10,"column":0},"end":{"line":10,"column":56}},"10":{"start":{"line":11,"column":0},"end":{"line":11,"column":49}},"11":{"start":{"line":12,"column":0},"end":{"line":12,"column":53}},"12":{"start":{"line":13,"column":0},"end":{"line":13,"column":65}},"13":{"start":{"line":14,"column":0},"end":{"line":14,"column":64}},"14":{"start":{"line":15,"column":0},"end":{"line":15,"column":66}},"15":{"start":{"line":17,"column":0},"end":{"line":17,"column":24}}},"branchMap":{}},"C:\\Git\\liqueed\\routes\\noteapi.js":{"path":"C:\\Git\\liqueed\\routes\\noteapi.js","s":{"1":1,"2":1,"3":1,"4":1,"5":1,"6":1},"b":{},"f":{},"fnMap":{},"statementMap":{"1":{"start":{"line":1,"column":0},"end":{"line":1,"column":33}},"2":{"start":{"line":2,"column":0},"end":{"line":2,"column":30}},"3":{"start":{"line":3,"column":0},"end":{"line":3,"column":51}},"4":{"start":{"line":5,"column":0},"end":{"line":5,"column":33}},"5":{"start":{"line":6,"column":0},"end":{"line":6,"column":35}},"6":{"start":{"line":8,"column":0},"end":{"line":8,"column":24}}},"branchMap":{}},"C:\\Git\\liqueed\\testserver\\utils\\api.js":{"path":"C:\\Git\\liqueed\\testserver\\utils\\api.js","s":{"1":1,"2":1,"3":1,"4":4,"5":4,"6":4,"7":4,"8":4,"9":4,"10":0,"11":4,"12":4,"13":4,"14":4,"15":4,"16":4,"17":0,"18":4,"19":4,"20":0,"21":0,"22":4,"23":4,"24":0,"25":4,"26":1},"b":{"1":[4,0],"2":[0,4],"3":[0,4],"4":[0,4]},"f":{"1":4,"2":4,"3":4,"4":0,"5":4},"fnMap":{"1":{"name":"doRequest","line":5,"loc":{"start":{"line":5,"column":0},"end":{"line":5,"column":46}}},"2":{"name":"(anonymous_2)","line":23,"loc":{"start":{"line":23,"column":36},"end":{"line":23,"column":50}}},"3":{"name":"(anonymous_3)","line":26,"loc":{"start":{"line":26,"column":23},"end":{"line":26,"column":35}}},"4":{"name":"(anonymous_4)","line":31,"loc":{"start":{"line":31,"column":22},"end":{"line":31,"column":36}}},"5":{"name":"(anonymous_5)","line":35,"loc":{"start":{"line":35,"column":22},"end":{"line":35,"column":34}}}},"statementMap":{"1":{"start":{"line":2,"column":0},"end":{"line":2,"column":27}},"2":{"start":{"line":3,"column":0},"end":{"line":3,"column":25}},"3":{"start":{"line":5,"column":0},"end":{"line":49,"column":1}},"4":{"start":{"line":6,"column":4},"end":{"line":6,"column":37}},"5":{"start":{"line":8,"column":4},"end":{"line":11,"column":5}},"6":{"start":{"line":9,"column":8},"end":{"line":9,"column":18}},"7":{"start":{"line":10,"column":8},"end":{"line":10,"column":20}},"8":{"start":{"line":13,"column":4},"end":{"line":18,"column":6}},"9":{"start":{"line":20,"column":4},"end":{"line":21,"column":65}},"10":{"start":{"line":21,"column":8},"end":{"line":21,"column":65}},"11":{"start":{"line":23,"column":4},"end":{"line":43,"column":7}},"12":{"start":{"line":24,"column":8},"end":{"line":24,"column":24}},"13":{"start":{"line":26,"column":8},"end":{"line":29,"column":11}},"14":{"start":{"line":27,"column":12},"end":{"line":27,"column":36}},"15":{"start":{"line":28,"column":12},"end":{"line":28,"column":27}},"16":{"start":{"line":31,"column":8},"end":{"line":33,"column":11}},"17":{"start":{"line":32,"column":12},"end":{"line":32,"column":20}},"18":{"start":{"line":35,"column":8},"end":{"line":42,"column":11}},"19":{"start":{"line":36,"column":12},"end":{"line":39,"column":13}},"20":{"start":{"line":37,"column":16},"end":{"line":37,"column":40}},"21":{"start":{"line":38,"column":16},"end":{"line":38,"column":31}},"22":{"start":{"line":41,"column":12},"end":{"line":41,"column":29}},"23":{"start":{"line":45,"column":4},"end":{"line":46,"column":24}},"24":{"start":{"line":46,"column":8},"end":{"line":46,"column":24}},"25":{"start":{"line":48,"column":4},"end":{"line":48,"column":14}},"26":{"start":{"line":51,"column":0},"end":{"line":53,"column":2}}},"branchMap":{"1":{"line":8,"type":"if","locations":[{"start":{"line":8,"column":4},"end":{"line":8,"column":4}},{"start":{"line":8,"column":4},"end":{"line":8,"column":4}}]},"2":{"line":20,"type":"if","locations":[{"start":{"line":20,"column":4},"end":{"line":20,"column":4}},{"start":{"line":20,"column":4},"end":{"line":20,"column":4}}]},"3":{"line":36,"type":"if","locations":[{"start":{"line":36,"column":12},"end":{"line":36,"column":12}},{"start":{"line":36,"column":12},"end":{"line":36,"column":12}}]},"4":{"line":45,"type":"if","locations":[{"start":{"line":45,"column":4},"end":{"line":45,"column":4}},{"start":{"line":45,"column":4},"end":{"line":45,"column":4}}]}}},"C:\\Git\\liqueed\\testserver\\utils\\ajax.js":{"path":"C:\\Git\\liqueed\\testserver\\utils\\ajax.js","s":{"1":1,"2":1,"3":1,"4":4,"5":4,"6":4,"7":0,"8":4,"9":4,"10":4,"11":4,"12":1,"13":0,"14":0,"15":0,"16":0,"17":1,"18":1},"b":{"1":[0,4],"2":[0,0]},"f":{"1":4,"2":4,"3":4,"4":0,"5":0,"6":1},"fnMap":{"1":{"name":"get","line":6,"loc":{"start":{"line":6,"column":0},"end":{"line":6,"column":22}}},"2":{"name":"(anonymous_2)","line":9,"loc":{"start":{"line":9,"column":39},"end":{"line":9,"column":60}}},"3":{"name":"(anonymous_3)","line":17,"loc":{"start":{"line":17,"column":14},"end":{"line":17,"column":28}}},"4":{"name":"ajax","line":24,"loc":{"start":{"line":24,"column":0},"end":{"line":24,"column":20}}},"5":{"name":"(anonymous_5)","line":25,"loc":{"start":{"line":25,"column":59},"end":{"line":25,"column":84}}},"6":{"name":"(anonymous_6)","line":36,"loc":{"start":{"line":36,"column":15},"end":{"line":36,"column":31}}}},"statementMap":{"1":{"start":{"line":2,"column":0},"end":{"line":2,"column":27}},"2":{"start":{"line":4,"column":0},"end":{"line":4,"column":16}},"3":{"start":{"line":6,"column":0},"end":{"line":22,"column":1}},"4":{"start":{"line":7,"column":4},"end":{"line":7,"column":15}},"5":{"start":{"line":9,"column":4},"end":{"line":14,"column":7}},"6":{"start":{"line":10,"column":8},"end":{"line":13,"column":33}},"7":{"start":{"line":11,"column":12},"end":{"line":11,"column":24}},"8":{"start":{"line":13,"column":12},"end":{"line":13,"column":33}},"9":{"start":{"line":16,"column":4},"end":{"line":22,"column":0}},"10":{"start":{"line":18,"column":12},"end":{"line":18,"column":24}},"11":{"start":{"line":19,"column":12},"end":{"line":19,"column":24}},"12":{"start":{"line":24,"column":0},"end":{"line":31,"column":1}},"13":{"start":{"line":25,"column":4},"end":{"line":30,"column":7}},"14":{"start":{"line":26,"column":8},"end":{"line":29,"column":47}},"15":{"start":{"line":27,"column":12},"end":{"line":27,"column":28}},"16":{"start":{"line":29,"column":12},"end":{"line":29,"column":47}},"17":{"start":{"line":33,"column":0},"end":{"line":39,"column":0}},"18":{"start":{"line":36,"column":33},"end":{"line":36,"column":47}}},"branchMap":{"1":{"line":10,"type":"if","locations":[{"start":{"line":10,"column":8},"end":{"line":10,"column":8}},{"start":{"line":10,"column":8},"end":{"line":10,"column":8}}]},"2":{"line":26,"type":"if","locations":[{"start":{"line":26,"column":8},"end":{"line":26,"column":8}},{"start":{"line":26,"column":8},"end":{"line":26,"column":8}}]}}},"C:\\Git\\liqueed\\public\\scripts\\clientserver.js":{"path":"C:\\Git\\liqueed\\public\\scripts\\clientserver.js","s":{"1":1,"2":1,"3":1,"4":1,"5":1,"6":1,"7":1,"8":0,"9":0,"10":0,"11":1,"12":1,"13":1,"14":0,"15":1,"16":1,"17":1,"18":0,"19":1,"20":0,"21":0,"22":0,"23":1,"24":2,"25":2,"26":0,"27":1,"28":2,"29":1,"30":0,"31":1,"32":0,"33":1,"34":0,"35":1,"36":0,"37":1,"38":0,"39":0,"40":0,"41":0,"42":1,"43":1,"44":1},"b":{"1":[1,0],"2":[1,0],"3":[1,0]},"f":{"1":1,"2":0,"3":0,"4":0,"5":1,"6":1,"7":0,"8":1,"9":1,"10":0,"11":0,"12":0,"13":0,"14":2,"15":2,"16":0,"17":2,"18":0,"19":0,"20":0,"21":0,"22":0,"23":0,"24":0},"fnMap":{"1":{"name":"(anonymous_1)","line":7,"loc":{"start":{"line":7,"column":20},"end":{"line":7,"column":31}}},"2":{"name":"getPersons","line":11,"loc":{"start":{"line":11,"column":4},"end":{"line":11,"column":28}}},"3":{"name":"(anonymous_3)","line":12,"loc":{"start":{"line":12,"column":29},"end":{"line":12,"column":45}}},"4":{"name":"(anonymous_4)","line":14,"loc":{"start":{"line":14,"column":16},"end":{"line":14,"column":31}}},"5":{"name":"getMyProjects","line":19,"loc":{"start":{"line":19,"column":4},"end":{"line":19,"column":31}}},"6":{"name":"(anonymous_6)","line":20,"loc":{"start":{"line":20,"column":30},"end":{"line":20,"column":46}}},"7":{"name":"(anonymous_7)","line":22,"loc":{"start":{"line":22,"column":16},"end":{"line":22,"column":31}}},"8":{"name":"getProject","line":27,"loc":{"start":{"line":27,"column":4},"end":{"line":27,"column":36}}},"9":{"name":"(anonymous_9)","line":28,"loc":{"start":{"line":28,"column":40},"end":{"line":28,"column":56}}},"10":{"name":"(anonymous_10)","line":30,"loc":{"start":{"line":30,"column":16},"end":{"line":30,"column":31}}},"11":{"name":"addProject","line":35,"loc":{"start":{"line":35,"column":4},"end":{"line":35,"column":34}}},"12":{"name":"(anonymous_12)","line":42,"loc":{"start":{"line":42,"column":21},"end":{"line":42,"column":36}}},"13":{"name":"(anonymous_13)","line":45,"loc":{"start":{"line":45,"column":19},"end":{"line":45,"column":33}}},"14":{"name":"getEntity","line":51,"loc":{"start":{"line":51,"column":4},"end":{"line":51,"column":47}}},"15":{"name":"(anonymous_15)","line":52,"loc":{"start":{"line":52,"column":53},"end":{"line":52,"column":69}}},"16":{"name":"(anonymous_16)","line":54,"loc":{"start":{"line":54,"column":16},"end":{"line":54,"column":31}}},"17":{"name":"getPeriods","line":59,"loc":{"start":{"line":59,"column":4},"end":{"line":59,"column":36}}},"18":{"name":"getShareholders","line":63,"loc":{"start":{"line":63,"column":4},"end":{"line":63,"column":41}}},"19":{"name":"getTeam","line":67,"loc":{"start":{"line":67,"column":4},"end":{"line":67,"column":33}}},"20":{"name":"getSharesByProject","line":71,"loc":{"start":{"line":71,"column":4},"end":{"line":71,"column":44}}},"21":{"name":"getAssignments","line":75,"loc":{"start":{"line":75,"column":4},"end":{"line":75,"column":53}}},"22":{"name":"putAssignments","line":79,"loc":{"start":{"line":79,"column":4},"end":{"line":79,"column":74}}},"23":{"name":"(anonymous_23)","line":91,"loc":{"start":{"line":91,"column":21},"end":{"line":91,"column":36}}},"24":{"name":"(anonymous_24)","line":94,"loc":{"start":{"line":94,"column":19},"end":{"line":94,"column":33}}}},"statementMap":{"1":{"start":{"line":2,"column":0},"end":{"line":2,"column":7}},"2":{"start":{"line":4,"column":0},"end":{"line":5,"column":32}},"3":{"start":{"line":5,"column":4},"end":{"line":5,"column":32}},"4":{"start":{"line":7,"column":0},"end":{"line":112,"column":5}},"5":{"start":{"line":8,"column":4},"end":{"line":9,"column":51}},"6":{"start":{"line":9,"column":8},"end":{"line":9,"column":51}},"7":{"start":{"line":11,"column":4},"end":{"line":17,"column":5}},"8":{"start":{"line":12,"column":8},"end":{"line":16,"column":11}},"9":{"start":{"line":13,"column":12},"end":{"line":13,"column":44}},"10":{"start":{"line":15,"column":12},"end":{"line":15,"column":26}},"11":{"start":{"line":19,"column":4},"end":{"line":25,"column":5}},"12":{"start":{"line":20,"column":8},"end":{"line":24,"column":11}},"13":{"start":{"line":21,"column":12},"end":{"line":21,"column":44}},"14":{"start":{"line":23,"column":12},"end":{"line":23,"column":26}},"15":{"start":{"line":27,"column":4},"end":{"line":33,"column":5}},"16":{"start":{"line":28,"column":8},"end":{"line":32,"column":11}},"17":{"start":{"line":29,"column":12},"end":{"line":29,"column":27}},"18":{"start":{"line":31,"column":12},"end":{"line":31,"column":26}},"19":{"start":{"line":35,"column":4},"end":{"line":49,"column":5}},"20":{"start":{"line":36,"column":8},"end":{"line":48,"column":11}},"21":{"start":{"line":43,"column":16},"end":{"line":43,"column":30}},"22":{"start":{"line":46,"column":16},"end":{"line":46,"column":30}},"23":{"start":{"line":51,"column":4},"end":{"line":57,"column":5}},"24":{"start":{"line":52,"column":8},"end":{"line":56,"column":11}},"25":{"start":{"line":53,"column":12},"end":{"line":53,"column":27}},"26":{"start":{"line":55,"column":12},"end":{"line":55,"column":26}},"27":{"start":{"line":59,"column":4},"end":{"line":61,"column":5}},"28":{"start":{"line":60,"column":8},"end":{"line":60,"column":41}},"29":{"start":{"line":63,"column":4},"end":{"line":65,"column":5}},"30":{"start":{"line":64,"column":8},"end":{"line":64,"column":46}},"31":{"start":{"line":67,"column":4},"end":{"line":69,"column":5}},"32":{"start":{"line":68,"column":8},"end":{"line":68,"column":39}},"33":{"start":{"line":71,"column":4},"end":{"line":73,"column":5}},"34":{"start":{"line":72,"column":8},"end":{"line":72,"column":40}},"35":{"start":{"line":75,"column":4},"end":{"line":77,"column":5}},"36":{"start":{"line":76,"column":8},"end":{"line":76,"column":68}},"37":{"start":{"line":79,"column":4},"end":{"line":98,"column":5}},"38":{"start":{"line":80,"column":8},"end":{"line":85,"column":8}},"39":{"start":{"line":85,"column":8},"end":{"line":97,"column":11}},"40":{"start":{"line":92,"column":16},"end":{"line":92,"column":30}},"41":{"start":{"line":95,"column":16},"end":{"line":95,"column":30}},"42":{"start":{"line":100,"column":4},"end":{"line":111,"column":6}},"43":{"start":{"line":114,"column":0},"end":{"line":115,"column":34}},"44":{"start":{"line":115,"column":4},"end":{"line":115,"column":34}}},"branchMap":{"1":{"line":4,"type":"if","locations":[{"start":{"line":4,"column":0},"end":{"line":4,"column":0}},{"start":{"line":4,"column":0},"end":{"line":4,"column":0}}]},"2":{"line":8,"type":"if","locations":[{"start":{"line":8,"column":4},"end":{"line":8,"column":4}},{"start":{"line":8,"column":4},"end":{"line":8,"column":4}}]},"3":{"line":114,"type":"if","locations":[{"start":{"line":114,"column":0},"end":{"line":114,"column":0}},{"start":{"line":114,"column":0},"end":{"line":114,"column":0}}]}}}}