TN:
SF:E:\Git\liqueed\public\scripts\client.js
FN:53,(anonymous_1)
FN:54,getPersons
FN:57,(anonymous_3)
FN:64,loginPerson
FN:65,(anonymous_5)
FN:88,getProjectsByUser
FN:90,(anonymous_7)
FN:91,(anonymous_8)
FN:100,isBelongTo
FN:109,getPendingShareProjects
FN:115,(anonymous_11)
FN:120,(anonymous_12)
FN:135,getMyProjects
FN:139,addProject
FN:146,getProject
FN:156,getViaCallback
FN:157,(anonymous_17)
FN:166,getPeriods
FN:170,addPeriod
FN:189,(anonymous_20)
FN:219,getShareholders
FNF:21
FNH:20
FNDA:1,(anonymous_1)
FNDA:5,getPersons
FNDA:40,(anonymous_3)
FNDA:3,loginPerson
FNDA:3,(anonymous_5)
FNDA:1,getProjectsByUser
FNDA:4,(anonymous_7)
FNDA:15,(anonymous_8)
FNDA:4,isBelongTo
FNDA:1,getPendingShareProjects
FNDA:7,(anonymous_11)
FNDA:0,(anonymous_12)
FNDA:1,getMyProjects
FNDA:1,addProject
FNDA:9,getProject
FNDA:7,getViaCallback
FNDA:7,(anonymous_17)
FNDA:6,getPeriods
FNDA:8,addPeriod
FNDA:3,(anonymous_20)
FNDA:1,getShareholders
DA:3,1
DA:5,1
DA:6,1
DA:8,1
DA:51,1
DA:53,1
DA:54,1
DA:55,5
DA:57,5
DA:58,40
DA:61,5
DA:64,1
DA:65,3
DA:66,3
DA:67,0
DA:68,0
DA:71,3
DA:72,10
DA:74,10
DA:75,2
DA:76,1
DA:78,1
DA:80,2
DA:84,1
DA:88,1
DA:89,1
DA:90,1
DA:91,4
DA:92,15
DA:93,2
DA:97,1
DA:100,1
DA:101,4
DA:102,5
DA:103,2
DA:106,2
DA:109,1
DA:110,1
DA:111,1
DA:112,1
DA:113,4
DA:114,4
DA:115,2
DA:116,7
DA:117,6
DA:119,1
DA:120,0
DA:121,0
DA:124,1
DA:127,2
DA:128,1
DA:132,1
DA:135,1
DA:136,1
DA:139,1
DA:140,1
DA:141,1
DA:143,1
DA:146,1
DA:147,9
DA:148,21
DA:149,9
DA:150,9
DA:153,0
DA:156,1
DA:157,7
DA:158,7
DA:159,7
DA:160,1
DA:162,6
DA:166,1
DA:167,6
DA:170,1
DA:172,8
DA:173,1
DA:174,1
DA:176,7
DA:177,0
DA:178,0
DA:180,7
DA:181,1
DA:182,1
DA:184,6
DA:185,3
DA:186,3
DA:189,3
DA:190,3
DA:191,0
DA:192,0
DA:195,3
DA:196,8
DA:197,8
DA:198,1
DA:199,1
DA:201,7
DA:202,1
DA:203,1
DA:208,1
DA:209,1
DA:210,1
DA:211,1
DA:213,1
DA:215,1
DA:219,1
DA:220,1
DA:223,1
DA:237,1
DA:238,1
LF:108
LH:99
BRDA:5,1,0,1
BRDA:5,1,1,0
BRDA:66,2,0,0
BRDA:66,2,1,3
BRDA:74,3,0,2
BRDA:74,3,1,8
BRDA:75,4,0,1
BRDA:75,4,1,1
BRDA:92,5,0,2
BRDA:92,5,1,13
BRDA:102,6,0,2
BRDA:102,6,1,3
BRDA:114,7,0,2
BRDA:114,7,1,2
BRDA:116,8,0,6
BRDA:116,8,1,1
BRDA:119,9,0,0
BRDA:119,9,1,1
BRDA:127,10,0,1
BRDA:127,10,1,1
BRDA:148,11,0,9
BRDA:148,11,1,12
BRDA:159,12,0,1
BRDA:159,12,1,6
BRDA:172,13,0,1
BRDA:172,13,1,7
BRDA:176,14,0,0
BRDA:176,14,1,7
BRDA:180,15,0,1
BRDA:180,15,1,6
BRDA:184,16,0,3
BRDA:184,16,1,3
BRDA:184,17,0,6
BRDA:184,17,1,4
BRDA:184,17,2,3
BRDA:190,18,0,0
BRDA:190,18,1,3
BRDA:197,19,0,1
BRDA:197,19,1,7
BRDA:201,20,0,1
BRDA:201,20,1,6
BRDA:237,21,0,1
BRDA:237,21,1,0
BRF:43
BRH:37
end_of_record
TN:
SF:E:\Git\liqueed\services\person.js
FN:9,(anonymous_1)
FN:15,(anonymous_2)
FN:21,(anonymous_3)
FN:25,makeUsername
FN:29,makePassword
FN:33,addPerson
FN:41,updatePerson
FN:47,getPersonById
FN:52,loginPerson
FN:54,(anonymous_10)
FN:57,(anonymous_11)
FN:63,(anonymous_12)
FN:72,(anonymous_13)
FN:78,getPersonByName
FN:80,(anonymous_15)
FN:93,getPersonByUserName
FN:95,(anonymous_17)
FN:106,(anonymous_18)
FN:130,getPersons
FN:135,getProjects
FN:139,(anonymous_21)
FN:153,doTeamStep
FN:168,(anonymous_23)
FN:181,completePerson
FN:191,normalizePersons
FN:195,(anonymous_26)
FN:198,(anonymous_27)
FN:206,(anonymous_28)
FN:214,(anonymous_29)
FN:217,(anonymous_30)
FN:223,getPendingShareProjects
FN:228,(anonymous_32)
FN:231,(anonymous_33)
FN:240,(anonymous_34)
FN:254,(anonymous_35)
FN:258,(anonymous_36)
FN:277,(anonymous_37)
FN:280,(anonymous_38)
FNF:38
FNH:31
FNDA:0,(anonymous_1)
FNDA:0,(anonymous_2)
FNDA:0,(anonymous_3)
FNDA:46,makeUsername
FNDA:31,makePassword
FNDA:71,addPerson
FNDA:2,updatePerson
FNDA:655,getPersonById
FNDA:15,loginPerson
FNDA:15,(anonymous_10)
FNDA:15,(anonymous_11)
FNDA:10,(anonymous_12)
FNDA:0,(anonymous_13)
FNDA:26,getPersonByName
FNDA:26,(anonymous_15)
FNDA:17,getPersonByUserName
FNDA:17,(anonymous_17)
FNDA:5,(anonymous_18)
FNDA:23,getPersons
FNDA:28,getProjects
FNDA:28,(anonymous_21)
FNDA:99,doTeamStep
FNDA:71,(anonymous_23)
FNDA:71,completePerson
FNDA:2,normalizePersons
FNDA:2,(anonymous_26)
FNDA:9,(anonymous_27)
FNDA:0,(anonymous_28)
FNDA:2,(anonymous_29)
FNDA:0,(anonymous_30)
FNDA:16,getPendingShareProjects
FNDA:16,(anonymous_32)
FNDA:16,(anonymous_33)
FNDA:16,(anonymous_34)
FNDA:16,(anonymous_35)
FNDA:16,(anonymous_36)
FNDA:16,(anonymous_37)
FNDA:0,(anonymous_38)
DA:3,1
DA:4,1
DA:5,1
DA:7,1
DA:9,1
DA:10,0
DA:13,1
DA:15,1
DA:16,0
DA:19,1
DA:21,1
DA:22,0
DA:25,1
DA:26,46
DA:29,1
DA:30,31
DA:33,1
DA:34,71
DA:36,71
DA:38,71
DA:41,1
DA:42,2
DA:44,2
DA:47,1
DA:48,655
DA:49,655
DA:52,1
DA:53,15
DA:55,15
DA:58,15
DA:59,5
DA:60,5
DA:63,10
DA:64,10
DA:65,5
DA:66,5
DA:69,5
DA:73,0
DA:78,1
DA:79,26
DA:80,26
DA:81,26
DA:82,0
DA:83,0
DA:86,26
DA:87,24
DA:89,2
DA:93,1
DA:94,17
DA:95,17
DA:96,17
DA:97,0
DA:98,0
DA:101,17
DA:102,12
DA:103,12
DA:106,5
DA:107,5
DA:108,0
DA:109,0
DA:112,5
DA:113,19
DA:115,19
DA:116,0
DA:117,0
DA:118,0
DA:121,19
DA:122,19
DA:125,5
DA:130,1
DA:131,23
DA:132,23
DA:135,1
DA:136,28
DA:137,28
DA:139,28
DA:140,28
DA:141,0
DA:142,0
DA:145,28
DA:146,28
DA:148,28
DA:149,28
DA:151,28
DA:153,1
DA:154,99
DA:155,28
DA:156,28
DA:159,71
DA:160,71
DA:162,71
DA:163,0
DA:164,0
DA:167,71
DA:168,71
DA:169,71
DA:170,0
DA:172,71
DA:173,71
DA:174,71
DA:181,1
DA:182,71
DA:183,27
DA:185,71
DA:186,29
DA:187,42
DA:188,2
DA:191,1
DA:192,2
DA:194,2
DA:196,2
DA:199,9
DA:200,9
DA:202,0
DA:203,0
DA:204,0
DA:205,0
DA:206,0
DA:207,0
DA:208,0
DA:210,0
DA:215,2
DA:218,0
DA:223,1
DA:224,16
DA:225,16
DA:226,16
DA:227,16
DA:229,16
DA:232,16
DA:233,16
DA:234,16
DA:235,16
DA:237,0
DA:241,16
DA:242,16
DA:243,177
DA:244,478
DA:245,20
DA:249,16
DA:251,0
DA:255,16
DA:256,16
DA:259,16
DA:260,12
DA:261,14
DA:262,14
DA:263,23
DA:264,7
DA:265,7
DA:268,14
DA:269,7
DA:272,12
DA:274,4
DA:278,16
DA:281,0
DA:286,1
LF:157
LH:127
BRDA:58,1,0,5
BRDA:58,1,1,10
BRDA:64,2,0,5
BRDA:64,2,1,5
BRDA:64,3,0,10
BRDA:64,3,1,10
BRDA:81,4,0,0
BRDA:81,4,1,26
BRDA:86,5,0,24
BRDA:86,5,1,2
BRDA:96,6,0,0
BRDA:96,6,1,17
BRDA:101,7,0,12
BRDA:101,7,1,5
BRDA:107,8,0,0
BRDA:107,8,1,5
BRDA:115,9,0,0
BRDA:115,9,1,19
BRDA:115,10,0,19
BRDA:115,10,1,19
BRDA:121,11,0,19
BRDA:121,11,1,0
BRDA:140,12,0,0
BRDA:140,12,1,28
BRDA:154,13,0,28
BRDA:154,13,1,71
BRDA:162,14,0,0
BRDA:162,14,1,71
BRDA:169,15,0,0
BRDA:169,15,1,71
BRDA:172,16,0,71
BRDA:172,16,1,0
BRDA:182,17,0,27
BRDA:182,17,1,44
BRDA:185,18,0,29
BRDA:185,18,1,42
BRDA:187,19,0,2
BRDA:187,19,1,40
BRDA:199,20,0,9
BRDA:199,20,1,0
BRDA:199,21,0,9
BRDA:199,21,1,9
BRDA:202,22,0,0
BRDA:202,22,1,0
BRDA:204,23,0,0
BRDA:204,23,1,0
BRDA:207,24,0,0
BRDA:207,24,1,0
BRDA:233,25,0,16
BRDA:233,25,1,0
BRDA:241,26,0,16
BRDA:241,26,1,0
BRDA:244,27,0,20
BRDA:244,27,1,458
BRDA:259,28,0,12
BRDA:259,28,1,4
BRDA:263,29,0,7
BRDA:263,29,1,16
BRDA:268,30,0,7
BRDA:268,30,1,7
BRF:60
BRH:42
end_of_record
TN:
SF:E:\Git\liqueed\utils\db.js
FN:13,DbStore
FN:14,(anonymous_2)
FN:16,(anonymous_3)
FN:29,(anonymous_4)
FN:43,(anonymous_5)
FN:45,(anonymous_6)
FN:57,(anonymous_7)
FN:66,(anonymous_8)
FN:75,(anonymous_9)
FN:84,(anonymous_10)
FN:94,makeTransform
FN:95,(anonymous_12)
FN:97,(anonymous_13)
FN:109,MemoryStore
FN:110,(anonymous_15)
FN:111,(anonymous_16)
FN:116,(anonymous_17)
FN:129,(anonymous_18)
FN:134,(anonymous_19)
FN:135,(anonymous_20)
FN:140,(anonymous_21)
FN:141,(anonymous_22)
FN:146,(anonymous_23)
FN:147,(anonymous_24)
FN:152,(anonymous_25)
FN:153,(anonymous_26)
FN:158,(anonymous_27)
FN:159,(anonymous_28)
FN:165,getCreateMemoryStore
FN:175,getCreateDbStore
FN:185,getCreateStore
FN:192,createMemoryStore
FN:198,createDbStore
FN:204,createStore
FN:211,clearStores
FN:219,doStep
FN:227,(anonymous_37)
FN:236,clear
FN:243,useDb
FN:255,closeDb
FN:259,useMemory
FNF:41
FNH:37
FNDA:36,DbStore
FNDA:384,(anonymous_2)
FNDA:384,(anonymous_3)
FNDA:443,(anonymous_4)
FNDA:201,(anonymous_5)
FNDA:201,(anonymous_6)
FNDA:3,(anonymous_7)
FNDA:10,(anonymous_8)
FNDA:59,(anonymous_9)
FNDA:20,(anonymous_10)
FNDA:443,makeTransform
FNDA:443,(anonymous_12)
FNDA:785,(anonymous_13)
FNDA:6,MemoryStore
FNDA:594,(anonymous_15)
FNDA:594,(anonymous_16)
FNDA:761,(anonymous_17)
FNDA:761,(anonymous_18)
FNDA:363,(anonymous_19)
FNDA:363,(anonymous_20)
FNDA:3,(anonymous_21)
FNDA:3,(anonymous_22)
FNDA:12,(anonymous_23)
FNDA:12,(anonymous_24)
FNDA:96,(anonymous_25)
FNDA:96,(anonymous_26)
FNDA:101,(anonymous_27)
FNDA:101,(anonymous_28)
FNDA:1506,getCreateMemoryStore
FNDA:933,getCreateDbStore
FNDA:2439,getCreateStore
FNDA:0,createMemoryStore
FNDA:0,createDbStore
FNDA:0,createStore
FNDA:26,clearStores
FNDA:147,doStep
FNDA:121,(anonymous_37)
FNDA:26,clear
FNDA:6,useDb
FNDA:6,closeDb
FNDA:0,useMemory
DA:3,1
DA:4,1
DA:6,1
DA:7,1
DA:9,1
DA:11,1
DA:13,1
DA:14,36
DA:15,384
DA:16,384
DA:17,384
DA:18,384
DA:19,384
DA:21,384
DA:25,0
DA:29,36
DA:30,443
DA:31,443
DA:32,15
DA:33,428
DA:34,428
DA:36,0
DA:39,0
DA:43,36
DA:44,201
DA:45,201
DA:46,201
DA:47,201
DA:49,0
DA:53,0
DA:57,36
DA:58,3
DA:59,3
DA:62,0
DA:66,36
DA:67,10
DA:68,10
DA:71,0
DA:75,36
DA:76,59
DA:77,59
DA:80,0
DA:84,36
DA:85,20
DA:86,20
DA:89,0
DA:94,1
DA:95,443
DA:96,443
DA:97,268
DA:98,785
DA:99,0
DA:101,785
DA:102,785
DA:105,443
DA:109,1
DA:110,6
DA:111,594
DA:112,594
DA:116,6
DA:117,761
DA:118,761
DA:119,740
DA:120,740
DA:123,21
DA:124,21
DA:125,21
DA:129,761
DA:130,761
DA:134,6
DA:135,363
DA:136,363
DA:140,6
DA:141,3
DA:142,3
DA:146,6
DA:147,12
DA:148,12
DA:152,6
DA:153,96
DA:154,96
DA:158,6
DA:159,101
DA:160,101
DA:165,1
DA:166,1506
DA:167,1500
DA:169,6
DA:170,6
DA:172,6
DA:175,1
DA:176,933
DA:177,897
DA:179,36
DA:180,36
DA:182,36
DA:185,1
DA:186,2439
DA:187,933
DA:189,1506
DA:192,1
DA:193,0
DA:194,0
DA:195,0
DA:198,1
DA:199,0
DA:200,0
DA:201,0
DA:204,1
DA:205,0
DA:206,0
DA:208,0
DA:211,1
DA:212,26
DA:214,26
DA:215,26
DA:217,26
DA:219,1
DA:220,147
DA:221,26
DA:222,26
DA:225,121
DA:227,121
DA:228,121
DA:229,0
DA:231,121
DA:236,1
DA:237,26
DA:238,4
DA:240,22
DA:243,1
DA:244,6
DA:245,6
DA:246,6
DA:247,6
DA:248,6
DA:249,6
DA:250,6
DA:251,6
DA:252,6
DA:255,1
DA:256,6
DA:259,1
DA:260,0
DA:261,0
DA:264,1
LF:146
LH:124
BRDA:17,1,0,384
BRDA:17,1,1,0
BRDA:17,2,0,384
BRDA:17,2,1,384
BRDA:31,3,0,15
BRDA:31,3,1,428
BRDA:31,4,0,443
BRDA:31,4,1,15
BRDA:33,5,0,428
BRDA:33,5,1,0
BRDA:46,6,0,201
BRDA:46,6,1,0
BRDA:46,7,0,201
BRDA:46,7,1,201
BRDA:46,7,2,201
BRDA:96,8,0,268
BRDA:96,8,1,175
BRDA:96,9,0,443
BRDA:96,9,1,443
BRDA:98,10,0,0
BRDA:98,10,1,785
BRDA:117,11,0,761
BRDA:117,11,1,0
BRDA:118,12,0,740
BRDA:118,12,1,21
BRDA:166,13,0,1500
BRDA:166,13,1,6
BRDA:176,14,0,897
BRDA:176,14,1,36
BRDA:186,15,0,933
BRDA:186,15,1,1506
BRDA:205,16,0,0
BRDA:205,16,1,0
BRDA:220,17,0,26
BRDA:220,17,1,121
BRDA:228,18,0,0
BRDA:228,18,1,121
BRDA:237,19,0,4
BRDA:237,19,1,22
BRDA:244,20,0,6
BRDA:244,20,1,6
BRDA:247,21,0,6
BRDA:247,21,1,6
BRDA:247,22,0,6
BRDA:247,22,1,6
BRF:45
BRH:37
end_of_record
TN:
SF:E:\Git\liqueed\utils\mongodb.js
FN:5,Repository
FN:6,getCollection
FN:7,(anonymous_3)
FN:15,(anonymous_4)
FN:16,(anonymous_5)
FN:24,(anonymous_6)
FN:30,(anonymous_7)
FN:38,(anonymous_8)
FN:39,(anonymous_9)
FN:47,(anonymous_10)
FN:48,(anonymous_11)
FN:64,(anonymous_12)
FN:65,(anonymous_13)
FN:81,(anonymous_14)
FN:82,(anonymous_15)
FN:98,(anonymous_16)
FN:99,(anonymous_17)
FN:109,(anonymous_18)
FN:110,(anonymous_19)
FN:112,(anonymous_20)
FN:117,(anonymous_21)
FN:124,(anonymous_22)
FNF:22
FNH:20
FNDA:36,Repository
FNDA:1120,getCollection
FNDA:1120,(anonymous_3)
FNDA:15,(anonymous_4)
FNDA:15,(anonymous_5)
FNDA:428,(anonymous_6)
FNDA:428,(anonymous_7)
FNDA:201,(anonymous_8)
FNDA:201,(anonymous_9)
FNDA:62,(anonymous_10)
FNDA:62,(anonymous_11)
FNDA:10,(anonymous_12)
FNDA:10,(anonymous_13)
FNDA:384,(anonymous_14)
FNDA:384,(anonymous_15)
FNDA:20,(anonymous_16)
FNDA:20,(anonymous_17)
FNDA:36,(anonymous_18)
FNDA:6,(anonymous_19)
FNDA:0,(anonymous_20)
FNDA:6,(anonymous_21)
FNDA:0,(anonymous_22)
DA:3,1
DA:5,1
DA:6,1
DA:7,1120
DA:8,1120
DA:9,0
DA:11,1120
DA:15,36
DA:16,15
DA:17,15
DA:18,0
DA:20,15
DA:24,36
DA:25,428
DA:26,428
DA:27,428
DA:30,428
DA:31,428
DA:32,0
DA:34,428
DA:38,36
DA:39,201
DA:40,201
DA:41,0
DA:43,201
DA:47,36
DA:48,62
DA:49,62
DA:50,0
DA:51,0
DA:54,62
DA:55,62
DA:58,0
DA:59,0
DA:64,36
DA:65,10
DA:66,10
DA:67,0
DA:68,0
DA:71,10
DA:72,10
DA:75,0
DA:76,0
DA:81,36
DA:82,384
DA:83,384
DA:84,0
DA:85,0
DA:88,384
DA:89,384
DA:92,0
DA:93,0
DA:98,36
DA:99,20
DA:100,20
DA:101,0
DA:103,20
DA:108,1
DA:109,36
DA:111,6
DA:112,0
DA:114,6
DA:115,6
DA:117,6
DA:118,6
DA:119,0
DA:120,0
DA:123,6
DA:124,0
DA:125,0
DA:126,0
DA:128,0
DA:132,6
DA:134,6
LF:74
LH:50
BRDA:8,1,0,0
BRDA:8,1,1,1120
BRDA:17,2,0,0
BRDA:17,2,1,15
BRDA:25,3,0,428
BRDA:25,3,1,0
BRDA:31,4,0,0
BRDA:31,4,1,428
BRDA:40,5,0,0
BRDA:40,5,1,201
BRDA:49,6,0,0
BRDA:49,6,1,62
BRDA:66,7,0,0
BRDA:66,7,1,10
BRDA:83,8,0,0
BRDA:83,8,1,384
BRDA:100,9,0,0
BRDA:100,9,1,20
BRDA:111,10,0,0
BRDA:111,10,1,6
BRDA:118,11,0,0
BRDA:118,11,1,6
BRDA:123,12,0,0
BRDA:123,12,1,6
BRDA:125,13,0,0
BRDA:125,13,1,0
BRF:26
BRH:12
end_of_record
TN:
SF:E:\Git\liqueed\services\project.js
FN:7,addProject
FN:12,getProjectById
FN:17,getProjectByName
FN:19,(anonymous_4)
FN:32,addPersonToTeam
FN:34,(anonymous_6)
FN:47,removePersonFromTeam
FN:49,(anonymous_8)
FN:62,getTeam
FN:65,(anonymous_10)
FN:79,doTeamStep
FN:87,(anonymous_12)
FN:101,getShareholders
FN:109,(anonymous_14)
FN:112,(anonymous_15)
FN:116,(anonymous_16)
FN:125,(anonymous_17)
FN:128,(anonymous_18)
FN:131,(anonymous_19)
FN:135,getReceivedAssignmentsByProjectPerson
FN:139,getGivenAssignmentsByProjectPerson
FN:143,getAssignmentList
FN:154,(anonymous_23)
FN:160,(anonymous_24)
FN:164,(anonymous_25)
FN:176,(anonymous_26)
FN:193,(anonymous_27)
FN:204,(anonymous_28)
FN:226,(anonymous_29)
FN:238,(anonymous_30)
FN:255,(anonymous_31)
FN:258,(anonymous_32)
FN:264,getSharesByProject
FN:273,getSharesByPeriod
FN:282,getShares
FN:294,(anonymous_36)
FN:300,(anonymous_37)
FN:304,(anonymous_38)
FN:308,(anonymous_39)
FN:319,(anonymous_40)
FN:320,(anonymous_41)
FN:329,(anonymous_42)
FN:332,(anonymous_43)
FN:338,getProjects
FN:343,addPeriod
FN:363,(anonymous_46)
FN:395,getPeriodById
FN:400,getPeriodByName
FN:402,(anonymous_49)
FN:412,getPeriods
FN:417,getAssignments
FN:420,(anonymous_52)
FN:433,doDataStep
FN:442,(anonymous_54)
FN:454,(anonymous_55)
FN:475,removeAssignments
FN:479,(anonymous_57)
FN:482,(anonymous_58)
FN:485,(anonymous_59)
FN:488,(anonymous_60)
FN:494,putAssignment
FN:504,(anonymous_62)
FN:512,(anonymous_63)
FN:513,(anonymous_64)
FN:514,(anonymous_65)
FN:515,(anonymous_66)
FN:530,(anonymous_67)
FN:538,(anonymous_68)
FN:545,(anonymous_69)
FN:550,(anonymous_70)
FN:554,(anonymous_71)
FN:565,(anonymous_72)
FN:566,(anonymous_73)
FN:570,putAssignments
FN:571,(anonymous_75)
FN:582,doAssignmentStep
FN:589,(anonymous_77)
FN:604,getTotalAssignments
FN:607,(anonymous_79)
FN:615,(anonymous_80)
FN:623,getTotalSharesByProject
FN:634,(anonymous_82)
FN:640,(anonymous_83)
FN:648,(anonymous_84)
FN:665,setPeriodClosed
FN:670,openPeriod
FN:674,closePeriod
FNF:87
FNH:82
FNDA:67,addProject
FNDA:27,getProjectById
FNDA:38,getProjectByName
FNDA:38,(anonymous_4)
FNDA:168,addPersonToTeam
FNDA:168,(anonymous_6)
FNDA:4,removePersonFromTeam
FNDA:4,(anonymous_8)
FNDA:171,getTeam
FNDA:171,(anonymous_10)
FNDA:630,doTeamStep
FNDA:459,(anonymous_12)
FNDA:9,getShareholders
FNDA:9,(anonymous_14)
FNDA:9,(anonymous_15)
FNDA:9,(anonymous_16)
FNDA:15,(anonymous_17)
FNDA:9,(anonymous_18)
FNDA:0,(anonymous_19)
FNDA:3,getReceivedAssignmentsByProjectPerson
FNDA:5,getGivenAssignmentsByProjectPerson
FNDA:8,getAssignmentList
FNDA:8,(anonymous_23)
FNDA:8,(anonymous_24)
FNDA:12,(anonymous_25)
FNDA:8,(anonymous_26)
FNDA:12,(anonymous_27)
FNDA:12,(anonymous_28)
FNDA:12,(anonymous_29)
FNDA:4,(anonymous_30)
FNDA:8,(anonymous_31)
FNDA:0,(anonymous_32)
FNDA:13,getSharesByProject
FNDA:2,getSharesByPeriod
FNDA:15,getShares
FNDA:15,(anonymous_36)
FNDA:15,(anonymous_37)
FNDA:15,(anonymous_38)
FNDA:12,(anonymous_39)
FNDA:23,(anonymous_40)
FNDA:23,(anonymous_41)
FNDA:15,(anonymous_42)
FNDA:0,(anonymous_43)
FNDA:13,getProjects
FNDA:117,addPeriod
FNDA:102,(anonymous_46)
FNDA:163,getPeriodById
FNDA:9,getPeriodByName
FNDA:9,(anonymous_49)
FNDA:128,getPeriods
FNDA:23,getAssignments
FNDA:23,(anonymous_52)
FNDA:114,doDataStep
FNDA:91,(anonymous_54)
FNDA:91,(anonymous_55)
FNDA:15,removeAssignments
FNDA:15,(anonymous_57)
FNDA:18,(anonymous_58)
FNDA:15,(anonymous_59)
FNDA:0,(anonymous_60)
FNDA:145,putAssignment
FNDA:145,(anonymous_62)
FNDA:139,(anonymous_63)
FNDA:139,(anonymous_64)
FNDA:139,(anonymous_65)
FNDA:139,(anonymous_66)
FNDA:6,(anonymous_67)
FNDA:129,(anonymous_68)
FNDA:135,(anonymous_69)
FNDA:135,(anonymous_70)
FNDA:135,(anonymous_71)
FNDA:135,(anonymous_72)
FNDA:0,(anonymous_73)
FNDA:13,putAssignments
FNDA:13,(anonymous_75)
FNDA:27,doAssignmentStep
FNDA:18,(anonymous_77)
FNDA:151,getTotalAssignments
FNDA:151,(anonymous_79)
FNDA:96,(anonymous_80)
FNDA:10,getTotalSharesByProject
FNDA:10,(anonymous_82)
FNDA:10,(anonymous_83)
FNDA:2,(anonymous_84)
FNDA:104,setPeriodClosed
FNDA:7,openPeriod
FNDA:97,closePeriod
DA:3,1
DA:4,1
DA:5,1
DA:7,1
DA:8,67
DA:9,67
DA:12,1
DA:13,27
DA:14,27
DA:17,1
DA:18,38
DA:19,38
DA:20,38
DA:21,0
DA:22,0
DA:25,38
DA:26,38
DA:28,0
DA:32,1
DA:33,168
DA:34,168
DA:35,168
DA:36,0
DA:37,0
DA:40,168
DA:41,2
DA:43,166
DA:47,1
DA:48,4
DA:49,4
DA:50,4
DA:51,0
DA:52,0
DA:55,4
DA:56,4
DA:58,0
DA:62,1
DA:63,171
DA:65,171
DA:66,171
DA:67,0
DA:68,0
DA:71,171
DA:72,171
DA:74,171
DA:75,171
DA:77,171
DA:79,1
DA:80,630
DA:81,171
DA:82,171
DA:85,459
DA:87,459
DA:88,459
DA:89,0
DA:90,0
DA:93,459
DA:95,459
DA:101,1
DA:102,9
DA:103,9
DA:104,9
DA:105,9
DA:106,9
DA:108,9
DA:110,9
DA:113,9
DA:114,9
DA:117,9
DA:119,9
DA:120,9
DA:121,9
DA:123,9
DA:126,15
DA:129,9
DA:131,0
DA:135,1
DA:136,3
DA:139,1
DA:140,5
DA:143,1
DA:144,8
DA:145,8
DA:146,8
DA:148,8
DA:150,8
DA:151,8
DA:153,8
DA:155,8
DA:156,8
DA:158,0
DA:161,8
DA:162,8
DA:165,12
DA:166,4
DA:167,4
DA:170,8
DA:171,0
DA:172,0
DA:173,0
DA:176,8
DA:177,8
DA:178,0
DA:179,0
DA:182,8
DA:187,8
DA:188,8
DA:190,8
DA:194,12
DA:195,0
DA:197,0
DA:198,0
DA:200,0
DA:201,0
DA:204,12
DA:205,12
DA:206,0
DA:207,0
DA:210,12
DA:217,12
DA:218,12
DA:220,12
DA:221,12
DA:223,12
DA:227,12
DA:228,8
DA:229,8
DA:232,4
DA:233,0
DA:234,0
DA:235,0
DA:238,4
DA:239,4
DA:240,0
DA:241,0
DA:244,4
DA:249,4
DA:250,4
DA:252,4
DA:256,8
DA:259,0
DA:264,1
DA:265,13
DA:266,4
DA:267,4
DA:270,13
DA:273,1
DA:274,2
DA:275,2
DA:276,2
DA:279,2
DA:282,1
DA:283,15
DA:285,15
DA:287,15
DA:288,15
DA:289,15
DA:291,15
DA:293,15
DA:295,15
DA:296,15
DA:298,0
DA:301,15
DA:302,15
DA:305,15
DA:307,15
DA:308,5
DA:309,12
DA:310,12
DA:311,0
DA:312,12
DA:315,15
DA:316,15
DA:317,15
DA:320,23
DA:321,23
DA:322,0
DA:324,23
DA:325,23
DA:330,15
DA:333,0
DA:338,1
DA:339,13
DA:340,13
DA:343,1
DA:346,117
DA:347,3
DA:348,3
DA:350,114
DA:351,0
DA:352,0
DA:354,114
DA:355,3
DA:356,3
DA:358,111
DA:359,9
DA:360,9
DA:363,102
DA:364,102
DA:365,0
DA:366,0
DA:369,102
DA:370,63
DA:371,63
DA:372,2
DA:373,2
DA:375,61
DA:376,2
DA:377,2
DA:382,98
DA:383,98
DA:384,98
DA:385,2
DA:387,98
DA:389,98
DA:390,98
DA:395,1
DA:396,163
DA:397,163
DA:400,1
DA:401,9
DA:402,9
DA:403,9
DA:404,0
DA:405,9
DA:406,9
DA:408,0
DA:412,1
DA:413,128
DA:414,128
DA:417,1
DA:418,23
DA:419,23
DA:420,23
DA:421,23
DA:422,0
DA:423,0
DA:426,23
DA:428,23
DA:429,23
DA:431,23
DA:433,1
DA:434,114
DA:435,23
DA:436,23
DA:439,91
DA:440,91
DA:442,91
DA:443,91
DA:444,0
DA:445,0
DA:448,91
DA:454,91
DA:455,91
DA:456,0
DA:457,0
DA:460,91
DA:466,91
DA:468,91
DA:475,1
DA:476,15
DA:478,15
DA:480,15
DA:483,18
DA:486,15
DA:489,0
DA:494,1
DA:495,145
DA:497,145
DA:498,145
DA:499,145
DA:500,145
DA:501,145
DA:503,145
DA:505,145
DA:507,6
DA:508,6
DA:510,139
DA:512,139
DA:513,139
DA:514,139
DA:516,139
DA:517,139
DA:518,139
DA:519,139
DA:521,139
DA:522,4
DA:523,4
DA:526,135
DA:527,6
DA:528,6
DA:530,6
DA:531,6
DA:532,0
DA:534,6
DA:538,129
DA:539,129
DA:540,0
DA:542,129
DA:546,135
DA:548,135
DA:551,135
DA:552,135
DA:555,135
DA:556,135
DA:558,135
DA:559,49
DA:560,49
DA:563,86
DA:565,135
DA:566,0
DA:570,1
DA:571,13
DA:572,13
DA:573,0
DA:574,0
DA:577,13
DA:578,13
DA:580,13
DA:582,1
DA:583,27
DA:584,9
DA:585,9
DA:588,18
DA:589,18
DA:590,18
DA:591,4
DA:592,4
DA:595,14
DA:596,0
DA:598,14
DA:604,1
DA:605,151
DA:607,151
DA:608,151
DA:609,0
DA:610,0
DA:613,151
DA:615,151
DA:616,96
DA:619,151
DA:623,1
DA:624,10
DA:625,4
DA:626,4
DA:629,10
DA:631,10
DA:632,10
DA:634,10
DA:635,10
DA:636,0
DA:637,0
DA:640,10
DA:641,10
DA:642,0
DA:643,0
DA:646,10
DA:648,10
DA:649,2
DA:650,0
DA:651,0
DA:652,0
DA:653,0
DA:654,0
DA:657,2
DA:660,10
DA:665,1
DA:666,104
DA:667,104
DA:670,1
DA:671,7
DA:674,1
DA:675,97
DA:678,1
LF:374
LH:308
BRDA:20,1,0,0
BRDA:20,1,1,38
BRDA:25,2,0,38
BRDA:25,2,1,0
BRDA:35,3,0,0
BRDA:35,3,1,168
BRDA:40,4,0,2
BRDA:40,4,1,166
BRDA:50,5,0,0
BRDA:50,5,1,4
BRDA:55,6,0,4
BRDA:55,6,1,0
BRDA:66,7,0,0
BRDA:66,7,1,171
BRDA:80,8,0,171
BRDA:80,8,1,459
BRDA:88,9,0,0
BRDA:88,9,1,459
BRDA:155,10,0,8
BRDA:155,10,1,0
BRDA:155,11,0,8
BRDA:155,11,1,8
BRDA:165,12,0,4
BRDA:165,12,1,8
BRDA:170,13,0,0
BRDA:170,13,1,8
BRDA:177,14,0,0
BRDA:177,14,1,8
BRDA:194,15,0,0
BRDA:194,15,1,12
BRDA:197,16,0,0
BRDA:197,16,1,0
BRDA:197,17,0,0
BRDA:197,17,1,0
BRDA:205,18,0,0
BRDA:205,18,1,12
BRDA:220,19,0,12
BRDA:220,19,1,0
BRDA:220,20,0,12
BRDA:220,20,1,12
BRDA:227,21,0,8
BRDA:227,21,1,4
BRDA:232,22,0,0
BRDA:232,22,1,4
BRDA:239,23,0,0
BRDA:239,23,1,4
BRDA:265,24,0,4
BRDA:265,24,1,9
BRDA:265,25,0,13
BRDA:265,25,1,4
BRDA:274,26,0,2
BRDA:274,26,1,0
BRDA:274,27,0,2
BRDA:274,27,1,2
BRDA:283,28,0,15
BRDA:283,28,1,6
BRDA:295,29,0,15
BRDA:295,29,1,0
BRDA:295,30,0,15
BRDA:295,30,1,15
BRDA:307,31,0,5
BRDA:307,31,1,10
BRDA:310,32,0,0
BRDA:310,32,1,12
BRDA:321,33,0,0
BRDA:321,33,1,23
BRDA:346,34,0,3
BRDA:346,34,1,114
BRDA:350,35,0,0
BRDA:350,35,1,114
BRDA:354,36,0,3
BRDA:354,36,1,111
BRDA:358,37,0,9
BRDA:358,37,1,102
BRDA:358,38,0,111
BRDA:358,38,1,105
BRDA:358,38,2,102
BRDA:364,39,0,0
BRDA:364,39,1,102
BRDA:371,40,0,2
BRDA:371,40,1,61
BRDA:375,41,0,2
BRDA:375,41,1,59
BRDA:384,42,0,2
BRDA:384,42,1,96
BRDA:403,43,0,0
BRDA:403,43,1,9
BRDA:405,44,0,9
BRDA:405,44,1,0
BRDA:421,45,0,0
BRDA:421,45,1,23
BRDA:434,46,0,23
BRDA:434,46,1,91
BRDA:443,47,0,0
BRDA:443,47,1,91
BRDA:455,48,0,0
BRDA:455,48,1,91
BRDA:505,49,0,6
BRDA:505,49,1,139
BRDA:517,50,0,8
BRDA:517,50,1,131
BRDA:517,51,0,139
BRDA:517,51,1,139
BRDA:518,52,0,8
BRDA:518,52,1,131
BRDA:521,53,0,4
BRDA:521,53,1,135
BRDA:526,54,0,6
BRDA:526,54,1,129
BRDA:531,55,0,0
BRDA:531,55,1,6
BRDA:539,56,0,0
BRDA:539,56,1,129
BRDA:558,57,0,49
BRDA:558,57,1,86
BRDA:572,58,0,0
BRDA:572,58,1,13
BRDA:583,59,0,9
BRDA:583,59,1,18
BRDA:590,60,0,4
BRDA:590,60,1,14
BRDA:595,61,0,0
BRDA:595,61,1,14
BRDA:608,62,0,0
BRDA:608,62,1,151
BRDA:624,63,0,4
BRDA:624,63,1,6
BRDA:624,64,0,10
BRDA:624,64,1,4
BRDA:629,65,0,10
BRDA:629,65,1,4
BRDA:635,66,0,0
BRDA:635,66,1,10
BRDA:641,67,0,0
BRDA:641,67,1,10
BRDA:649,68,0,0
BRDA:649,68,1,2
BRDA:650,69,0,0
BRDA:650,69,1,0
BRDA:653,70,0,0
BRDA:653,70,1,0
BRDA:653,71,0,0
BRDA:653,71,1,0
BRF:143
BRH:99
end_of_record
TN:
SF:E:\Git\liqueed\utils\loaddata.js
FN:7,load
FN:21,doPersonStep
FN:28,(anonymous_3)
FN:40,doProjects
FN:46,doProjectStep
FN:57,(anonymous_6)
FN:68,doTeamStep
FN:78,(anonymous_8)
FN:86,doPeriods
FN:92,doPeriodStep
FN:100,(anonymous_11)
FN:107,(anonymous_12)
FN:125,doAssignmentStep
FN:134,(anonymous_14)
FN:148,doNotes
FN:154,doNoteStep
FN:162,(anonymous_17)
FNF:17
FNH:17
FNDA:11,load
FNDA:55,doPersonStep
FNDA:44,(anonymous_3)
FNDA:11,doProjects
FNDA:55,doProjectStep
FNDA:44,(anonymous_6)
FNDA:187,doTeamStep
FNDA:143,(anonymous_8)
FNDA:44,doPeriods
FNDA:132,doPeriodStep
FNDA:88,(anonymous_11)
FNDA:88,(anonymous_12)
FNDA:132,doAssignmentStep
FNDA:110,(anonymous_14)
FNDA:11,doNotes
FNDA:44,doNoteStep
FNDA:33,(anonymous_17)
DA:3,1
DA:4,1
DA:5,1
DA:7,1
DA:8,11
DA:9,11
DA:10,11
DA:13,11
DA:14,11
DA:16,11
DA:17,11
DA:19,11
DA:21,1
DA:22,55
DA:23,11
DA:24,11
DA:27,44
DA:28,44
DA:29,44
DA:30,0
DA:31,0
DA:34,44
DA:36,44
DA:40,1
DA:41,11
DA:42,11
DA:44,11
DA:46,1
DA:47,55
DA:48,11
DA:49,11
DA:52,44
DA:53,44
DA:54,44
DA:55,44
DA:57,44
DA:58,44
DA:59,0
DA:60,0
DA:63,44
DA:64,44
DA:66,44
DA:68,1
DA:69,187
DA:70,44
DA:71,44
DA:74,143
DA:75,143
DA:77,143
DA:78,143
DA:79,143
DA:80,0
DA:82,143
DA:86,1
DA:87,44
DA:88,44
DA:90,44
DA:92,1
DA:93,132
DA:94,44
DA:95,44
DA:98,88
DA:99,88
DA:100,88
DA:101,88
DA:102,0
DA:103,0
DA:106,88
DA:107,88
DA:108,88
DA:109,0
DA:110,0
DA:115,88
DA:116,66
DA:117,66
DA:120,22
DA:121,22
DA:123,22
DA:125,1
DA:126,132
DA:127,22
DA:128,22
DA:131,110
DA:132,110
DA:133,110
DA:134,110
DA:135,110
DA:136,0
DA:138,110
DA:148,1
DA:149,11
DA:150,11
DA:152,11
DA:154,1
DA:155,44
DA:156,11
DA:157,11
DA:160,33
DA:162,33
DA:163,33
DA:164,0
DA:166,33
DA:172,1
LF:103
LH:92
BRDA:8,1,0,11
BRDA:8,1,1,0
BRDA:22,2,0,11
BRDA:22,2,1,44
BRDA:29,3,0,0
BRDA:29,3,1,44
BRDA:47,4,0,11
BRDA:47,4,1,44
BRDA:58,5,0,0
BRDA:58,5,1,44
BRDA:69,6,0,44
BRDA:69,6,1,143
BRDA:77,7,0,143
BRDA:77,7,1,0
BRDA:79,8,0,0
BRDA:79,8,1,143
BRDA:93,9,0,44
BRDA:93,9,1,88
BRDA:101,10,0,0
BRDA:101,10,1,88
BRDA:106,11,0,88
BRDA:106,11,1,0
BRDA:106,12,0,88
BRDA:106,12,1,33
BRDA:108,13,0,0
BRDA:108,13,1,88
BRDA:115,14,0,66
BRDA:115,14,1,22
BRDA:126,15,0,22
BRDA:126,15,1,110
BRDA:135,16,0,0
BRDA:135,16,1,110
BRDA:155,17,0,11
BRDA:155,17,1,33
BRDA:163,18,0,0
BRDA:163,18,1,33
BRF:36
BRH:26
end_of_record
TN:
SF:E:\Git\liqueed\services\note.js
FN:5,addNote
FN:10,getNoteById
FN:15,getAllNotes
FN:20,updateNoteById
FN:25,removeNoteById
FNF:5
FNH:1
FNDA:33,addNote
FNDA:0,getNoteById
FNDA:0,getAllNotes
FNDA:0,updateNoteById
FNDA:0,removeNoteById
DA:3,1
DA:5,1
DA:6,33
DA:7,33
DA:10,1
DA:11,0
DA:12,0
DA:15,1
DA:16,0
DA:17,0
DA:20,1
DA:21,0
DA:22,0
DA:25,1
DA:26,0
DA:27,0
DA:30,1
LF:17
LH:9
BRF:0
BRH:0
end_of_record
TN:
SF:E:\Git\liqueed\public\scripts\logic.js
FN:3,(anonymous_1)
FN:4,acceptShares
FN:7,(anonymous_3)
FNF:3
FNH:3
FNDA:1,(anonymous_1)
FNDA:5,acceptShares
FNDA:10,(anonymous_3)
DA:3,1
DA:4,1
DA:5,5
DA:6,5
DA:7,5
DA:8,10
DA:10,10
DA:11,3
DA:13,10
DA:14,10
DA:16,8
DA:20,5
DA:21,2
DA:23,3
DA:24,2
DA:25,1
DA:26,0
DA:27,1
DA:30,1
DA:35,1
DA:36,1
LF:21
LH:20
BRDA:10,1,0,3
BRDA:10,1,1,7
BRDA:10,2,0,10
BRDA:10,2,1,8
BRDA:14,3,0,8
BRDA:14,3,1,2
BRDA:20,4,0,2
BRDA:20,4,1,3
BRDA:23,5,0,2
BRDA:23,5,1,1
BRDA:25,6,0,0
BRDA:25,6,1,1
BRDA:35,7,0,1
BRDA:35,7,1,0
BRF:14
BRH:12
end_of_record
TN:
SF:E:\Git\liqueed\public\scripts\pages.js
FN:13,(anonymous_1)
FN:19,activatePage
FN:27,makeProjectButton
FN:37,makePeriodButton
FN:47,makeAnAlert
FN:53,doSignIn
FN:57,(anonymous_7)
FN:79,doSignOut
FN:85,gotoSignIn
FN:86,(anonymous_10)
FN:97,showSignIn
FN:104,(anonymous_12)
FN:115,gotoProjects
FN:119,(anonymous_14)
FN:127,innerGotoProjects
FN:129,(anonymous_16)
FN:138,showAlerts
FN:141,(anonymous_18)
FN:145,(anonymous_19)
FN:153,showProjects
FN:159,(anonymous_21)
FN:161,(anonymous_22)
FN:170,gotoNewProject
FN:178,gotoProject
FN:182,(anonymous_25)
FN:190,innerGotoProject
FN:192,(anonymous_27)
FN:201,(anonymous_28)
FN:214,showProject
FN:223,(anonymous_30)
FN:232,(anonymous_31)
FN:233,(anonymous_32)
FN:238,(anonymous_33)
FN:250,(anonymous_34)
FN:260,(anonymous_35)
FN:262,(anonymous_36)
FN:273,gotoMyShares
FN:280,gotoShares
FN:298,(anonymous_39)
FN:304,(anonymous_40)
FN:313,(anonymous_41)
FN:317,(anonymous_42)
FN:326,(anonymous_43)
FN:330,(anonymous_44)
FN:347,showSharesChart
FN:350,(anonymous_46)
FN:387,createProject
FN:390,(anonymous_48)
FN:398,createPeriod
FN:417,(anonymous_50)
FN:431,showPeriod
FN:452,(anonymous_52)
FN:476,(anonymous_53)
FN:480,(anonymous_54)
FN:490,(anonymous_55)
FN:493,(anonymous_56)
FN:508,(anonymous_57)
FN:528,done
FN:540,gotoNewPeriod
FN:557,(anonymous_60)
FN:565,(anonymous_61)
FNF:61
FNH:7
FNDA:1,(anonymous_1)
FNDA:2,activatePage
FNDA:0,makeProjectButton
FNDA:0,makePeriodButton
FNDA:0,makeAnAlert
FNDA:0,doSignIn
FNDA:0,(anonymous_7)
FNDA:0,doSignOut
FNDA:1,gotoSignIn
FNDA:1,(anonymous_10)
FNDA:1,showSignIn
FNDA:8,(anonymous_12)
FNDA:0,gotoProjects
FNDA:0,(anonymous_14)
FNDA:0,innerGotoProjects
FNDA:0,(anonymous_16)
FNDA:0,showAlerts
FNDA:0,(anonymous_18)
FNDA:0,(anonymous_19)
FNDA:0,showProjects
FNDA:0,(anonymous_21)
FNDA:0,(anonymous_22)
FNDA:1,gotoNewProject
FNDA:0,gotoProject
FNDA:0,(anonymous_25)
FNDA:0,innerGotoProject
FNDA:0,(anonymous_27)
FNDA:0,(anonymous_28)
FNDA:0,showProject
FNDA:0,(anonymous_30)
FNDA:0,(anonymous_31)
FNDA:0,(anonymous_32)
FNDA:0,(anonymous_33)
FNDA:0,(anonymous_34)
FNDA:0,(anonymous_35)
FNDA:0,(anonymous_36)
FNDA:0,gotoMyShares
FNDA:0,gotoShares
FNDA:0,(anonymous_39)
FNDA:0,(anonymous_40)
FNDA:0,(anonymous_41)
FNDA:0,(anonymous_42)
FNDA:0,(anonymous_43)
FNDA:0,(anonymous_44)
FNDA:0,showSharesChart
FNDA:0,(anonymous_46)
FNDA:0,createProject
FNDA:0,(anonymous_48)
FNDA:0,createPeriod
FNDA:0,(anonymous_50)
FNDA:0,showPeriod
FNDA:0,(anonymous_52)
FNDA:0,(anonymous_53)
FNDA:0,(anonymous_54)
FNDA:0,(anonymous_55)
FNDA:0,(anonymous_56)
FNDA:0,(anonymous_57)
FNDA:0,done
FNDA:0,gotoNewPeriod
FNDA:0,(anonymous_60)
FNDA:0,(anonymous_61)
DA:4,1
DA:5,1
DA:7,1
DA:8,1
DA:10,1
DA:11,1
DA:13,1
DA:14,1
DA:15,1
DA:16,1
DA:17,1
DA:19,1
DA:20,2
DA:21,1
DA:23,2
DA:24,2
DA:27,1
DA:28,0
DA:37,1
DA:38,0
DA:47,1
DA:48,0
DA:53,1
DA:54,0
DA:55,0
DA:57,0
DA:58,0
DA:59,0
DA:60,0
DA:63,0
DA:64,0
DA:65,0
DA:68,0
DA:70,0
DA:71,0
DA:73,0
DA:74,0
DA:75,0
DA:79,1
DA:80,0
DA:81,0
DA:82,0
DA:85,1
DA:86,1
DA:87,1
DA:88,0
DA:89,0
DA:91,0
DA:93,1
DA:97,1
DA:98,1
DA:100,1
DA:102,1
DA:104,1
DA:105,8
DA:106,8
DA:109,1
DA:111,1
DA:112,1
DA:115,1
DA:116,0
DA:117,0
DA:119,0
DA:120,0
DA:121,0
DA:124,0
DA:127,1
DA:128,0
DA:129,0
DA:130,0
DA:131,0
DA:133,0
DA:135,0
DA:138,1
DA:139,0
DA:140,0
DA:141,0
DA:142,0
DA:143,0
DA:145,0
DA:146,0
DA:153,1
DA:154,0
DA:156,0
DA:157,0
DA:159,0
DA:160,0
DA:162,0
DA:165,0
DA:167,0
DA:170,1
DA:171,1
DA:172,1
DA:173,1
DA:174,1
DA:175,1
DA:178,1
DA:179,0
DA:180,0
DA:182,0
DA:183,0
DA:184,0
DA:187,0
DA:190,1
DA:191,0
DA:192,0
DA:193,0
DA:194,0
DA:195,0
DA:198,0
DA:200,0
DA:201,0
DA:202,0
DA:203,0
DA:205,0
DA:208,0
DA:211,0
DA:214,1
DA:215,0
DA:216,0
DA:217,0
DA:218,0
DA:219,0
DA:221,0
DA:222,0
DA:223,0
DA:224,0
DA:225,0
DA:226,0
DA:228,0
DA:230,0
DA:231,0
DA:232,0
DA:233,0
DA:234,0
DA:235,0
DA:238,0
DA:239,0
DA:240,0
DA:243,0
DA:250,0
DA:252,0
DA:253,0
DA:254,0
DA:257,0
DA:258,0
DA:260,0
DA:261,0
DA:263,0
DA:267,0
DA:270,0
DA:273,1
DA:274,0
DA:275,0
DA:277,0
DA:280,1
DA:281,0
DA:282,0
DA:284,0
DA:286,0
DA:287,0
DA:288,0
DA:290,0
DA:291,0
DA:293,0
DA:295,0
DA:296,0
DA:298,0
DA:299,0
DA:300,0
DA:301,0
DA:304,0
DA:305,0
DA:306,0
DA:307,0
DA:310,0
DA:311,0
DA:313,0
DA:314,0
DA:315,0
DA:316,0
DA:317,0
DA:318,0
DA:320,0
DA:321,0
DA:322,0
DA:323,0
DA:326,0
DA:327,0
DA:328,0
DA:329,0
DA:330,0
DA:331,0
DA:333,0
DA:334,0
DA:335,0
DA:336,0
DA:339,0
DA:341,0
DA:342,0
DA:347,1
DA:348,0
DA:350,0
DA:351,0
DA:354,0
DA:387,1
DA:388,0
DA:389,0
DA:390,0
DA:391,0
DA:392,0
DA:394,0
DA:398,1
DA:399,0
DA:400,0
DA:401,0
DA:403,0
DA:404,0
DA:405,0
DA:406,0
DA:408,0
DA:409,0
DA:410,0
DA:411,0
DA:414,0
DA:418,0
DA:419,0
DA:420,0
DA:422,0
DA:423,0
DA:425,0
DA:426,0
DA:431,1
DA:432,0
DA:434,0
DA:435,0
DA:436,0
DA:437,0
DA:438,0
DA:439,0
DA:440,0
DA:441,0
DA:442,0
DA:443,0
DA:445,0
DA:446,0
DA:448,0
DA:450,0
DA:452,0
DA:453,0
DA:454,0
DA:455,0
DA:456,0
DA:457,0
DA:458,0
DA:459,0
DA:460,0
DA:461,0
DA:462,0
DA:465,0
DA:466,0
DA:469,0
DA:470,0
DA:471,0
DA:472,0
DA:473,0
DA:475,0
DA:476,0
DA:478,0
DA:479,0
DA:480,0
DA:481,0
DA:483,0
DA:485,0
DA:488,0
DA:490,0
DA:491,0
DA:493,0
DA:494,0
DA:502,0
DA:504,0
DA:505,0
DA:506,0
DA:508,0
DA:509,0
DA:511,0
DA:512,0
DA:514,0
DA:515,0
DA:517,0
DA:520,0
DA:523,0
DA:525,0
DA:528,1
DA:529,0
DA:530,0
DA:531,0
DA:534,0
DA:537,0
DA:540,1
DA:541,0
DA:542,0
DA:543,0
DA:545,0
DA:546,0
DA:547,0
DA:548,0
DA:549,0
DA:550,0
DA:551,0
DA:555,1
DA:557,0
DA:565,0
DA:568,1
DA:571,1
DA:572,1
LF:316
LH:60
BRDA:7,1,0,1
BRDA:7,1,1,0
BRDA:7,2,0,1
BRDA:7,2,1,1
BRDA:7,2,2,1
BRDA:10,3,0,1
BRDA:10,3,1,0
BRDA:20,4,0,1
BRDA:20,4,1,1
BRDA:58,5,0,0
BRDA:58,5,1,0
BRDA:63,6,0,0
BRDA:63,6,1,0
BRDA:70,7,0,0
BRDA:70,7,1,0
BRDA:70,8,0,0
BRDA:70,8,1,0
BRDA:87,9,0,0
BRDA:87,9,1,1
BRDA:88,10,0,0
BRDA:88,10,1,0
BRDA:111,11,0,1
BRDA:111,11,1,0
BRDA:116,12,0,0
BRDA:116,12,1,0
BRDA:130,13,0,0
BRDA:130,13,1,0
BRDA:142,14,0,0
BRDA:142,14,1,0
BRDA:174,15,0,1
BRDA:174,15,1,0
BRDA:179,16,0,0
BRDA:179,16,1,0
BRDA:193,17,0,0
BRDA:193,17,1,0
BRDA:200,18,0,0
BRDA:200,18,1,0
BRDA:202,19,0,0
BRDA:202,19,1,0
BRDA:224,20,0,0
BRDA:224,20,1,0
BRDA:231,21,0,0
BRDA:231,21,1,0
BRDA:234,22,0,0
BRDA:234,22,1,0
BRDA:239,23,0,0
BRDA:239,23,1,0
BRDA:252,24,0,0
BRDA:252,24,1,0
BRDA:252,25,0,0
BRDA:252,25,1,0
BRDA:274,26,0,0
BRDA:274,26,1,0
BRDA:274,27,0,0
BRDA:274,27,1,0
BRDA:274,27,2,0
BRDA:281,28,0,0
BRDA:281,28,1,0
BRDA:281,29,0,0
BRDA:281,29,1,0
BRDA:281,29,2,0
BRDA:290,30,0,0
BRDA:290,30,1,0
BRDA:290,31,0,0
BRDA:290,31,1,0
BRDA:299,32,0,0
BRDA:299,32,1,0
BRDA:305,33,0,0
BRDA:305,33,1,0
BRDA:341,34,0,0
BRDA:341,34,1,0
BRDA:374,35,0,0
BRDA:374,35,1,0
BRDA:374,35,2,0
BRDA:391,36,0,0
BRDA:391,36,1,0
BRDA:399,37,0,0
BRDA:399,37,1,0
BRDA:404,38,0,0
BRDA:404,38,1,0
BRDA:409,39,0,0
BRDA:409,39,1,0
BRDA:409,40,0,0
BRDA:409,40,1,0
BRDA:409,40,2,0
BRDA:418,41,0,0
BRDA:418,41,1,0
BRDA:422,42,0,0
BRDA:422,42,1,0
BRDA:453,43,0,0
BRDA:453,43,1,0
BRDA:458,44,0,0
BRDA:458,44,1,0
BRDA:458,45,0,0
BRDA:458,45,1,0
BRDA:504,46,0,0
BRDA:504,46,1,0
BRDA:505,47,0,0
BRDA:505,47,1,0
BRDA:511,48,0,0
BRDA:511,48,1,0
BRDA:514,49,0,0
BRDA:514,49,1,0
BRDA:514,50,0,0
BRDA:514,50,1,0
BRDA:541,51,0,0
BRDA:541,51,1,0
BRDA:550,52,0,0
BRDA:550,52,1,0
BRDA:571,53,0,1
BRDA:571,53,1,0
BRF:111
BRH:11
end_of_record
TN:
SF:E:\Git\liqueed\controllers\personapi.js
FN:5,getId
FN:12,list
FN:13,(anonymous_3)
FN:18,get
FN:20,(anonymous_5)
FN:25,getProjects
FN:27,(anonymous_7)
FN:32,getPendingShareProjects
FN:34,(anonymous_9)
FN:44,loginPerson
FN:47,(anonymous_11)
FNF:11
FNH:11
FNDA:10,getId
FNDA:3,list
FNDA:3,(anonymous_3)
FNDA:2,get
FNDA:2,(anonymous_5)
FNDA:2,getProjects
FNDA:2,(anonymous_7)
FNDA:6,getPendingShareProjects
FNDA:6,(anonymous_9)
FNDA:9,loginPerson
FNDA:9,(anonymous_11)
DA:3,1
DA:5,1
DA:6,10
DA:7,4
DA:9,6
DA:12,1
DA:13,3
DA:14,3
DA:18,1
DA:19,2
DA:20,2
DA:21,2
DA:25,1
DA:26,2
DA:27,2
DA:28,2
DA:32,1
DA:33,6
DA:34,6
DA:35,6
DA:36,0
DA:38,6
DA:44,1
DA:45,9
DA:46,9
DA:47,9
DA:48,9
DA:49,6
DA:51,3
DA:55,1
LF:30
LH:29
BRDA:6,1,0,4
BRDA:6,1,1,6
BRDA:6,2,0,10
BRDA:6,2,1,10
BRDA:6,2,2,10
BRDA:35,3,0,0
BRDA:35,3,1,6
BRDA:48,4,0,6
BRDA:48,4,1,3
BRF:9
BRH:8
end_of_record
TN:
SF:E:\Git\liqueed\controllers\person.js
FN:6,getId
FN:13,index
FN:14,(anonymous_3)
FN:22,view
FN:30,(anonymous_5)
FN:31,(anonymous_6)
FN:35,(anonymous_7)
FN:39,(anonymous_8)
FN:45,newPerson
FN:49,editPerson
FN:57,(anonymous_11)
FN:58,(anonymous_12)
FN:67,(anonymous_13)
FN:73,makePerson
FN:82,addPerson
FN:84,(anonymous_16)
FN:92,updatePerson
FN:101,(anonymous_18)
FNF:18
FNH:16
FNDA:10,getId
FNDA:2,index
FNDA:2,(anonymous_3)
FNDA:6,view
FNDA:6,(anonymous_5)
FNDA:6,(anonymous_6)
FNDA:6,(anonymous_7)
FNDA:0,(anonymous_8)
FNDA:2,newPerson
FNDA:2,editPerson
FNDA:2,(anonymous_11)
FNDA:2,(anonymous_12)
FNDA:0,(anonymous_13)
FNDA:2,makePerson
FNDA:2,addPerson
FNDA:2,(anonymous_16)
FNDA:2,updatePerson
FNDA:2,(anonymous_18)
DA:3,1
DA:4,1
DA:6,1
DA:7,10
DA:8,5
DA:10,5
DA:13,1
DA:14,2
DA:15,2
DA:16,0
DA:18,2
DA:22,1
DA:23,6
DA:25,6
DA:29,6
DA:30,6
DA:32,6
DA:33,6
DA:36,6
DA:37,6
DA:40,0
DA:45,1
DA:46,2
DA:49,1
DA:50,2
DA:52,2
DA:56,2
DA:57,2
DA:59,2
DA:65,2
DA:68,0
DA:73,1
DA:74,2
DA:82,1
DA:83,2
DA:84,2
DA:85,2
DA:86,2
DA:87,2
DA:88,2
DA:92,1
DA:93,2
DA:95,2
DA:101,2
DA:102,2
DA:103,0
DA:104,2
DA:108,1
LF:48
LH:44
BRDA:7,1,0,5
BRDA:7,1,1,5
BRDA:7,2,0,10
BRDA:7,2,1,10
BRDA:7,2,2,5
BRDA:15,3,0,0
BRDA:15,3,1,2
BRDA:85,4,0,2
BRDA:85,4,1,0
BRDA:102,5,0,0
BRDA:102,5,1,2
BRF:11
BRH:8
end_of_record
TN:
SF:E:\Git\liqueed\controllers\projectapi.js
FN:6,getId
FN:13,list
FN:14,(anonymous_3)
FN:19,get
FN:21,(anonymous_5)
FN:26,addProject
FN:27,(anonymous_7)
FN:32,getTeam
FN:34,(anonymous_9)
FN:39,addPersonToTeam
FN:42,(anonymous_11)
FN:47,getShareholders
FN:49,(anonymous_13)
FN:54,getSharesByProject
FN:56,(anonymous_15)
FN:61,getClosedSharesByProject
FN:63,(anonymous_17)
FN:68,getPeriods
FN:70,(anonymous_19)
FN:75,getPeriod
FN:78,(anonymous_21)
FN:83,addPeriod
FN:85,(anonymous_23)
FN:95,getAssignments
FN:98,(anonymous_25)
FN:103,getReceivedAssignmentsByProjectPerson
FN:106,(anonymous_27)
FN:111,getGivenAssignmentsByProjectPerson
FN:114,(anonymous_29)
FN:119,putAssignment
FN:124,(anonymous_31)
FN:132,putAssignments
FN:136,(anonymous_33)
FN:144,openPeriod
FN:147,(anonymous_35)
FN:152,closePeriod
FN:155,(anonymous_37)
FNF:37
FNH:37
FNDA:84,getId
FNDA:4,list
FNDA:4,(anonymous_3)
FNDA:5,get
FNDA:5,(anonymous_5)
FNDA:3,addProject
FNDA:3,(anonymous_7)
FNDA:5,getTeam
FNDA:5,(anonymous_9)
FNDA:3,addPersonToTeam
FNDA:3,(anonymous_11)
FNDA:3,getShareholders
FNDA:3,(anonymous_13)
FNDA:2,getSharesByProject
FNDA:2,(anonymous_15)
FNDA:1,getClosedSharesByProject
FNDA:1,(anonymous_17)
FNDA:5,getPeriods
FNDA:5,(anonymous_19)
FNDA:4,getPeriod
FNDA:4,(anonymous_21)
FNDA:5,addPeriod
FNDA:5,(anonymous_23)
FNDA:3,getAssignments
FNDA:3,(anonymous_25)
FNDA:1,getReceivedAssignmentsByProjectPerson
FNDA:1,(anonymous_27)
FNDA:3,getGivenAssignmentsByProjectPerson
FNDA:3,(anonymous_29)
FNDA:4,putAssignment
FNDA:4,(anonymous_31)
FNDA:5,putAssignments
FNDA:5,(anonymous_33)
FNDA:3,openPeriod
FNDA:3,(anonymous_35)
FNDA:3,closePeriod
FNDA:3,(anonymous_37)
DA:3,1
DA:4,1
DA:6,1
DA:7,84
DA:8,24
DA:10,60
DA:13,1
DA:14,4
DA:15,4
DA:19,1
DA:20,5
DA:21,5
DA:22,5
DA:26,1
DA:27,3
DA:28,3
DA:32,1
DA:33,5
DA:34,5
DA:35,5
DA:39,1
DA:40,3
DA:41,3
DA:42,3
DA:43,3
DA:47,1
DA:48,3
DA:49,3
DA:50,3
DA:54,1
DA:55,2
DA:56,2
DA:57,2
DA:61,1
DA:62,1
DA:63,1
DA:64,1
DA:68,1
DA:69,5
DA:70,5
DA:71,5
DA:75,1
DA:76,4
DA:77,4
DA:78,4
DA:79,4
DA:83,1
DA:84,5
DA:85,5
DA:86,5
DA:87,5
DA:89,0
DA:95,1
DA:96,3
DA:97,3
DA:98,3
DA:99,3
DA:103,1
DA:104,1
DA:105,1
DA:106,1
DA:107,1
DA:111,1
DA:112,3
DA:113,3
DA:114,3
DA:115,3
DA:119,1
DA:120,4
DA:121,4
DA:122,4
DA:124,4
DA:125,4
DA:126,2
DA:128,2
DA:132,1
DA:133,5
DA:134,5
DA:135,5
DA:136,5
DA:137,5
DA:138,2
DA:140,3
DA:144,1
DA:145,3
DA:146,3
DA:147,3
DA:148,3
DA:152,1
DA:153,3
DA:154,3
DA:155,3
DA:156,3
DA:160,1
LF:94
LH:93
BRDA:7,1,0,24
BRDA:7,1,1,60
BRDA:7,2,0,84
BRDA:7,2,1,84
BRDA:7,2,2,84
BRDA:86,3,0,5
BRDA:86,3,1,0
BRDA:125,4,0,2
BRDA:125,4,1,2
BRDA:137,5,0,2
BRDA:137,5,1,3
BRF:11
BRH:10
end_of_record
TN:
SF:E:\Git\liqueed\controllers\project.js
FN:8,getId
FN:15,index
FN:16,(anonymous_3)
FN:21,newProject
FN:25,addProject
FN:27,(anonymous_6)
FN:35,view
FN:43,(anonymous_8)
FN:44,(anonymous_9)
FN:48,(anonymous_10)
FN:52,(anonymous_11)
FN:56,(anonymous_12)
FN:62,viewPeriod
FN:71,(anonymous_14)
FN:72,(anonymous_15)
FN:76,(anonymous_16)
FN:80,(anonymous_17)
FN:84,(anonymous_18)
FN:90,closePeriod
FN:94,(anonymous_20)
FN:99,openPeriod
FN:103,(anonymous_22)
FN:108,newTeamMember
FN:114,(anonymous_24)
FN:115,(anonymous_25)
FN:119,(anonymous_26)
FN:123,(anonymous_27)
FN:129,addTeamMember
FN:133,(anonymous_29)
FN:138,removeTeamMember
FN:142,(anonymous_31)
FN:147,newPeriod
FN:152,addPeriod
FN:166,(anonymous_34)
FN:174,makeProject
FNF:35
FNH:32
FNDA:44,getId
FNDA:2,index
FNDA:2,(anonymous_3)
FNDA:2,newProject
FNDA:2,addProject
FNDA:2,(anonymous_6)
FNDA:10,view
FNDA:10,(anonymous_8)
FNDA:10,(anonymous_9)
FNDA:10,(anonymous_10)
FNDA:10,(anonymous_11)
FNDA:0,(anonymous_12)
FNDA:6,viewPeriod
FNDA:6,(anonymous_14)
FNDA:6,(anonymous_15)
FNDA:6,(anonymous_16)
FNDA:6,(anonymous_17)
FNDA:0,(anonymous_18)
FNDA:2,closePeriod
FNDA:2,(anonymous_20)
FNDA:2,openPeriod
FNDA:2,(anonymous_22)
FNDA:2,newTeamMember
FNDA:2,(anonymous_24)
FNDA:2,(anonymous_25)
FNDA:2,(anonymous_26)
FNDA:0,(anonymous_27)
FNDA:2,addTeamMember
FNDA:2,(anonymous_29)
FNDA:2,removeTeamMember
FNDA:2,(anonymous_31)
FNDA:2,newPeriod
FNDA:2,addPeriod
FNDA:2,(anonymous_34)
FNDA:2,makeProject
DA:3,1
DA:4,1
DA:6,1
DA:8,1
DA:9,44
DA:10,22
DA:12,22
DA:15,1
DA:16,2
DA:17,2
DA:21,1
DA:22,2
DA:25,1
DA:26,2
DA:27,2
DA:28,2
DA:29,2
DA:30,2
DA:31,2
DA:35,1
DA:36,10
DA:38,10
DA:42,10
DA:43,10
DA:45,10
DA:46,10
DA:49,10
DA:50,10
DA:53,10
DA:54,10
DA:57,0
DA:62,1
DA:63,6
DA:64,6
DA:66,6
DA:70,6
DA:71,6
DA:73,6
DA:74,6
DA:77,6
DA:78,6
DA:81,6
DA:82,6
DA:85,0
DA:90,1
DA:91,2
DA:92,2
DA:94,2
DA:95,2
DA:99,1
DA:100,2
DA:101,2
DA:103,2
DA:104,2
DA:108,1
DA:109,2
DA:111,2
DA:113,2
DA:114,2
DA:116,2
DA:117,2
DA:120,2
DA:121,2
DA:124,0
DA:129,1
DA:130,2
DA:131,2
DA:133,2
DA:134,2
DA:138,1
DA:139,2
DA:140,2
DA:142,2
DA:143,2
DA:147,1
DA:148,2
DA:149,2
DA:152,1
DA:153,2
DA:154,2
DA:155,2
DA:157,2
DA:158,2
DA:161,0
DA:164,2
DA:166,2
DA:167,2
DA:168,0
DA:170,2
DA:174,1
DA:175,2
DA:180,1
LF:92
LH:87
BRDA:9,1,0,22
BRDA:9,1,1,22
BRDA:9,2,0,44
BRDA:9,2,1,44
BRDA:9,2,2,43
BRDA:28,3,0,2
BRDA:28,3,1,0
BRDA:167,4,0,0
BRDA:167,4,1,2
BRF:9
BRH:7
end_of_record
TN:
SF:E:\Git\liqueed\testserver\clientserver.js
FN:19,getProjectByName
FN:23,(anonymous_2)
FN:26,(anonymous_3)
FN:28,(anonymous_4)
FN:35,(anonymous_5)
FN:40,(anonymous_6)
FN:43,(anonymous_7)
FN:55,(anonymous_8)
FN:58,(anonymous_9)
FN:68,(anonymous_10)
FN:71,(anonymous_11)
FN:83,(anonymous_12)
FN:86,(anonymous_13)
FN:95,(anonymous_14)
FN:98,(anonymous_15)
FN:114,(anonymous_16)
FN:117,(anonymous_17)
FN:135,(anonymous_18)
FN:138,(anonymous_19)
FN:155,(anonymous_20)
FN:158,(anonymous_21)
FN:175,(anonymous_22)
FN:178,(anonymous_23)
FN:195,(anonymous_24)
FN:202,(anonymous_25)
FN:211,(anonymous_26)
FN:215,(anonymous_27)
FN:225,(anonymous_28)
FN:229,(anonymous_29)
FN:239,(anonymous_30)
FN:242,(anonymous_31)
FN:248,(anonymous_32)
FN:260,(anonymous_33)
FN:263,(anonymous_34)
FN:275,(anonymous_35)
FN:278,(anonymous_36)
FN:287,(anonymous_37)
FN:290,(anonymous_38)
FN:299,(anonymous_39)
FN:303,(anonymous_40)
FN:304,(anonymous_41)
FN:308,(anonymous_42)
FN:315,(anonymous_43)
FN:322,(anonymous_44)
FN:326,(anonymous_45)
FN:329,(anonymous_46)
FN:339,(anonymous_47)
FN:348,(anonymous_48)
FN:358,(anonymous_49)
FN:368,(anonymous_50)
FN:378,(anonymous_51)
FN:382,(anonymous_52)
FN:387,(anonymous_53)
FN:388,(anonymous_54)
FN:397,(anonymous_55)
FN:401,(anonymous_56)
FN:406,(anonymous_57)
FN:409,(anonymous_58)
FN:411,(anonymous_59)
FN:413,(anonymous_60)
FN:429,(anonymous_61)
FN:433,(anonymous_62)
FN:438,(anonymous_63)
FN:441,(anonymous_64)
FN:449,(anonymous_65)
FN:451,(anonymous_66)
FN:461,(anonymous_67)
FN:463,(anonymous_68)
FN:472,(anonymous_69)
FNF:69
FNH:60
FNDA:3,getProjectByName
FNDA:1,(anonymous_2)
FNDA:1,(anonymous_3)
FNDA:1,(anonymous_4)
FNDA:1,(anonymous_5)
FNDA:1,(anonymous_6)
FNDA:1,(anonymous_7)
FNDA:1,(anonymous_8)
FNDA:1,(anonymous_9)
FNDA:1,(anonymous_10)
FNDA:1,(anonymous_11)
FNDA:1,(anonymous_12)
FNDA:1,(anonymous_13)
FNDA:1,(anonymous_14)
FNDA:1,(anonymous_15)
FNDA:1,(anonymous_16)
FNDA:1,(anonymous_17)
FNDA:1,(anonymous_18)
FNDA:1,(anonymous_19)
FNDA:1,(anonymous_20)
FNDA:1,(anonymous_21)
FNDA:1,(anonymous_22)
FNDA:1,(anonymous_23)
FNDA:1,(anonymous_24)
FNDA:1,(anonymous_25)
FNDA:1,(anonymous_26)
FNDA:1,(anonymous_27)
FNDA:1,(anonymous_28)
FNDA:1,(anonymous_29)
FNDA:1,(anonymous_30)
FNDA:1,(anonymous_31)
FNDA:4,(anonymous_32)
FNDA:1,(anonymous_33)
FNDA:1,(anonymous_34)
FNDA:1,(anonymous_35)
FNDA:1,(anonymous_36)
FNDA:1,(anonymous_37)
FNDA:1,(anonymous_38)
FNDA:1,(anonymous_39)
FNDA:1,(anonymous_40)
FNDA:1,(anonymous_41)
FNDA:1,(anonymous_42)
FNDA:0,(anonymous_43)
FNDA:1,(anonymous_44)
FNDA:1,(anonymous_45)
FNDA:1,(anonymous_46)
FNDA:1,(anonymous_47)
FNDA:1,(anonymous_48)
FNDA:1,(anonymous_49)
FNDA:1,(anonymous_50)
FNDA:1,(anonymous_51)
FNDA:1,(anonymous_52)
FNDA:0,(anonymous_53)
FNDA:0,(anonymous_54)
FNDA:1,(anonymous_55)
FNDA:1,(anonymous_56)
FNDA:0,(anonymous_57)
FNDA:0,(anonymous_58)
FNDA:0,(anonymous_59)
FNDA:0,(anonymous_60)
FNDA:1,(anonymous_61)
FNDA:1,(anonymous_62)
FNDA:0,(anonymous_63)
FNDA:0,(anonymous_64)
FNDA:1,(anonymous_65)
FNDA:1,(anonymous_66)
FNDA:1,(anonymous_67)
FNDA:1,(anonymous_68)
FNDA:1,(anonymous_69)
DA:3,1
DA:4,1
DA:5,1
DA:6,1
DA:7,1
DA:9,1
DA:11,1
DA:13,1
DA:14,1
DA:15,1
DA:16,1
DA:17,1
DA:19,1
DA:20,3
DA:23,1
DA:24,1
DA:25,1
DA:26,1
DA:27,1
DA:28,1
DA:29,1
DA:30,1
DA:35,1
DA:36,1
DA:37,1
DA:40,1
DA:41,1
DA:43,1
DA:44,1
DA:45,1
DA:46,1
DA:47,1
DA:49,1
DA:51,1
DA:55,1
DA:56,1
DA:58,1
DA:59,1
DA:60,1
DA:61,1
DA:62,1
DA:63,1
DA:64,1
DA:68,1
DA:69,1
DA:71,1
DA:72,1
DA:73,1
DA:74,1
DA:75,1
DA:77,1
DA:79,1
DA:83,1
DA:84,1
DA:86,1
DA:87,1
DA:88,1
DA:89,1
DA:90,1
DA:91,1
DA:95,1
DA:96,1
DA:98,1
DA:99,1
DA:100,1
DA:101,1
DA:102,1
DA:104,1
DA:105,3
DA:106,3
DA:107,3
DA:110,1
DA:114,1
DA:115,1
DA:117,1
DA:118,1
DA:119,1
DA:120,1
DA:121,1
DA:123,1
DA:124,3
DA:125,3
DA:126,3
DA:129,1
DA:131,1
DA:135,1
DA:136,1
DA:138,1
DA:139,1
DA:140,1
DA:141,1
DA:142,1
DA:144,1
DA:145,6
DA:146,6
DA:147,6
DA:148,6
DA:151,1
DA:155,1
DA:156,1
DA:158,1
DA:159,1
DA:160,1
DA:161,1
DA:162,1
DA:164,1
DA:165,3
DA:166,3
DA:167,3
DA:168,3
DA:171,1
DA:175,1
DA:176,1
DA:178,1
DA:179,1
DA:180,1
DA:181,1
DA:182,1
DA:184,1
DA:185,3
DA:186,3
DA:187,3
DA:188,3
DA:191,1
DA:195,1
DA:196,1
DA:198,1
DA:203,1
DA:204,1
DA:205,1
DA:207,1
DA:211,1
DA:212,1
DA:214,1
DA:216,1
DA:217,1
DA:218,1
DA:219,1
DA:221,1
DA:225,1
DA:226,1
DA:228,1
DA:230,1
DA:231,1
DA:232,1
DA:233,1
DA:235,1
DA:239,1
DA:240,1
DA:242,1
DA:243,1
DA:244,1
DA:245,1
DA:246,1
DA:248,1
DA:249,4
DA:250,4
DA:251,4
DA:254,1
DA:256,1
DA:260,1
DA:261,1
DA:263,1
DA:264,1
DA:265,1
DA:267,1
DA:268,1
DA:269,1
DA:271,1
DA:275,1
DA:276,1
DA:278,1
DA:279,1
DA:280,1
DA:281,1
DA:283,1
DA:287,1
DA:288,1
DA:290,1
DA:291,1
DA:292,1
DA:293,1
DA:295,1
DA:299,1
DA:300,1
DA:302,1
DA:303,1
DA:305,1
DA:306,1
DA:309,1
DA:310,1
DA:311,1
DA:312,1
DA:313,1
DA:316,0
DA:317,0
DA:322,1
DA:323,1
DA:325,1
DA:327,1
DA:330,1
DA:331,1
DA:332,1
DA:333,1
DA:336,1
DA:340,1
DA:341,1
DA:342,1
DA:343,1
DA:346,1
DA:349,1
DA:350,1
DA:351,1
DA:352,1
DA:355,1
DA:359,1
DA:360,1
DA:361,1
DA:362,1
DA:365,1
DA:369,1
DA:370,1
DA:371,1
DA:372,1
DA:378,1
DA:379,1
DA:380,1
DA:381,1
DA:383,1
DA:384,1
DA:385,1
DA:388,0
DA:389,0
DA:390,0
DA:391,0
DA:392,0
DA:397,1
DA:398,1
DA:399,1
DA:400,1
DA:402,1
DA:403,1
DA:404,1
DA:407,0
DA:410,0
DA:411,0
DA:412,0
DA:413,0
DA:414,0
DA:415,0
DA:416,0
DA:420,0
DA:421,0
DA:422,0
DA:423,0
DA:424,0
DA:429,1
DA:430,1
DA:431,1
DA:432,1
DA:434,1
DA:435,1
DA:436,1
DA:439,0
DA:442,0
DA:443,0
DA:444,0
DA:449,1
DA:450,1
DA:451,1
DA:452,1
DA:453,1
DA:454,1
DA:455,1
DA:456,1
DA:457,1
DA:461,1
DA:462,1
DA:463,1
DA:464,1
DA:465,1
DA:466,1
DA:467,1
DA:468,1
DA:472,1
DA:473,1
LF:286
LH:262
BRDA:415,1,0,0
BRDA:415,1,1,0
BRF:2
BRH:0
end_of_record
TN:
SF:E:\Git\liqueed\app.js
FN:36,(anonymous_1)
FN:53,(anonymous_2)
FN:64,(anonymous_3)
FN:76,(anonymous_4)
FNF:4
FNH:1
FNDA:36,(anonymous_1)
FNDA:0,(anonymous_2)
FNDA:0,(anonymous_3)
FNDA:0,(anonymous_4)
DA:3,1
DA:4,1
DA:5,1
DA:6,1
DA:7,1
DA:8,1
DA:9,1
DA:11,1
DA:12,1
DA:13,1
DA:14,1
DA:16,1
DA:17,1
DA:18,1
DA:20,1
DA:23,1
DA:24,1
DA:26,1
DA:27,1
DA:28,1
DA:29,1
DA:30,1
DA:31,1
DA:32,1
DA:34,1
DA:36,1
DA:37,36
DA:38,36
DA:39,36
DA:43,1
DA:44,1
DA:45,1
DA:46,1
DA:48,1
DA:49,1
DA:50,1
DA:53,1
DA:54,0
DA:55,0
DA:56,0
DA:63,1
DA:64,1
DA:65,0
DA:66,0
DA:76,1
DA:77,0
DA:78,0
DA:85,1
LF:48
LH:41
BRDA:63,1,0,1
BRDA:63,1,1,0
BRDA:65,2,0,0
BRDA:65,2,1,0
BRDA:77,3,0,0
BRDA:77,3,1,0
BRF:6
BRH:1
end_of_record
TN:
SF:E:\Git\liqueed\routes\index.js
FNF:0
FNH:0
DA:3,1
DA:4,1
DA:5,1
DA:8,1
DA:10,1
LF:5
LH:5
BRF:0
BRH:0
end_of_record
TN:
SF:E:\Git\liqueed\controllers\index.js
FN:7,(anonymous_1)
FNF:1
FNH:0
FNDA:0,(anonymous_1)
DA:7,1
DA:8,0
LF:2
LH:1
BRF:0
BRH:0
end_of_record
TN:
SF:E:\Git\liqueed\routes\note.js
FNF:0
FNH:0
DA:3,1
DA:4,1
DA:5,1
DA:8,1
DA:11,1
DA:14,1
DA:17,1
DA:20,1
DA:23,1
DA:25,1
LF:10
LH:10
BRF:0
BRH:0
end_of_record
TN:
SF:E:\Git\liqueed\controllers\note.js
FN:5,getNoteOrRedirect
FN:7,(anonymous_2)
FN:26,(anonymous_3)
FN:27,(anonymous_4)
FN:42,(anonymous_5)
FN:51,(anonymous_6)
FN:52,(anonymous_7)
FN:65,(anonymous_8)
FN:73,(anonymous_9)
FN:75,(anonymous_10)
FN:84,(anonymous_11)
FN:85,(anonymous_12)
FNF:12
FNH:0
FNDA:0,getNoteOrRedirect
FNDA:0,(anonymous_2)
FNDA:0,(anonymous_3)
FNDA:0,(anonymous_4)
FNDA:0,(anonymous_5)
FNDA:0,(anonymous_6)
FNDA:0,(anonymous_7)
FNDA:0,(anonymous_8)
FNDA:0,(anonymous_9)
FNDA:0,(anonymous_10)
FNDA:0,(anonymous_11)
FNDA:0,(anonymous_12)
DA:3,1
DA:5,1
DA:6,0
DA:7,0
DA:8,0
DA:9,0
DA:17,0
DA:26,1
DA:27,0
DA:28,0
DA:42,1
DA:43,0
DA:51,1
DA:52,0
DA:53,0
DA:54,0
DA:55,0
DA:57,0
DA:65,1
DA:66,0
DA:73,1
DA:74,0
DA:75,0
DA:76,0
DA:84,1
DA:85,0
DA:86,0
LF:27
LH:8
BRDA:8,1,0,0
BRDA:8,1,1,0
BRDA:54,2,0,0
BRDA:54,2,1,0
BRF:4
BRH:0
end_of_record
TN:
SF:E:\Git\liqueed\routes\person.js
FNF:0
FNH:0
DA:3,1
DA:4,1
DA:5,1
DA:7,1
DA:8,1
DA:9,1
DA:10,1
DA:11,1
DA:12,1
DA:14,1
LF:10
LH:10
BRF:0
BRH:0
end_of_record
TN:
SF:E:\Git\liqueed\routes\project.js
FNF:0
FNH:0
DA:3,1
DA:4,1
DA:5,1
DA:7,1
DA:8,1
DA:9,1
DA:10,1
DA:12,1
DA:13,1
DA:14,1
DA:16,1
DA:17,1
DA:18,1
DA:19,1
DA:20,1
DA:22,1
LF:16
LH:16
BRF:0
BRH:0
end_of_record
TN:
SF:E:\Git\liqueed\routes\personapi.js
FNF:0
FNH:0
DA:3,1
DA:4,1
DA:5,1
DA:7,1
DA:8,1
DA:9,1
DA:10,1
DA:11,1
DA:13,1
LF:9
LH:9
BRF:0
BRH:0
end_of_record
TN:
SF:E:\Git\liqueed\routes\projectapi.js
FNF:0
FNH:0
DA:3,1
DA:4,1
DA:5,1
DA:7,1
DA:8,1
DA:9,1
DA:11,1
DA:12,1
DA:14,1
DA:16,1
DA:17,1
DA:19,1
DA:20,1
DA:21,1
DA:22,1
DA:23,1
DA:24,1
DA:25,1
DA:26,1
DA:28,1
DA:29,1
DA:31,1
LF:22
LH:22
BRF:0
BRH:0
end_of_record
TN:
SF:E:\Git\liqueed\routes\noteapi.js
FNF:0
FNH:0
DA:3,1
DA:4,1
DA:5,1
DA:7,1
DA:8,1
DA:10,1
LF:6
LH:6
BRF:0
BRH:0
end_of_record
TN:
SF:E:\Git\liqueed\controllers\noteapi.js
FN:5,list
FN:6,(anonymous_2)
FN:11,get
FN:13,(anonymous_4)
FNF:4
FNH:0
FNDA:0,list
FNDA:0,(anonymous_2)
FNDA:0,get
FNDA:0,(anonymous_4)
DA:3,1
DA:5,1
DA:6,0
DA:7,0
DA:11,1
DA:12,0
DA:13,0
DA:14,0
DA:18,1
LF:9
LH:4
BRF:0
BRH:0
end_of_record
TN:
SF:E:\Git\liqueed\testserver\utils\api.js
FN:6,doRequest
FN:24,(anonymous_2)
FN:27,(anonymous_3)
FN:32,(anonymous_4)
FN:36,(anonymous_5)
FNF:5
FNH:4
FNDA:36,doRequest
FNDA:36,(anonymous_2)
FNDA:36,(anonymous_3)
FNDA:0,(anonymous_4)
FNDA:36,(anonymous_5)
DA:3,1
DA:4,1
DA:6,1
DA:7,36
DA:9,36
DA:10,26
DA:11,26
DA:14,36
DA:21,36
DA:22,10
DA:24,36
DA:25,36
DA:27,36
DA:28,36
DA:29,36
DA:32,36
DA:33,0
DA:36,36
DA:37,36
DA:38,0
DA:39,0
DA:42,36
DA:46,36
DA:47,10
DA:49,36
DA:52,1
LF:26
LH:23
BRDA:9,1,0,26
BRDA:9,1,1,10
BRDA:21,2,0,10
BRDA:21,2,1,26
BRDA:37,3,0,0
BRDA:37,3,1,36
BRDA:46,4,0,10
BRDA:46,4,1,26
BRF:8
BRH:7
end_of_record
TN:
SF:E:\Git\liqueed\testserver\utils\ajax.js
FN:7,get
FN:10,(anonymous_2)
FN:18,(anonymous_3)
FN:25,ajax
FN:26,(anonymous_5)
FN:37,(anonymous_6)
FNF:6
FNH:6
FNDA:15,get
FNDA:15,(anonymous_2)
FNDA:15,(anonymous_3)
FNDA:10,ajax
FNDA:10,(anonymous_5)
FNDA:1,(anonymous_6)
DA:3,1
DA:5,1
DA:7,1
DA:8,15
DA:10,15
DA:11,15
DA:12,0
DA:14,15
DA:17,15
DA:19,15
DA:20,15
DA:25,1
DA:26,10
DA:27,10
DA:28,0
DA:30,10
DA:34,1
DA:37,1
LF:18
LH:16
BRDA:11,1,0,0
BRDA:11,1,1,15
BRDA:27,2,0,0
BRDA:27,2,1,10
BRF:4
BRH:2
end_of_record
TN:
SF:E:\Git\liqueed\public\scripts\clientserver.js
FN:9,(anonymous_1)
FN:15,getPersons
FN:16,(anonymous_3)
FN:18,(anonymous_4)
FN:23,getProjectsByUser
FN:24,(anonymous_6)
FN:26,(anonymous_7)
FN:31,getMyProjects
FN:32,(anonymous_9)
FN:34,(anonymous_10)
FN:39,getProject
FN:40,(anonymous_12)
FN:42,(anonymous_13)
FN:47,addProject
FN:54,(anonymous_15)
FN:57,(anonymous_16)
FN:63,loginPerson
FN:75,(anonymous_18)
FN:78,(anonymous_19)
FN:84,getEntity
FN:85,(anonymous_21)
FN:87,(anonymous_22)
FN:92,getPeriods
FN:97,addPeriod
FN:108,(anonymous_25)
FN:111,(anonymous_26)
FN:117,getShareholders
FN:121,getTeam
FN:125,getSharesByProject
FN:129,getClosedSharesByProject
FN:133,getAssignments
FN:137,putAssignments
FN:149,(anonymous_33)
FN:152,(anonymous_34)
FN:158,getGivenAssignmentsByProjectPerson
FN:162,getReceivedAssignmentsByProjectPerson
FN:166,getPendingShareProjects
FN:167,(anonymous_38)
FN:169,(anonymous_39)
FN:195,(anonymous_40)
FNF:40
FNH:27
FNDA:1,(anonymous_1)
FNDA:1,getPersons
FNDA:1,(anonymous_3)
FNDA:0,(anonymous_4)
FNDA:0,getProjectsByUser
FNDA:0,(anonymous_6)
FNDA:0,(anonymous_7)
FNDA:1,getMyProjects
FNDA:1,(anonymous_9)
FNDA:0,(anonymous_10)
FNDA:2,getProject
FNDA:2,(anonymous_12)
FNDA:0,(anonymous_13)
FNDA:1,addProject
FNDA:1,(anonymous_15)
FNDA:0,(anonymous_16)
FNDA:3,loginPerson
FNDA:3,(anonymous_18)
FNDA:0,(anonymous_19)
FNDA:9,getEntity
FNDA:9,(anonymous_21)
FNDA:0,(anonymous_22)
FNDA:2,getPeriods
FNDA:5,addPeriod
FNDA:5,(anonymous_25)
FNDA:0,(anonymous_26)
FNDA:1,getShareholders
FNDA:1,getTeam
FNDA:1,getSharesByProject
FNDA:1,getClosedSharesByProject
FNDA:1,getAssignments
FNDA:1,putAssignments
FNDA:1,(anonymous_33)
FNDA:0,(anonymous_34)
FNDA:1,getGivenAssignmentsByProjectPerson
FNDA:1,getReceivedAssignmentsByProjectPerson
FNDA:2,getPendingShareProjects
FNDA:2,(anonymous_38)
FNDA:0,(anonymous_39)
FNDA:0,(anonymous_40)
DA:3,1
DA:4,1
DA:6,1
DA:7,1
DA:9,1
DA:10,1
DA:12,1
DA:13,1
DA:15,1
DA:16,1
DA:17,1
DA:19,0
DA:23,1
DA:24,0
DA:25,0
DA:27,0
DA:31,1
DA:32,1
DA:33,1
DA:35,0
DA:39,1
DA:40,2
DA:41,2
DA:43,0
DA:47,1
DA:48,1
DA:55,1
DA:58,0
DA:63,1
DA:64,3
DA:69,3
DA:76,3
DA:79,0
DA:84,1
DA:85,9
DA:86,9
DA:88,0
DA:92,1
DA:93,2
DA:97,1
DA:98,5
DA:102,5
DA:109,5
DA:112,0
DA:117,1
DA:118,1
DA:121,1
DA:122,1
DA:125,1
DA:126,1
DA:129,1
DA:130,1
DA:133,1
DA:134,1
DA:137,1
DA:138,1
DA:143,1
DA:150,1
DA:153,0
DA:158,1
DA:159,1
DA:162,1
DA:163,1
DA:166,1
DA:167,2
DA:168,2
DA:170,0
DA:174,1
DA:195,0
DA:199,1
DA:200,1
LF:71
LH:58
BRDA:6,1,0,1
BRDA:6,1,1,0
BRDA:12,2,0,1
BRDA:12,2,1,0
BRDA:199,3,0,1
BRDA:199,3,1,0
BRF:6
BRH:3
end_of_record
TN:
SF:E:\Git\liqueed\testserver\projectapi.js
FN:14,(anonymous_1)
FN:18,(anonymous_2)
FN:24,(anonymous_3)
FN:28,(anonymous_4)
FN:31,(anonymous_5)
FN:47,(anonymous_6)
FN:50,(anonymous_7)
FN:63,(anonymous_8)
FN:66,(anonymous_9)
FN:78,(anonymous_10)
FN:81,(anonymous_11)
FN:96,(anonymous_12)
FN:99,(anonymous_13)
FN:103,(anonymous_14)
FN:115,(anonymous_15)
FN:118,(anonymous_16)
FN:122,(anonymous_17)
FN:134,(anonymous_18)
FN:137,(anonymous_19)
FN:153,(anonymous_20)
FN:160,(anonymous_21)
FN:163,(anonymous_22)
FN:167,(anonymous_23)
FN:170,(anonymous_24)
FN:184,(anonymous_25)
FN:190,(anonymous_26)
FNF:26
FNH:25
FNDA:1,(anonymous_1)
FNDA:1,(anonymous_2)
FNDA:1,(anonymous_3)
FNDA:1,(anonymous_4)
FNDA:1,(anonymous_5)
FNDA:1,(anonymous_6)
FNDA:1,(anonymous_7)
FNDA:1,(anonymous_8)
FNDA:1,(anonymous_9)
FNDA:1,(anonymous_10)
FNDA:1,(anonymous_11)
FNDA:1,(anonymous_12)
FNDA:1,(anonymous_13)
FNDA:1,(anonymous_14)
FNDA:1,(anonymous_15)
FNDA:1,(anonymous_16)
FNDA:1,(anonymous_17)
FNDA:1,(anonymous_18)
FNDA:1,(anonymous_19)
FNDA:1,(anonymous_20)
FNDA:1,(anonymous_21)
FNDA:1,(anonymous_22)
FNDA:1,(anonymous_23)
FNDA:1,(anonymous_24)
FNDA:0,(anonymous_25)
FNDA:1,(anonymous_26)
DA:3,1
DA:4,1
DA:5,1
DA:6,1
DA:8,1
DA:9,1
DA:10,1
DA:11,1
DA:12,1
DA:14,1
DA:15,1
DA:17,1
DA:18,1
DA:19,1
DA:20,1
DA:24,1
DA:25,1
DA:28,1
DA:29,1
DA:31,1
DA:32,1
DA:33,1
DA:34,1
DA:35,1
DA:36,1
DA:37,1
DA:38,1
DA:40,1
DA:41,1
DA:43,1
DA:47,1
DA:48,1
DA:50,1
DA:51,1
DA:52,1
DA:53,1
DA:54,1
DA:56,1
DA:57,1
DA:59,1
DA:63,1
DA:64,1
DA:66,1
DA:67,1
DA:68,1
DA:69,1
DA:70,1
DA:71,1
DA:72,1
DA:74,1
DA:78,1
DA:79,1
DA:81,1
DA:82,1
DA:83,1
DA:84,1
DA:85,1
DA:86,1
DA:87,1
DA:89,1
DA:90,1
DA:92,1
DA:96,1
DA:97,1
DA:99,1
DA:100,1
DA:101,1
DA:103,1
DA:104,1
DA:105,1
DA:106,1
DA:107,1
DA:108,1
DA:110,1
DA:115,1
DA:116,1
DA:118,1
DA:119,1
DA:120,1
DA:122,1
DA:123,1
DA:124,1
DA:125,1
DA:126,1
DA:127,1
DA:129,1
DA:134,1
DA:135,1
DA:137,1
DA:138,1
DA:139,1
DA:140,1
DA:141,1
DA:142,1
DA:143,1
DA:145,1
DA:146,1
DA:147,1
DA:149,1
DA:153,1
DA:154,1
DA:156,1
DA:157,1
DA:159,1
DA:161,1
DA:164,1
DA:165,1
DA:168,1
DA:171,1
DA:172,1
DA:173,1
DA:174,1
DA:175,1
DA:177,1
DA:178,1
DA:179,1
DA:180,1
DA:182,1
DA:185,0
DA:190,1
DA:191,1
LF:121
LH:120
BRF:0
BRH:0
end_of_record
TN:
SF:E:\Git\liqueed\testdb\personapidb.js
FN:11,(anonymous_1)
FN:14,(anonymous_2)
FN:26,(anonymous_3)
FN:29,(anonymous_4)
FNF:4
FNH:4
FNDA:1,(anonymous_1)
FNDA:1,(anonymous_2)
FNDA:1,(anonymous_3)
FNDA:1,(anonymous_4)
DA:3,1
DA:5,1
DA:6,1
DA:7,1
DA:9,1
DA:11,1
DA:12,1
DA:14,1
DA:15,1
DA:16,1
DA:17,1
DA:21,1
DA:23,1
DA:24,9
DA:26,1
DA:27,1
DA:29,1
DA:30,1
DA:31,1
DA:32,1
LF:20
LH:20
BRF:0
BRH:0
end_of_record
TN:
SF:E:\Git\liqueed\testdb\personcontrollerdb.js
FN:11,(anonymous_1)
FN:14,(anonymous_2)
FN:26,(anonymous_3)
FN:29,(anonymous_4)
FNF:4
FNH:4
FNDA:1,(anonymous_1)
FNDA:1,(anonymous_2)
FNDA:1,(anonymous_3)
FNDA:1,(anonymous_4)
DA:3,1
DA:5,1
DA:6,1
DA:7,1
DA:9,1
DA:11,1
DA:12,1
DA:14,1
DA:15,1
DA:16,1
DA:17,1
DA:21,1
DA:23,1
DA:24,7
DA:26,1
DA:27,1
DA:29,1
DA:30,1
DA:31,1
DA:32,1
LF:20
LH:20
BRF:0
BRH:0
end_of_record
TN:
SF:E:\Git\liqueed\testdb\persondb.js
FN:5,(anonymous_1)
FN:8,(anonymous_2)
FN:20,(anonymous_3)
FN:23,(anonymous_4)
FNF:4
FNH:4
FNDA:1,(anonymous_1)
FNDA:1,(anonymous_2)
FNDA:1,(anonymous_3)
FNDA:1,(anonymous_4)
DA:3,1
DA:5,1
DA:6,1
DA:8,1
DA:9,1
DA:10,1
DA:11,1
DA:15,1
DA:17,1
DA:18,19
DA:20,1
DA:21,1
DA:23,1
DA:24,1
DA:25,1
DA:26,1
LF:16
LH:16
BRF:0
BRH:0
end_of_record
TN:
SF:E:\Git\liqueed\testdb\projectapidb.js
FN:11,(anonymous_1)
FN:14,(anonymous_2)
FN:26,(anonymous_3)
FN:29,(anonymous_4)
FNF:4
FNH:4
FNDA:1,(anonymous_1)
FNDA:1,(anonymous_2)
FNDA:1,(anonymous_3)
FNDA:1,(anonymous_4)
DA:3,1
DA:5,1
DA:6,1
DA:7,1
DA:9,1
DA:11,1
DA:12,1
DA:14,1
DA:15,1
DA:16,1
DA:17,1
DA:21,1
DA:23,1
DA:24,18
DA:26,1
DA:27,1
DA:29,1
DA:30,1
DA:31,1
DA:32,1
LF:20
LH:20
BRF:0
BRH:0
end_of_record
TN:
SF:E:\Git\liqueed\testdb\projectcontrollerdb.js
FN:10,(anonymous_1)
FN:13,(anonymous_2)
FN:25,(anonymous_3)
FN:28,(anonymous_4)
FNF:4
FNH:4
FNDA:1,(anonymous_1)
FNDA:1,(anonymous_2)
FNDA:1,(anonymous_3)
FNDA:1,(anonymous_4)
DA:3,1
DA:4,1
DA:5,1
DA:6,1
DA:8,1
DA:10,1
DA:11,1
DA:13,1
DA:14,1
DA:15,1
DA:16,1
DA:20,1
DA:22,1
DA:23,13
DA:25,1
DA:26,1
DA:28,1
DA:29,1
DA:30,1
DA:31,1
LF:20
LH:20
BRF:0
BRH:0
end_of_record
TN:
SF:E:\Git\liqueed\testdb\projectdb.js
FN:5,(anonymous_1)
FN:8,(anonymous_2)
FN:20,(anonymous_3)
FN:23,(anonymous_4)
FNF:4
FNH:4
FNDA:1,(anonymous_1)
FNDA:1,(anonymous_2)
FNDA:1,(anonymous_3)
FNDA:1,(anonymous_4)
DA:3,1
DA:5,1
DA:6,1
DA:8,1
DA:9,1
DA:10,1
DA:11,1
DA:15,1
DA:17,1
DA:18,34
DA:20,1
DA:21,1
DA:23,1
DA:24,1
DA:25,1
DA:26,1
LF:16
LH:16
BRF:0
BRH:0
end_of_record
