TN:
SF:E:\Git\liqueed\public\scripts\client.js
FN:28,(anonymous_1)
FN:29,getPersons
FN:32,(anonymous_3)
FN:39,getMyProjects
FN:43,addProject
FN:50,getProject
FN:60,getViaCallback
FN:61,(anonymous_8)
FN:70,getPeriods
FN:74,getShareholders
FNF:10
FNH:10
FNDA:1,(anonymous_1)
FNDA:2,getPersons
FNDA:10,(anonymous_3)
FNDA:1,getMyProjects
FNDA:1,addProject
FNDA:5,getProject
FNDA:3,getViaCallback
FNDA:3,(anonymous_8)
FNDA:2,getPeriods
FNDA:1,getShareholders
DA:2,1
DA:4,1
DA:5,1
DA:7,1
DA:26,1
DA:28,1
DA:29,1
DA:30,2
DA:32,2
DA:33,10
DA:36,2
DA:39,1
DA:40,1
DA:43,1
DA:44,1
DA:45,1
DA:47,1
DA:50,1
DA:51,5
DA:52,8
DA:53,5
DA:54,5
DA:57,0
DA:60,1
DA:61,3
DA:62,3
DA:63,3
DA:64,1
DA:66,2
DA:70,1
DA:71,2
DA:74,1
DA:75,1
DA:78,1
DA:88,1
DA:89,1
LF:36
LH:35
BRDA:4,1,0,1
BRDA:4,1,1,0
BRDA:52,2,0,5
BRDA:52,2,1,3
BRDA:63,3,0,1
BRDA:63,3,1,2
BRDA:88,4,0,1
BRDA:88,4,1,0
BRF:8
BRH:6
end_of_record
TN:
SF:E:\Git\liqueed\utils\loaddata.js
FN:7,load
FN:21,doPersonStep
FN:28,(anonymous_3)
FN:40,doProjects
FN:46,doProjectStep
FN:57,(anonymous_6)
FN:68,doTeamStep
FN:78,(anonymous_8)
FN:86,doPeriods
FN:92,doPeriodStep
FN:100,(anonymous_11)
FN:116,doAssignmentStep
FN:125,(anonymous_13)
FN:139,doNotes
FN:145,doNoteStep
FN:153,(anonymous_16)
FNF:16
FNH:16
FNDA:13,load
FNDA:65,doPersonStep
FNDA:52,(anonymous_3)
FNDA:13,doProjects
FNDA:39,doProjectStep
FNDA:26,(anonymous_6)
FNDA:104,doTeamStep
FNDA:78,(anonymous_8)
FNDA:26,doPeriods
FNDA:78,doPeriodStep
FNDA:52,(anonymous_11)
FNDA:91,doAssignmentStep
FNDA:78,(anonymous_13)
FNDA:13,doNotes
FNDA:52,doNoteStep
FNDA:39,(anonymous_16)
DA:3,1
DA:4,1
DA:5,1
DA:7,1
DA:8,13
DA:9,13
DA:10,13
DA:13,13
DA:14,13
DA:16,13
DA:17,13
DA:19,13
DA:21,1
DA:22,65
DA:23,13
DA:24,13
DA:27,52
DA:28,52
DA:29,52
DA:30,0
DA:31,0
DA:34,52
DA:36,52
DA:40,1
DA:41,13
DA:42,13
DA:44,13
DA:46,1
DA:47,39
DA:48,13
DA:49,13
DA:52,26
DA:53,26
DA:54,26
DA:55,26
DA:57,26
DA:58,26
DA:59,0
DA:60,0
DA:63,26
DA:64,26
DA:66,26
DA:68,1
DA:69,104
DA:70,26
DA:71,26
DA:74,78
DA:75,78
DA:77,78
DA:78,78
DA:79,78
DA:80,0
DA:82,78
DA:86,1
DA:87,26
DA:88,26
DA:90,26
DA:92,1
DA:93,78
DA:94,26
DA:95,26
DA:98,52
DA:99,52
DA:100,52
DA:101,52
DA:102,0
DA:103,0
DA:106,52
DA:107,39
DA:108,39
DA:111,13
DA:112,13
DA:114,13
DA:116,1
DA:117,91
DA:118,13
DA:119,13
DA:122,78
DA:123,78
DA:124,78
DA:125,78
DA:126,78
DA:127,0
DA:129,78
DA:139,1
DA:140,13
DA:141,13
DA:143,13
DA:145,1
DA:146,52
DA:147,13
DA:148,13
DA:151,39
DA:153,39
DA:154,39
DA:155,0
DA:157,39
DA:163,1
LF:98
LH:89
BRDA:8,1,0,13
BRDA:8,1,1,0
BRDA:22,2,0,13
BRDA:22,2,1,52
BRDA:29,3,0,0
BRDA:29,3,1,52
BRDA:47,4,0,13
BRDA:47,4,1,26
BRDA:58,5,0,0
BRDA:58,5,1,26
BRDA:69,6,0,26
BRDA:69,6,1,78
BRDA:77,7,0,78
BRDA:77,7,1,0
BRDA:79,8,0,0
BRDA:79,8,1,78
BRDA:93,9,0,26
BRDA:93,9,1,52
BRDA:101,10,0,0
BRDA:101,10,1,52
BRDA:106,11,0,39
BRDA:106,11,1,13
BRDA:117,12,0,13
BRDA:117,12,1,78
BRDA:126,13,0,0
BRDA:126,13,1,78
BRDA:146,14,0,13
BRDA:146,14,1,39
BRDA:154,15,0,0
BRDA:154,15,1,39
BRF:30
BRH:22
end_of_record
TN:
SF:E:\Git\liqueed\services\person.js
FN:7,(anonymous_1)
FN:13,(anonymous_2)
FN:19,(anonymous_3)
FN:23,addPerson
FN:28,getPersonById
FN:33,getPersonByName
FN:35,(anonymous_7)
FN:48,getPersons
FN:53,getProjects
FN:57,(anonymous_10)
FN:71,doTeamStep
FN:86,(anonymous_12)
FNF:12
FNH:9
FNDA:0,(anonymous_1)
FNDA:0,(anonymous_2)
FNDA:0,(anonymous_3)
FNDA:62,addPerson
FNDA:440,getPersonById
FNDA:5,getPersonByName
FNDA:5,(anonymous_7)
FNDA:13,getPersons
FNDA:8,getProjects
FNDA:8,(anonymous_10)
FNDA:18,doTeamStep
FNDA:10,(anonymous_12)
DA:3,1
DA:5,1
DA:7,1
DA:8,0
DA:11,1
DA:13,1
DA:14,0
DA:17,1
DA:19,1
DA:20,0
DA:23,1
DA:24,62
DA:25,62
DA:28,1
DA:29,440
DA:30,440
DA:33,1
DA:34,5
DA:35,5
DA:36,5
DA:37,0
DA:38,0
DA:41,5
DA:42,3
DA:44,2
DA:48,1
DA:49,13
DA:50,13
DA:53,1
DA:54,8
DA:55,8
DA:57,8
DA:58,8
DA:59,0
DA:60,0
DA:63,8
DA:64,8
DA:66,8
DA:67,8
DA:69,8
DA:71,1
DA:72,18
DA:73,8
DA:74,8
DA:77,10
DA:78,10
DA:80,10
DA:81,0
DA:82,0
DA:85,10
DA:86,10
DA:87,10
DA:88,0
DA:90,10
DA:91,10
DA:92,10
DA:99,1
LF:57
LH:47
BRDA:36,1,0,0
BRDA:36,1,1,5
BRDA:41,2,0,3
BRDA:41,2,1,2
BRDA:58,3,0,0
BRDA:58,3,1,8
BRDA:72,4,0,8
BRDA:72,4,1,10
BRDA:80,5,0,0
BRDA:80,5,1,10
BRDA:87,6,0,0
BRDA:87,6,1,10
BRDA:90,7,0,10
BRDA:90,7,1,0
BRF:14
BRH:9
end_of_record
TN:
SF:E:\Git\liqueed\utils\db.js
FN:13,DbStore
FN:14,(anonymous_2)
FN:15,(anonymous_3)
FN:24,(anonymous_4)
FN:33,(anonymous_5)
FN:34,(anonymous_6)
FN:42,(anonymous_7)
FN:46,(anonymous_8)
FN:50,(anonymous_9)
FN:54,(anonymous_10)
FN:59,makeTransform
FN:60,(anonymous_12)
FN:62,(anonymous_13)
FN:74,MemoryStore
FN:75,(anonymous_15)
FN:76,(anonymous_16)
FN:81,(anonymous_17)
FN:94,(anonymous_18)
FN:99,(anonymous_19)
FN:100,(anonymous_20)
FN:105,(anonymous_21)
FN:106,(anonymous_22)
FN:111,(anonymous_23)
FN:112,(anonymous_24)
FN:117,(anonymous_25)
FN:118,(anonymous_26)
FN:123,(anonymous_27)
FN:124,(anonymous_28)
FN:130,getCreateMemoryStore
FN:140,getCreateDbStore
FN:150,getCreateStore
FN:157,createMemoryStore
FN:163,createDbStore
FN:169,createStore
FN:176,clearStores
FN:184,doStep
FN:192,(anonymous_37)
FN:201,clear
FN:208,useDb
FN:220,closeDb
FN:224,useMemory
FNF:41
FNH:37
FNDA:35,DbStore
FNDA:214,(anonymous_2)
FNDA:214,(anonymous_3)
FNDA:221,(anonymous_4)
FNDA:116,(anonymous_5)
FNDA:116,(anonymous_6)
FNDA:3,(anonymous_7)
FNDA:6,(anonymous_8)
FNDA:16,(anonymous_9)
FNDA:20,(anonymous_10)
FNDA:221,makeTransform
FNDA:221,(anonymous_12)
FNDA:340,(anonymous_13)
FNDA:6,MemoryStore
FNDA:396,(anonymous_15)
FNDA:396,(anonymous_16)
FNDA:405,(anonymous_17)
FNDA:405,(anonymous_18)
FNDA:250,(anonymous_19)
FNDA:250,(anonymous_20)
FNDA:3,(anonymous_21)
FNDA:3,(anonymous_22)
FNDA:10,(anonymous_23)
FNDA:10,(anonymous_24)
FNDA:30,(anonymous_25)
FNDA:30,(anonymous_26)
FNDA:51,(anonymous_27)
FNDA:51,(anonymous_28)
FNDA:891,getCreateMemoryStore
FNDA:503,getCreateDbStore
FNDA:1394,getCreateStore
FNDA:0,createMemoryStore
FNDA:0,createDbStore
FNDA:0,createStore
FNDA:13,clearStores
FNDA:84,doStep
FNDA:71,(anonymous_37)
FNDA:13,clear
FNDA:6,useDb
FNDA:6,closeDb
FNDA:0,useMemory
DA:3,1
DA:4,1
DA:6,1
DA:7,1
DA:9,1
DA:11,1
DA:13,1
DA:14,35
DA:15,214
DA:16,214
DA:17,214
DA:18,214
DA:20,214
DA:24,35
DA:25,221
DA:26,13
DA:27,208
DA:28,208
DA:30,0
DA:33,35
DA:34,116
DA:35,116
DA:36,116
DA:38,0
DA:42,35
DA:43,3
DA:46,35
DA:47,6
DA:50,35
DA:51,16
DA:54,35
DA:55,20
DA:59,1
DA:60,221
DA:61,221
DA:62,137
DA:63,340
DA:64,0
DA:66,340
DA:67,340
DA:70,221
DA:74,1
DA:75,6
DA:76,396
DA:77,396
DA:81,6
DA:82,405
DA:83,405
DA:84,384
DA:85,384
DA:88,21
DA:89,21
DA:90,21
DA:94,405
DA:95,405
DA:99,6
DA:100,250
DA:101,250
DA:105,6
DA:106,3
DA:107,3
DA:111,6
DA:112,10
DA:113,10
DA:117,6
DA:118,30
DA:119,30
DA:123,6
DA:124,51
DA:125,51
DA:130,1
DA:131,891
DA:132,885
DA:134,6
DA:135,6
DA:137,6
DA:140,1
DA:141,503
DA:142,468
DA:144,35
DA:145,35
DA:147,35
DA:150,1
DA:151,1394
DA:152,503
DA:154,891
DA:157,1
DA:158,0
DA:159,0
DA:160,0
DA:163,1
DA:164,0
DA:165,0
DA:166,0
DA:169,1
DA:170,0
DA:171,0
DA:173,0
DA:176,1
DA:177,13
DA:179,13
DA:180,13
DA:182,13
DA:184,1
DA:185,84
DA:186,13
DA:187,13
DA:190,71
DA:192,71
DA:193,71
DA:194,0
DA:196,71
DA:201,1
DA:202,13
DA:203,4
DA:205,9
DA:208,1
DA:209,6
DA:210,6
DA:211,6
DA:212,6
DA:213,6
DA:214,6
DA:215,6
DA:216,6
DA:217,6
DA:220,1
DA:221,6
DA:224,1
DA:225,0
DA:226,0
DA:229,1
LF:132
LH:117
BRDA:16,1,0,214
BRDA:16,1,1,0
BRDA:16,2,0,214
BRDA:16,2,1,214
BRDA:25,3,0,13
BRDA:25,3,1,208
BRDA:25,4,0,221
BRDA:25,4,1,13
BRDA:27,5,0,208
BRDA:27,5,1,0
BRDA:35,6,0,116
BRDA:35,6,1,0
BRDA:35,7,0,116
BRDA:35,7,1,116
BRDA:35,7,2,116
BRDA:61,8,0,137
BRDA:61,8,1,84
BRDA:61,9,0,221
BRDA:61,9,1,221
BRDA:63,10,0,0
BRDA:63,10,1,340
BRDA:82,11,0,405
BRDA:82,11,1,0
BRDA:83,12,0,384
BRDA:83,12,1,21
BRDA:131,13,0,885
BRDA:131,13,1,6
BRDA:141,14,0,468
BRDA:141,14,1,35
BRDA:151,15,0,503
BRDA:151,15,1,891
BRDA:170,16,0,0
BRDA:170,16,1,0
BRDA:185,17,0,13
BRDA:185,17,1,71
BRDA:193,18,0,0
BRDA:193,18,1,71
BRDA:202,19,0,4
BRDA:202,19,1,9
BRDA:209,20,0,6
BRDA:209,20,1,6
BRDA:212,21,0,6
BRDA:212,21,1,6
BRDA:212,22,0,6
BRDA:212,22,1,6
BRF:45
BRH:37
end_of_record
TN:
SF:E:\Git\liqueed\utils\mongodb.js
FN:4,Repository
FN:5,getCollection
FN:6,(anonymous_3)
FN:14,(anonymous_4)
FN:15,(anonymous_5)
FN:19,(anonymous_6)
FN:29,(anonymous_7)
FN:35,(anonymous_8)
FN:39,(anonymous_9)
FN:49,(anonymous_10)
FN:50,(anonymous_11)
FN:58,(anonymous_12)
FN:59,(anonymous_13)
FN:67,(anonymous_14)
FN:68,(anonymous_15)
FN:76,(anonymous_16)
FN:77,(anonymous_17)
FN:85,(anonymous_18)
FN:86,(anonymous_19)
FN:96,(anonymous_20)
FN:97,(anonymous_21)
FN:99,(anonymous_22)
FNF:22
FNH:21
FNDA:35,Repository
FNDA:596,getCollection
FNDA:596,(anonymous_3)
FNDA:13,(anonymous_4)
FNDA:13,(anonymous_5)
FNDA:13,(anonymous_6)
FNDA:208,(anonymous_7)
FNDA:208,(anonymous_8)
FNDA:208,(anonymous_9)
FNDA:116,(anonymous_10)
FNDA:116,(anonymous_11)
FNDA:19,(anonymous_12)
FNDA:19,(anonymous_13)
FNDA:6,(anonymous_14)
FNDA:6,(anonymous_15)
FNDA:214,(anonymous_16)
FNDA:214,(anonymous_17)
FNDA:20,(anonymous_18)
FNDA:20,(anonymous_19)
FNDA:35,(anonymous_20)
FNDA:6,(anonymous_21)
FNDA:0,(anonymous_22)
DA:2,1
DA:4,1
DA:5,1
DA:6,596
DA:7,596
DA:8,0
DA:10,596
DA:14,35
DA:15,13
DA:16,13
DA:17,0
DA:19,13
DA:20,13
DA:21,0
DA:23,13
DA:29,35
DA:30,208
DA:31,208
DA:32,208
DA:35,208
DA:36,208
DA:37,0
DA:39,208
DA:40,208
DA:41,0
DA:43,208
DA:49,35
DA:50,116
DA:51,116
DA:52,0
DA:54,116
DA:58,35
DA:59,19
DA:60,19
DA:61,0
DA:63,19
DA:67,35
DA:68,6
DA:69,6
DA:70,0
DA:72,6
DA:76,35
DA:77,214
DA:78,214
DA:79,0
DA:81,214
DA:85,35
DA:86,20
DA:87,20
DA:88,0
DA:90,20
DA:95,1
DA:96,35
DA:98,6
DA:99,0
DA:100,6
DA:101,6
DA:102,6
LF:58
LH:47
BRDA:7,1,0,0
BRDA:7,1,1,596
BRDA:16,2,0,0
BRDA:16,2,1,13
BRDA:20,3,0,0
BRDA:20,3,1,13
BRDA:30,4,0,208
BRDA:30,4,1,0
BRDA:36,5,0,0
BRDA:36,5,1,208
BRDA:40,6,0,0
BRDA:40,6,1,208
BRDA:51,7,0,0
BRDA:51,7,1,116
BRDA:60,8,0,0
BRDA:60,8,1,19
BRDA:69,9,0,0
BRDA:69,9,1,6
BRDA:78,10,0,0
BRDA:78,10,1,214
BRDA:87,11,0,0
BRDA:87,11,1,20
BRDA:98,12,0,0
BRDA:98,12,1,6
BRF:24
BRH:12
end_of_record
TN:
SF:E:\Git\liqueed\services\project.js
FN:7,addProject
FN:12,getProjectById
FN:17,addPersonToTeam
FN:19,(anonymous_4)
FN:32,getTeam
FN:35,(anonymous_6)
FN:49,doTeamStep
FN:57,(anonymous_8)
FN:71,getShareholders
FN:79,(anonymous_10)
FN:82,(anonymous_11)
FN:86,(anonymous_12)
FN:95,(anonymous_13)
FN:98,(anonymous_14)
FN:101,(anonymous_15)
FN:105,getSharesByProject
FN:109,getSharesByPeriod
FN:113,getShares
FN:120,(anonymous_19)
FN:123,(anonymous_20)
FN:129,(anonymous_21)
FN:130,(anonymous_22)
FN:139,(anonymous_23)
FN:142,(anonymous_24)
FN:148,getProjects
FN:153,addPeriod
FN:159,getPeriodById
FN:164,getPeriods
FN:169,getAssignments
FN:172,(anonymous_30)
FN:185,doDataStep
FN:194,(anonymous_32)
FN:202,(anonymous_33)
FN:219,removeAssignments
FN:223,(anonymous_35)
FN:226,(anonymous_36)
FN:229,(anonymous_37)
FN:232,(anonymous_38)
FN:238,putAssignment
FN:248,(anonymous_40)
FN:249,(anonymous_41)
FN:250,(anonymous_42)
FN:251,(anonymous_43)
FN:266,(anonymous_44)
FN:274,(anonymous_45)
FN:281,(anonymous_46)
FN:286,(anonymous_47)
FN:290,(anonymous_48)
FN:301,(anonymous_49)
FN:302,(anonymous_50)
FN:306,putAssignments
FN:307,(anonymous_52)
FN:318,doAssignmentStep
FN:325,(anonymous_54)
FN:340,getTotalAssignments
FN:343,(anonymous_56)
FN:351,(anonymous_57)
FNF:57
FNH:53
FNDA:33,addProject
FNDA:13,getProjectById
FNDA:85,addPersonToTeam
FNDA:85,(anonymous_4)
FNDA:114,getTeam
FNDA:114,(anonymous_6)
FNDA:416,doTeamStep
FNDA:302,(anonymous_8)
FNDA:9,getShareholders
FNDA:9,(anonymous_10)
FNDA:9,(anonymous_11)
FNDA:9,(anonymous_12)
FNDA:15,(anonymous_13)
FNDA:9,(anonymous_14)
FNDA:0,(anonymous_15)
FNDA:4,getSharesByProject
FNDA:2,getSharesByPeriod
FNDA:6,getShares
FNDA:6,(anonymous_19)
FNDA:6,(anonymous_20)
FNDA:14,(anonymous_21)
FNDA:14,(anonymous_22)
FNDA:6,(anonymous_23)
FNDA:0,(anonymous_24)
FNDA:15,getProjects
FNDA:54,addPeriod
FNDA:112,getPeriodById
FNDA:17,getPeriods
FNDA:18,getAssignments
FNDA:18,(anonymous_30)
FNDA:84,doDataStep
FNDA:66,(anonymous_32)
FNDA:66,(anonymous_33)
FNDA:7,removeAssignments
FNDA:7,(anonymous_35)
FNDA:14,(anonymous_36)
FNDA:7,(anonymous_37)
FNDA:0,(anonymous_38)
FNDA:102,putAssignment
FNDA:102,(anonymous_40)
FNDA:102,(anonymous_41)
FNDA:102,(anonymous_42)
FNDA:102,(anonymous_43)
FNDA:6,(anonymous_44)
FNDA:92,(anonymous_45)
FNDA:98,(anonymous_46)
FNDA:98,(anonymous_47)
FNDA:98,(anonymous_48)
FNDA:98,(anonymous_49)
FNDA:0,(anonymous_50)
FNDA:5,putAssignments
FNDA:5,(anonymous_52)
FNDA:15,doAssignmentStep
FNDA:10,(anonymous_54)
FNDA:114,getTotalAssignments
FNDA:114,(anonymous_56)
FNDA:80,(anonymous_57)
DA:3,1
DA:4,1
DA:5,1
DA:7,1
DA:8,33
DA:9,33
DA:12,1
DA:13,13
DA:14,13
DA:17,1
DA:18,85
DA:19,85
DA:20,85
DA:21,0
DA:22,0
DA:25,85
DA:26,2
DA:28,83
DA:32,1
DA:33,114
DA:35,114
DA:36,114
DA:37,0
DA:38,0
DA:41,114
DA:42,114
DA:44,114
DA:45,114
DA:47,114
DA:49,1
DA:50,416
DA:51,114
DA:52,114
DA:55,302
DA:57,302
DA:58,302
DA:59,0
DA:60,0
DA:63,302
DA:65,302
DA:71,1
DA:72,9
DA:73,9
DA:74,9
DA:75,9
DA:76,9
DA:78,9
DA:80,9
DA:83,9
DA:84,9
DA:87,9
DA:89,9
DA:90,9
DA:91,9
DA:93,9
DA:96,15
DA:99,9
DA:101,0
DA:105,1
DA:106,4
DA:109,1
DA:110,2
DA:113,1
DA:114,6
DA:116,6
DA:117,6
DA:119,6
DA:121,6
DA:124,6
DA:125,6
DA:126,6
DA:127,6
DA:130,14
DA:131,14
DA:132,0
DA:134,14
DA:135,14
DA:140,6
DA:143,0
DA:148,1
DA:149,15
DA:150,15
DA:153,1
DA:154,54
DA:155,54
DA:156,54
DA:159,1
DA:160,112
DA:161,112
DA:164,1
DA:165,17
DA:166,17
DA:169,1
DA:170,18
DA:171,18
DA:172,18
DA:173,18
DA:174,0
DA:175,0
DA:178,18
DA:180,18
DA:181,18
DA:183,18
DA:185,1
DA:186,84
DA:187,18
DA:188,18
DA:191,66
DA:192,66
DA:194,66
DA:195,66
DA:196,0
DA:197,0
DA:200,66
DA:202,66
DA:203,66
DA:204,0
DA:205,0
DA:208,66
DA:210,66
DA:212,66
DA:219,1
DA:220,7
DA:222,7
DA:224,7
DA:227,14
DA:230,7
DA:233,0
DA:238,1
DA:239,102
DA:241,102
DA:242,102
DA:243,102
DA:244,102
DA:245,102
DA:247,102
DA:248,102
DA:249,102
DA:250,102
DA:252,102
DA:253,102
DA:254,102
DA:256,102
DA:258,102
DA:259,4
DA:260,4
DA:263,98
DA:264,6
DA:265,6
DA:266,6
DA:267,6
DA:268,0
DA:270,6
DA:274,92
DA:275,92
DA:276,0
DA:278,92
DA:282,98
DA:284,98
DA:287,98
DA:288,98
DA:291,98
DA:292,98
DA:294,98
DA:295,44
DA:296,44
DA:299,54
DA:301,98
DA:302,0
DA:306,1
DA:307,5
DA:308,5
DA:309,0
DA:310,0
DA:313,5
DA:314,5
DA:316,5
DA:318,1
DA:319,15
DA:320,5
DA:321,5
DA:324,10
DA:325,10
DA:326,10
DA:327,0
DA:328,0
DA:331,10
DA:332,0
DA:334,10
DA:340,1
DA:341,114
DA:343,114
DA:344,114
DA:345,0
DA:346,0
DA:349,114
DA:351,114
DA:352,80
DA:355,114
DA:359,1
LF:200
LH:174
BRDA:20,1,0,0
BRDA:20,1,1,85
BRDA:25,2,0,2
BRDA:25,2,1,83
BRDA:36,3,0,0
BRDA:36,3,1,114
BRDA:50,4,0,114
BRDA:50,4,1,302
BRDA:58,5,0,0
BRDA:58,5,1,302
BRDA:131,6,0,0
BRDA:131,6,1,14
BRDA:173,7,0,0
BRDA:173,7,1,18
BRDA:186,8,0,18
BRDA:186,8,1,66
BRDA:195,9,0,0
BRDA:195,9,1,66
BRDA:203,10,0,0
BRDA:203,10,1,66
BRDA:253,11,0,8
BRDA:253,11,1,94
BRDA:253,12,0,102
BRDA:253,12,1,102
BRDA:254,13,0,8
BRDA:254,13,1,94
BRDA:258,14,0,4
BRDA:258,14,1,98
BRDA:263,15,0,6
BRDA:263,15,1,92
BRDA:267,16,0,0
BRDA:267,16,1,6
BRDA:275,17,0,0
BRDA:275,17,1,92
BRDA:294,18,0,44
BRDA:294,18,1,54
BRDA:308,19,0,0
BRDA:308,19,1,5
BRDA:319,20,0,5
BRDA:319,20,1,10
BRDA:326,21,0,0
BRDA:326,21,1,10
BRDA:331,22,0,0
BRDA:331,22,1,10
BRDA:344,23,0,0
BRDA:344,23,1,114
BRF:46
BRH:33
end_of_record
TN:
SF:E:\Git\liqueed\services\note.js
FN:5,addNote
FN:10,getNoteById
FN:15,getAllNotes
FN:20,updateNoteById
FN:25,removeNoteById
FNF:5
FNH:5
FNDA:42,addNote
FNDA:6,getNoteById
FNDA:6,getAllNotes
FNDA:2,updateNoteById
FNDA:2,removeNoteById
DA:3,1
DA:5,1
DA:6,42
DA:7,42
DA:10,1
DA:11,6
DA:12,6
DA:15,1
DA:16,6
DA:17,6
DA:20,1
DA:21,2
DA:22,2
DA:25,1
DA:26,2
DA:27,2
DA:30,1
LF:17
LH:17
BRF:0
BRH:0
end_of_record
TN:
SF:E:\Git\liqueed\public\scripts\logic.js
FN:2,(anonymous_1)
FN:3,acceptShares
FN:6,(anonymous_3)
FNF:3
FNH:3
FNDA:1,(anonymous_1)
FNDA:5,acceptShares
FNDA:10,(anonymous_3)
DA:2,1
DA:3,1
DA:4,5
DA:6,5
DA:7,10
DA:9,10
DA:10,3
DA:12,10
DA:15,5
DA:16,2
DA:18,3
DA:19,2
DA:21,1
DA:24,1
DA:29,1
DA:30,1
LF:16
LH:16
BRDA:9,1,0,3
BRDA:9,1,1,7
BRDA:9,2,0,10
BRDA:9,2,1,8
BRDA:15,3,0,2
BRDA:15,3,1,3
BRDA:18,4,0,2
BRDA:18,4,1,1
BRDA:29,5,0,1
BRDA:29,5,1,0
BRF:10
BRH:9
end_of_record
TN:
SF:E:\Git\liqueed\controllers\noteapi.js
FN:5,list
FN:6,(anonymous_2)
FN:11,get
FN:13,(anonymous_4)
FNF:4
FNH:4
FNDA:1,list
FNDA:1,(anonymous_2)
FNDA:1,get
FNDA:1,(anonymous_4)
DA:3,1
DA:5,1
DA:6,1
DA:7,1
DA:11,1
DA:12,1
DA:13,1
DA:14,1
DA:18,1
LF:9
LH:9
BRF:0
BRH:0
end_of_record
TN:
SF:E:\Git\liqueed\controllers\note.js
FN:5,getNoteOrRedirect
FN:7,(anonymous_2)
FN:26,(anonymous_3)
FN:27,(anonymous_4)
FN:42,(anonymous_5)
FN:51,(anonymous_6)
FN:52,(anonymous_7)
FN:65,(anonymous_8)
FN:73,(anonymous_9)
FN:75,(anonymous_10)
FN:84,(anonymous_11)
FN:85,(anonymous_12)
FNF:12
FNH:11
FNDA:2,getNoteOrRedirect
FNDA:2,(anonymous_2)
FNDA:1,(anonymous_3)
FNDA:1,(anonymous_4)
FNDA:2,(anonymous_5)
FNDA:1,(anonymous_6)
FNDA:1,(anonymous_7)
FNDA:0,(anonymous_8)
FNDA:1,(anonymous_9)
FNDA:1,(anonymous_10)
FNDA:1,(anonymous_11)
FNDA:1,(anonymous_12)
DA:3,1
DA:5,1
DA:6,2
DA:7,2
DA:8,2
DA:9,1
DA:17,1
DA:26,1
DA:27,1
DA:28,1
DA:42,1
DA:43,2
DA:51,1
DA:52,1
DA:53,1
DA:54,1
DA:55,1
DA:57,1
DA:65,1
DA:66,0
DA:73,1
DA:74,1
DA:75,1
DA:76,1
DA:84,1
DA:85,1
DA:86,1
LF:27
LH:26
BRDA:8,1,0,1
BRDA:8,1,1,1
BRDA:54,2,0,1
BRDA:54,2,1,0
BRF:4
BRH:3
end_of_record
TN:
SF:E:\Git\liqueed\public\scripts\pages.js
FN:11,(anonymous_1)
FN:16,activatePage
FN:24,makeProjectButton
FN:34,makePeriodButton
FN:44,doSignIn
FN:57,doSignOut
FN:62,gotoSignIn
FN:63,(anonymous_8)
FN:74,showSignIn
FN:81,(anonymous_10)
FN:92,gotoProjects
FN:94,(anonymous_12)
FN:102,showProjects
FN:108,(anonymous_14)
FN:109,(anonymous_15)
FN:119,gotoNewProject
FN:130,gotoProject
FN:132,(anonymous_18)
FN:141,(anonymous_19)
FN:152,showProject
FN:165,(anonymous_21)
FN:166,(anonymous_22)
FN:167,(anonymous_23)
FN:186,showSharesChart
FN:189,(anonymous_25)
FN:226,createProject
FN:229,(anonymous_27)
FN:237,showPeriod
FN:253,(anonymous_29)
FN:265,(anonymous_30)
FN:270,(anonymous_31)
FN:279,(anonymous_32)
FN:282,(anonymous_33)
FN:296,(anonymous_34)
FN:313,done
FN:330,(anonymous_36)
FNF:36
FNH:7
FNDA:1,(anonymous_1)
FNDA:2,activatePage
FNDA:0,makeProjectButton
FNDA:0,makePeriodButton
FNDA:0,doSignIn
FNDA:0,doSignOut
FNDA:1,gotoSignIn
FNDA:1,(anonymous_8)
FNDA:1,showSignIn
FNDA:5,(anonymous_10)
FNDA:0,gotoProjects
FNDA:0,(anonymous_12)
FNDA:0,showProjects
FNDA:0,(anonymous_14)
FNDA:0,(anonymous_15)
FNDA:1,gotoNewProject
FNDA:0,gotoProject
FNDA:0,(anonymous_18)
FNDA:0,(anonymous_19)
FNDA:0,showProject
FNDA:0,(anonymous_21)
FNDA:0,(anonymous_22)
FNDA:0,(anonymous_23)
FNDA:0,showSharesChart
FNDA:0,(anonymous_25)
FNDA:0,createProject
FNDA:0,(anonymous_27)
FNDA:0,showPeriod
FNDA:0,(anonymous_29)
FNDA:0,(anonymous_30)
FNDA:0,(anonymous_31)
FNDA:0,(anonymous_32)
FNDA:0,(anonymous_33)
FNDA:0,(anonymous_34)
FNDA:0,done
FNDA:0,(anonymous_36)
DA:2,1
DA:3,1
DA:5,1
DA:6,1
DA:8,1
DA:9,1
DA:11,1
DA:12,1
DA:13,1
DA:14,1
DA:16,1
DA:17,2
DA:18,1
DA:20,2
DA:21,2
DA:24,1
DA:25,0
DA:34,1
DA:35,0
DA:44,1
DA:45,0
DA:47,0
DA:49,0
DA:50,0
DA:52,0
DA:54,0
DA:57,1
DA:58,0
DA:59,0
DA:62,1
DA:63,1
DA:64,1
DA:65,0
DA:66,0
DA:68,0
DA:70,1
DA:74,1
DA:75,1
DA:77,1
DA:79,1
DA:81,1
DA:82,5
DA:83,5
DA:86,1
DA:88,1
DA:89,1
DA:92,1
DA:93,0
DA:94,0
DA:95,0
DA:96,0
DA:98,0
DA:102,1
DA:103,0
DA:105,0
DA:106,0
DA:108,0
DA:109,0
DA:110,0
DA:113,0
DA:116,0
DA:119,1
DA:120,1
DA:122,1
DA:124,1
DA:126,1
DA:127,1
DA:130,1
DA:131,0
DA:132,0
DA:133,0
DA:134,0
DA:135,0
DA:138,0
DA:140,0
DA:141,0
DA:142,0
DA:143,0
DA:145,0
DA:148,0
DA:152,1
DA:153,0
DA:155,0
DA:156,0
DA:158,0
DA:160,0
DA:162,0
DA:163,0
DA:165,0
DA:166,0
DA:167,0
DA:168,0
DA:169,0
DA:171,0
DA:175,0
DA:178,0
DA:179,0
DA:180,0
DA:183,0
DA:186,1
DA:187,0
DA:189,0
DA:190,0
DA:193,0
DA:226,1
DA:227,0
DA:228,0
DA:229,0
DA:230,0
DA:231,0
DA:233,0
DA:237,1
DA:238,0
DA:240,0
DA:241,0
DA:242,0
DA:243,0
DA:244,0
DA:245,0
DA:246,0
DA:247,0
DA:248,0
DA:249,0
DA:251,0
DA:253,0
DA:254,0
DA:255,0
DA:256,0
DA:257,0
DA:259,0
DA:260,0
DA:261,0
DA:262,0
DA:266,0
DA:269,0
DA:270,0
DA:271,0
DA:272,0
DA:273,0
DA:276,0
DA:279,0
DA:280,0
DA:282,0
DA:283,0
DA:290,0
DA:292,0
DA:293,0
DA:294,0
DA:296,0
DA:297,0
DA:299,0
DA:300,0
DA:302,0
DA:303,0
DA:305,0
DA:308,0
DA:311,0
DA:313,1
DA:314,0
DA:315,0
DA:316,0
DA:319,0
DA:322,0
DA:325,0
DA:328,1
DA:330,0
DA:339,1
DA:342,1
DA:343,1
LF:169
LH:51
BRDA:5,1,0,1
BRDA:5,1,1,0
BRDA:5,2,0,1
BRDA:5,2,1,1
BRDA:5,2,2,1
BRDA:8,3,0,1
BRDA:8,3,1,0
BRDA:17,4,0,1
BRDA:17,4,1,1
BRDA:49,5,0,0
BRDA:49,5,1,0
BRDA:64,6,0,0
BRDA:64,6,1,1
BRDA:65,7,0,0
BRDA:65,7,1,0
BRDA:88,8,0,1
BRDA:88,8,1,0
BRDA:95,9,0,0
BRDA:95,9,1,0
BRDA:126,10,0,1
BRDA:126,10,1,0
BRDA:133,11,0,0
BRDA:133,11,1,0
BRDA:140,12,0,0
BRDA:140,12,1,0
BRDA:142,13,0,0
BRDA:142,13,1,0
BRDA:168,14,0,0
BRDA:168,14,1,0
BRDA:178,15,0,0
BRDA:178,15,1,0
BRDA:178,16,0,0
BRDA:178,16,1,0
BRDA:213,17,0,0
BRDA:213,17,1,0
BRDA:213,17,2,0
BRDA:230,18,0,0
BRDA:230,18,1,0
BRDA:254,19,0,0
BRDA:254,19,1,0
BRDA:272,20,0,0
BRDA:272,20,1,0
BRDA:272,21,0,0
BRDA:272,21,1,0
BRDA:292,22,0,0
BRDA:292,22,1,0
BRDA:293,23,0,0
BRDA:293,23,1,0
BRDA:299,24,0,0
BRDA:299,24,1,0
BRDA:302,25,0,0
BRDA:302,25,1,0
BRDA:302,26,0,0
BRDA:302,26,1,0
BRDA:342,27,0,1
BRDA:342,27,1,0
BRF:56
BRH:11
end_of_record
TN:
SF:E:\Git\liqueed\controllers\personapi.js
FN:5,getId
FN:12,list
FN:13,(anonymous_3)
FN:18,get
FN:20,(anonymous_5)
FN:25,getProjects
FN:27,(anonymous_7)
FNF:7
FNH:7
FNDA:4,getId
FNDA:3,list
FNDA:3,(anonymous_3)
FNDA:2,get
FNDA:2,(anonymous_5)
FNDA:2,getProjects
FNDA:2,(anonymous_7)
DA:3,1
DA:5,1
DA:6,4
DA:7,2
DA:9,2
DA:12,1
DA:13,3
DA:14,3
DA:18,1
DA:19,2
DA:20,2
DA:21,2
DA:25,1
DA:26,2
DA:27,2
DA:28,2
DA:32,1
LF:17
LH:17
BRDA:6,1,0,2
BRDA:6,1,1,2
BRDA:6,2,0,4
BRDA:6,2,1,4
BRDA:6,2,2,4
BRF:5
BRH:5
end_of_record
TN:
SF:E:\Git\liqueed\controllers\person.js
FN:6,getId
FN:13,index
FN:14,(anonymous_3)
FN:22,view
FN:30,(anonymous_5)
FN:31,(anonymous_6)
FN:35,(anonymous_7)
FNF:7
FNH:7
FNDA:2,getId
FNDA:2,index
FNDA:2,(anonymous_3)
FNDA:2,view
FNDA:2,(anonymous_5)
FNDA:2,(anonymous_6)
FNDA:2,(anonymous_7)
DA:3,1
DA:4,1
DA:6,1
DA:7,2
DA:8,1
DA:10,1
DA:13,1
DA:14,2
DA:15,2
DA:16,0
DA:18,2
DA:22,1
DA:23,2
DA:25,2
DA:29,2
DA:30,2
DA:32,2
DA:33,2
DA:36,2
DA:37,2
DA:42,1
LF:21
LH:20
BRDA:7,1,0,1
BRDA:7,1,1,1
BRDA:7,2,0,2
BRDA:7,2,1,2
BRDA:7,2,2,1
BRDA:15,3,0,0
BRDA:15,3,1,2
BRF:7
BRH:6
end_of_record
TN:
SF:E:\Git\liqueed\controllers\projectapi.js
FN:5,getId
FN:12,list
FN:13,(anonymous_3)
FN:18,get
FN:20,(anonymous_5)
FN:25,addProject
FN:26,(anonymous_7)
FN:31,getTeam
FN:33,(anonymous_9)
FN:38,addPersonToTeam
FN:41,(anonymous_11)
FN:46,getShareholders
FN:48,(anonymous_13)
FN:53,getSharesByProject
FN:55,(anonymous_15)
FN:60,getPeriods
FN:62,(anonymous_17)
FN:67,getPeriod
FN:70,(anonymous_19)
FN:75,getAssignments
FN:78,(anonymous_21)
FN:83,putAssignment
FN:88,(anonymous_23)
FN:93,putAssignments
FN:97,(anonymous_25)
FNF:25
FNH:25
FNDA:40,getId
FNDA:4,list
FNDA:4,(anonymous_3)
FNDA:5,get
FNDA:5,(anonymous_5)
FNDA:2,addProject
FNDA:2,(anonymous_7)
FNDA:3,getTeam
FNDA:3,(anonymous_9)
FNDA:1,addPersonToTeam
FNDA:1,(anonymous_11)
FNDA:3,getShareholders
FNDA:3,(anonymous_13)
FNDA:2,getSharesByProject
FNDA:2,(anonymous_15)
FNDA:5,getPeriods
FNDA:5,(anonymous_17)
FNDA:2,getPeriod
FNDA:2,(anonymous_19)
FNDA:3,getAssignments
FNDA:3,(anonymous_21)
FNDA:2,putAssignment
FNDA:2,(anonymous_23)
FNDA:3,putAssignments
FNDA:3,(anonymous_25)
DA:2,1
DA:3,1
DA:5,1
DA:6,40
DA:7,12
DA:9,28
DA:12,1
DA:13,4
DA:14,4
DA:18,1
DA:19,5
DA:20,5
DA:21,5
DA:25,1
DA:26,2
DA:27,2
DA:31,1
DA:32,3
DA:33,3
DA:34,3
DA:38,1
DA:39,1
DA:40,1
DA:41,1
DA:42,1
DA:46,1
DA:47,3
DA:48,3
DA:49,3
DA:53,1
DA:54,2
DA:55,2
DA:56,2
DA:60,1
DA:61,5
DA:62,5
DA:63,5
DA:67,1
DA:68,2
DA:69,2
DA:70,2
DA:71,2
DA:75,1
DA:76,3
DA:77,3
DA:78,3
DA:79,3
DA:83,1
DA:84,2
DA:85,2
DA:86,2
DA:88,2
DA:89,2
DA:93,1
DA:94,3
DA:95,3
DA:96,3
DA:97,3
DA:98,3
DA:102,1
LF:60
LH:60
BRDA:6,1,0,12
BRDA:6,1,1,28
BRDA:6,2,0,40
BRDA:6,2,1,40
BRDA:6,2,2,40
BRF:5
BRH:5
end_of_record
TN:
SF:E:\Git\liqueed\controllers\project.js
FN:7,getId
FN:14,index
FN:15,(anonymous_3)
FN:20,newProject
FN:24,addProject
FN:26,(anonymous_6)
FN:34,view
FN:42,(anonymous_8)
FN:43,(anonymous_9)
FN:47,(anonymous_10)
FN:51,(anonymous_11)
FN:58,viewPeriod
FN:67,(anonymous_13)
FN:68,(anonymous_14)
FN:72,(anonymous_15)
FN:76,(anonymous_16)
FN:83,makeProject
FNF:17
FNH:17
FNDA:7,getId
FNDA:2,index
FNDA:2,(anonymous_3)
FNDA:1,newProject
FNDA:1,addProject
FNDA:1,(anonymous_6)
FNDA:3,view
FNDA:3,(anonymous_8)
FNDA:3,(anonymous_9)
FNDA:3,(anonymous_10)
FNDA:3,(anonymous_11)
FNDA:2,viewPeriod
FNDA:2,(anonymous_13)
FNDA:2,(anonymous_14)
FNDA:2,(anonymous_15)
FNDA:2,(anonymous_16)
FNDA:1,makeProject
DA:2,1
DA:3,1
DA:5,1
DA:7,1
DA:8,7
DA:9,3
DA:11,4
DA:14,1
DA:15,2
DA:16,2
DA:20,1
DA:21,1
DA:24,1
DA:25,1
DA:26,1
DA:27,1
DA:28,1
DA:29,1
DA:30,1
DA:34,1
DA:35,3
DA:37,3
DA:41,3
DA:42,3
DA:44,3
DA:45,3
DA:48,3
DA:49,3
DA:52,3
DA:53,3
DA:58,1
DA:59,2
DA:60,2
DA:62,2
DA:66,2
DA:67,2
DA:69,2
DA:70,2
DA:73,2
DA:74,2
DA:77,2
DA:78,2
DA:83,1
DA:84,1
DA:89,1
LF:45
LH:45
BRDA:8,1,0,3
BRDA:8,1,1,4
BRDA:8,2,0,7
BRDA:8,2,1,7
BRDA:8,2,2,6
BRDA:27,3,0,1
BRDA:27,3,1,0
BRF:7
BRH:6
end_of_record
TN:
SF:E:\Git\liqueed\testserver\clientserver.js
FN:14,(anonymous_1)
FN:18,(anonymous_2)
FN:24,(anonymous_3)
FN:28,(anonymous_4)
FN:31,(anonymous_5)
FN:43,(anonymous_6)
FN:46,(anonymous_7)
FN:56,(anonymous_8)
FN:59,(anonymous_9)
FN:71,(anonymous_10)
FN:74,(anonymous_11)
FN:83,(anonymous_12)
FN:86,(anonymous_13)
FN:102,(anonymous_14)
FN:105,(anonymous_15)
FN:123,(anonymous_16)
FN:126,(anonymous_17)
FN:143,(anonymous_18)
FN:146,(anonymous_19)
FN:163,(anonymous_20)
FN:170,(anonymous_21)
FN:179,(anonymous_22)
FN:182,(anonymous_23)
FN:188,(anonymous_24)
FN:197,(anonymous_25)
FN:201,(anonymous_26)
FN:202,(anonymous_27)
FN:206,(anonymous_28)
FN:213,(anonymous_29)
FN:220,(anonymous_30)
FNF:30
FNH:29
FNDA:1,(anonymous_1)
FNDA:1,(anonymous_2)
FNDA:1,(anonymous_3)
FNDA:1,(anonymous_4)
FNDA:1,(anonymous_5)
FNDA:1,(anonymous_6)
FNDA:1,(anonymous_7)
FNDA:1,(anonymous_8)
FNDA:1,(anonymous_9)
FNDA:1,(anonymous_10)
FNDA:1,(anonymous_11)
FNDA:1,(anonymous_12)
FNDA:1,(anonymous_13)
FNDA:1,(anonymous_14)
FNDA:1,(anonymous_15)
FNDA:1,(anonymous_16)
FNDA:1,(anonymous_17)
FNDA:1,(anonymous_18)
FNDA:1,(anonymous_19)
FNDA:1,(anonymous_20)
FNDA:1,(anonymous_21)
FNDA:1,(anonymous_22)
FNDA:1,(anonymous_23)
FNDA:8,(anonymous_24)
FNDA:1,(anonymous_25)
FNDA:1,(anonymous_26)
FNDA:1,(anonymous_27)
FNDA:1,(anonymous_28)
FNDA:0,(anonymous_29)
FNDA:1,(anonymous_30)
DA:1,1
DA:2,1
DA:3,1
DA:4,1
DA:6,1
DA:8,1
DA:10,1
DA:11,1
DA:12,1
DA:14,1
DA:15,1
DA:17,1
DA:18,1
DA:19,1
DA:20,1
DA:24,1
DA:25,1
DA:28,1
DA:29,1
DA:31,1
DA:32,1
DA:33,1
DA:34,1
DA:35,1
DA:37,1
DA:39,1
DA:43,1
DA:44,1
DA:46,1
DA:47,1
DA:48,1
DA:49,1
DA:50,1
DA:51,1
DA:52,1
DA:56,1
DA:57,1
DA:59,1
DA:60,1
DA:61,1
DA:62,1
DA:63,1
DA:65,1
DA:67,1
DA:71,1
DA:72,1
DA:74,1
DA:75,1
DA:76,1
DA:77,1
DA:78,1
DA:79,1
DA:83,1
DA:84,1
DA:86,1
DA:87,1
DA:88,1
DA:89,1
DA:90,1
DA:92,1
DA:93,3
DA:94,3
DA:95,3
DA:98,1
DA:102,1
DA:103,1
DA:105,1
DA:106,1
DA:107,1
DA:108,1
DA:109,1
DA:111,1
DA:112,3
DA:113,3
DA:114,3
DA:117,1
DA:119,1
DA:123,1
DA:124,1
DA:126,1
DA:127,1
DA:128,1
DA:129,1
DA:130,1
DA:132,1
DA:133,6
DA:134,6
DA:135,6
DA:136,6
DA:139,1
DA:143,1
DA:144,1
DA:146,1
DA:147,1
DA:148,1
DA:149,1
DA:150,1
DA:152,1
DA:153,3
DA:154,3
DA:155,3
DA:156,3
DA:159,1
DA:163,1
DA:164,1
DA:166,1
DA:171,1
DA:172,1
DA:173,1
DA:175,1
DA:179,1
DA:180,1
DA:182,1
DA:183,1
DA:184,1
DA:185,1
DA:186,1
DA:188,1
DA:189,8
DA:190,8
DA:193,1
DA:197,1
DA:198,1
DA:200,1
DA:201,1
DA:203,1
DA:204,1
DA:207,1
DA:208,1
DA:209,1
DA:210,1
DA:211,1
DA:214,0
DA:215,0
DA:220,1
DA:221,1
LF:136
LH:134
BRF:0
BRH:0
end_of_record
TN:
SF:E:\Git\liqueed\app.js
FN:36,(anonymous_1)
FN:52,(anonymous_2)
FN:63,(anonymous_3)
FN:75,(anonymous_4)
FNF:4
FNH:1
FNDA:16,(anonymous_1)
FNDA:0,(anonymous_2)
FNDA:0,(anonymous_3)
FNDA:0,(anonymous_4)
DA:3,1
DA:4,1
DA:5,1
DA:6,1
DA:7,1
DA:8,1
DA:9,1
DA:11,1
DA:12,1
DA:13,1
DA:14,1
DA:16,1
DA:17,1
DA:18,1
DA:20,1
DA:23,1
DA:24,1
DA:26,1
DA:27,1
DA:28,1
DA:29,1
DA:30,1
DA:31,1
DA:32,1
DA:34,1
DA:36,1
DA:37,16
DA:38,16
DA:41,1
DA:42,1
DA:43,1
DA:44,1
DA:45,1
DA:47,1
DA:48,1
DA:49,1
DA:52,1
DA:53,0
DA:54,0
DA:55,0
DA:62,1
DA:63,1
DA:64,0
DA:65,0
DA:75,1
DA:76,0
DA:77,0
DA:84,1
LF:48
LH:41
BRDA:62,1,0,1
BRDA:62,1,1,0
BRDA:64,2,0,0
BRDA:64,2,1,0
BRDA:76,3,0,0
BRDA:76,3,1,0
BRF:6
BRH:1
end_of_record
TN:
SF:E:\Git\liqueed\routes\index.js
FNF:0
FNH:0
DA:1,1
DA:2,1
DA:3,1
DA:6,1
DA:8,1
LF:5
LH:5
BRF:0
BRH:0
end_of_record
TN:
SF:E:\Git\liqueed\controllers\index.js
FN:6,(anonymous_1)
FNF:1
FNH:0
FNDA:0,(anonymous_1)
DA:6,1
DA:7,0
LF:2
LH:1
BRF:0
BRH:0
end_of_record
TN:
SF:E:\Git\liqueed\routes\note.js
FNF:0
FNH:0
DA:1,1
DA:2,1
DA:3,1
DA:6,1
DA:9,1
DA:12,1
DA:15,1
DA:18,1
DA:21,1
DA:23,1
LF:10
LH:10
BRF:0
BRH:0
end_of_record
TN:
SF:E:\Git\liqueed\routes\person.js
FNF:0
FNH:0
DA:1,1
DA:2,1
DA:3,1
DA:5,1
DA:6,1
DA:8,1
LF:6
LH:6
BRF:0
BRH:0
end_of_record
TN:
SF:E:\Git\liqueed\routes\project.js
FNF:0
FNH:0
DA:1,1
DA:2,1
DA:3,1
DA:5,1
DA:6,1
DA:7,1
DA:8,1
DA:9,1
DA:11,1
LF:9
LH:9
BRF:0
BRH:0
end_of_record
TN:
SF:E:\Git\liqueed\routes\personapi.js
FNF:0
FNH:0
DA:1,1
DA:2,1
DA:3,1
DA:5,1
DA:6,1
DA:7,1
DA:9,1
LF:7
LH:7
BRF:0
BRH:0
end_of_record
TN:
SF:E:\Git\liqueed\routes\projectapi.js
FNF:0
FNH:0
DA:1,1
DA:2,1
DA:3,1
DA:5,1
DA:6,1
DA:7,1
DA:8,1
DA:9,1
DA:10,1
DA:11,1
DA:12,1
DA:13,1
DA:14,1
DA:15,1
DA:17,1
LF:15
LH:15
BRF:0
BRH:0
end_of_record
TN:
SF:E:\Git\liqueed\routes\noteapi.js
FNF:0
FNH:0
DA:1,1
DA:2,1
DA:3,1
DA:5,1
DA:6,1
DA:8,1
LF:6
LH:6
BRF:0
BRH:0
end_of_record
TN:
SF:E:\Git\liqueed\testserver\utils\api.js
FN:5,doRequest
FN:23,(anonymous_2)
FN:26,(anonymous_3)
FN:31,(anonymous_4)
FN:35,(anonymous_5)
FNF:5
FNH:4
FNDA:16,doRequest
FNDA:16,(anonymous_2)
FNDA:16,(anonymous_3)
FNDA:0,(anonymous_4)
FNDA:16,(anonymous_5)
DA:2,1
DA:3,1
DA:5,1
DA:6,16
DA:8,16
DA:9,14
DA:10,14
DA:13,16
DA:20,16
DA:21,2
DA:23,16
DA:24,16
DA:26,16
DA:27,16
DA:28,16
DA:31,16
DA:32,0
DA:35,16
DA:36,16
DA:37,0
DA:38,0
DA:41,16
DA:45,16
DA:46,2
DA:48,16
DA:51,1
LF:26
LH:23
BRDA:8,1,0,14
BRDA:8,1,1,2
BRDA:20,2,0,2
BRDA:20,2,1,14
BRDA:36,3,0,0
BRDA:36,3,1,16
BRDA:45,4,0,2
BRDA:45,4,1,14
BRF:8
BRH:7
end_of_record
TN:
SF:E:\Git\liqueed\testserver\utils\ajax.js
FN:6,get
FN:9,(anonymous_2)
FN:17,(anonymous_3)
FN:24,ajax
FN:25,(anonymous_5)
FN:36,(anonymous_6)
FNF:6
FNH:6
FNDA:10,get
FNDA:10,(anonymous_2)
FNDA:10,(anonymous_3)
FNDA:2,ajax
FNDA:2,(anonymous_5)
FNDA:1,(anonymous_6)
DA:2,1
DA:4,1
DA:6,1
DA:7,10
DA:9,10
DA:10,10
DA:11,0
DA:13,10
DA:16,10
DA:18,10
DA:19,10
DA:24,1
DA:25,2
DA:26,2
DA:27,0
DA:29,2
DA:33,1
DA:36,1
LF:18
LH:16
BRDA:10,1,0,0
BRDA:10,1,1,10
BRDA:26,2,0,0
BRDA:26,2,1,2
BRF:4
BRH:2
end_of_record
TN:
SF:E:\Git\liqueed\public\scripts\clientserver.js
FN:7,(anonymous_1)
FN:11,getPersons
FN:12,(anonymous_3)
FN:14,(anonymous_4)
FN:19,getMyProjects
FN:20,(anonymous_6)
FN:22,(anonymous_7)
FN:27,getProject
FN:28,(anonymous_9)
FN:30,(anonymous_10)
FN:35,addProject
FN:42,(anonymous_12)
FN:45,(anonymous_13)
FN:51,getEntity
FN:52,(anonymous_15)
FN:54,(anonymous_16)
FN:59,getPeriods
FN:63,getShareholders
FN:67,getTeam
FN:71,getSharesByProject
FN:75,getAssignments
FN:79,putAssignments
FN:91,(anonymous_23)
FN:94,(anonymous_24)
FNF:24
FNH:18
FNDA:1,(anonymous_1)
FNDA:1,getPersons
FNDA:1,(anonymous_3)
FNDA:0,(anonymous_4)
FNDA:1,getMyProjects
FNDA:1,(anonymous_6)
FNDA:0,(anonymous_7)
FNDA:2,getProject
FNDA:2,(anonymous_9)
FNDA:0,(anonymous_10)
FNDA:1,addProject
FNDA:1,(anonymous_12)
FNDA:0,(anonymous_13)
FNDA:6,getEntity
FNDA:6,(anonymous_15)
FNDA:0,(anonymous_16)
FNDA:2,getPeriods
FNDA:1,getShareholders
FNDA:1,getTeam
FNDA:1,getSharesByProject
FNDA:1,getAssignments
FNDA:1,putAssignments
FNDA:1,(anonymous_23)
FNDA:0,(anonymous_24)
DA:2,1
DA:4,1
DA:5,1
DA:7,1
DA:8,1
DA:9,1
DA:11,1
DA:12,1
DA:13,1
DA:15,0
DA:19,1
DA:20,1
DA:21,1
DA:23,0
DA:27,1
DA:28,2
DA:29,2
DA:31,0
DA:35,1
DA:36,1
DA:43,1
DA:46,0
DA:51,1
DA:52,6
DA:53,6
DA:55,0
DA:59,1
DA:60,2
DA:63,1
DA:64,1
DA:67,1
DA:68,1
DA:71,1
DA:72,1
DA:75,1
DA:76,1
DA:79,1
DA:80,1
DA:85,1
DA:92,1
DA:95,0
DA:100,1
DA:114,1
DA:115,1
LF:44
LH:38
BRDA:4,1,0,1
BRDA:4,1,1,0
BRDA:8,2,0,1
BRDA:8,2,1,0
BRDA:114,3,0,1
BRDA:114,3,1,0
BRF:6
BRH:3
end_of_record
TN:
SF:E:\Git\liqueed\testserver\projectapi.js
FN:10,(anonymous_1)
FN:14,(anonymous_2)
FN:20,(anonymous_3)
FN:24,(anonymous_4)
FN:27,(anonymous_5)
FN:40,(anonymous_6)
FN:43,(anonymous_7)
FN:56,(anonymous_8)
FN:59,(anonymous_9)
FN:71,(anonymous_10)
FN:74,(anonymous_11)
FN:88,(anonymous_12)
FNF:12
FNH:12
FNDA:1,(anonymous_1)
FNDA:1,(anonymous_2)
FNDA:1,(anonymous_3)
FNDA:1,(anonymous_4)
FNDA:1,(anonymous_5)
FNDA:1,(anonymous_6)
FNDA:1,(anonymous_7)
FNDA:1,(anonymous_8)
FNDA:1,(anonymous_9)
FNDA:1,(anonymous_10)
FNDA:1,(anonymous_11)
FNDA:1,(anonymous_12)
DA:2,1
DA:3,1
DA:5,1
DA:6,1
DA:7,1
DA:8,1
DA:10,1
DA:11,1
DA:13,1
DA:14,1
DA:15,1
DA:16,1
DA:20,1
DA:21,1
DA:24,1
DA:25,1
DA:27,1
DA:28,1
DA:29,1
DA:30,1
DA:31,1
DA:32,1
DA:33,1
DA:34,1
DA:35,1
DA:36,1
DA:40,1
DA:41,1
DA:43,1
DA:44,1
DA:45,1
DA:46,1
DA:47,1
DA:49,1
DA:50,1
DA:52,1
DA:56,1
DA:57,1
DA:59,1
DA:60,1
DA:61,1
DA:62,1
DA:63,1
DA:64,1
DA:65,1
DA:67,1
DA:71,1
DA:72,1
DA:74,1
DA:75,1
DA:76,1
DA:77,1
DA:78,1
DA:79,1
DA:80,1
DA:82,1
DA:84,1
DA:88,1
DA:89,1
LF:59
LH:59
BRF:0
BRH:0
end_of_record
TN:
SF:E:\Git\liqueed\testdb\personapidb.js
FN:11,(anonymous_1)
FN:14,(anonymous_2)
FN:21,(anonymous_3)
FN:27,(anonymous_4)
FN:28,(anonymous_5)
FN:29,(anonymous_6)
FN:35,(anonymous_7)
FN:36,(anonymous_8)
FN:45,(anonymous_9)
FN:50,(anonymous_10)
FN:63,(anonymous_11)
FN:73,(anonymous_12)
FN:84,(anonymous_13)
FN:94,(anonymous_14)
FN:109,(anonymous_15)
FN:112,(anonymous_16)
FNF:16
FNH:16
FNDA:1,(anonymous_1)
FNDA:1,(anonymous_2)
FNDA:1,(anonymous_3)
FNDA:1,(anonymous_4)
FNDA:1,(anonymous_5)
FNDA:1,(anonymous_6)
FNDA:1,(anonymous_7)
FNDA:1,(anonymous_8)
FNDA:1,(anonymous_9)
FNDA:1,(anonymous_10)
FNDA:1,(anonymous_11)
FNDA:1,(anonymous_12)
FNDA:1,(anonymous_13)
FNDA:1,(anonymous_14)
FNDA:1,(anonymous_15)
FNDA:1,(anonymous_16)
DA:3,1
DA:5,1
DA:6,1
DA:7,1
DA:9,1
DA:11,1
DA:12,1
DA:14,1
DA:15,1
DA:16,1
DA:17,1
DA:21,1
DA:22,1
DA:24,1
DA:26,1
DA:27,1
DA:28,1
DA:30,1
DA:31,1
DA:32,1
DA:33,1
DA:35,1
DA:37,1
DA:38,1
DA:39,1
DA:40,1
DA:45,1
DA:46,1
DA:48,1
DA:49,1
DA:51,1
DA:52,1
DA:53,1
DA:54,1
DA:55,1
DA:56,1
DA:60,1
DA:63,1
DA:64,1
DA:66,1
DA:72,1
DA:74,1
DA:75,1
DA:76,1
DA:77,1
DA:81,1
DA:84,1
DA:85,1
DA:87,1
DA:93,1
DA:95,1
DA:96,1
DA:97,1
DA:99,1
DA:100,1
DA:102,1
DA:106,1
DA:109,1
DA:110,1
DA:112,1
DA:113,1
DA:114,1
DA:115,1
LF:63
LH:63
BRF:0
BRH:0
end_of_record
TN:
SF:E:\Git\liqueed\testdb\personcontrollerdb.js
FN:11,(anonymous_1)
FN:14,(anonymous_2)
FN:21,(anonymous_3)
FN:27,(anonymous_4)
FN:28,(anonymous_5)
FN:29,(anonymous_6)
FN:30,(anonymous_7)
FN:39,(anonymous_8)
FN:44,(anonymous_9)
FN:61,(anonymous_10)
FN:71,(anonymous_11)
FN:89,(anonymous_12)
FN:92,(anonymous_13)
FNF:13
FNH:13
FNDA:1,(anonymous_1)
FNDA:1,(anonymous_2)
FNDA:1,(anonymous_3)
FNDA:1,(anonymous_4)
FNDA:1,(anonymous_5)
FNDA:1,(anonymous_6)
FNDA:1,(anonymous_7)
FNDA:1,(anonymous_8)
FNDA:1,(anonymous_9)
FNDA:1,(anonymous_10)
FNDA:1,(anonymous_11)
FNDA:1,(anonymous_12)
FNDA:1,(anonymous_13)
DA:3,1
DA:5,1
DA:6,1
DA:7,1
DA:9,1
DA:11,1
DA:12,1
DA:14,1
DA:15,1
DA:16,1
DA:17,1
DA:21,1
DA:22,1
DA:24,1
DA:26,1
DA:27,1
DA:28,1
DA:29,1
DA:31,1
DA:32,1
DA:33,1
DA:34,1
DA:39,1
DA:40,1
DA:42,1
DA:43,1
DA:45,1
DA:46,1
DA:47,1
DA:48,1
DA:49,1
DA:50,1
DA:51,1
DA:52,1
DA:53,1
DA:54,1
DA:58,1
DA:61,1
DA:62,1
DA:64,1
DA:70,1
DA:72,1
DA:73,1
DA:74,1
DA:75,1
DA:76,1
DA:77,1
DA:78,1
DA:79,1
DA:80,1
DA:81,1
DA:82,1
DA:86,1
DA:89,1
DA:90,1
DA:92,1
DA:93,1
DA:94,1
DA:95,1
LF:59
LH:59
BRF:0
BRH:0
end_of_record
TN:
SF:E:\Git\liqueed\testdb\persondb.js
FN:4,(anonymous_1)
FN:7,(anonymous_2)
FN:19,(anonymous_3)
FN:22,(anonymous_4)
FNF:4
FNH:4
FNDA:1,(anonymous_1)
FNDA:1,(anonymous_2)
FNDA:1,(anonymous_3)
FNDA:1,(anonymous_4)
DA:2,1
DA:4,1
DA:5,1
DA:7,1
DA:8,1
DA:9,1
DA:10,1
DA:14,1
DA:16,1
DA:17,7
DA:19,1
DA:20,1
DA:22,1
DA:23,1
DA:24,1
DA:25,1
LF:16
LH:16
BRF:0
BRH:0
end_of_record
TN:
SF:E:\Git\liqueed\testdb\projectapidb.js
FN:16,(anonymous_1)
FN:19,(anonymous_2)
FN:26,(anonymous_3)
FN:30,(anonymous_4)
FN:31,(anonymous_5)
FN:32,(anonymous_6)
FN:38,(anonymous_7)
FN:39,(anonymous_8)
FN:47,(anonymous_9)
FN:55,(anonymous_10)
FN:64,(anonymous_11)
FN:70,(anonymous_12)
FN:83,(anonymous_13)
FN:93,(anonymous_14)
FN:105,(anonymous_15)
FN:115,(anonymous_16)
FN:132,(anonymous_17)
FN:142,(anonymous_18)
FN:159,(anonymous_19)
FN:169,(anonymous_20)
FN:187,(anonymous_21)
FN:198,(anonymous_22)
FN:211,(anonymous_23)
FN:222,(anonymous_24)
FN:234,(anonymous_25)
FN:250,(anonymous_26)
FN:254,(anonymous_27)
FN:274,(anonymous_28)
FN:292,(anonymous_29)
FN:295,(anonymous_30)
FN:316,(anonymous_31)
FN:319,(anonymous_32)
FNF:32
FNH:32
FNDA:1,(anonymous_1)
FNDA:1,(anonymous_2)
FNDA:1,(anonymous_3)
FNDA:1,(anonymous_4)
FNDA:1,(anonymous_5)
FNDA:1,(anonymous_6)
FNDA:1,(anonymous_7)
FNDA:1,(anonymous_8)
FNDA:1,(anonymous_9)
FNDA:1,(anonymous_10)
FNDA:1,(anonymous_11)
FNDA:1,(anonymous_12)
FNDA:1,(anonymous_13)
FNDA:1,(anonymous_14)
FNDA:1,(anonymous_15)
FNDA:1,(anonymous_16)
FNDA:1,(anonymous_17)
FNDA:1,(anonymous_18)
FNDA:1,(anonymous_19)
FNDA:1,(anonymous_20)
FNDA:1,(anonymous_21)
FNDA:1,(anonymous_22)
FNDA:1,(anonymous_23)
FNDA:1,(anonymous_24)
FNDA:1,(anonymous_25)
FNDA:1,(anonymous_26)
FNDA:1,(anonymous_27)
FNDA:1,(anonymous_28)
FNDA:1,(anonymous_29)
FNDA:1,(anonymous_30)
FNDA:1,(anonymous_31)
FNDA:1,(anonymous_32)
DA:2,1
DA:3,1
DA:4,1
DA:5,1
DA:6,1
DA:7,1
DA:8,1
DA:10,1
DA:11,1
DA:12,1
DA:13,1
DA:14,1
DA:16,1
DA:17,1
DA:19,1
DA:20,1
DA:21,1
DA:22,1
DA:26,1
DA:27,1
DA:29,1
DA:30,1
DA:31,1
DA:33,1
DA:34,1
DA:35,1
DA:36,1
DA:38,1
DA:40,1
DA:41,1
DA:42,1
DA:44,1
DA:45,1
DA:48,1
DA:49,1
DA:50,1
DA:52,1
DA:53,1
DA:56,1
DA:57,1
DA:58,1
DA:59,1
DA:64,1
DA:65,1
DA:67,1
DA:69,1
DA:71,1
DA:72,1
DA:73,1
DA:74,1
DA:75,1
DA:76,1
DA:80,1
DA:83,1
DA:84,1
DA:86,1
DA:92,1
DA:94,1
DA:95,1
DA:96,1
DA:98,1
DA:102,1
DA:105,1
DA:106,1
DA:108,1
DA:114,1
DA:116,1
DA:118,1
DA:120,1
DA:121,1
DA:122,1
DA:123,1
DA:125,1
DA:129,1
DA:132,1
DA:133,1
DA:135,1
DA:141,1
DA:143,1
DA:145,1
DA:147,1
DA:148,1
DA:149,1
DA:150,1
DA:152,1
DA:156,1
DA:159,1
DA:160,1
DA:162,1
DA:168,1
DA:170,1
DA:172,1
DA:174,1
DA:175,1
DA:176,1
DA:177,1
DA:178,1
DA:180,1
DA:184,1
DA:187,1
DA:188,1
DA:190,1
DA:197,1
DA:199,1
DA:201,1
DA:202,1
DA:204,1
DA:208,1
DA:211,1
DA:212,1
DA:214,1
DA:221,1
DA:223,1
DA:224,1
DA:225,1
DA:227,1
DA:231,1
DA:234,1
DA:235,1
DA:237,1
DA:249,1
DA:251,1
DA:252,1
DA:254,1
DA:255,1
DA:256,1
DA:258,1
DA:259,6
DA:260,1
DA:261,1
DA:264,1
DA:266,1
DA:271,1
DA:274,1
DA:275,1
DA:277,1
DA:291,1
DA:293,1
DA:295,1
DA:296,1
DA:297,1
DA:298,1
DA:300,1
DA:301,6
DA:302,1
DA:303,5
DA:304,1
DA:306,1
DA:308,1
DA:313,1
DA:316,1
DA:317,1
DA:319,1
DA:320,1
DA:321,1
DA:322,1
LF:156
LH:156
BRDA:259,1,0,1
BRDA:259,1,1,5
BRDA:259,2,0,6
BRDA:259,2,1,2
BRDA:259,2,2,1
BRDA:301,3,0,1
BRDA:301,3,1,5
BRDA:301,4,0,6
BRDA:301,4,1,2
BRDA:301,4,2,1
BRDA:303,5,0,1
BRDA:303,5,1,4
BRDA:303,6,0,5
BRDA:303,6,1,1
BRDA:303,6,2,1
BRF:15
BRH:15
end_of_record
TN:
SF:E:\Git\liqueed\testdb\projectcontrollerdb.js
FN:9,(anonymous_1)
FN:12,(anonymous_2)
FN:19,(anonymous_3)
FN:25,(anonymous_4)
FN:26,(anonymous_5)
FN:27,(anonymous_6)
FN:33,(anonymous_7)
FN:34,(anonymous_8)
FN:43,(anonymous_9)
FN:49,(anonymous_10)
FN:66,(anonymous_11)
FN:76,(anonymous_12)
FN:114,(anonymous_13)
FN:118,(anonymous_14)
FN:131,(anonymous_15)
FN:158,(anonymous_16)
FN:161,(anonymous_17)
FNF:17
FNH:17
FNDA:1,(anonymous_1)
FNDA:1,(anonymous_2)
FNDA:1,(anonymous_3)
FNDA:1,(anonymous_4)
FNDA:1,(anonymous_5)
FNDA:1,(anonymous_6)
FNDA:1,(anonymous_7)
FNDA:1,(anonymous_8)
FNDA:1,(anonymous_9)
FNDA:1,(anonymous_10)
FNDA:1,(anonymous_11)
FNDA:1,(anonymous_12)
FNDA:1,(anonymous_13)
FNDA:1,(anonymous_14)
FNDA:1,(anonymous_15)
FNDA:1,(anonymous_16)
FNDA:1,(anonymous_17)
DA:2,1
DA:3,1
DA:4,1
DA:5,1
DA:7,1
DA:9,1
DA:10,1
DA:12,1
DA:13,1
DA:14,1
DA:15,1
DA:19,1
DA:20,1
DA:22,1
DA:24,1
DA:25,1
DA:26,1
DA:28,1
DA:29,1
DA:30,1
DA:31,1
DA:33,1
DA:35,1
DA:36,1
DA:37,1
DA:38,1
DA:43,1
DA:44,1
DA:46,1
DA:48,1
DA:50,1
DA:51,1
DA:52,1
DA:53,1
DA:54,1
DA:55,1
DA:56,1
DA:57,1
DA:58,1
DA:59,1
DA:63,1
DA:66,1
DA:67,1
DA:69,1
DA:75,1
DA:77,1
DA:78,1
DA:79,1
DA:80,1
DA:82,1
DA:83,1
DA:84,1
DA:86,1
DA:87,1
DA:88,1
DA:90,1
DA:91,1
DA:92,1
DA:93,1
DA:94,1
DA:95,1
DA:97,1
DA:98,1
DA:99,1
DA:100,1
DA:101,1
DA:102,1
DA:103,1
DA:104,1
DA:105,1
DA:107,1
DA:111,1
DA:114,1
DA:115,1
DA:117,1
DA:118,1
DA:119,1
DA:121,1
DA:123,1
DA:130,1
DA:132,1
DA:133,1
DA:134,1
DA:135,1
DA:137,1
DA:138,1
DA:139,1
DA:141,1
DA:142,1
DA:143,1
DA:144,1
DA:145,1
DA:147,1
DA:148,1
DA:150,1
DA:154,1
DA:158,1
DA:159,1
DA:161,1
DA:162,1
DA:163,1
DA:164,1
LF:102
LH:102
BRF:0
BRH:0
end_of_record
TN:
SF:E:\Git\liqueed\testdb\projectdb.js
FN:4,(anonymous_1)
FN:7,(anonymous_2)
FN:19,(anonymous_3)
FN:22,(anonymous_4)
FNF:4
FNH:4
FNDA:1,(anonymous_1)
FNDA:1,(anonymous_2)
FNDA:1,(anonymous_3)
FNDA:1,(anonymous_4)
DA:2,1
DA:4,1
DA:5,1
DA:7,1
DA:8,1
DA:9,1
DA:10,1
DA:14,1
DA:16,1
DA:17,24
DA:19,1
DA:20,1
DA:22,1
DA:23,1
DA:24,1
DA:25,1
LF:16
LH:16
BRF:0
BRH:0
end_of_record
